do run
loading script "jan_unknown120_60.py"
loading script "jan_pump_ms.py"
loading script "jan_co2.py"
loading script "jan_pump_extraction_line.py"
testing...
no interpolation path defined
executed snippet estimated_duration=213.652928, duration=0.000341892242432
script duration name:unknown120_60 seconds:214.0
loading script "jan_unknown120_60.py"
loading script "jan_pump_ms.py"
loading script "jan_co2.py"
loading script "jan_pump_extraction_line.py"
testing...
no interpolation path defined
executed snippet estimated_duration=0, duration=3.69548797607e-05
loading script "jan_unknown120_60.py"
loading script "jan_pump_ms.py"
loading script "jan_co2.py"
loading script "jan_pump_extraction_line.py"
testing...
no interpolation path defined
calculate duration
testing...
no interpolation path defined
executed snippet estimated_duration=0, duration=5.60283660889e-05
calculate duration
testing...
no interpolation path defined
executed snippet estimated_duration=0, duration=0.000154972076416
executed snippet estimated_duration=0.0, duration=0.00229692459106
script duration name:co2 seconds:0.0
loading script "jan_unknown120_60.py"
loading script "jan_pump_ms.py"
loading script "jan_co2.py"
loading script "jan_pump_extraction_line.py"
testing...
no interpolation path defined
calculate duration
testing...
no interpolation path defined
executed snippet estimated_duration=4.0, duration=0.000172138214111
executed snippet estimated_duration=4.0, duration=0.00124716758728
Script duration 214.0
Run total estimated duration= 215.000
run duration: 0:03:35
doing event level: 2
18:44:22 -- Setting default integration. t=1.048576
setting integration time = 1.048576
SetIntegrationTime 1.048576 ===>> OK
----------------- start -----------------
**************** Experiment Type: Ar/Ar, Ar/Ar
create new session 4419362736
close session 4419362736
$$$$$ Clearing conditionals
adding conditionals 
Add queue conditionals
add default conditionals
adding default conditionals from /Users/jan/PychronDev/setupfiles/spectrometer/default_conditionals.yaml
Start automated run 25323-05
loading script "jan_unknown120_60.py"
loading script "jan_pump_ms.py"
loading script "jan_co2.py"
loading script "jan_pump_extraction_line.py"
%%%%%%%%%%%%%%%%%% setting automated run 25323-05
No value "sensitivity_multiplier" in metadata
$$$$$$$$$$$$$$$ auto_save_detector_ic=False
============================= Pre Extraction Check =============================
loading queue conditionals pre_run_terminations
loading system conditionals pre_run_terminations
loading conditionals from /Users/jan/PychronDev/setupfiles/spectrometer/default_conditionals.yaml
18:44:23 -- ******* Pre Extraction Check *******
Get a measurement from the spectrometer
GetData ===>> H2,-0.22053853990582,H1,0.00744112664830001,AX,-0.137782408487124,L1,-0.0201843790037647,L2,0.120...
Pre Extraction Termination data. keys=H2,H1,AX,L1,L2,CDD, signals=-0.22054,0.00744,-0.13778,-0.02018,0.12049,0.00313
18:44:23 -- testing system defined conditionals
Checking default pre extraction terminations n=2
testing CDD
evaluate ot="CDD.inactive" t="CDD", ctx="{'CDD': False}"
GetDeflection CDD ===>> 50
testing CDD==2000
evaluate ot="CDD.deflection==2000" t="CDD==2000", ctx="{'CDD': 50.0}"
18:44:23 -- ******* Pre Extraction Check Passed *******
=================================================================================
18:44:23 -- stopping status monitor
stop 4976433200
Alive clients [4982646160]
18:44:23 -- starting status monitor
start 4976433200
Monitor already running
start extraction
do extraction
Analysis started at 18:44:23.062845
Extraction Started jan_co2.py
18:44:23 -- ******* Extraction Started jan_co2.py *******
state changed from not run to extraction
DO EXTRACTION <pychron.extraction_line.pyscript_runner.RemotePyScriptRunner object at 0x12b9a8890>
testing...
no interpolation path defined
calculate duration
testing...
no interpolation path defined
executed snippet estimated_duration=0, duration=4.79221343994e-05
calculate duration
testing...
no interpolation path defined
executed snippet estimated_duration=0, duration=9.79900360107e-05
executed snippet estimated_duration=100.0, duration=0.00248503684998
Jan CO2 laser analysis
doing GOSUB
testing...
no interpolation path defined
executed snippet estimated_duration=0, duration=4.79221343994e-05
Waiting for CO2 access
wait ('FelixCO2Flag', 0) {}
waiting for FelixCO2Flag = 0
Read FelixCO2Flag ===>> 0
finished waiting
CO2 free
wait ('CO2PumpTimeFlag', 0) {}
waiting for CO2PumpTimeFlag = 0
Read CO2PumpTimeFlag ===>> 0
finished waiting
acquire ('JanCO2Flag',) {'clear': True}
acquire JanCO2Flag
Set JanCO2Flag 1 ===>> OK
JanCO2Flag acquired
set extraction state False (0.75, 'red', 1.5)
CO2 acquired
executed snippet estimated_duration=0, duration=0.0180571079254
WaitForCO2Access.py completed successfully
gosub finished
doing GOSUB
testing...
no interpolation path defined
executed snippet estimated_duration=0, duration=9.48905944824e-05
Prepare for CO2 analysis
close () {'description': 'Jan Inlet'}
closing name=--- desc=Jan Inlet
checking ownership. requestor=129.138.12.150
check software interlocks R
interlocks []
actuate state mode=None-script, software_lock=False
doing actuation None-script close_channel False
Close R ===>> OK
GetIndicatorState R ===>> False
change switch state (True, True)
update switch state R False args=() kw={} ncanvase=2
18:44:23 -- CLOSE  VALVE-R (Jan Inlet)
---------------------------------------- close None (Jan Inlet) result=[(True, True)]
action=close, ok=True, locked=[False]
open () {'description': 'Jan Ion Pump'}
opening name=--- desc=Jan Ion Pump
checking ownership. requestor=129.138.12.150
check software interlocks O
interlocks []
actuate state mode=None-script, software_lock=False
doing actuation None-script open_channel False
Open O ===>> OK
GetIndicatorState O ===>> OK
change switch state (True, True)
update switch state O True args=() kw={} ncanvase=2
18:44:23 -- OPEN   VALVE-O (Jan Ion Pump)
---------------------------------------- open None (Jan Ion Pump) result=[(True, True)], time=0.09 sec
action=open, ok=True, locked=[False]
close () {'description': 'Microbone to Minibone'}
closing name=--- desc=Microbone to Minibone
checking ownership. requestor=129.138.12.150
check software interlocks L
interlocks []
actuate state mode=None-script, software_lock=False
doing actuation None-script close_channel False
Close L ===>> OK
GetIndicatorState L ===>> False
change switch state (True, True)
update switch state L False args=() kw={} ncanvase=2
18:44:24 -- CLOSE  VALVE-L (Microbone to Minibone)
---------------------------------------- close None (Microbone to Minibone) result=[(True, True)]
action=close, ok=True, locked=[False]
open () {'description': 'Microbone to Turbo'}
opening name=--- desc=Microbone to Turbo
checking ownership. requestor=129.138.12.150
check software interlocks U
interlocks []
actuate state mode=None-script, software_lock=False
doing actuation None-script open_channel False
Open U ===>> OK
GetIndicatorState U ===>> OK
change switch state (True, True)
update switch state U True args=() kw={} ncanvase=2
18:44:24 -- OPEN   VALVE-U (Microbone to Turbo)
---------------------------------------- open None (Microbone to Turbo) result=[(True, True)], time=0.12 sec
action=open, ok=True, locked=[False]
open () {'description': 'Microbone to Inlet Pipette'}
opening name=--- desc=Microbone to Inlet Pipette
checking ownership. requestor=129.138.12.150
check software interlocks S
interlocks []
actuate state mode=None-script, software_lock=False
doing actuation None-script open_channel False
Open S ===>> OK
GetIndicatorState S ===>> OK
change switch state (True, True)
update switch state S True args=() kw={} ncanvase=2
18:44:25 -- OPEN   VALVE-S (Microbone to Inlet Pipette)
---------------------------------------- open None (Microbone to Inlet Pipette) result=[(True, True)], time=0.60 sec
action=open, ok=True, locked=[False]
open () {'description': 'Microbone to Getter D-50'}
opening name=--- desc=Microbone to Getter D-50
checking ownership. requestor=129.138.12.150
check software interlocks K
interlocks []
actuate state mode=None-script, software_lock=False
doing actuation None-script open_channel False
Open K ===>> OK
GetIndicatorState K ===>> OK
change switch state (True, True)
update switch state K True args=() kw={} ncanvase=2
18:44:26 -- OPEN   VALVE-K (Microbone to Getter D-50)
---------------------------------------- open None (Microbone to Getter D-50) result=[(True, True)], time=0.41 sec
action=open, ok=True, locked=[False]
open () {'description': 'Microbone to Getter NP-10'}
opening name=--- desc=Microbone to Getter NP-10
checking ownership. requestor=129.138.12.150
check software interlocks M
interlocks []
actuate state mode=None-script, software_lock=False
doing actuation None-script open_channel False
Open M ===>> OK
GetIndicatorState M ===>> OK
change switch state (True, True)
update switch state M True args=() kw={} ncanvase=2
18:44:26 -- OPEN   VALVE-M (Microbone to Getter NP-10)
---------------------------------------- open None (Microbone to Getter NP-10) result=[(True, True)], time=0.14 sec
action=open, ok=True, locked=[False]
close () {'description': 'CO2 Laser to Felix'}
closing name=--- desc=CO2 Laser to Felix
checking ownership. requestor=129.138.12.150
check software interlocks F
interlocks []
actuate state mode=None-script, software_lock=True
VALVE-F(CO2 Laser to Felix) software locked
change switch state (True, False)
---------------------------------------- close None (CO2 Laser to Felix) result=[(True, False)]
action=close, ok=True, locked=[True]
open () {'description': 'CO2 Laser to Jan'}
opening name=--- desc=CO2 Laser to Jan
checking ownership. requestor=129.138.12.150
check software interlocks A
interlocks []
actuate state mode=None-script, software_lock=False
doing actuation None-script open_channel False
Open A ===>> OK
GetIndicatorState A ===>> OK
change switch state (True, True)
update switch state A True args=() kw={} ncanvase=2
18:44:27 -- OPEN   VALVE-A (CO2 Laser to Jan)
---------------------------------------- open None (CO2 Laser to Jan) result=[(True, True)], time=0.12 sec
action=open, ok=True, locked=[False]
open () {'description': 'Microbone to CO2 Laser'}
opening name=--- desc=Microbone to CO2 Laser
checking ownership. requestor=129.138.12.150
check software interlocks T
interlocks []
actuate state mode=None-script, software_lock=False
doing actuation None-script open_channel False
Open T ===>> OK
GetIndicatorState T ===>> OK
change switch state (True, True)
update switch state T True args=() kw={} ncanvase=2
18:44:27 -- OPEN   VALVE-T (Microbone to CO2 Laser)
---------------------------------------- open None (Microbone to CO2 Laser) result=[(True, True)], time=0.41 sec
action=open, ok=True, locked=[False]
executed snippet estimated_duration=0, duration=5.05532097816
PrepareForCO2Analysis.py completed successfully
gosub finished
set_motor ('beam', '1.25') {}
setting motor "beam" to 1.25
set motor beam to 1.25
SetMotor beam,1.25 ===>> OK
GetMotorMoving beam ===>> False
GetMotorMoving beam ===>> False
Block completed
move_to_position ('163',) {'autocenter': True}
FusionsCO2 move to position 163
sending GoToHole 163,True
GoToHole 163,True ===>> OK
GetDriveMoving ===>> OK
GetDriveMoving ===>> OK
GetDriveMoving ===>> OK
GetDriveMoving ===>> False
GetDriveMoving ===>> OK
GetDriveMoving ===>> OK
GetDriveMoving ===>> OK
GetDriveMoving ===>> OK
GetDriveMoving ===>> OK
GetDriveMoving ===>> False
Block completed
GetAutoCorrecting ===>> False
GetAutoCorrecting ===>> False
Block completed
update position
GetPosition ===>> 3.98780,-5.98170,1.00000
got position (3.9878, -5.9817, 1.0)
move to position succeeded
sleep (5,) {}
SLEEP 5.0
block started
WaitControl setup for 5.0  
Join finished
block finished. duration 5.03140997887
close () {'description': 'Microbone to Turbo'}
closing name=--- desc=Microbone to Turbo
checking ownership. requestor=129.138.12.150
check software interlocks U
interlocks []
actuate state mode=None-script, software_lock=False
doing actuation None-script close_channel True
Close U ===>> OK
GetIndicatorState U ===>> False
change switch state (True, True)
update switch state U False args=() kw={} ncanvase=2
18:44:38 -- CLOSE  VALVE-U (Microbone to Turbo)
---------------------------------------- close None (Microbone to Turbo) result=[(True, True)]
action=close, ok=True, locked=[False]
enable laser
enable () {}
set extraction state FusionsCO2 Enabled (False, 'red', 1.5)
enabling laser
Enable ===>> OK
begin interval
BEGIN INTERVAL Interval 1 waiting for 30.0
block started
WaitControl setup for 30.0  
set extract to 5.0
extract (5.0,) {}
GetPosition ===>> 3.98780,-5.98170,1.00000
set extraction state FusionsCO2 ON! 5.0(watts) (0.75, 'red', 1.5)
extract sample to 5.0 (watts)
set laser output
SetLaserOutput 5.0,watts ===>> OK
executing pattern triangle.lp
execute_pattern ('triangle.lp',) {}
executing pattern triangle.lp
IsPatterning ===>> OK
IsPatterning ===>> OK
IsPatterning ===>> OK
IsPatterning ===>> OK
IsPatterning ===>> OK
IsPatterning ===>> OK
IsPatterning ===>> OK
IsPatterning ===>> OK
IsPatterning ===>> OK
IsPatterning ===>> OK
IsPatterning ===>> OK
IsPatterning ===>> OK
IsPatterning ===>> OK
IsPatterning ===>> OK
IsPatterning ===>> OK
IsPatterning ===>> OK
IsPatterning ===>> OK
IsPatterning ===>> OK
IsPatterning ===>> OK
IsPatterning ===>> OK
IsPatterning ===>> OK
IsPatterning ===>> OK
IsPatterning ===>> OK
IsPatterning ===>> OK
IsPatterning ===>> OK
IsPatterning ===>> OK
IsPatterning ===>> OK
IsPatterning ===>> False
IsPatterning ===>> False
Block completed
COMPLETE INTERVAL waiting for Interval 1 to complete
Join finished
block finished. duration 30.0898489952
Interval 1 finished
end_extract () {}
ending extraction. set laser power to 0
set laser power 0
SetLaserPower 0 ===>> OK
disable () {}
%%%%%%%%%%%%%%%%%%%%%%%%%%%%%%%%%%% disable
set extraction state False (0.75, 'red', 1.5)
disabling laser
Disable ===>> OK
sleep (30.0,) {}
SLEEP 30.0
block started
WaitControl setup for 30.0  
Join finished
block finished. duration 30.0694379807
executed snippet estimated_duration=165.5, duration=76.4684841633
jan_co2.py completed successfully
GetAchievedOutput ===>> No Response
Requested Output= 0.000
Achieved Output=  0.000
GetResponseBlob ===>> No Response
GetOutputBlob ===>> No Response
persistence save...
persistence save - db
AutomatedRunPersister post_extraction_save deprecated
persistence save - dvc
no extraction position for 163
create new session 4982376208
close session 4982376208
Extraction Finished
18:45:39 -- ******* Extraction Finished *******
no overlap. not waiting for min ms pumptime
18:45:39 -- Sending spectrometer configuration
======== Sending configuration ========
SetDeflection CDD,50.0 ===>> OK
SetDeflection H2,0.0 ===>> OK
SetDeflection H1,0.0 ===>> OK
SetDeflection L2,825.0 ===>> OK
SetDeflection L1,400.0 ===>> OK
SetDeflection AX,190.0 ===>> OK
SetZFocus 74.64 ===>> OK
SetZSymmetry -50.72 ===>> OK
SetExtractionLens 26.13 ===>> OK
SetIonRepeller -3.81 ===>> OK
SetElectronEnergy 75.08 ===>> OK
SetYSymmetry -2.81 ===>> OK
SetIonCounterVoltage 1590.0 ===>> OK
send trap current 200.0
GetParameter Trap Current Readback ===>> 198.147042666178
SetParameter Trap Current Set,200.0 ===>> OK
updating mftable name mftable
Using mftable located at /Users/jan/PychronDev/setupfiles/spectrometer/mftables/mftable.csv
============ MFtable ===========
Isotope  H2     H1     AX     L1     L2     CDD    
Ar40     5.8011 5.8796 5.9931 6.1410 6.2316 6.3692
Ar39     5.7003 5.7719 5.8856 6.0271 6.1167 6.2557
Ar36     5.3778 5.4409 5.5489 5.6859 5.7717 5.9068
================================
get initial guess parabolic
get initial guess parabolic
get initial guess parabolic
get initial guess parabolic
get initial guess parabolic
get initial guess parabolic
======== Configuration Finished ========
GetYSymmetry ===>> -2.81
GetZSymmetry ===>> -50.72
GetParameter Trap Current Readback ===>> 198.147042666178
GetHighVoltage ===>> 4500
start measurement
do measurement
L#=25323 analysis type=unknown
Measurement Started jan_unknown120_60.py
18:45:39 -- ******* Measurement Started jan_unknown120_60.py *******
state changed from extraction to measurement
setting spec, defl, and gains
GetExtractionLens ===>> 26.13
GetYSymmetry ===>> -2.81
GetZSymmetry ===>> -50.72
GetZFocus ===>> 74.64
GetDeflection H2 ===>> 0
GetDeflection H1 ===>> 0
GetDeflection AX ===>> 190
GetDeflection L1 ===>> 400
GetDeflection L2 ===>> 825
GetDeflection CDD ===>> 50
GetGain H2 ===>> 0.0113
GetGain H1 ===>> 0.1
GetGain AX ===>> 0.097049
GetGain L1 ===>> 0.010355
GetGain L2 ===>> 0.095649
GetGain CDD ===>> 0
pre measurement save
New frame /Users/jan/PychronDev/data/isotopes/cf/e35e4d-ff4e-4500-90d7-d876b6965036.h5
flush and close file /Users/jan/PychronDev/data/isotopes/cf/e35e4d-ff4e-4500-90d7-d876b6965036.h5
testing...
no interpolation path defined
executed snippet estimated_duration=226.132928, duration=0.000118970870972
unknown measurement script
activate_detectors ('H2', 'H1', 'AX', 'L1', 'L2', 'CDD') {}
activate detectors
*************** Set Analysis View Ar/Ar
create graphs
clearing graphs
clear isotope group
setting isotope det=H2, iso=PM41
setting isotope det=H1, iso=Ar40
setting isotope det=AX, iso=Ar39
setting isotope det=L1, iso=Ar38
setting isotope det=L2, iso=Ar37
setting isotope det=CDD, iso=Ar36
setting previous blanks
 - setting Ar40 blank 0.104+/-0.007
 - setting Ar36 blank 0.00443+/-0.00017
 - setting Ar37 blank 0.042+/-0.005
 - setting Ar38 blank 0.0042+/-0.0023
 - setting PM41 blank 0.03+/-0.06
 - setting Ar39 blank 0.024+/-0.009
load analysis view
position_magnet ('Ar40',) {'detector': 'H1'}
detector Detector(H1)
POSITION Ar40 H1
setting detector H2 to PM41 (40.9624)
setting detector H1 to Ar40 (39.9624)
setting detector AX to Ar39 (38.9624)
setting detector L1 to Ar38 (37.9624)
setting detector L2 to Ar37 (36.9624)
setting detector CDD to Ar36 (35.9624)
Mapping mass to dac mass func: "parabolic"
H1 map mass coeffs = [-0.00063987  0.15840543  0.57122999]
H1 map mass to dac 39.9624 >> 5.87962
GetDeflection H1 ===>> 0
GetHighVoltage ===>> 4500
positioning Ar40 (5.87962) on H1
setting magnet DAC
current  : 5.879624
requested: 5.879620
Delta Dac: 0.000004
Checking detector protection. dv=0.00000
Checking detector "CDD". Protection Threshold: 0.1 (V)
SetMagnetDAC 5.87962 ===>> OK
Magnet settling time: 0.500
equilibrate () {'delay': 3, 'inlet': 'R', 'outlet': 'O', 'eqtime': 12.0}
Equilibration Started
18:45:41 -- ******* Equilibration Started *******
checking ownership. requestor=129.138.12.150
check software interlocks O
interlocks []
actuate state mode=None-script, software_lock=False
doing actuation None-script close_channel True
Close O ===>> OK
GetIndicatorState O ===>> False
change switch state (True, True)
update switch state O False args=() kw={} ncanvase=2
18:45:41 -- CLOSE  VALVE-O (Jan Ion Pump)
waiting 3s before opening inlet value ('R',)
update labels <pychron.experiment.plot_panel.PlotPanel object at 0x19c7f47d0>
update labels "<pychron.graph.stacked_regression_graph.StackedRegressionGraph object at 0x1a17715f0>"
setting label 0 H2 PM41
setting label 1 H1 Ar40
setting label 2 AX Ar39
setting label 3 L1 Ar38
setting label 4 L2 Ar37
setting label 5 CDD Ar36
update labels "<pychron.graph.stacked_graph.StackedGraph object at 0x19a920230>"
setting label 0 H2 PM41
setting label 1 H1 Ar40
setting label 2 AX Ar39
setting label 3 L1 Ar38
setting label 4 L2 Ar37
setting label 5 CDD Ar36
checking ownership. requestor=129.138.12.150
check software interlocks R
interlocks []
actuate state mode=None-script, software_lock=False
doing actuation None-script open_channel True
Open R ===>> OK
GetIndicatorState R ===>> OK
change switch state (True, True)
update switch state R True args=() kw={} ncanvase=2
18:45:45 -- OPEN   VALVE-R (Jan Inlet)
equilibrating for 12.0sec
set_time_zero () {}
sniff (12.0,) {}
py_sniff
build tables- sniff [Detector(H2), Detector(H1), Detector(AX), Detector(L1), Detector(L2), Detector(CDD)]
add group /sniff/PM41 (Group) '' table H2
add group /sniff/Ar40 (Group) '' table H1
add group /sniff/Ar39 (Group) '' table AX
add group /sniff/Ar38 (Group) '' table L1
add group /sniff/Ar37 (Group) '' table L2
add group /sniff/Ar36 (Group) '' table CDD
flush and close file /Users/jan/PychronDev/data/isotopes/cf/e35e4d-ff4e-4500-90d7-d876b6965036.h5
measuring sniff. ncounts=12.0
starting measurement
GetData ===>> H2,-0.233842106285077,H1,1.34935104851068,AX,0.138865288234251,L1,0.00374639933736144,L2,0.080903...
"sniff" increment series count="1" fit count="0" regressing="False"
GetData ===>> H2,0.621570125179204,H1,454.699478043543,AX,60.636939022043,L1,0.284725428446236,L2,0.36288599841...
GetData ===>> H2,0.795593508200638,H1,1008.18668707742,AX,128.507580319443,L1,0.957680989218628,L2,0.4359393099...
GetData ===>> H2,0.272843166482785,H1,1190.74039922664,AX,147.992066801223,L1,1.39845676088633,L2,0.37083405780...
GetData ===>> H2,0.183769962358695,H1,1253.4501217494,AX,154.020193415079,L1,1.65358192193014,L2,0.318783964569...
GetData ===>> H2,0.00092058709570611,H1,1277.46910000669,AX,156.410691307756,L1,1.79072101138508,L2,0.379685043...
GetData ===>> H2,0.0308296569905161,H1,1287.70333491999,AX,157.191429034512,L1,1.87944091977895,L2,0.3392170196...
GetData ===>> H2,0.0628109410198593,H1,1292.035301943,AX,157.597060988128,L1,1.94628223826304,L2,0.444155575444...
GetData ===>> H2,-0.0278916028406341,H1,1294.15376620122,AX,157.835277986388,L1,1.96397405379992,L2,0.380838586...
GetData ===>> H2,-0.0706234444566808,H1,1294.19981536962,AX,157.837735576657,L1,1.99123569082264,L2,0.296050178...
GetData ===>> H2,-0.0426104028992321,H1,1294.44462318547,AX,158.006686722973,L1,1.99745347793643,L2,0.345199364...
Equilibration Finished
18:45:57 -- ******* Equilibration Finished *******
checking ownership. requestor=129.138.12.150
check software interlocks R
interlocks []
actuate state mode=None-script, software_lock=False
doing actuation None-script close_channel True
GetData ===>> H2,0.0693470149593809,H1,1293.96499744692,AX,157.894395683569,L1,2.04279960159152,L2,0.3960758006...
Close R ===>> OK
GetIndicatorState R ===>> False
change switch state (True, True)
update switch state R False args=() kw={} ncanvase=2
18:45:57 -- CLOSE  VALVE-R (Jan Inlet)
Post Equilibration Started jan_pump_extraction_line.py
18:45:57 -- ******* Post Equilibration Started jan_pump_extraction_line.py *******
testing...
no interpolation path defined
calculate duration
testing...
no interpolation path defined
executed snippet estimated_duration=4.0, duration=0.000152111053467
executed snippet estimated_duration=4.0, duration=0.00151109695435
Pump after analysis
doing GOSUB
testing...
no interpolation path defined
executed snippet estimated_duration=4.0, duration=0.000171184539795
Pump Microbone
close () {'description': 'Jan Inlet'}
closing name=--- desc=Jan Inlet
checking ownership. requestor=129.138.12.150
check software interlocks R
interlocks []
actuate state mode=None-script, software_lock=False
doing actuation None-script close_channel False
measurement finished
estimated time: 12.583 actual time: :12.668
flush and close file /Users/jan/PychronDev/data/isotopes/cf/e35e4d-ff4e-4500-90d7-d876b6965036.h5
set_fits () {}
Close R ===>> OK
using default fits file=/Users/jan/PychronDev/scripts/measurement/fits/nominal_linear.yaml
set "Ar40" to "('Linear', 'SEM')"
No fit for "PM41". defaulting to linear. check the measurement script "jan_unknown120_60.py"
set "PM41" to "linear"
set "Ar36" to "('Linear', 'SEM')"
set "Ar37" to "('linear', 'SEM')"
set "Ar38" to "('linear', 'SEM')"
set "Ar39" to "('Linear', 'SEM')"
set_baseline_fits () {}
using default fits file=/Users/jan/PychronDev/scripts/measurement/fits/nominal_linear.yaml
set "H1" to "('average', 'SEM')"
set "H2" to "('average', 'SEM')"
set "CDD" to "('average', 'SEM')"
set "L2" to "('average', 'SEM')"
set "L1" to "('average', 'SEM')"
set "AX" to "('average', 'SEM')"
multicollect () {'integration_time': 1, 'ncounts': 120}
build tables- signal [Detector(H2), Detector(H1), Detector(AX), Detector(L1), Detector(L2), Detector(CDD)]
add group /signal/PM41 (Group) '' table H2
add group /signal/Ar40 (Group) '' table H1
add group /signal/Ar39 (Group) '' table AX
add group /signal/Ar38 (Group) '' table L1
add group /signal/Ar37 (Group) '' table L2
add group /signal/Ar36 (Group) '' table CDD
flush and close file /Users/jan/PychronDev/data/isotopes/cf/e35e4d-ff4e-4500-90d7-d876b6965036.h5
measuring signal. ncounts=120
GetIndicatorState R ===>> False
change switch state (True, True)
update switch state R False args=() kw={} ncanvase=2
18:45:58 -- CLOSE  VALVE-R (Jan Inlet)
---------------------------------------- close None (Jan Inlet) result=[(True, True)]
"signal" increment series count="2" fit count="1" regressing="True"
action=close, ok=True, locked=[False]
is_closed ('F',) {}
is F () closed?
is closed True
open () {'description': 'CO2 Laser to Jan'}
opening name=--- desc=CO2 Laser to Jan
checking ownership. requestor=129.138.12.150
check software interlocks A
interlocks []
actuate state mode=None-script, software_lock=False
doing actuation None-script open_channel False
Open A ===>> OK
GetIndicatorState A ===>> OK
change switch state (True, True)
update switch state A True args=() kw={} ncanvase=2
18:45:58 -- OPEN   VALVE-A (CO2 Laser to Jan)
---------------------------------------- open None (CO2 Laser to Jan) result=[(True, True)], time=0.13 sec
starting measurement
GetData ===>> H2,-0.132027719840611,H1,1294.03211029235,AX,158.078885618534,L1,2.06688988866562,L2,0.3611274651...
action=open, ok=True, locked=[False]
sleep (1,) {}
SLEEP 1.0
GetData ===>> H2,-0.0660648472567415,H1,1293.73793985257,AX,158.055761939939,L1,2.08813936780284,L2,0.309755997...
close () {'description': 'CO2 Laser to Roughing'}
closing name=--- desc=CO2 Laser to Roughing
checking ownership. requestor=129.138.12.150
check software interlocks G
interlocks []
actuate state mode=None-script, software_lock=True
VALVE-G(CO2 Laser to Roughing) software locked
change switch state (True, False)
---------------------------------------- close None (CO2 Laser to Roughing) result=[(True, False)]
action=close, ok=True, locked=[True]
open () {'description': 'Microbone to Turbo'}
opening name=--- desc=Microbone to Turbo
checking ownership. requestor=129.138.12.150
check software interlocks U
interlocks []
actuate state mode=None-script, software_lock=False
doing actuation None-script open_channel True
Open U ===>> OK
GetIndicatorState U ===>> OK
change switch state (True, True)
update switch state U True args=() kw={} ncanvase=2
18:46:00 -- OPEN   VALVE-U (Microbone to Turbo)
---------------------------------------- open None (Microbone to Turbo) result=[(True, True)], time=0.17 sec
action=open, ok=True, locked=[False]
open () {'description': 'Microbone to Getter NP-10'}
opening name=--- desc=Microbone to Getter NP-10
checking ownership. requestor=129.138.12.150
check software interlocks M
interlocks []
actuate state mode=None-script, software_lock=False
doing actuation None-script open_channel False
Open M ===>> OK
GetIndicatorState M ===>> OK
change switch state (True, True)
update switch state M True args=() kw={} ncanvase=2
18:46:00 -- OPEN   VALVE-M (Microbone to Getter NP-10)
---------------------------------------- open None (Microbone to Getter NP-10) result=[(True, True)], time=0.13 sec
action=open, ok=True, locked=[False]
open () {'description': 'Microbone to Getter D-50'}
opening name=--- desc=Microbone to Getter D-50
checking ownership. requestor=129.138.12.150
check software interlocks K
interlocks []
actuate state mode=None-script, software_lock=False
doing actuation None-script open_channel False
GetData ===>> H2,-0.147551520811544,H1,1293.20128340961,AX,158.059944999,L1,2.06431177019291,L2,0.2955024428733...
Open K ===>> OK
GetIndicatorState K ===>> OK
change switch state (True, True)
update switch state K True args=() kw={} ncanvase=2
18:46:01 -- OPEN   VALVE-K (Microbone to Getter D-50)
---------------------------------------- open None (Microbone to Getter D-50) result=[(True, True)], time=0.40 sec
action=open, ok=True, locked=[False]
open () {'description': 'Microbone to CO2 Laser'}
opening name=--- desc=Microbone to CO2 Laser
checking ownership. requestor=129.138.12.150
check software interlocks T
interlocks []
actuate state mode=None-script, software_lock=False
doing actuation None-script open_channel False
Open T ===>> OK
GetIndicatorState T ===>> OK
change switch state (True, True)
update switch state T True args=() kw={} ncanvase=2
18:46:01 -- OPEN   VALVE-T (Microbone to CO2 Laser)
---------------------------------------- open None (Microbone to CO2 Laser) result=[(True, True)], time=0.41 sec
GetData ===>> H2,-0.0784424534146674,H1,1293.07525516079,AX,157.946828280958,L1,2.05116230015239,L2,0.354584634...
action=open, ok=True, locked=[False]
open () {'description': 'Microbone to Inlet Pipette'}
opening name=--- desc=Microbone to Inlet Pipette
checking ownership. requestor=129.138.12.150
check software interlocks S
interlocks []
actuate state mode=None-script, software_lock=False
doing actuation None-script open_channel False
Open S ===>> OK
GetIndicatorState S ===>> OK
change switch state (True, True)
update switch state S True args=() kw={} ncanvase=2
18:46:02 -- OPEN   VALVE-S (Microbone to Inlet Pipette)
---------------------------------------- open None (Microbone to Inlet Pipette) result=[(True, True)], time=0.41 sec
action=open, ok=True, locked=[False]
sleep (1,) {}
SLEEP 1.0
GetData ===>> H2,-0.0137874540765978,H1,1292.00986561421,AX,157.806125598176,L1,2.0166908111877,L2,0.3888338242...
set_resource () {'name': 'CO2PumpTimeFlag', 'value': 30}
Set CO2PumpTimeFlag 30 ===>> OK
release ('JanCO2Flag',) {}
release JanCO2Flag
Set JanCO2Flag 0 ===>> OK
executed snippet estimated_duration=6.0, duration=5.8797249794
PumpMicrobone.py completed successfully
gosub finished
get_resource_value () {'name': 'JanMiniboneFlag'}
Read JanMiniboneFlag ===>> 0
Get Resource Value JanMiniboneFlag=0.0
get resource value 0.0
get_resource_value () {'name': 'JanMiniboneFlag'}
Read JanMiniboneFlag ===>> 0
Get Resource Value JanMiniboneFlag=0.0
executed snippet estimated_duration=4.0, duration=5.89220404625
jan_pump_extraction_line.py completed successfully
Post Equilibration Finished
18:46:03 -- ******* Post Equilibration Finished *******
GetData ===>> H2,-0.0104479716299832,H1,1291.39653848905,AX,157.733658847466,L1,1.99940368604041,L2,0.299245364...
GetData ===>> H2,-0.108807278305381,H1,1291.48259641651,AX,157.607177271271,L1,2.00333681502273,L2,0.3002495880...
GetData ===>> H2,-0.154113201137399,H1,1291.18040057724,AX,157.456768977397,L1,1.98401457055609,L2,0.3148804911...
GetData ===>> H2,-0.0903579202055757,H1,1290.55259188371,AX,157.331481858453,L1,1.99907906735182,L2,0.423060978...
GetData ===>> H2,-0.176730835749982,H1,1289.86547524683,AX,157.293914378511,L1,2.02732429071102,L2,0.3845962653...
GetData ===>> H2,-0.158401212646741,H1,1289.11894268654,AX,157.444557967918,L1,2.02476793908076,L2,0.3956531466...
GetData ===>> H2,-0.0492037384315958,H1,1288.50322346753,AX,157.412775548424,L1,2.03787944251862,L2,0.293140369...
GetData ===>> H2,-0.0690882922613881,H1,1288.58645058427,AX,157.394883416845,L1,2.00895543483933,L2,0.443676021...
GetData ===>> H2,-0.0684806836524491,H1,1288.35465014794,AX,157.320762457801,L1,2.02592984400126,L2,0.370251634...
GetData ===>> H2,-0.0611676453907652,H1,1287.9613290465,AX,157.14865079173,L1,2.013658058305,L2,0.3157479159580...
GetData ===>> H2,-0.0903728249991791,H1,1287.24190127078,AX,157.184592205206,L1,1.99030741141242,L2,0.469666723...
GetData ===>> H2,-0.11979896150901,H1,1286.32186914056,AX,157.161357360181,L1,1.98219223968307,L2,0.32622611472...
GetData ===>> H2,-0.00275134370310017,H1,1285.99365292124,AX,157.060065809564,L1,1.99146249819765,L2,0.25216210...
GetData ===>> H2,-0.0883835398081144,H1,1284.8849043942,AX,156.856940624377,L1,2.00375359522605,L2,0.3696121149...
GetData ===>> H2,-0.156310097772043,H1,1284.92137057612,AX,156.78993575737,L1,2.00163820229724,L2,0.34307581746...
GetData ===>> H2,-0.187938277885983,H1,1284.80579365159,AX,156.781745873942,L1,1.96160186384763,L2,0.3232697312...
GetData ===>> H2,-0.199373308947493,H1,1284.26342752888,AX,156.821819194259,L1,1.95285839847872,L2,0.3289542869...
GetData ===>> H2,-0.153988886755207,H1,1283.19412227965,AX,156.669116105682,L1,1.98778404536961,L2,0.3010484096...
GetData ===>> H2,-0.158676757155634,H1,1282.73315595355,AX,156.572197746618,L1,2.02167892077407,L2,0.3940539319...
18:46:24 -- collecting point 25
GetData ===>> H2,-0.0593478911740665,H1,1282.03904489795,AX,156.66940915509,L1,2.02401804695033,L2,0.3951048414...
GetData ===>> H2,-0.0638682643602953,H1,1282.16714788684,AX,156.445846036288,L1,1.9911381123357,L2,0.3531916287...
GetData ===>> H2,-0.195323309507582,H1,1281.67748585038,AX,156.379539220937,L1,1.93487582249138,L2,0.3622351089...
GetData ===>> H2,-0.186150040500045,H1,1280.85471265733,AX,156.449717671826,L1,1.92345576106169,L2,0.2300046126...
GetData ===>> H2,-0.213883674335494,H1,1280.17265358634,AX,156.363243588944,L1,1.94413139278849,L2,0.3401759962...
GetData ===>> H2,-0.230188248948851,H1,1279.51974636339,AX,156.22801928388,L1,1.96055941977752,L2,0.35788454034...
GetData ===>> H2,-0.212083018591021,H1,1279.46488918457,AX,156.173362273758,L1,1.91786182021522,L2,0.3432927367...
GetData ===>> H2,-0.132610668571623,H1,1278.8689923461,AX,156.004089353262,L1,1.91832719698159,L2,0.31501745245...
GetData ===>> H2,-0.0780494623233141,H1,1278.70321274391,AX,156.187871694267,L1,1.96024199570022,L2,0.384013758...
GetData ===>> H2,-0.0375347615517282,H1,1277.35094548026,AX,156.145998347531,L1,1.97467366278753,L2,0.330175711...
GetData ===>> H2,-0.0971958128114755,H1,1276.95584798812,AX,156.086798027905,L1,1.96620716837329,L2,0.339091440...
GetData ===>> H2,-0.0930811080641308,H1,1276.78396260574,AX,156.199915006524,L1,1.94494037725525,L2,0.261286593...
GetData ===>> H2,-0.0188797433014921,H1,1276.93049283317,AX,155.837349529568,L1,1.94546920889093,L2,0.375904715...
GetData ===>> H2,-0.0124351970065348,H1,1275.50736905976,AX,155.847689439575,L1,1.95294264926345,L2,0.252778616...
GetData ===>> H2,-0.10471978265027,H1,1275.36752826467,AX,155.853078967847,L1,1.95437764411131,L2,0.28497055438...
GetData ===>> H2,-0.125606216248826,H1,1274.75111530304,AX,155.711979828127,L1,2.00622558254343,L2,0.3833398822...
GetData ===>> H2,-0.206775005136803,H1,1274.14736317659,AX,155.793657090379,L1,1.98050062637264,L2,0.2931175476...
GetData ===>> H2,-0.21689385381624,H1,1273.55136668172,AX,155.614143895321,L1,1.98447580095568,L2,0.25750532930...
GetData ===>> H2,-0.246910703583254,H1,1272.72656483399,AX,155.535919203807,L1,1.98930406059482,L2,0.2509176804...
GetData ===>> H2,-0.233542036580614,H1,1272.62204526789,AX,155.498808767964,L1,1.93934793251805,L2,0.3613101683...
GetData ===>> H2,-0.0947431513603692,H1,1272.54409623044,AX,155.362144068703,L1,1.99912525235676,L2,0.278045013...
GetData ===>> H2,-0.169999352010477,H1,1272.07653011516,AX,155.289029635756,L1,2.01389964466297,L2,0.4112925873...
GetData ===>> H2,-0.0953553505568909,H1,1271.59023031767,AX,155.274452020972,L1,1.98933965755598,L2,0.205478673...
GetData ===>> H2,-0.118689646231381,H1,1270.77176537114,AX,155.350669454769,L1,1.93510076621444,L2,0.3476426429...
GetData ===>> H2,-0.0898037190077669,H1,1270.19226432542,AX,155.356763945068,L1,1.90115233760086,L2,0.310338052...
18:46:50 -- collecting point 50
GetData ===>> H2,-0.19522990440856,H1,1269.46550138556,AX,155.172838708812,L1,1.95186455100204,L2,0.38372821709...
GetData ===>> H2,-0.0472408863049641,H1,1268.91777896779,AX,154.993474400544,L1,1.99550757080195,L2,0.403181236...
GetData ===>> H2,-0.0847853480794156,H1,1269.06497773825,AX,154.988120753511,L1,1.95357981662782,L2,0.361869699...
GetData ===>> H2,-0.0880325330648174,H1,1268.27490120722,AX,155.266882150747,L1,1.91905553788777,L2,0.274770674...
GetData ===>> H2,-0.0395978618092858,H1,1267.42691808003,AX,155.076799941656,L1,1.90681817352517,L2,0.364793015...
GetData ===>> H2,-0.15726654702316,H1,1266.77343041638,AX,154.675335253504,L1,1.95176451303057,L2,0.34266481384...
GetData ===>> H2,-0.069127622950561,H1,1266.56199856811,AX,154.631440312744,L1,2.01169519945991,L2,0.3686414238...
GetData ===>> H2,-0.0207405516900048,H1,1265.73931555287,AX,154.738730771792,L1,1.99730438956024,L2,0.312586418...
GetData ===>> H2,-0.0916789510155597,H1,1265.60678135883,AX,154.759951027819,L1,1.95300847063611,L2,0.313351103...
GetData ===>> H2,-0.137926157793099,H1,1264.68316997686,AX,154.533553616202,L1,1.9258266274755,L2,0.28786870507...
GetData ===>> H2,-0.0969452891167098,H1,1265.1296622213,AX,154.503777190042,L1,1.96392270800481,L2,0.4395277247...
GetData ===>> H2,-0.0851144534454528,H1,1263.66102046252,AX,154.520235788823,L1,1.96462708779793,L2,0.326579973...
GetData ===>> H2,-0.129533287205111,H1,1263.30066789622,AX,154.366503385621,L1,1.91584541444743,L2,0.3525408051...
GetData ===>> H2,-0.178434185928791,H1,1263.02210920597,AX,154.219210352545,L1,1.96862381178321,L2,0.3024178336...
GetData ===>> H2,-0.153688905132078,H1,1262.72768163871,AX,154.165942998704,L1,1.94768084144501,L2,0.3184643759...
GetData ===>> H2,-0.124624574207443,H1,1261.92709834478,AX,154.253029134195,L1,1.94605989904183,L2,0.3085234202...
GetData ===>> H2,-0.0849573508375694,H1,1262.11739136939,AX,154.225552787784,L1,1.96676024994238,L2,0.352106925...
GetData ===>> H2,-0.167505491809385,H1,1261.15451489967,AX,154.195568617662,L1,1.9633552870251,L2,0.32678544077...
GetData ===>> H2,-0.111554971228377,H1,1260.66535293677,AX,154.297686388456,L1,1.91276893723525,L2,0.3416144792...
GetData ===>> H2,-0.0493096088060158,H1,1260.46236504079,AX,153.880159557692,L1,1.92716210691663,L2,0.307131083...
GetData ===>> H2,-0.0289892783863635,H1,1259.51011051645,AX,153.824847772562,L1,1.9506365159781,L2,0.2667849487...
GetData ===>> H2,0.00337600166198329,H1,1259.15112561181,AX,154.008472873671,L1,1.96499706974576,L2,0.314812010...
GetData ===>> H2,-0.0361758974101451,H1,1258.70027333519,AX,153.809499753543,L1,1.92422321415309,L2,0.316398489...
GetData ===>> H2,-0.134785303505766,H1,1258.76569583068,AX,153.995880404054,L1,1.88971524119809,L2,0.3867207323...
GetData ===>> H2,-0.136798633016088,H1,1258.01248462131,AX,153.961120765882,L1,1.90200605320586,L2,0.3479737462...
18:47:18 -- collecting point 75
GetData ===>> H2,-0.10420011477401,H1,1257.56535899952,AX,153.700150508838,L1,1.9217488950143,L2,0.376749851739...
GetData ===>> H2,-0.0455967712615316,H1,1256.47816397618,AX,153.721861263682,L1,1.94035601921804,L2,0.293973364...
GetData ===>> H2,-0.0515136607460073,H1,1255.33326910624,AX,153.619363610676,L1,1.94918489932541,L2,0.345302117...
GetData ===>> H2,-0.0933682918377743,H1,1255.4125604516,AX,153.573913716891,L1,1.94511402067139,L2,0.3497092029...
GetData ===>> H2,-0.107454413789486,H1,1255.12772288699,AX,153.656168037405,L1,1.90838634126593,L2,0.3402444949...
GetData ===>> H2,-0.0988870418019266,H1,1254.42122238867,AX,153.544305031162,L1,1.89729312432666,L2,0.334970238...
GetData ===>> H2,-0.101516139001252,H1,1253.860328532,AX,153.342065894983,L1,1.95225023218726,L2,0.324685131270...
GetData ===>> H2,0.00191710086120354,H1,1253.88936110079,AX,153.161169967543,L1,1.95011138511949,L2,0.458920152...
GetData ===>> H2,-0.150844132600466,H1,1253.34343530286,AX,153.364418652677,L1,1.94388936667761,L2,0.3799134666...
GetData ===>> H2,-0.1525645790513,H1,1252.80121377481,AX,153.096840170108,L1,1.9392426546204,L2,0.3339884823049...
GetData ===>> H2,-0.0607229037111745,H1,1252.74041988271,AX,153.109152380991,L1,1.91683516860328,L2,0.192105609...
GetData ===>> H2,-0.139614531496534,H1,1251.93009237566,AX,152.894312001119,L1,1.94113274793255,L2,0.2371615732...
GetData ===>> H2,-0.100854183670106,H1,1251.23875833801,AX,153.021762844297,L1,1.91713881616935,L2,0.2404834065...
GetData ===>> H2,-0.0579306679587655,H1,1250.93559191222,AX,153.159636432822,L1,1.90917576303601,L2,0.422215434...
GetData ===>> H2,-0.092376664307021,H1,1250.27232435508,AX,152.929425412272,L1,1.90651743652875,L2,0.3447312665...
GetData ===>> H2,-0.104518143510177,H1,1249.91446734983,AX,152.804520235478,L1,1.94598359430536,L2,0.4406019896...
GetData ===>> H2,-0.076275412857139,H1,1249.3640519559,AX,153.01268862078,L1,1.93183624313675,L2,0.278877877828...
GetData ===>> H2,-0.031603983022985,H1,1248.47609366189,AX,152.774130767215,L1,1.92061098282959,L2,0.2147450649...
GetData ===>> H2,-0.0351427264235441,H1,1247.91171419962,AX,152.998622438788,L1,1.95332968456169,L2,0.307005546...
GetData ===>> H2,-0.0746352890749026,H1,1247.42040541596,AX,152.706564366321,L1,1.93660708646093,L2,0.300352293...
GetData ===>> H2,-0.0640349984435688,H1,1246.95286964676,AX,152.693522321188,L1,1.93062248667088,L2,0.393539904...
GetData ===>> H2,-0.105058095315295,H1,1246.85598574401,AX,152.554639587517,L1,1.91299363163243,L2,0.3553610726...
GetData ===>> H2,-0.0552408491874005,H1,1246.25181593214,AX,152.46304540462,L1,1.88386078774939,L2,0.3560461704...
GetData ===>> H2,-0.112365832478673,H1,1245.58321869492,AX,152.459094721276,L1,1.90008691256972,L2,0.2817302062...
GetData ===>> H2,-0.129807658240336,H1,1245.69222538496,AX,152.251582367291,L1,1.89287074628133,L2,0.3344222802...
18:47:44 -- collecting point 100
GetData ===>> H2,-0.0582968573686906,H1,1245.49400315328,AX,152.078968683036,L1,1.93506261754095,L2,0.337904150...
GetData ===>> H2,-0.110210627952408,H1,1244.81279458278,AX,152.30994434834,L1,1.91113051476736,L2,0.31130815342...
GetData ===>> H2,-0.106174455633126,H1,1244.08240317206,AX,152.273080777499,L1,1.87247706173768,L2,0.3206330337...
GetData ===>> H2,-0.1586862119954,H1,1243.57212646047,AX,152.106036342683,L1,1.9593041225086,L2,0.2972483607566...
GetData ===>> H2,-0.0960311693384652,H1,1243.47489638039,AX,152.094919494778,L1,1.96538023136522,L2,0.344799768...
GetData ===>> H2,0.022132930918775,H1,1242.67561390608,AX,152.086530672506,L1,1.92180801990731,L2,0.38319140172...
GetData ===>> H2,-0.162374348470925,H1,1242.17009842631,AX,152.145488308068,L1,1.92489477940496,L2,0.3427903980...
GetData ===>> H2,-0.0961300332456372,H1,1241.4395479166,AX,152.099362015779,L1,1.93214134701354,L2,0.2926497043...
GetData ===>> H2,-0.0611473069736115,H1,1240.41123458135,AX,151.948331565056,L1,1.92880538905173,L2,0.258201797...
GetData ===>> H2,-0.150355298265891,H1,1239.99671816913,AX,152.007645608521,L1,1.92678484388176,L2,0.3088772138...
GetData ===>> H2,-0.0169153781545259,H1,1240.22771280781,AX,151.754264508359,L1,1.91205546432684,L2,0.349480851...
GetData ===>> H2,-0.0816184071899586,H1,1239.53519667058,AX,151.635695772609,L1,1.89347596099413,L2,0.458794535...
GetData ===>> H2,-0.0492878918863673,H1,1238.63477079925,AX,151.510161587156,L1,1.9160215395001,L2,0.3672253744...
GetData ===>> H2,-0.104228534725436,H1,1238.29627358513,AX,151.522310736917,L1,1.93248065347209,L2,0.4064828163...
GetData ===>> H2,-0.0713461961669466,H1,1237.71542316995,AX,151.688257320054,L1,1.88548088194564,L2,0.322470724...
GetData ===>> H2,-0.0417447181555213,H1,1237.53129130223,AX,151.425370454259,L1,1.93041735792023,L2,0.235494992...
GetData ===>> H2,-0.228037101874691,H1,1236.7655403757,AX,151.428815187201,L1,1.91497534538406,L2,0.26591796724...
GetData ===>> H2,-0.192832233987996,H1,1236.58816905173,AX,151.482937387118,L1,1.90756020164562,L2,0.4180335276...
GetData ===>> H2,-0.129414345975979,H1,1236.36541279709,AX,151.54353769849,L1,1.86789680482499,L2,0.32075858917...
GetData ===>> H2,-0.152487547822441,H1,1236.01340333523,AX,151.327976839888,L1,1.89907281821161,L2,0.1982099759...
GetData ===>> H2,-0.085069760683093,H1,1234.97343069626,AX,151.407137201605,L1,1.89580260562535,L2,0.3295136289...
measurement finished
estimated time: 125.829 actual time: :127.878
flush and close file /Users/jan/PychronDev/data/isotopes/cf/e35e4d-ff4e-4500-90d7-d876b6965036.h5
baselines () {'settling_time': 15.0, 'detector': 'H1', 'mass': 34.2, 'ncounts': 60}
%%%%%%%%%%%%%%%%%%%%%%%%%%%%%%%% Baseline
build tables- baseline [Detector(H2), Detector(H1), Detector(AX), Detector(L1), Detector(L2), Detector(CDD)]
add group baseline table H2
add group baseline table H1
add group baseline table AX
add group baseline table L1
add group baseline table L2
add group baseline table CDD
flush and close file /Users/jan/PychronDev/data/isotopes/cf/e35e4d-ff4e-4500-90d7-d876b6965036.h5
detector Detector(H1)
POSITION 34.2 H1
Mapping mass to dac mass func: "parabolic"
H1 map mass coeffs = [-0.00063987  0.15840543  0.57122999]
H1 map mass to dac 34.2 >> 5.24027599104
GetDeflection H1 ===>> 0
GetHighVoltage ===>> 4500
positioning 34.2 (5.24027599104) on H1
setting magnet DAC
current  : 5.879620
requested: 5.240276
Delta Dac: 0.639344
Checking detector protection. dv=0.63934
Checking detector "CDD". Protection Threshold: 0.1 (V)
ProtectDetector CDD,On ===>> OK
GetDeflection CDD ===>> 2000
Protected = 2000
SetMagnetDAC 5.24027599104 ===>> OK
Magnet settling time: 0.500
GetMagnetMoving ===>> True
GetMagnetMoving ===>> True
GetMagnetMoving ===>> True
GetMagnetMoving ===>> True
GetMagnetMoving ===>> True
GetMagnetMoving ===>> True
GetMagnetMoving ===>> True
GetMagnetMoving ===>> True
GetMagnetMoving ===>> False
ProtectDetector CDD,Off ===>> OK
GetDeflection CDD ===>> 50
Delaying 15.0s for detectors to settle
Join finished
measuring baseline. ncounts=60
"baseline" increment series count="2" fit count="1" regressing="True"
starting measurement
GetData ===>> H2,-0.17766487565756,H1,-0.115583431866928,AX,-0.131706896885207,L1,-0.0316863398623663,L2,0.0406...
GetData ===>> H2,-0.231061783108643,H1,-0.124184807875216,AX,-0.148808997263138,L1,-0.00211925653494764,L2,-0.0...
GetData ===>> H2,-0.15417400658872,H1,-0.124029780850399,AX,-0.117653168637202,L1,-0.0227473672165051,L2,-0.024...
GetData ===>> H2,-0.129871181622973,H1,-0.0189433836139006,AX,-0.0385761452106121,L1,-0.051148602271753,L2,0.00...
GetData ===>> H2,-0.122798981041786,H1,-0.00454727287910726,AX,-0.0127016209202949,L1,-0.0376930555530695,L2,-0...
GetData ===>> H2,-0.139638861706693,H1,0.0318875955392485,AX,-0.167821419272531,L1,-0.0404840571506171,L2,-0.02...
GetData ===>> H2,-0.0790481751576099,H1,-0.136288099373893,AX,-0.0783892936891459,L1,-0.0154714760247191,L2,-0....
GetData ===>> H2,-0.0806741142671302,H1,0.0205405418289618,AX,-0.0717123951847291,L1,-0.0388826201018712,L2,-0....
GetData ===>> H2,-0.072542093464521,H1,0.0008801331192966,AX,-0.0110429116559553,L1,-0.0288680844905771,L2,-0.0...
GetData ===>> H2,-0.148835996250537,H1,-0.0510200598719422,AX,-0.2283465893022,L1,-0.0258105879954138,L2,-0.085...
GetData ===>> H2,-0.226756719180397,H1,-0.0405634774080397,AX,-0.0919503333756981,L1,-0.0258237688545153,L2,-0....
GetData ===>> H2,-0.140567425723809,H1,-0.00999823940042151,AX,-0.0629018974191713,L1,-0.0389976158580127,L2,-0...
GetData ===>> H2,-0.142068916435942,H1,0.00575908549824717,AX,-0.106193185113966,L1,-0.0462001957962445,L2,-0.0...
GetData ===>> H2,-0.213347682631948,H1,0.0182378792884521,AX,-0.326394699253994,L1,-0.0403786600137592,L2,-0.06...
GetData ===>> H2,-0.233299822036765,H1,-0.0080898385028892,AX,-0.148519144996551,L1,-0.0298071914554861,L2,0.05...
GetData ===>> H2,-0.158724031275569,H1,0.0180111951662234,AX,-0.119785109658387,L1,-0.0448367119192783,L2,-0.02...
GetData ===>> H2,-0.195525641582706,H1,-0.0326338695217253,AX,-0.122728038434794,L1,-0.0332586141853671,L2,-0.0...
GetData ===>> H2,-0.158268840843715,H1,0.0379732961208525,AX,-0.0659045119227318,L1,-0.0429773352038393,L2,0.04...
GetData ===>> H2,-0.241078613723719,H1,0.0859100422552441,AX,-0.0904900045288068,L1,-0.0592941261838362,L2,-0.0...
GetData ===>> H2,-0.299437455332043,H1,0.0641460245093707,AX,0.0555444680687638,L1,-0.0497463026525172,L2,0.011...
State checksums do not match. Local:1695186306 Remote:-1097334291
State checksum failed
GetData ===>> H2,-0.151449069667921,H1,0.00575908549824717,AX,-0.0902466142566499,L1,-0.029882651601105,L2,0.06...
set states for children of V. state=True
handle state [('V', True)]
update switch state V True args=() kw={'refresh': False} ncanvase=2
refresh_canvas_needed fired
GetData ===>> H2,-0.0623661919319528,H1,-0.01676084215656,AX,-0.113980095441458,L1,-0.0201136418189506,L2,-0.07...
GetData ===>> H2,-0.0333504073894902,H1,0.0124158392809328,AX,-0.159567702317857,L1,-0.0465281704553102,L2,0.00...
GetData ===>> H2,-0.021746891599187,H1,0.0303125332972389,AX,-0.0357814248871132,L1,-0.0475575104352879,L2,-0.1...
18:48:50 -- collecting point 25
GetData ===>> H2,-0.109568861154762,H1,0.0356463669238806,AX,-0.0558297365506762,L1,-0.0457967962230545,L2,-0.1...
GetData ===>> H2,-0.18042065422591,H1,-0.0448559353565468,AX,-0.155046408745493,L1,-0.026283889836185,L2,-0.020...
GetData ===>> H2,-0.205630896202248,H1,-0.0115368611306675,AX,-0.104733070036887,L1,-0.0113866749798548,L2,0.00...
GetData ===>> H2,-0.26521740622795,H1,-0.00657501938776659,AX,-0.0113328978319858,L1,-0.0160388201497127,L2,0.0...
GetData ===>> H2,-0.332707136397891,H1,-0.0227239575618874,AX,-0.0927963868860001,L1,-0.0221144729408382,L2,0.0...
GetData ===>> H2,-0.264313923442328,H1,0.00201336491441069,AX,-0.0680144018222795,L1,-0.0143880310510829,L2,0.0...
GetData ===>> H2,-0.207555196797388,H1,-0.00261491151152242,AX,-0.0855873116588533,L1,0.00128545653207806,L2,0....
GetData ===>> H2,-0.177235658792949,H1,-0.0290206217811172,AX,-0.121720037421988,L1,0.0372799508947281,L2,-0.13...
GetData ===>> H2,-0.172150000455573,H1,-0.0526176626848283,AX,-0.0352363870904158,L1,0.00689105654602347,L2,0.0...
GetData ===>> H2,-0.233583750783367,H1,-0.057350709368653,AX,-0.0973394525150568,L1,-0.0190633159459291,L2,0.06...
GetData ===>> H2,-0.212419737424457,H1,0.00784672945288736,AX,-0.0726397695977562,L1,-0.0476951467411003,L2,-0....
GetData ===>> H2,-0.194859302771576,H1,0.0175101057702911,AX,-0.0569427664390834,L1,-0.0526224809439785,L2,-0.0...
GetData ===>> H2,-0.179207492526627,H1,0.0256948799965741,AX,-0.0960066873927769,L1,-0.0520315198526155,L2,-0.0...
GetData ===>> H2,-0.260170689596285,H1,0.0254085209140833,AX,-0.122507901174004,L1,-0.0109059433448458,L2,-0.07...
GetData ===>> H2,-0.192066597585142,H1,-0.00300854370454111,AX,-0.136901155022677,L1,-0.0274856169610082,L2,-0....
GetData ===>> H2,-0.135050342451669,H1,0.0697203984366236,AX,-0.0678057334312349,L1,-0.0214947253760524,L2,0.00...
GetData ===>> H2,-0.158376899574334,H1,-0.0138507128473851,AX,-0.112543271976841,L1,-0.0190153532424556,L2,-0.0...
GetData ===>> H2,-0.175885814200943,H1,-0.0195754768970822,AX,-0.069150477434717,L1,-0.0403044022763451,L2,-0.0...
GetData ===>> H2,-0.22160140813864,H1,-0.00760080491641875,AX,0.0311070665968441,L1,-0.0541164764813737,L2,-0.0...
GetData ===>> H2,-0.223066897742088,H1,0.0743291447145246,AX,-0.083477802777728,L1,-0.0296335111909406,L2,-0.01...
GetData ===>> H2,-0.225952871684371,H1,0.0274369153962397,AX,-0.13912746417174,L1,-0.047798073528798,L2,-0.0140...
GetData ===>> H2,-0.244498300771742,H1,-0.0322403538203673,AX,-0.00910578183859668,L1,-0.0423618572049525,L2,-0...
GetData ===>> H2,-0.226966760359032,H1,-0.0441405384836056,AX,-0.112589621452088,L1,-0.0441698662164569,L2,0.00...
GetData ===>> H2,-0.176252987859989,H1,-0.0553478353223944,AX,-0.0116344825385629,L1,0.00786534546046642,L2,-0....
GetData ===>> H2,-0.103737265557986,H1,-0.0291637231822904,AX,-0.147765525060888,L1,-0.0228180858837769,L2,0.02...
18:49:16 -- collecting point 50
GetData ===>> H2,0.035916817402957,H1,0.0779905195478438,AX,-0.0385529528411261,L1,-0.0242335532761371,L2,-0.11...
GetData ===>> H2,-0.206540532876287,H1,0.00283645710335025,AX,-0.0938278668295153,L1,-0.0142669872864231,L2,-0....
GetData ===>> H2,-0.257631786126096,H1,0.0278068035263647,AX,-0.092564592135474,L1,-0.00995520195606894,L2,0.02...
GetData ===>> H2,-0.150622674353024,H1,0.0458017216133257,AX,-0.13584595945024,L1,-0.00824292161141108,L2,-0.01...
GetData ===>> H2,-0.220665173305021,H1,0.0332359639630077,AX,-0.00937257446191724,L1,-0.0131211939906128,L2,0.0...
GetData ===>> H2,-0.216862858840057,H1,0.052783379591115,AX,-0.146501749293742,L1,0.0320407048120215,L2,-0.0805...
GetData ===>> H2,-0.217360115811652,H1,0.0316728128652468,AX,-0.144472717158047,L1,0.00122904196737022,L2,-0.02...
GetData ===>> H2,-0.04949691551899,H1,0.00584259042051301,AX,-0.054090601863704,L1,-0.00665628426341297,L2,-0.0...
GetData ===>> H2,-0.115443600115715,H1,-0.103489165041881,AX,-0.0990894033426774,L1,0.00637875276349402,L2,-0.1...
GetData ===>> H2,-0.182599700579767,H1,-0.0457978667731894,AX,-0.155313054967769,L1,0.00293122045981232,L2,-0.0...
GetData ===>> H2,-0.274879607298172,H1,-0.100402807635569,AX,-0.0728136513162486,L1,-0.0281205693216731,L2,-0.0...
measurement finished
estimated time: 62.915 actual time: :63.114
flush and close file /Users/jan/PychronDev/data/isotopes/cf/e35e4d-ff4e-4500-90d7-d876b6965036.h5
activate_detectors ('H1', 'AX', 'CDD') {'peak_center': True}
peak_center () {'detector': 'H1', 'integration_time': 0.262144, 'isotope': 'Ar40'}
peak center: mean=1237.24189118 threshold=3
peak center started
setup peak center. detector=['H1', 'AX', 'CDD'], isotope=Ar40
VersionedUnpickler [<apptools.sweet_pickle.versioned_unpickler.VersionedUnpickler object at 0x19b3d4cb0>] using Updater [<apptools.sweet_pickle.updater.Updater object at 0x134a15590>]
VersionedUnpickler [<apptools.sweet_pickle.versioned_unpickler.VersionedUnpickler object at 0x19b3d4cb0>] using Updater [<apptools.sweet_pickle.updater.Updater object at 0x134a15590>]
VersionedUnpickler [<apptools.sweet_pickle.versioned_unpickler.VersionedUnpickler object at 0x19b3d4cb0>] using Updater [<apptools.sweet_pickle.updater.Updater object at 0x134a15590>]
setting integration time = 0.524288
SetIntegrationTime 0.524288 ===>> OK
Mapping mass to dac mass func: "parabolic"
H1 map mass coeffs = [-0.00063987  0.15840543  0.57122999]
H1 map mass to dac 39.9624 >> 5.87962
GetDeflection H1 ===>> 0
GetHighVoltage ===>> 4500
do peak center. <pychron.spectrometer.jobs.peak_center.PeakCenter object at 0x134a156b0>
doing pc
starting peak center. center dac= 5.87962 step_width=0.001
width = 0.001
get scan parameters. half-width=0.015,window=0.015, i=0, scalar=1
Scan parameters center=5.87962 width=0.03000 (5.86462 - 5.89462)
GetData ===>> H2,-0.36376826490783,H1,0.0630001531177761,AX,-0.0659856623801953,L1,-0.0495069828215302,L2,-0.00...
Moving to starting dac 5.86462
setting magnet DAC
current  : 5.240276
requested: 5.864620
Delta Dac: 0.624344
Checking detector protection. dv=0.62434
Checking detector "CDD". Protection Threshold: 0.1 (V)
ProtectDetector CDD,On ===>> OK
GetDeflection CDD ===>> 2000
Protected = 2000
SetMagnetDAC 5.86462 ===>> OK
Magnet settling time: 0.500
GetMagnetMoving ===>> True
GetMagnetMoving ===>> True
GetMagnetMoving ===>> True
GetMagnetMoving ===>> True
GetMagnetMoving ===>> True
GetMagnetMoving ===>> True
GetMagnetMoving ===>> True
GetMagnetMoving ===>> True
GetMagnetMoving ===>> False
ProtectDetector CDD,Off ===>> OK
GetDeflection CDD ===>> 50
Wait until signal near baseline. tol= 0.0472501148383. timeout= 10
GetData ===>> H2,3.32763295675755,H1,1.14415335713016,AX,-0.133514154000652,L1,0.00160954632408266,L2,0.0819744...
GetData ===>> H2,67.7079911687478,H1,23.6181125141182,AX,1.14211853495756,L1,-0.0136066139811018,L2,-0.10162997...
GetData ===>> H2,81.3687516804533,H1,40.1136092600844,AX,3.65686205977148,L1,-0.0497690377399108,L2,0.067319585...
GetData ===>> H2,44.3841501509946,H1,19.4044379826559,AX,1.67914455750189,L1,-0.0405463367574001,L2,-0.01004261...
GetData ===>> H2,18.5883423327221,H1,9.95727587922015,AX,0.848270970982183,L1,-0.0533605353378294,L2,-0.0707085...
GetData ===>> H2,6.44932591076126,H1,5.52655583386581,AX,0.386283736798426,L1,-0.0512191906779262,L2,-0.0055338...
GetData ===>> H2,2.08297409204406,H1,3.29681553921117,AX,0.121737916582785,L1,-0.0333894111274194,L2,0.00696896...
GetData ===>> H2,0.741177916851594,H1,2.1227104384802,AX,-0.0433652511127395,L1,-0.0295273874324429,L2,0.019496...
GetData ===>> H2,0.434085695804911,H1,1.72144446219724,AX,0.107734273782962,L1,-0.0568431331079607,L2,0.0318427...
GetData ===>> H2,0.363157617441265,H1,1.46295696411476,AX,0.120671343152472,L1,-0.0518891576317237,L2,-0.038707...
GetData ===>> H2,0.316344837613797,H1,1.36169832400641,AX,0.0441513848377554,L1,0.0028892027180972,L2,-0.230561...
GetData ===>> H2,0.30718050138141,H1,1.30900820737334,AX,0.0610313817015253,L1,-0.00825251502974844,L2,-0.08306...
GetData ===>> H2,0.238756456266087,H1,1.25759233185379,AX,0.0448013254045269,L1,-0.0123768378602388,L2,0.004896...
GetData ===>> H2,0.285522661418606,H1,1.27039588432927,AX,0.0235876488237983,L1,-0.0106937427748918,L2,-0.02247...
GetData ===>> H2,0.227353899774825,H1,1.34070055395121,AX,0.112231913075315,L1,-0.0263653580018617,L2,0.0052836...
GetData ===>> H2,0.145629680730807,H1,1.25234190727579,AX,0.0735682714730451,L1,-0.00415289434250543,L2,-0.0818...
GetData ===>> H2,0.191987690324111,H1,1.32304181698359,AX,0.0190159410632498,L1,-0.00107168280739975,L2,0.08749...
GetData ===>> H2,0.181288791789199,H1,1.29260215768963,AX,0.0506509857515848,L1,0.00250744955333284,L2,-0.08188...
GetData ===>> H2,0.133985542555059,H1,1.23587317298506,AX,0.127743406738797,L1,0.0168287907882694,L2,-0.0792874...
GetData ===>> H2,0.145977407621468,H1,1.14945606688581,AX,0.0753991168765543,L1,0.0300209745362719,L2,-0.033448...
GetData ===>> H2,0.0667648984713359,H1,1.20583561965193,AX,-0.0398169289235362,L1,-0.00285717259997815,L2,-0.00...
Peak center failed to move to a baseline position
_do_sweep sm= 5.86462, em= 5.89462, stm= 0.001
calculated step values: start=5.86462, end=5.89462, width=0.001, nsteps=31.0
setting magnet DAC
current  : 5.864620
requested: 5.864620
Delta Dac: 0.000000
Checking detector protection. dv=0.00000
Checking detector "CDD". Protection Threshold: 0.1 (V)
SetMagnetDAC 5.86462 ===>> OK
GetData ===>> H2,0.0667648984713359,H1,1.20583561965193,AX,-0.0398169289235362,L1,-0.00285717259997815,L2,-0.00...
setting magnet DAC
current  : 5.864620
requested: 5.865654
Delta Dac: 0.001034
Checking detector protection. dv=0.00103
Checking detector "CDD". Protection Threshold: 0.1 (V)
SetMagnetDAC 5.86565448276 ===>> OK
Magnet settling time: 1.049
GetData ===>> H2,-0.0388296720772854,H1,2.60694146784861,AX,0.275260734952479,L1,0.0267513348723897,L2,-0.01033...
setting magnet DAC
current  : 5.865654
requested: 5.866689
Delta Dac: 0.001034
Checking detector protection. dv=0.00103
Checking detector "CDD". Protection Threshold: 0.1 (V)
SetMagnetDAC 5.86668896552 ===>> OK
Magnet settling time: 1.049
GetData ===>> H2,-0.0486547936622324,H1,9.17369163788788,AX,0.742849796446456,L1,0.0161953089349003,L2,-0.12210...
setting magnet DAC
current  : 5.866689
requested: 5.867723
Delta Dac: 0.001034
Checking detector protection. dv=0.00103
Checking detector "CDD". Protection Threshold: 0.1 (V)
SetMagnetDAC 5.86772344828 ===>> OK
Magnet settling time: 1.049
GetData ===>> H2,-0.0571001719513366,H1,34.5539168724376,AX,2.77655234052426,L1,0.000238837766483725,L2,0.00022...
setting magnet DAC
current  : 5.867723
requested: 5.868758
Delta Dac: 0.001034
Checking detector protection. dv=0.00103
Checking detector "CDD". Protection Threshold: 0.1 (V)
SetMagnetDAC 5.86875793103 ===>> OK
Magnet settling time: 1.049
GetData ===>> H2,-0.0288683762354302,H1,113.26490501551,AX,9.08951420843786,L1,0.00190003566765848,L2,-0.045035...
setting magnet DAC
current  : 5.868758
requested: 5.869792
Delta Dac: 0.001034
Checking detector protection. dv=0.00103
Checking detector "CDD". Protection Threshold: 0.1 (V)
SetMagnetDAC 5.86979241379 ===>> OK
Magnet settling time: 1.049
GetData ===>> H2,0.0146564829526973,H1,298.724099550234,AX,25.7256098516406,L1,0.114296059220189,L2,-0.04143892...
setting magnet DAC
current  : 5.869792
requested: 5.870827
Delta Dac: 0.001034
Checking detector protection. dv=0.00103
Checking detector "CDD". Protection Threshold: 0.1 (V)
SetMagnetDAC 5.87082689655 ===>> OK
Magnet settling time: 1.049
GetData ===>> H2,-0.0214094766705343,H1,586.912369681587,AX,56.5154994712558,L1,0.341280695025737,L2,-0.0157124...
setting magnet DAC
current  : 5.870827
requested: 5.871861
Delta Dac: 0.001034
Checking detector protection. dv=0.00103
Checking detector "CDD". Protection Threshold: 0.1 (V)
SetMagnetDAC 5.87186137931 ===>> OK
Magnet settling time: 1.049
GetData ===>> H2,-0.173092972846277,H1,869.345233486225,AX,91.7899133131664,L1,0.679083986065879,L2,0.036991431...
setting magnet DAC
current  : 5.871861
requested: 5.872896
Delta Dac: 0.001034
Checking detector protection. dv=0.00103
Checking detector "CDD". Protection Threshold: 0.1 (V)
SetMagnetDAC 5.87289586207 ===>> OK
Magnet settling time: 1.049
GetData ===>> H2,-0.212843988877815,H1,1057.41678615163,AX,119.899238027498,L1,0.981758954307781,L2,0.101510097...
setting magnet DAC
current  : 5.872896
requested: 5.873930
Delta Dac: 0.001034
Checking detector protection. dv=0.00103
Checking detector "CDD". Protection Threshold: 0.1 (V)
SetMagnetDAC 5.87393034483 ===>> OK
Magnet settling time: 1.049
GetData ===>> H2,-0.0482560929140794,H1,1143.55765828392,AX,136.088475764795,L1,1.30615298302611,L2,0.242070164...
setting magnet DAC
current  : 5.873930
requested: 5.874965
Delta Dac: 0.001034
Checking detector protection. dv=0.00103
Checking detector "CDD". Protection Threshold: 0.1 (V)
SetMagnetDAC 5.87496482759 ===>> OK
Magnet settling time: 1.049
GetData ===>> H2,-0.127507061237736,H1,1170.77016451928,AX,142.053687683821,L1,1.50788684848437,L2,0.4510522799...
setting magnet DAC
current  : 5.874965
requested: 5.875999
Delta Dac: 0.001034
Checking detector protection. dv=0.00103
Checking detector "CDD". Protection Threshold: 0.1 (V)
SetMagnetDAC 5.87599931034 ===>> OK
Magnet settling time: 1.049
GetData ===>> H2,-0.16428074297883,H1,1178.14913943163,AX,143.98897975114,L1,1.62001409188792,L2,0.143147839235...
setting magnet DAC
current  : 5.875999
requested: 5.877034
Delta Dac: 0.001034
Checking detector protection. dv=0.00103
Checking detector "CDD". Protection Threshold: 0.1 (V)
SetMagnetDAC 5.8770337931 ===>> OK
Magnet settling time: 1.049
GetData ===>> H2,-0.138837925116715,H1,1180.28413977402,AX,144.317818493212,L1,1.8206238168724,L2,0.29474230449...
setting magnet DAC
current  : 5.877034
requested: 5.878068
Delta Dac: 0.001034
Checking detector protection. dv=0.00103
Checking detector "CDD". Protection Threshold: 0.1 (V)
SetMagnetDAC 5.87806827586 ===>> OK
Magnet settling time: 1.049
GetData ===>> H2,-0.0520472536565303,H1,1180.9401987463,AX,144.480280659119,L1,1.80283471178439,L2,0.2961787387...
setting magnet DAC
current  : 5.878068
requested: 5.879103
Delta Dac: 0.001034
Checking detector protection. dv=0.00103
Checking detector "CDD". Protection Threshold: 0.1 (V)
SetMagnetDAC 5.87910275862 ===>> OK
Magnet settling time: 1.049
GetData ===>> H2,-0.119474295085979,H1,1180.7187639728,AX,144.391318079325,L1,1.83092287204206,L2,0.34774502998...
setting magnet DAC
current  : 5.879103
requested: 5.880137
Delta Dac: 0.001034
Checking detector protection. dv=0.00103
Checking detector "CDD". Protection Threshold: 0.1 (V)
SetMagnetDAC 5.88013724138 ===>> OK
Magnet settling time: 1.049
set states for children of E. state=False
handle state [('E', False)]
update switch state E False args=() kw={'refresh': False} ncanvase=2
refresh_canvas_needed fired
GetData ===>> H2,0.031289789516314,H1,1180.30240617583,AX,144.442154459519,L1,1.86060212198156,L2,0.41901649255...
setting magnet DAC
current  : 5.880137
requested: 5.881172
Delta Dac: 0.001034
Checking detector protection. dv=0.00103
Checking detector "CDD". Protection Threshold: 0.1 (V)
SetMagnetDAC 5.88117172414 ===>> OK
Magnet settling time: 1.049
State checksums do not match. Local:-861571959 Remote:498999145
State checksum failed
GetData ===>> H2,-0.0988782333285328,H1,1180.15266885505,AX,144.470021283622,L1,1.84989138155973,L2,0.316655969...
setting magnet DAC
current  : 5.881172
requested: 5.882206
Delta Dac: 0.001034
Checking detector protection. dv=0.00103
Checking detector "CDD". Protection Threshold: 0.1 (V)
SetMagnetDAC 5.8822062069 ===>> OK
Magnet settling time: 1.049
set states for children of B. state=False
set states for children of D. state=False
handle state [('B', False), ('D', False)]
update switch state B False args=() kw={'refresh': True} ncanvase=2
update switch state D False args=() kw={'refresh': False} ncanvase=2
refresh_canvas_needed fired
GetData ===>> H2,-0.282544525210368,H1,1178.43621558638,AX,144.216692501187,L1,1.87046577759209,L2,0.2373898742...
setting magnet DAC
current  : 5.882206
requested: 5.883241
Delta Dac: 0.001034
Checking detector protection. dv=0.00103
Checking detector "CDD". Protection Threshold: 0.1 (V)
SetMagnetDAC 5.88324068966 ===>> OK
Magnet settling time: 1.049
GetData ===>> H2,-0.250551876906768,H1,1176.73664494225,AX,143.378756334487,L1,1.82478331809816,L2,0.3438212760...
setting magnet DAC
current  : 5.883241
requested: 5.884275
Delta Dac: 0.001034
Checking detector protection. dv=0.00103
Checking detector "CDD". Protection Threshold: 0.1 (V)
SetMagnetDAC 5.88427517241 ===>> OK
Magnet settling time: 1.049
GetData ===>> H2,-0.168189738623752,H1,1168.23295857241,AX,141.332390293618,L1,1.7975644647645,L2,0.29433189865...
setting magnet DAC
current  : 5.884275
requested: 5.885310
Delta Dac: 0.001034
Checking detector protection. dv=0.00103
Checking detector "CDD". Protection Threshold: 0.1 (V)
SetMagnetDAC 5.88530965517 ===>> OK
Magnet settling time: 1.049
GetData ===>> H2,-0.242778493173425,H1,1138.33817679246,AX,134.761242356974,L1,1.70262859275877,L2,0.2450611044...
setting magnet DAC
current  : 5.885310
requested: 5.886344
Delta Dac: 0.001034
Checking detector protection. dv=0.00103
Checking detector "CDD". Protection Threshold: 0.1 (V)
SetMagnetDAC 5.88634413793 ===>> OK
Magnet settling time: 1.049
GetData ===>> H2,-0.184168031692583,H1,1049.77928899322,AX,117.271035758237,L1,1.57794324305185,L2,0.1874049421...
setting magnet DAC
current  : 5.886344
requested: 5.887379
Delta Dac: 0.001034
Checking detector protection. dv=0.00103
Checking detector "CDD". Protection Threshold: 0.1 (V)
SetMagnetDAC 5.88737862069 ===>> OK
Magnet settling time: 1.049
GetData ===>> H2,-0.143722945208981,H1,859.617578088968,AX,86.7128603231323,L1,1.2940402337279,L2,0.13879167396...
setting magnet DAC
current  : 5.887379
requested: 5.888413
Delta Dac: 0.001034
Checking detector protection. dv=0.00103
Checking detector "CDD". Protection Threshold: 0.1 (V)
SetMagnetDAC 5.88841310345 ===>> OK
Magnet settling time: 1.049
GetData ===>> H2,-0.26152612775687,H1,440.751704613156,AX,35.2940777224131,L1,0.721255640147387,L2,0.1013505132...
setting magnet DAC
current  : 5.888413
requested: 5.889448
Delta Dac: 0.001034
Checking detector protection. dv=0.00103
Checking detector "CDD". Protection Threshold: 0.1 (V)
SetMagnetDAC 5.88944758621 ===>> OK
Magnet settling time: 1.049
GetData ===>> H2,-0.174843806348294,H1,196.558802639294,AX,13.2809650614388,L1,0.464720246734136,L2,0.066134533...
setting magnet DAC
current  : 5.889448
requested: 5.890482
Delta Dac: 0.001034
Checking detector protection. dv=0.00103
Checking detector "CDD". Protection Threshold: 0.1 (V)
SetMagnetDAC 5.89048206897 ===>> OK
Magnet settling time: 1.049
GetData ===>> H2,-0.129156185155303,H1,67.3185723196876,AX,3.54403573328421,L1,0.240219776907711,L2,-0.03875276...
setting magnet DAC
current  : 5.890482
requested: 5.891517
Delta Dac: 0.001034
Checking detector protection. dv=0.00103
Checking detector "CDD". Protection Threshold: 0.1 (V)
SetMagnetDAC 5.89151655172 ===>> OK
Magnet settling time: 1.049
GetData ===>> H2,-0.227689492737921,H1,19.1366211574966,AX,0.74934803528875,L1,0.139937335780366,L2,-0.07239255...
setting magnet DAC
current  : 5.891517
requested: 5.892551
Delta Dac: 0.001034
Checking detector protection. dv=0.00103
Checking detector "CDD". Protection Threshold: 0.1 (V)
SetMagnetDAC 5.89255103448 ===>> OK
Magnet settling time: 1.049
GetData ===>> H2,-0.26352249806887,H1,4.70186288594803,AX,-0.181440552632515,L1,0.106279358935939,L2,-0.0615371...
setting magnet DAC
current  : 5.892551
requested: 5.893586
Delta Dac: 0.001034
Checking detector protection. dv=0.00103
Checking detector "CDD". Protection Threshold: 0.1 (V)
SetMagnetDAC 5.89358551724 ===>> OK
Magnet settling time: 1.049
GetData ===>> H2,-0.296673377609672,H1,0.879995706104286,AX,-0.0884617336567709,L1,0.0458774161919815,L2,-0.110...
setting magnet DAC
current  : 5.893586
requested: 5.894620
Delta Dac: 0.001034
Checking detector protection. dv=0.00103
Checking detector "CDD". Protection Threshold: 0.1 (V)
SetMagnetDAC 5.89462 ===>> OK
Magnet settling time: 1.049
GetData ===>> H2,-0.226799043176688,H1,-0.0374155578989786,AX,0.0364452773877691,L1,-0.00689015808976959,L2,-0....
result of _do_sweep=True
result of _calculate_peak_center=([5.8719049146569002, 5.8795961592149819, 5.8872874037730636], [877.26006836804459, 1180.9362049327499, 876.38534418078211], 5.8780869338677357, 1180.9362049327499)
Failed to find a valid peak. No peak greater than 1.0. max = 0.024683057621
new center pos Detector(H1) (Ar40) @ 5.87959615921
GetHighVoltage ===>> 4500
GetDeflection H1 ===>> 0
dac uncorrected for HV and deflection 5.87959615921
update mftable H1 Ar40 5.87959615921 message=automated run peakcenter
get initial guess parabolic
get initial guess parabolic
get initial guess parabolic
get initial guess parabolic
get initial guess parabolic
get initial guess parabolic
dump mftable to /Users/jan/PychronDev/setupfiles/spectrometer/mftables/mftable.csv
add to repo msg=modified - automated run peakcenter
locally archiving mftable
setting magnet DAC
current  : 5.894620
requested: 5.879596
Delta Dac: 0.015024
Checking detector protection. dv=0.01502
Checking detector "CDD". Protection Threshold: 0.1 (V)
SetMagnetDAC 5.87959615921 ===>> OK
Magnet settling time: 0.500
sweep finished
setting integration time = 1.048576
SetIntegrationTime 1.048576 ===>> OK
Failed to find a valid peak. No peak greater than 1.0. max = 0.0246735111131
flush and close file /Users/jan/PychronDev/data/isotopes/cf/e35e4d-ff4e-4500-90d7-d876b6965036.h5
finished measure script
executed snippet estimated_duration=226.132928, duration=274.377248049
jan_unknown120_60.py completed successfully
Measurement Finished
18:50:14 -- ******* Measurement Finished *******
Post Measurement Started jan_pump_ms.py
18:50:14 -- ******* Post Measurement Started jan_pump_ms.py *******
testing...
no interpolation path defined
executed snippet estimated_duration=0, duration=2.59876251221e-05
Pumping spectrometer
open () {'name': 'O'}
opening name=O desc=---
checking ownership. requestor=129.138.12.150
check software interlocks O
interlocks []
actuate state mode=None-script, software_lock=False
doing actuation None-script open_channel True
Open O ===>> OK
GetIndicatorState O ===>> OK
change switch state (True, True)
update switch state O True args=() kw={} ncanvase=2
18:50:14 -- OPEN   VALVE-O (Jan Ion Pump)
---------------------------------------- open O () result=[(True, True)], time=0.09 sec
action=open, ok=True, locked=[False]
executed snippet estimated_duration=0, duration=0.346727848053
jan_pump_ms.py completed successfully
setting _ms_pumptime
Post Measurement Finished
18:50:14 -- ******* Post Measurement Finished *******
$$$$$$$$$$$$$$$$$$$$ state at run end measurement
state changed from measurement to success
post measurement save measured=True aborted=False
Set filtering
setting fod for Ar40= {'filter_outliers': True, 'std_devs': 2, 'iterations': 1}
setting fod for H1= {'filter_outliers': True, 'std_devs': 2, 'iterations': 1}
setting fod for PM41= {'filter_outliers': False, 'std_devs': 2, 'iterations': 1}
setting fod for H2= {'filter_outliers': True, 'std_devs': 2, 'iterations': 1}
setting fod for Ar36= {'filter_outliers': True, 'std_devs': 2, 'iterations': 1}
setting fod for CDD= {'filter_outliers': True, 'std_devs': 10, 'iterations': 1}
setting fod for Ar37= {'filter_outliers': True, 'std_devs': 2, 'iterations': 1}
setting fod for L2= {'filter_outliers': True, 'std_devs': 2, 'iterations': 1}
setting fod for Ar38= {'filter_outliers': True, 'std_devs': 2, 'iterations': 1}
setting fod for L1= {'filter_outliers': True, 'std_devs': 2, 'iterations': 1}
setting fod for Ar39= {'filter_outliers': True, 'std_devs': 2, 'iterations': 1}
setting fod for AX= {'filter_outliers': True, 'std_devs': 2, 'iterations': 1}
persistence save...
persistence save - db
post measurement save
6945106448 connecting to database sqlite:////Users/jan/PychronDev/.appdata/local_lab.db
connected to db sqlite:////Users/jan/PychronDev/.appdata/local_lab.db
create new session 6945106448
close session 6945106448
No database instance. Not saving post measurement to isotopedb database
$$$$$$$$$$$$$$$ auto_save_detector_ic=False
massspec enabled True
create new session 4979675504
MassSpec Database Version: 16.0
close session 4979675504
saving post measurement to secondary database
saving to massspec database 129.138.12.160/massspecdata
setting labnumber to 25323
setting aliquot to 5
setting step to 
setting uuid to cfe35e4d-ff4e-4500-90d7-d876b6965036
setting irradpos to 25323
setting extract_device to Fusions CO2
setting tray to 
setting position to 163
setting power_requested to 5.0
setting extract_value to 5.0
setting duration to 30.0
setting duration_at_request to 30.0
setting first_stage_delay to 30.0
setting cleanup to 30.0
setting comment to K:12
setting irradiation to NM-288
setting level to K
setting irradiation_level to K
setting sample to FC-2
setting material to Sanidine
setting project to Irradiation-NM-288
setting mass_spectrometer to Jan
no attribute chron_dosages
no attribute production_ratios
no attribute interference_corrections
no attribute production_name
no attribute j
Reference Isotope=Ar40
Reference Detector=H1
%%%%%%%%%%%%%%%%%%%% Comment: K:12 %%%%%%%%%%%%%%%%%%%
adding isotope PM41 H2
add baseline dbdet= PM41. original det= H2
get baseline data PM41 H2
Get data baseline <pychron.processing.isotope.Baseline object at 0x19d695150> len t=60
baseline PM41. v=-0.182090949293, e=0.0076471121699
get signal data PM41 H2
Get data signal PM41 0.06+/-0.06 len t=120
adding isotope Ar40 H1
add baseline dbdet= Ar40. original det= H1
get baseline data Ar40 H1
Get data baseline <pychron.processing.isotope.Baseline object at 0x19d695350> len t=60
baseline Ar40. v=0.000552489924827, e=0.00541508881991
get signal data Ar40 H1
Get data signal Ar40 1300.54+/-0.07 len t=120
adding isotope Ar39 AX
add baseline dbdet= Ar39. original det= AX
get baseline data Ar39 AX
Get data baseline <pychron.processing.isotope.Baseline object at 0x19d695510> len t=60
baseline Ar39. v=-0.0909775101, e=0.00590659554454
get signal data Ar39 AX
Get data signal Ar39 158.750+/-0.023 len t=120
adding isotope Ar38 L1
add baseline dbdet= Ar38. original det= L1
get baseline data Ar38 L1
Get data baseline <pychron.processing.isotope.Baseline object at 0x19d6956d0> len t=60
baseline Ar38. v=-0.0275147386549, e=0.00232395828738
get signal data Ar38 L1
Get data signal Ar38 2.053+/-0.006 len t=120
adding isotope Ar37 L2
add baseline dbdet= Ar37. original det= L2
get baseline data Ar37 L2
Get data baseline <pychron.processing.isotope.Baseline object at 0x19d695890> len t=60
baseline Ar37. v=-0.0233622727051, e=0.00607651042694
get signal data Ar37 L2
Get data signal Ar37 0.366+/-0.010 len t=120
adding isotope Ar36 CDD
add baseline dbdet= Ar36. original det= CDD
get baseline data Ar36 CDD
Get data baseline <pychron.processing.isotope.Baseline object at 0x19d695a50> len t=60
baseline Ar36. v=0.000342390452862, e=2.74767802197e-05
get signal data Ar36 CDD
Get data signal Ar36 0.01502+/-0.00030 len t=120
25323-05 added analysis time 0.504046916962s
analysis added to mass spec database
mass spec save time= 0.520
persistence save - dvc
================= post measurement started
create new session 4982376208
close session 4982376208
---------------- Experiment Queue saving disabled
DVC saving peakcenter
Failed to find a valid peak. No peak greater than 1.0. max = 0.0246735111131
Smart pull ahead: 0 behind: 0
Up-to-date with origin
add to repo msg=modified - ad8224ebc6dbfeb9f5997218dfa5fe690569839d.json
add to repo msg=modified - 23-05.json
add to repo msg=modified - 23-05.dat.json
add to repo msg=modified - 23-05.blan.json
add to repo msg=modified - 23-05.inte.json
add to repo msg=modified - 23-05.icfa.json
add to repo msg=modified - 23-05.base.json
not at valid file /Users/jan/PychronDev/data/.dvc/repositories/Irradiation-NM-288/253/tags/23-05.tags.json
add to repo msg=modified - 23-05.peak.json
add to repo msg=modified - 23-05.extr.json
not at valid file /Users/jan/PychronDev/data/.dvc/repositories/Irradiation-NM-288/253/monitor/23-05.moni.json
commit message=<COLLECTION>
add to repo msg=modified - 23-05.inte.json
add to repo msg=modified - 23-05.base.json
commit message=<ISOEVO> default collection fits
add to repo msg=modified - 23-05.blan.json
commit message=<BLANKS> preceding ba-01-J-2292
add to repo msg=modified - 23-05.icfa.json
commit message=<ICFactor> default
push repository <pychron.git_archive.repo_manager.GitRepoManager object at 0x18d421710>
pushing to remote=origin, url=https://github.com
no changes to meta repo
create new session 4982376208
add association Irradiation-NM-288
get identifier "25323"
setting analysis irradiation position=<pychron.dvc.dvc_orm.IrradiationPositionTbl object at 0x176429b90>
close session 4982376208
================= post measurement finished
18:50:26 -- ******* Post Run Check *******
loading queue conditionals post_run_actions
loading system conditionals post_run_actions
loading conditionals from /Users/jan/PychronDev/setupfiles/spectrometer/default_conditionals.yaml
loading queue conditionals post_run_terminations
loading system conditionals post_run_terminations
loading conditionals from /Users/jan/PychronDev/setupfiles/spectrometer/default_conditionals.yaml
Checking default post run terminations n=1
GetDeflection CDD ===>> 50
testing CDD==2000
evaluate ot="CDD.deflection==2000" t="CDD==2000", ctx="{'CDD': 50.0}"
18:50:26 -- ******* Post Run Check Passed *******
18:50:26 -- Automated run 25323-05 success duration: 363.872 s
----------------- finish -----------------
----------------- stop -----------------
retroactive repository identifiers disabled
finish run. runs completed=55
update duration runid=25323-05, duration=363.872085094, md5=301e91d8
loading script "jan_unknown120_60.py"
loading script "jan_pump_ms.py"
loading script "jan_co2.py"
loading script "jan_pump_extraction_line.py"
testing...
no interpolation path defined
executed snippet estimated_duration=213.652928, duration=0.000316143035889
script duration name:unknown120_60 seconds:214.0
loading script "jan_unknown120_60.py"
loading script "jan_pump_ms.py"
loading script "jan_co2.py"
loading script "jan_pump_extraction_line.py"
testing...
no interpolation path defined
executed snippet estimated_duration=0, duration=2.50339508057e-05
loading script "jan_unknown120_60.py"
loading script "jan_pump_ms.py"
loading script "jan_co2.py"
loading script "jan_pump_extraction_line.py"
testing...
no interpolation path defined
calculate duration
testing...
no interpolation path defined
executed snippet estimated_duration=0, duration=5.81741333008e-05
calculate duration
testing...
no interpolation path defined
executed snippet estimated_duration=0, duration=0.000120162963867
executed snippet estimated_duration=0.0, duration=0.00773906707764
script duration name:co2 seconds:0.0
loading script "jan_unknown120_60.py"
loading script "jan_pump_ms.py"
loading script "jan_co2.py"
loading script "jan_pump_extraction_line.py"
testing...
no interpolation path defined
calculate duration
testing...
no interpolation path defined
executed snippet estimated_duration=4.0, duration=0.000221014022827
executed snippet estimated_duration=4.0, duration=0.0026171207428
Script duration 214.0
Run total estimated duration= 215.000
unknown120_60 in script context. using previous estimated duration
script duration name:unknown120_60 seconds:214.0
pump_ms in script context. using previous estimated duration
co2 in script context. using previous estimated duration
script duration name:co2 seconds:0.0
pump_extraction_line in script context. using previous estimated duration
Script duration 214.0
Run total estimated duration= 215.000
script duration name:unknown120_60 seconds:214.0
loading script "jan_unknown120_60.py"
loading script "jan_pump_ms.py"
loading script "jan_cocktail_x1.py"
loading script "jan_pump_extraction_line.py"
testing...
no interpolation path defined
calculate duration
testing...
no interpolation path defined
executed snippet estimated_duration=0, duration=4.81605529785e-05
calculate duration
testing...
no interpolation path defined
executed snippet estimated_duration=0, duration=9.51290130615e-05
calculate duration
testing...
no interpolation path defined
executed snippet estimated_duration=32.0, duration=9.29832458496e-05
calculate duration
testing...
no interpolation path defined
executed snippet estimated_duration=34.0, duration=0.000158786773682
calculate duration
testing...
no interpolation path defined
executed snippet estimated_duration=4.0, duration=6.29425048828e-05
calculate duration
testing...
no interpolation path defined
executed snippet estimated_duration=38.0, duration=0.000173091888428
executed snippet estimated_duration=108.0, duration=0.00840592384338
script duration name:cocktail_x1 seconds:108.0
Script duration 322.0
Run total estimated duration= 323.000
script duration name:unknown120_60 seconds:214.0
script duration name:co2 seconds:0.0
Script duration 214.0
Run total estimated duration= 215.000
script duration name:unknown120_60 seconds:214.0
script duration name:co2 seconds:0.0
Script duration 214.0
Run total estimated duration= 215.000
script duration name:unknown120_60 seconds:214.0
script duration name:co2 seconds:0.0
Script duration 214.0
Run total estimated duration= 215.000
script duration name:unknown120_60 seconds:214.0
script duration name:co2 seconds:0.0
Script duration 214.0
Run total estimated duration= 215.000
script duration name:unknown120_60 seconds:214.0
script duration name:co2 seconds:0.0
Script duration 214.0
Run total estimated duration= 215.000
loading script "jan_unknown400_120.py"
loading script "jan_pump_ms.py"
loading script "jan_co2.py"
loading script "jan_pump_extraction_line.py"
testing...
no interpolation path defined
executed snippet estimated_duration=556.052928, duration=0.000373125076294
script duration name:unknown400_120 seconds:556.0
script duration name:co2 seconds:0.0
Script duration 556.0
Run total estimated duration= 557.000
script duration name:unknown120_60 seconds:214.0
script duration name:co2 seconds:0.0
Script duration 214.0
Run total estimated duration= 215.000
unknown400_120 in script context. using previous estimated duration
script duration name:unknown400_120 seconds:556.0
cocktail_x1 in script context. using previous estimated duration
script duration name:cocktail_x1 seconds:108.0
Script duration 664.0
Run total estimated duration= 665.000
script duration name:unknown120_60 seconds:214.0
script duration name:co2 seconds:0.0
Script duration 214.0
Run total estimated duration= 215.000
script duration name:unknown120_60 seconds:214.0
script duration name:co2 seconds:0.0
Script duration 214.0
Run total estimated duration= 215.000
script duration name:unknown120_60 seconds:214.0
script duration name:co2 seconds:0.0
Script duration 214.0
Run total estimated duration= 215.000
script duration name:unknown120_60 seconds:214.0
script duration name:co2 seconds:0.0
Script duration 214.0
Run total estimated duration= 215.000
script duration name:unknown120_60 seconds:214.0
script duration name:co2 seconds:0.0
Script duration 214.0
Run total estimated duration= 215.000
script duration name:unknown120_60 seconds:214.0
script duration name:co2 seconds:0.0
Script duration 214.0
Run total estimated duration= 215.000
script duration name:unknown120_60 seconds:214.0
script duration name:co2 seconds:0.0
Script duration 214.0
Run total estimated duration= 215.000
script duration name:unknown120_60 seconds:214.0
script duration name:co2 seconds:0.0
Script duration 214.0
Run total estimated duration= 215.000
script duration name:unknown120_60 seconds:214.0
script duration name:co2 seconds:0.0
Script duration 214.0
Run total estimated duration= 215.000
script duration name:unknown400_120 seconds:556.0
script duration name:co2 seconds:0.0
Script duration 556.0
Run total estimated duration= 557.000
script duration name:unknown400_120 seconds:556.0
loading script "jan_unknown400_120.py"
loading script "jan_pump_ms.py"
loading script "jan_sniffair_x2.py"
loading script "jan_pump_extraction_line.py"
testing...
no interpolation path defined
calculate duration
testing...
no interpolation path defined
executed snippet estimated_duration=0, duration=4.81605529785e-05
calculate duration
testing...
no interpolation path defined
executed snippet estimated_duration=0, duration=9.70363616943e-05
calculate duration
testing...
no interpolation path defined
executed snippet estimated_duration=32.0, duration=0.000169992446899
calculate duration
testing...
no interpolation path defined
executed snippet estimated_duration=34.0, duration=0.000112056732178
calculate duration
testing...
no interpolation path defined
executed snippet estimated_duration=4.0, duration=0.000101089477539
calculate duration
testing...
no interpolation path defined
executed snippet estimated_duration=36.0, duration=0.00019383430481
calculate duration
testing...
no interpolation path defined
executed snippet estimated_duration=34.0, duration=9.70363616943e-05
calculate duration
testing...
no interpolation path defined
executed snippet estimated_duration=4.0, duration=7.91549682617e-05
calculate duration
testing...
no interpolation path defined
executed snippet estimated_duration=36.0, duration=9.70363616943e-05
calculate duration
testing...
no interpolation path defined
executed snippet estimated_duration=70.0, duration=0.0001060962677
executed snippet estimated_duration=250.0, duration=0.030454158783
script duration name:sniffair_x2 seconds:250.0
Script duration 806.0
Run total estimated duration= 807.000
script duration name:unknown400_120 seconds:556.0
sniffair_x2 in script context. using previous estimated duration
script duration name:sniffair_x2 seconds:250.0
Script duration 806.0
Run total estimated duration= 807.000
script duration name:unknown120_60 seconds:214.0
script duration name:cocktail_x1 seconds:108.0
Script duration 322.0
Run total estimated duration= 323.000
loading script "jan_ic_peak_hop3.py"
loading script "jan_pump_ms.py"
loading script "jan_sniffair_x1.py"
loading script "jan_pump_extraction_line.py"
testing...
no interpolation path defined
executed snippet estimated_duration=133.8, duration=0.010586977005
script duration name:ic_peak_hop3 seconds:134.0
loading script "jan_ic_peak_hop3.py"
loading script "jan_pump_ms.py"
loading script "jan_sniffair_x1.py"
loading script "jan_pump_extraction_line.py"
testing...
no interpolation path defined
calculate duration
testing...
no interpolation path defined
executed snippet estimated_duration=0, duration=4.41074371338e-05
calculate duration
testing...
no interpolation path defined
executed snippet estimated_duration=0, duration=9.48905944824e-05
calculate duration
testing...
no interpolation path defined
executed snippet estimated_duration=32.0, duration=0.000105142593384
calculate duration
testing...
no interpolation path defined
executed snippet estimated_duration=34.0, duration=0.000108003616333
calculate duration
testing...
no interpolation path defined
executed snippet estimated_duration=4.0, duration=7.29560852051e-05
calculate duration
testing...
no interpolation path defined
executed snippet estimated_duration=70.0, duration=9.60826873779e-05
executed snippet estimated_duration=140.0, duration=0.0129210948944
script duration name:sniffair_x1 seconds:140.0
Script duration 274.0
Run total estimated duration= 275.000
script duration name:unknown120_60 seconds:214.0
script duration name:co2 seconds:0.0
Script duration 214.0
Run total estimated duration= 215.000
script duration name:unknown120_60 seconds:214.0
script duration name:co2 seconds:0.0
Script duration 214.0
Run total estimated duration= 215.000
script duration name:unknown120_60 seconds:214.0
script duration name:co2 seconds:0.0
Script duration 214.0
Run total estimated duration= 215.000
script duration name:unknown120_60 seconds:214.0
script duration name:co2 seconds:0.0
Script duration 214.0
Run total estimated duration= 215.000
script duration name:unknown120_60 seconds:214.0
script duration name:co2 seconds:0.0
Script duration 214.0
Run total estimated duration= 215.000
script duration name:unknown400_120 seconds:556.0
script duration name:cocktail_x1 seconds:108.0
Script duration 664.0
Run total estimated duration= 665.000
script duration name:unknown120_60 seconds:214.0
script duration name:co2 seconds:0.0
Script duration 214.0
Run total estimated duration= 215.000
script duration name:unknown120_60 seconds:214.0
script duration name:co2 seconds:0.0
Script duration 214.0
Run total estimated duration= 215.000
script duration name:unknown120_60 seconds:214.0
script duration name:co2 seconds:0.0
Script duration 214.0
Run total estimated duration= 215.000
script duration name:unknown120_60 seconds:214.0
script duration name:co2 seconds:0.0
Script duration 214.0
Run total estimated duration= 215.000
script duration name:unknown120_60 seconds:214.0
script duration name:co2 seconds:0.0
Script duration 214.0
Run total estimated duration= 215.000
script duration name:unknown400_120 seconds:556.0
script duration name:co2 seconds:0.0
Script duration 556.0
Run total estimated duration= 557.000
script duration name:unknown120_60 seconds:214.0
script duration name:co2 seconds:0.0
Script duration 214.0
Run total estimated duration= 215.000
script duration name:unknown120_60 seconds:214.0
script duration name:co2 seconds:0.0
Script duration 214.0
Run total estimated duration= 215.000
script duration name:unknown120_60 seconds:214.0
script duration name:co2 seconds:0.0
Script duration 214.0
Run total estimated duration= 215.000
script duration name:unknown120_60 seconds:214.0
script duration name:co2 seconds:0.0
Script duration 214.0
Run total estimated duration= 215.000
script duration name:unknown120_60 seconds:214.0
script duration name:co2 seconds:0.0
Script duration 214.0
Run total estimated duration= 215.000
script duration name:unknown120_60 seconds:214.0
script duration name:cocktail_x1 seconds:108.0
Script duration 322.0
Run total estimated duration= 323.000
script duration name:unknown120_60 seconds:214.0
script duration name:co2 seconds:0.0
Script duration 214.0
Run total estimated duration= 215.000
script duration name:unknown120_60 seconds:214.0
script duration name:co2 seconds:0.0
Script duration 214.0
Run total estimated duration= 215.000
script duration name:unknown120_60 seconds:214.0
script duration name:co2 seconds:0.0
Script duration 214.0
Run total estimated duration= 215.000
script duration name:unknown120_60 seconds:214.0
script duration name:co2 seconds:0.0
Script duration 214.0
Run total estimated duration= 215.000
script duration name:unknown120_60 seconds:214.0
script duration name:co2 seconds:0.0
Script duration 214.0
Run total estimated duration= 215.000
script duration name:unknown400_120 seconds:556.0
script duration name:co2 seconds:0.0
Script duration 556.0
Run total estimated duration= 557.000
script duration name:unknown400_120 seconds:556.0
script duration name:sniffair_x2 seconds:250.0
Script duration 806.0
Run total estimated duration= 807.000
script duration name:unknown400_120 seconds:556.0
script duration name:cocktail_x1 seconds:108.0
Script duration 664.0
Run total estimated duration= 665.000
script duration name:unknown400_120 seconds:556.0
script duration name:sniffair_x2 seconds:250.0
Script duration 806.0
Run total estimated duration= 807.000
ic_peak_hop3 in script context. using previous estimated duration
script duration name:ic_peak_hop3 seconds:134.0
sniffair_x1 in script context. using previous estimated duration
script duration name:sniffair_x1 seconds:140.0
Script duration 274.0
Run total estimated duration= 275.000
script duration name:unknown120_60 seconds:214.0
script duration name:co2 seconds:0.0
Script duration 214.0
Run total estimated duration= 215.000
script duration name:unknown120_60 seconds:214.0
script duration name:co2 seconds:0.0
Script duration 214.0
Run total estimated duration= 215.000
script duration name:unknown120_60 seconds:214.0
script duration name:co2 seconds:0.0
Script duration 214.0
Run total estimated duration= 215.000
script duration name:unknown120_60 seconds:214.0
script duration name:co2 seconds:0.0
Script duration 214.0
Run total estimated duration= 215.000
script duration name:unknown120_60 seconds:214.0
script duration name:co2 seconds:0.0
Script duration 214.0
Run total estimated duration= 215.000
script duration name:unknown120_60 seconds:214.0
script duration name:co2 seconds:0.0
Script duration 214.0
Run total estimated duration= 215.000
script duration name:unknown120_60 seconds:214.0
script duration name:co2 seconds:0.0
Script duration 214.0
Run total estimated duration= 215.000
script duration name:unknown120_60 seconds:214.0
script duration name:co2 seconds:0.0
Script duration 214.0
Run total estimated duration= 215.000
script duration name:unknown120_60 seconds:214.0
script duration name:co2 seconds:0.0
Script duration 214.0
Run total estimated duration= 215.000
script duration name:unknown120_60 seconds:214.0
script duration name:co2 seconds:0.0
Script duration 214.0
Run total estimated duration= 215.000
script duration name:unknown400_120 seconds:556.0
script duration name:co2 seconds:0.0
Script duration 556.0
Run total estimated duration= 557.000
script duration name:unknown120_60 seconds:214.0
script duration name:cocktail_x1 seconds:108.0
Script duration 322.0
Run total estimated duration= 323.000
script duration name:unknown120_60 seconds:214.0
script duration name:co2 seconds:0.0
Script duration 214.0
Run total estimated duration= 215.000
script duration name:unknown120_60 seconds:214.0
script duration name:co2 seconds:0.0
Script duration 214.0
Run total estimated duration= 215.000
script duration name:unknown120_60 seconds:214.0
script duration name:co2 seconds:0.0
Script duration 214.0
Run total estimated duration= 215.000
script duration name:unknown120_60 seconds:214.0
script duration name:co2 seconds:0.0
Script duration 214.0
Run total estimated duration= 215.000
script duration name:unknown400_120 seconds:556.0
script duration name:cocktail_x1 seconds:108.0
Script duration 664.0
Run total estimated duration= 665.000
script duration name:unknown120_60 seconds:214.0
script duration name:co2 seconds:0.0
Script duration 214.0
Run total estimated duration= 215.000
script duration name:unknown120_60 seconds:214.0
script duration name:co2 seconds:0.0
Script duration 214.0
Run total estimated duration= 215.000
script duration name:unknown120_60 seconds:214.0
script duration name:co2 seconds:0.0
Script duration 214.0
Run total estimated duration= 215.000
script duration name:unknown120_60 seconds:214.0
script duration name:co2 seconds:0.0
Script duration 214.0
Run total estimated duration= 215.000
script duration name:unknown120_60 seconds:214.0
script duration name:co2 seconds:0.0
Script duration 214.0
Run total estimated duration= 215.000
script duration name:unknown120_60 seconds:214.0
script duration name:co2 seconds:0.0
Script duration 214.0
Run total estimated duration= 215.000
script duration name:unknown400_120 seconds:556.0
script duration name:co2 seconds:0.0
Script duration 556.0
Run total estimated duration= 557.000
script duration name:unknown400_120 seconds:556.0
script duration name:sniffair_x2 seconds:250.0
Script duration 806.0
Run total estimated duration= 807.000
script duration name:unknown400_120 seconds:556.0
script duration name:sniffair_x2 seconds:250.0
Script duration 806.0
Run total estimated duration= 807.000
script duration name:ic_peak_hop3 seconds:134.0
script duration name:sniffair_x1 seconds:140.0
Script duration 274.0
Run total estimated duration= 275.000
script duration name:unknown120_60 seconds:214.0
script duration name:co2 seconds:0.0
Script duration 214.0
Run total estimated duration= 215.000
script duration name:unknown120_60 seconds:214.0
script duration name:co2 seconds:0.0
Script duration 214.0
Run total estimated duration= 215.000
nruns=82 before=5.0, run_dur=25646.0, btw=3645.0
write rem/ex queues
/Users/jan/PychronDev/experiments/rem/CurrentExperiment.rem.txt
/Users/jan/PychronDev/experiments/rem/CurrentExperiment.ex.txt
doing event level: 3
