do run
loading script "jan_unknown120_60.py"
loading script "jan_pump_ms.py"
loading script "jan_co2.py"
loading script "jan_pump_extraction_line.py"
testing...
no interpolation path defined
executed snippet estimated_duration=213.652928, duration=0.000196933746338
script duration name:unknown120_60 seconds:214.0
loading script "jan_unknown120_60.py"
loading script "jan_pump_ms.py"
loading script "jan_co2.py"
loading script "jan_pump_extraction_line.py"
testing...
no interpolation path defined
executed snippet estimated_duration=0, duration=2.40802764893e-05
loading script "jan_unknown120_60.py"
loading script "jan_pump_ms.py"
loading script "jan_co2.py"
loading script "jan_pump_extraction_line.py"
testing...
no interpolation path defined
calculate duration
testing...
no interpolation path defined
executed snippet estimated_duration=0, duration=6.29425048828e-05
calculate duration
testing...
no interpolation path defined
executed snippet estimated_duration=0, duration=9.98973846436e-05
executed snippet estimated_duration=0.0, duration=0.00328397750854
script duration name:co2 seconds:0.0
loading script "jan_unknown120_60.py"
loading script "jan_pump_ms.py"
loading script "jan_co2.py"
loading script "jan_pump_extraction_line.py"
testing...
no interpolation path defined
calculate duration
testing...
no interpolation path defined
executed snippet estimated_duration=4.0, duration=0.000150203704834
executed snippet estimated_duration=4.0, duration=0.00124001502991
Script duration 214.0
Run total estimated duration= 215.000
run duration: 0:03:35
doing event level: 2
18:58:14 -- Setting default integration. t=1.048576
setting integration time = 1.048576
SetIntegrationTime 1.048576 ===>> OK
----------------- start -----------------
**************** Experiment Type: Ar/Ar, Ar/Ar
create new session 4419362736
close session 4419362736
$$$$$ Clearing conditionals
adding conditionals 
Add queue conditionals
add default conditionals
adding default conditionals from /Users/jan/PychronDev/setupfiles/spectrometer/default_conditionals.yaml
Start automated run 25323-07
loading script "jan_unknown120_60.py"
loading script "jan_pump_ms.py"
loading script "jan_co2.py"
loading script "jan_pump_extraction_line.py"
%%%%%%%%%%%%%%%%%% setting automated run 25323-07
No value "sensitivity_multiplier" in metadata
$$$$$$$$$$$$$$$ auto_save_detector_ic=False
============================= Pre Extraction Check =============================
loading queue conditionals pre_run_terminations
loading system conditionals pre_run_terminations
loading conditionals from /Users/jan/PychronDev/setupfiles/spectrometer/default_conditionals.yaml
18:58:14 -- ******* Pre Extraction Check *******
Get a measurement from the spectrometer
GetData ===>> H2,-0.239601947014494,H1,0.0981364388120689,AX,-0.0203568358599111,L1,0.0109568167874935,L2,0.029...
Pre Extraction Termination data. keys=H2,H1,AX,L1,L2,CDD, signals=-0.23960,0.09814,-0.02036,0.01096,0.02925,0.00328
18:58:14 -- testing system defined conditionals
Checking default pre extraction terminations n=2
testing CDD
evaluate ot="CDD.inactive" t="CDD", ctx="{'CDD': False}"
GetDeflection CDD ===>> 50
testing CDD==2000
evaluate ot="CDD.deflection==2000" t="CDD==2000", ctx="{'CDD': 50.0}"
18:58:14 -- ******* Pre Extraction Check Passed *******
=================================================================================
18:58:14 -- stopping status monitor
stop 4976433200
Alive clients [4982646160]
18:58:14 -- starting status monitor
start 4976433200
Monitor already running
start extraction
do extraction
Analysis started at 18:58:14.504118
Extraction Started jan_co2.py
18:58:14 -- ******* Extraction Started jan_co2.py *******
state changed from not run to extraction
DO EXTRACTION <pychron.extraction_line.pyscript_runner.RemotePyScriptRunner object at 0x12b9a8890>
testing...
no interpolation path defined
calculate duration
testing...
no interpolation path defined
executed snippet estimated_duration=0, duration=4.88758087158e-05
calculate duration
testing...
no interpolation path defined
executed snippet estimated_duration=0, duration=0.000113010406494
executed snippet estimated_duration=100.0, duration=0.00324702262878
Jan CO2 laser analysis
doing GOSUB
testing...
no interpolation path defined
executed snippet estimated_duration=0, duration=4.10079956055e-05
Waiting for CO2 access
wait ('FelixCO2Flag', 0) {}
waiting for FelixCO2Flag = 0
Read FelixCO2Flag ===>> 0
finished waiting
CO2 free
wait ('CO2PumpTimeFlag', 0) {}
waiting for CO2PumpTimeFlag = 0
Read CO2PumpTimeFlag ===>> 0
finished waiting
acquire ('JanCO2Flag',) {'clear': True}
acquire JanCO2Flag
Set JanCO2Flag 1 ===>> OK
JanCO2Flag acquired
set extraction state False (0.75, 'red', 1.5)
CO2 acquired
executed snippet estimated_duration=0, duration=0.0222549438477
WaitForCO2Access.py completed successfully
gosub finished
doing GOSUB
testing...
no interpolation path defined
executed snippet estimated_duration=0, duration=0.000128030776978
Prepare for CO2 analysis
close () {'description': 'Jan Inlet'}
closing name=--- desc=Jan Inlet
checking ownership. requestor=129.138.12.150
check software interlocks R
interlocks []
actuate state mode=None-script, software_lock=False
doing actuation None-script close_channel False
Close R ===>> OK
GetIndicatorState R ===>> False
change switch state (True, True)
update switch state R False args=() kw={} ncanvase=2
18:58:14 -- CLOSE  VALVE-R (Jan Inlet)
---------------------------------------- close None (Jan Inlet) result=[(True, True)]
action=close, ok=True, locked=[False]
open () {'description': 'Jan Ion Pump'}
opening name=--- desc=Jan Ion Pump
checking ownership. requestor=129.138.12.150
check software interlocks O
interlocks []
actuate state mode=None-script, software_lock=False
doing actuation None-script open_channel False
Open O ===>> OK
GetIndicatorState O ===>> OK
change switch state (True, True)
update switch state O True args=() kw={} ncanvase=2
18:58:15 -- OPEN   VALVE-O (Jan Ion Pump)
---------------------------------------- open None (Jan Ion Pump) result=[(True, True)], time=0.08 sec
action=open, ok=True, locked=[False]
close () {'description': 'Microbone to Minibone'}
closing name=--- desc=Microbone to Minibone
checking ownership. requestor=129.138.12.150
check software interlocks L
interlocks []
actuate state mode=None-script, software_lock=False
doing actuation None-script close_channel False
Close L ===>> OK
GetIndicatorState L ===>> False
change switch state (True, True)
update switch state L False args=() kw={} ncanvase=2
18:58:15 -- CLOSE  VALVE-L (Microbone to Minibone)
---------------------------------------- close None (Microbone to Minibone) result=[(True, True)]
action=close, ok=True, locked=[False]
open () {'description': 'Microbone to Turbo'}
opening name=--- desc=Microbone to Turbo
checking ownership. requestor=129.138.12.150
check software interlocks U
interlocks []
actuate state mode=None-script, software_lock=False
doing actuation None-script open_channel False
Open U ===>> OK
GetIndicatorState U ===>> OK
change switch state (True, True)
update switch state U True args=() kw={} ncanvase=2
18:58:16 -- OPEN   VALVE-U (Microbone to Turbo)
---------------------------------------- open None (Microbone to Turbo) result=[(True, True)], time=0.13 sec
action=open, ok=True, locked=[False]
open () {'description': 'Microbone to Inlet Pipette'}
opening name=--- desc=Microbone to Inlet Pipette
checking ownership. requestor=129.138.12.150
check software interlocks S
interlocks []
actuate state mode=None-script, software_lock=False
doing actuation None-script open_channel False
Open S ===>> OK
GetIndicatorState S ===>> OK
change switch state (True, True)
update switch state S True args=() kw={} ncanvase=2
18:58:17 -- OPEN   VALVE-S (Microbone to Inlet Pipette)
---------------------------------------- open None (Microbone to Inlet Pipette) result=[(True, True)], time=0.42 sec
action=open, ok=True, locked=[False]
open () {'description': 'Microbone to Getter D-50'}
opening name=--- desc=Microbone to Getter D-50
checking ownership. requestor=129.138.12.150
check software interlocks K
interlocks []
actuate state mode=None-script, software_lock=False
doing actuation None-script open_channel False
Open K ===>> OK
GetIndicatorState K ===>> OK
change switch state (True, True)
update switch state K True args=() kw={} ncanvase=2
18:58:17 -- OPEN   VALVE-K (Microbone to Getter D-50)
---------------------------------------- open None (Microbone to Getter D-50) result=[(True, True)], time=0.41 sec
action=open, ok=True, locked=[False]
open () {'description': 'Microbone to Getter NP-10'}
opening name=--- desc=Microbone to Getter NP-10
checking ownership. requestor=129.138.12.150
check software interlocks M
interlocks []
actuate state mode=None-script, software_lock=False
doing actuation None-script open_channel False
Open M ===>> OK
GetIndicatorState M ===>> OK
change switch state (True, True)
update switch state M True args=() kw={} ncanvase=2
18:58:18 -- OPEN   VALVE-M (Microbone to Getter NP-10)
---------------------------------------- open None (Microbone to Getter NP-10) result=[(True, True)], time=0.13 sec
action=open, ok=True, locked=[False]
close () {'description': 'CO2 Laser to Felix'}
closing name=--- desc=CO2 Laser to Felix
checking ownership. requestor=129.138.12.150
check software interlocks F
interlocks []
actuate state mode=None-script, software_lock=True
VALVE-F(CO2 Laser to Felix) software locked
change switch state (True, False)
---------------------------------------- close None (CO2 Laser to Felix) result=[(True, False)]
action=close, ok=True, locked=[True]
open () {'description': 'CO2 Laser to Jan'}
opening name=--- desc=CO2 Laser to Jan
checking ownership. requestor=129.138.12.150
check software interlocks A
interlocks []
actuate state mode=None-script, software_lock=False
doing actuation None-script open_channel False
Open A ===>> OK
GetIndicatorState A ===>> OK
change switch state (True, True)
update switch state A True args=() kw={} ncanvase=2
18:58:18 -- OPEN   VALVE-A (CO2 Laser to Jan)
---------------------------------------- open None (CO2 Laser to Jan) result=[(True, True)], time=0.13 sec
action=open, ok=True, locked=[False]
open () {'description': 'Microbone to CO2 Laser'}
opening name=--- desc=Microbone to CO2 Laser
checking ownership. requestor=129.138.12.150
check software interlocks T
interlocks []
actuate state mode=None-script, software_lock=False
doing actuation None-script open_channel False
Open T ===>> OK
GetIndicatorState T ===>> OK
change switch state (True, True)
update switch state T True args=() kw={} ncanvase=2
18:58:19 -- OPEN   VALVE-T (Microbone to CO2 Laser)
---------------------------------------- open None (Microbone to CO2 Laser) result=[(True, True)], time=0.43 sec
action=open, ok=True, locked=[False]
executed snippet estimated_duration=0, duration=4.87400984764
PrepareForCO2Analysis.py completed successfully
gosub finished
set_motor ('beam', '1.25') {}
setting motor "beam" to 1.25
set motor beam to 1.25
SetMotor beam,1.25 ===>> OK
GetMotorMoving beam ===>> False
GetMotorMoving beam ===>> False
Block completed
move_to_position ('165',) {'autocenter': True}
FusionsCO2 move to position 165
sending GoToHole 165,True
GoToHole 165,True ===>> OK
GetDriveMoving ===>> OK
GetDriveMoving ===>> OK
GetDriveMoving ===>> OK
GetDriveMoving ===>> OK
GetDriveMoving ===>> OK
GetDriveMoving ===>> OK
GetDriveMoving ===>> False
GetDriveMoving ===>> OK
GetDriveMoving ===>> OK
GetDriveMoving ===>> OK
GetDriveMoving ===>> OK
GetDriveMoving ===>> OK
GetDriveMoving ===>> OK
GetDriveMoving ===>> OK
GetDriveMoving ===>> False
Block completed
GetAutoCorrecting ===>> False
GetAutoCorrecting ===>> False
Block completed
update position
GetPosition ===>> 7.97560,-5.98170,1.00000
got position (7.9756, -5.9817, 1.0)
move to position succeeded
sleep (5,) {}
SLEEP 5.0
block started
WaitControl setup for 5.0  
Join finished
block finished. duration 5.03421497345
close () {'description': 'Microbone to Turbo'}
closing name=--- desc=Microbone to Turbo
checking ownership. requestor=129.138.12.150
check software interlocks U
interlocks []
actuate state mode=None-script, software_lock=False
doing actuation None-script close_channel True
Close U ===>> OK
GetIndicatorState U ===>> False
change switch state (True, True)
update switch state U False args=() kw={} ncanvase=2
18:58:31 -- CLOSE  VALVE-U (Microbone to Turbo)
---------------------------------------- close None (Microbone to Turbo) result=[(True, True)]
action=close, ok=True, locked=[False]
enable laser
enable () {}
set extraction state FusionsCO2 Enabled (False, 'red', 1.5)
enabling laser
Enable ===>> OK
begin interval
BEGIN INTERVAL Interval 1 waiting for 30.0
block started
WaitControl setup for 30.0  
set extract to 5.0
extract (5.0,) {}
GetPosition ===>> 7.97560,-5.98170,1.00000
set extraction state FusionsCO2 ON! 5.0(watts) (0.75, 'red', 1.5)
extract sample to 5.0 (watts)
set laser output
SetLaserOutput 5.0,watts ===>> OK
executing pattern triangle.lp
execute_pattern ('triangle.lp',) {}
executing pattern triangle.lp
IsPatterning ===>> OK
IsPatterning ===>> OK
IsPatterning ===>> OK
IsPatterning ===>> OK
IsPatterning ===>> OK
IsPatterning ===>> OK
IsPatterning ===>> OK
IsPatterning ===>> OK
IsPatterning ===>> OK
IsPatterning ===>> OK
IsPatterning ===>> OK
IsPatterning ===>> OK
IsPatterning ===>> OK
IsPatterning ===>> OK
IsPatterning ===>> OK
IsPatterning ===>> OK
IsPatterning ===>> OK
IsPatterning ===>> OK
IsPatterning ===>> OK
IsPatterning ===>> OK
IsPatterning ===>> OK
IsPatterning ===>> OK
IsPatterning ===>> OK
IsPatterning ===>> OK
IsPatterning ===>> OK
IsPatterning ===>> OK
IsPatterning ===>> False
IsPatterning ===>> False
Block completed
COMPLETE INTERVAL waiting for Interval 1 to complete
Join finished
block finished. duration 30.060377121
Interval 1 finished
end_extract () {}
ending extraction. set laser power to 0
set laser power 0
SetLaserPower 0 ===>> OK
disable () {}
%%%%%%%%%%%%%%%%%%%%%%%%%%%%%%%%%%% disable
set extraction state False (0.75, 'red', 1.5)
disabling laser
Disable ===>> OK
sleep (30.0,) {}
SLEEP 30.0
block started
WaitControl setup for 30.0  
Join finished
block finished. duration 30.0509459972
executed snippet estimated_duration=166.5, duration=77.5980148315
jan_co2.py completed successfully
GetAchievedOutput ===>> No Response
Requested Output= 0.000
Achieved Output=  0.000
GetResponseBlob ===>> No Response
GetOutputBlob ===>> No Response
persistence save...
persistence save - db
AutomatedRunPersister post_extraction_save deprecated
persistence save - dvc
no extraction position for 165
create new session 4982376208
close session 4982376208
Extraction Finished
18:59:32 -- ******* Extraction Finished *******
no overlap. not waiting for min ms pumptime
18:59:32 -- Sending spectrometer configuration
======== Sending configuration ========
SetDeflection CDD,50.0 ===>> OK
SetDeflection H2,0.0 ===>> OK
SetDeflection H1,0.0 ===>> OK
SetDeflection L2,825.0 ===>> OK
SetDeflection L1,400.0 ===>> OK
SetDeflection AX,190.0 ===>> OK
SetZFocus 74.64 ===>> OK
SetZSymmetry -50.72 ===>> OK
SetExtractionLens 26.13 ===>> OK
SetIonRepeller -3.81 ===>> OK
SetElectronEnergy 75.08 ===>> OK
SetYSymmetry -2.81 ===>> OK
SetIonCounterVoltage 1590.0 ===>> OK
send trap current 200.0
GetParameter Trap Current Readback ===>> 198.258926936459
SetParameter Trap Current Set,200.0 ===>> OK
updating mftable name mftable
Using mftable located at /Users/jan/PychronDev/setupfiles/spectrometer/mftables/mftable.csv
============ MFtable ===========
Isotope  H2     H1     AX     L1     L2     CDD    
Ar40     5.8009 5.8795 5.9930 6.1409 6.2315 6.3691
Ar39     5.7002 5.7717 5.8854 6.0269 6.1166 6.2556
Ar36     5.3777 5.4408 5.5488 5.6858 5.7716 5.9067
================================
get initial guess parabolic
get initial guess parabolic
get initial guess parabolic
get initial guess parabolic
get initial guess parabolic
get initial guess parabolic
======== Configuration Finished ========
GetYSymmetry ===>> -2.81
GetZSymmetry ===>> -50.72
GetParameter Trap Current Readback ===>> 197.699505585058
GetHighVoltage ===>> 4500
start measurement
do measurement
L#=25323 analysis type=unknown
Measurement Started jan_unknown120_60.py
18:59:32 -- ******* Measurement Started jan_unknown120_60.py *******
state changed from extraction to measurement
setting spec, defl, and gains
GetExtractionLens ===>> 26.13
GetYSymmetry ===>> -2.81
GetZSymmetry ===>> -50.72
GetZFocus ===>> 74.64
GetDeflection H2 ===>> 0
GetDeflection H1 ===>> 0
GetDeflection AX ===>> 190
GetDeflection L1 ===>> 400
GetDeflection L2 ===>> 825
GetDeflection CDD ===>> 50
GetGain H2 ===>> 0.0113
GetGain H1 ===>> 0.1
GetGain AX ===>> 0.097049
GetGain L1 ===>> 0.010355
GetGain L2 ===>> 0.095649
GetGain CDD ===>> 0
pre measurement save
New frame /Users/jan/PychronDev/data/isotopes/6a/0908c3-5159-4e8d-8428-9fb17a3ad86a.h5
flush and close file /Users/jan/PychronDev/data/isotopes/6a/0908c3-5159-4e8d-8428-9fb17a3ad86a.h5
testing...
no interpolation path defined
executed snippet estimated_duration=226.132928, duration=0.000179052352905
unknown measurement script
activate_detectors ('H2', 'H1', 'AX', 'L1', 'L2', 'CDD') {}
activate detectors
*************** Set Analysis View Ar/Ar
create graphs
clearing graphs
clear isotope group
setting isotope det=H2, iso=PM41
setting isotope det=H1, iso=Ar40
setting isotope det=AX, iso=Ar39
setting isotope det=L1, iso=Ar38
setting isotope det=L2, iso=Ar37
setting isotope det=CDD, iso=Ar36
setting previous blanks
 - setting Ar40 blank 0.104+/-0.007
 - setting Ar36 blank 0.00443+/-0.00017
 - setting Ar37 blank 0.042+/-0.005
 - setting Ar38 blank 0.0042+/-0.0023
 - setting PM41 blank 0.03+/-0.06
 - setting Ar39 blank 0.024+/-0.009
load analysis view
position_magnet ('Ar40',) {'detector': 'H1'}
detector Detector(H1)
POSITION Ar40 H1
setting detector H2 to PM41 (40.9624)
setting detector H1 to Ar40 (39.9624)
setting detector AX to Ar39 (38.9624)
setting detector L1 to Ar38 (37.9624)
setting detector L2 to Ar37 (36.9624)
setting detector CDD to Ar36 (35.9624)
Mapping mass to dac mass func: "parabolic"
H1 map mass coeffs = [-0.00063987  0.15840543  0.57108999]
H1 map mass to dac 39.9624 >> 5.87948
GetDeflection H1 ===>> 0
GetHighVoltage ===>> 4500
positioning Ar40 (5.87948) on H1
setting magnet DAC
current  : 5.879480
requested: 5.879480
Delta Dac: 0.000000
Checking detector protection. dv=0.00000
Checking detector "CDD". Protection Threshold: 0.1 (V)
SetMagnetDAC 5.87948 ===>> OK
Magnet settling time: 0.500
equilibrate () {'delay': 3, 'inlet': 'R', 'outlet': 'O', 'eqtime': 12.0}
Equilibration Started
18:59:34 -- ******* Equilibration Started *******
checking ownership. requestor=129.138.12.150
check software interlocks O
interlocks []
actuate state mode=None-script, software_lock=False
doing actuation None-script close_channel True
Close O ===>> OK
GetIndicatorState O ===>> False
change switch state (True, True)
update switch state O False args=() kw={} ncanvase=2
18:59:34 -- CLOSE  VALVE-O (Jan Ion Pump)
waiting 3s before opening inlet value ('R',)
update labels <pychron.experiment.plot_panel.PlotPanel object at 0x19df5eb90>
update labels "<pychron.graph.stacked_regression_graph.StackedRegressionGraph object at 0x1a137acb0>"
setting label 0 H2 PM41
setting label 1 H1 Ar40
setting label 2 AX Ar39
setting label 3 L1 Ar38
setting label 4 L2 Ar37
setting label 5 CDD Ar36
update labels "<pychron.graph.stacked_graph.StackedGraph object at 0x19d919950>"
setting label 0 H2 PM41
setting label 1 H1 Ar40
setting label 2 AX Ar39
setting label 3 L1 Ar38
setting label 4 L2 Ar37
setting label 5 CDD Ar36
checking ownership. requestor=129.138.12.150
check software interlocks R
interlocks []
actuate state mode=None-script, software_lock=False
doing actuation None-script open_channel True
Open R ===>> OK
GetIndicatorState R ===>> OK
change switch state (True, True)
update switch state R True args=() kw={} ncanvase=2
18:59:37 -- OPEN   VALVE-R (Jan Inlet)
equilibrating for 12.0sec
set_time_zero () {}
sniff (12.0,) {}
py_sniff
build tables- sniff [Detector(H2), Detector(H1), Detector(AX), Detector(L1), Detector(L2), Detector(CDD)]
add group /sniff/PM41 (Group) '' table H2
add group /sniff/Ar40 (Group) '' table H1
add group /sniff/Ar39 (Group) '' table AX
add group /sniff/Ar38 (Group) '' table L1
add group /sniff/Ar37 (Group) '' table L2
add group /sniff/Ar36 (Group) '' table CDD
flush and close file /Users/jan/PychronDev/data/isotopes/6a/0908c3-5159-4e8d-8428-9fb17a3ad86a.h5
measuring sniff. ncounts=12.0
"sniff" increment series count="1" fit count="0" regressing="False"
starting measurement
GetData ===>> H2,-0.108097044525211,H1,0.056483258945428,AX,0.0593133637913706,L1,-0.00079687165474257,L2,0.069...
GetData ===>> H2,0.501118729783405,H1,248.570538824439,AX,33.4395053657126,L1,0.182842529991354,L2,0.4395162964...
GetData ===>> H2,0.8933624395408,H1,780.773437114405,AX,100.402072208191,L1,0.790391302346668,L2,0.343498239679...
GetData ===>> H2,0.342683416558296,H1,972.955602135082,AX,121.213350543802,L1,1.16665281388519,L2,0.30268030877...
GetData ===>> H2,0.0271712979385149,H1,1037.9981113402,AX,127.636806026388,L1,1.36041699993351,L2,0.25959474759...
GetData ===>> H2,-0.0715129785031963,H1,1062.72883342623,AX,129.842919395471,L1,1.48151898558753,L2,0.211572480...
GetData ===>> H2,-0.0294185385851835,H1,1073.51519397818,AX,130.735591366298,L1,1.54413645511472,L2,0.230016026...
GetData ===>> H2,-0.033249920553336,H1,1077.33678395898,AX,131.225231210412,L1,1.58946285632371,L2,0.2662259729...
GetData ===>> H2,-0.0405600617406623,H1,1078.98255905053,AX,131.627394795976,L1,1.63244131854373,L2,0.302269478...
GetData ===>> H2,-0.0719224662263805,H1,1079.71196433278,AX,131.565816543776,L1,1.64571388983779,L2,0.313693501...
GetData ===>> H2,-0.0317221399235591,H1,1079.52406784183,AX,131.510713316592,L1,1.67017190962205,L2,0.303433502...
Equilibration Finished
18:59:49 -- ******* Equilibration Finished *******
checking ownership. requestor=129.138.12.150
check software interlocks R
interlocks []
actuate state mode=None-script, software_lock=False
doing actuation None-script close_channel True
GetData ===>> H2,-0.119562226492318,H1,1079.83257293854,AX,131.369438138638,L1,1.66237690574545,L2,0.2342507831...
Close R ===>> OK
State checksums do not match. Local:594863745 Remote:1281862853
State checksum failed
GetIndicatorState R ===>> False
change switch state (True, True)
update switch state R False args=() kw={} ncanvase=2
18:59:50 -- CLOSE  VALVE-R (Jan Inlet)
Post Equilibration Started jan_pump_extraction_line.py
18:59:50 -- ******* Post Equilibration Started jan_pump_extraction_line.py *******
testing...
no interpolation path defined
calculate duration
testing...
no interpolation path defined
executed snippet estimated_duration=4.0, duration=0.000144958496094
executed snippet estimated_duration=4.0, duration=0.00108909606934
Pump after analysis
doing GOSUB
testing...
no interpolation path defined
executed snippet estimated_duration=4.0, duration=0.000104904174805
Pump Microbone
close () {'description': 'Jan Inlet'}
closing name=--- desc=Jan Inlet
checking ownership. requestor=129.138.12.150
check software interlocks R
interlocks []
actuate state mode=None-script, software_lock=False
doing actuation None-script close_channel False
Close R ===>> OK
measurement finished
estimated time: 12.583 actual time: :12.676
flush and close file /Users/jan/PychronDev/data/isotopes/6a/0908c3-5159-4e8d-8428-9fb17a3ad86a.h5
set_fits () {}
using default fits file=/Users/jan/PychronDev/scripts/measurement/fits/nominal_linear.yaml
set "Ar40" to "('Linear', 'SEM')"
No fit for "PM41". defaulting to linear. check the measurement script "jan_unknown120_60.py"
set "PM41" to "linear"
set "Ar36" to "('Linear', 'SEM')"
set "Ar37" to "('linear', 'SEM')"
set "Ar38" to "('linear', 'SEM')"
set "Ar39" to "('Linear', 'SEM')"
set_baseline_fits () {}
using default fits file=/Users/jan/PychronDev/scripts/measurement/fits/nominal_linear.yaml
GetIndicatorState R ===>> False
set "H1" to "('average', 'SEM')"
change switch state (True, True)
set "H2" to "('average', 'SEM')"
update switch state R False args=() kw={} ncanvase=2
set "CDD" to "('average', 'SEM')"
set "L2" to "('average', 'SEM')"
set "L1" to "('average', 'SEM')"
set "AX" to "('average', 'SEM')"
multicollect () {'integration_time': 1, 'ncounts': 120}
build tables- signal [Detector(H2), Detector(H1), Detector(AX), Detector(L1), Detector(L2), Detector(CDD)]
18:59:50 -- CLOSE  VALVE-R (Jan Inlet)
add group /signal/PM41 (Group) '' table H2
---------------------------------------- close None (Jan Inlet) result=[(True, True)]
add group /signal/Ar40 (Group) '' table H1
add group /signal/Ar39 (Group) '' table AX
add group /signal/Ar38 (Group) '' table L1
add group /signal/Ar37 (Group) '' table L2
add group /signal/Ar36 (Group) '' table CDD
flush and close file /Users/jan/PychronDev/data/isotopes/6a/0908c3-5159-4e8d-8428-9fb17a3ad86a.h5
measuring signal. ncounts=120
action=close, ok=True, locked=[False]
is_closed ('F',) {}
is F () closed?
is closed True
open () {'description': 'CO2 Laser to Jan'}
opening name=--- desc=CO2 Laser to Jan
checking ownership. requestor=129.138.12.150
check software interlocks A
interlocks []
actuate state mode=None-script, software_lock=False
doing actuation None-script open_channel False
Open A ===>> OK
GetIndicatorState A ===>> OK
change switch state (True, True)
update switch state A True args=() kw={} ncanvase=2
18:59:51 -- OPEN   VALVE-A (CO2 Laser to Jan)
---------------------------------------- open None (CO2 Laser to Jan) result=[(True, True)], time=0.12 sec
"signal" increment series count="2" fit count="1" regressing="True"
starting measurement
GetData ===>> H2,-0.061540509931582,H1,1079.70288682015,AX,131.581233230221,L1,1.72649467204508,L2,0.3674080893...
action=open, ok=True, locked=[False]
sleep (1,) {}
SLEEP 1.0
GetData ===>> H2,-0.0128918565175423,H1,1080.09645356881,AX,131.753357979575,L1,1.70377068424681,L2,0.378908408...
close () {'description': 'CO2 Laser to Roughing'}
closing name=--- desc=CO2 Laser to Roughing
checking ownership. requestor=129.138.12.150
check software interlocks G
interlocks []
actuate state mode=None-script, software_lock=True
VALVE-G(CO2 Laser to Roughing) software locked
change switch state (True, False)
---------------------------------------- close None (CO2 Laser to Roughing) result=[(True, False)]
action=close, ok=True, locked=[True]
open () {'description': 'Microbone to Turbo'}
opening name=--- desc=Microbone to Turbo
checking ownership. requestor=129.138.12.150
check software interlocks U
interlocks []
actuate state mode=None-script, software_lock=False
doing actuation None-script open_channel True
Open U ===>> OK
GetIndicatorState U ===>> OK
change switch state (True, True)
update switch state U True args=() kw={} ncanvase=2
18:59:52 -- OPEN   VALVE-U (Microbone to Turbo)
---------------------------------------- open None (Microbone to Turbo) result=[(True, True)], time=0.19 sec
action=open, ok=True, locked=[False]
open () {'description': 'Microbone to Getter NP-10'}
opening name=--- desc=Microbone to Getter NP-10
checking ownership. requestor=129.138.12.150
check software interlocks M
interlocks []
actuate state mode=None-script, software_lock=False
doing actuation None-script open_channel False
Open M ===>> OK
GetIndicatorState M ===>> OK
change switch state (True, True)
update switch state M True args=() kw={} ncanvase=2
18:59:53 -- OPEN   VALVE-M (Microbone to Getter NP-10)
---------------------------------------- open None (Microbone to Getter NP-10) result=[(True, True)], time=0.12 sec
action=open, ok=True, locked=[False]
open () {'description': 'Microbone to Getter D-50'}
opening name=--- desc=Microbone to Getter D-50
checking ownership. requestor=129.138.12.150
check software interlocks K
interlocks []
actuate state mode=None-script, software_lock=False
doing actuation None-script open_channel False
GetData ===>> H2,-0.152714585731743,H1,1079.55991627681,AX,131.570696068773,L1,1.69369348913892,L2,0.1586012809...
Open K ===>> OK
GetIndicatorState K ===>> OK
change switch state (True, True)
update switch state K True args=() kw={} ncanvase=2
18:59:53 -- OPEN   VALVE-K (Microbone to Getter D-50)
---------------------------------------- open None (Microbone to Getter D-50) result=[(True, True)], time=0.41 sec
action=open, ok=True, locked=[False]
open () {'description': 'Microbone to CO2 Laser'}
opening name=--- desc=Microbone to CO2 Laser
checking ownership. requestor=129.138.12.150
check software interlocks T
interlocks []
actuate state mode=None-script, software_lock=False
doing actuation None-script open_channel False
Open T ===>> OK
GetIndicatorState T ===>> OK
change switch state (True, True)
update switch state T True args=() kw={} ncanvase=2
18:59:54 -- OPEN   VALVE-T (Microbone to CO2 Laser)
---------------------------------------- open None (Microbone to CO2 Laser) result=[(True, True)], time=0.41 sec
GetData ===>> H2,-0.119832780394148,H1,1079.08803844587,AX,131.402546252201,L1,1.6678388028864,L2,0.25948429678...
action=open, ok=True, locked=[False]
open () {'description': 'Microbone to Inlet Pipette'}
opening name=--- desc=Microbone to Inlet Pipette
checking ownership. requestor=129.138.12.150
check software interlocks S
interlocks []
actuate state mode=None-script, software_lock=False
doing actuation None-script open_channel False
Open S ===>> OK
GetIndicatorState S ===>> OK
change switch state (True, True)
update switch state S True args=() kw={} ncanvase=2
18:59:55 -- OPEN   VALVE-S (Microbone to Inlet Pipette)
---------------------------------------- open None (Microbone to Inlet Pipette) result=[(True, True)], time=0.46 sec
action=open, ok=True, locked=[False]
sleep (1,) {}
SLEEP 1.0
GetData ===>> H2,-0.206668549942858,H1,1078.20785487506,AX,131.477116287769,L1,1.66138287666641,L2,0.1748557471...
set_resource () {'name': 'CO2PumpTimeFlag', 'value': 30}
Set CO2PumpTimeFlag 30 ===>> OK
release ('JanCO2Flag',) {}
release JanCO2Flag
Set JanCO2Flag 0 ===>> OK
executed snippet estimated_duration=6.0, duration=5.96662187576
PumpMicrobone.py completed successfully
gosub finished
get_resource_value () {'name': 'JanMiniboneFlag'}
Read JanMiniboneFlag ===>> 0
Get Resource Value JanMiniboneFlag=0.0
get resource value 0.0
get_resource_value () {'name': 'JanMiniboneFlag'}
Read JanMiniboneFlag ===>> 0
Get Resource Value JanMiniboneFlag=0.0
executed snippet estimated_duration=4.0, duration=5.97971510887
jan_pump_extraction_line.py completed successfully
Post Equilibration Finished
18:59:56 -- ******* Post Equilibration Finished *******
GetData ===>> H2,-0.165906055519623,H1,1077.71002583596,AX,131.287935914758,L1,1.68935740754562,L2,0.2958447772...
GetData ===>> H2,-0.0817755559341128,H1,1077.23087252946,AX,131.072795061214,L1,1.68933270175799,L2,0.306046901...
GetData ===>> H2,-0.0223077415600093,H1,1077.18428010865,AX,131.076134367642,L1,1.69146020501967,L2,0.377686362...
GetData ===>> H2,-0.132617431142191,H1,1076.78170042171,AX,130.839866467841,L1,1.6692703047459,L2,0.27890069611...
GetData ===>> H2,-0.0762537268127031,H1,1076.61701628055,AX,130.849138803965,L1,1.6429031816888,L2,0.3332008016...
GetData ===>> H2,-0.149846185959622,H1,1076.38760294535,AX,131.126192181401,L1,1.60695460334863,L2,0.3018586498...
GetData ===>> H2,-0.156095290867505,H1,1075.52444452126,AX,131.168627334394,L1,1.6372129237566,L2,0.29512587652...
GetData ===>> H2,-0.0901993861915519,H1,1074.80966747233,AX,131.117399819923,L1,1.68380769796735,L2,0.300706056...
GetData ===>> H2,-0.0540673302585973,H1,1074.39235645101,AX,130.932567190487,L1,1.66057472636459,L2,0.370582815...
GetData ===>> H2,-0.0448187546688297,H1,1074.38924183885,AX,131.075513096146,L1,1.64627051362578,L2,0.258407313...
GetData ===>> H2,-0.110233644231489,H1,1073.48125926223,AX,130.899913238668,L1,1.68204912945393,L2,0.2922160955...
GetData ===>> H2,-0.187632166790766,H1,1073.41415431987,AX,130.733981486209,L1,1.67018879918546,L2,0.2470475053...
GetData ===>> H2,-0.188464176298035,H1,1072.96586836543,AX,130.745892640433,L1,1.65111395156135,L2,0.2748277174...
GetData ===>> H2,-0.0681510966600734,H1,1072.36169379735,AX,130.727367567693,L1,1.63866635654185,L2,0.273492913...
GetData ===>> H2,-0.201619536672135,H1,1072.57876362721,AX,130.615243419194,L1,1.64623029044062,L2,0.2562265821...
GetData ===>> H2,-0.186716481101453,H1,1071.52327097553,AX,130.519084623788,L1,1.65571409594253,L2,0.2589367703...
GetData ===>> H2,-0.156624870347935,H1,1071.6269717451,AX,130.590727166432,L1,1.66548541702039,L2,0.25712855381...
GetData ===>> H2,-0.128232975635505,H1,1071.40075941764,AX,130.318888522416,L1,1.66638930647704,L2,0.2200519617...
GetData ===>> H2,-0.213975248265952,H1,1071.01497945183,AX,130.349706940513,L1,1.66187143388036,L2,0.2765846673...
19:00:16 -- collecting point 25
GetData ===>> H2,-0.180517809496784,H1,1070.14787358933,AX,130.400881283673,L1,1.65489727596901,L2,0.2737553092...
GetData ===>> H2,-0.0507089055095029,H1,1069.64702186495,AX,130.342539344975,L1,1.62573373211341,L2,0.313351103...
GetData ===>> H2,-0.132804076499111,H1,1069.12167642728,AX,130.355770585733,L1,1.64291356808924,L2,0.2619938331...
GetData ===>> H2,-0.0755231540338491,H1,1068.44989365736,AX,130.264103894616,L1,1.65629590648399,L2,0.282928209...
GetData ===>> H2,-0.0967299697443938,H1,1067.79229605989,AX,130.277909661459,L1,1.6657918998765,L2,0.3718047711...
GetData ===>> H2,-0.183280988144023,H1,1067.58788584998,AX,130.342578087885,L1,1.65853512790109,L2,0.2789577418...
GetData ===>> H2,-0.119598751645517,H1,1067.32900979303,AX,130.150554451617,L1,1.63061392471371,L2,0.2127593340...
GetData ===>> H2,-0.096182850597009,H1,1066.70784338464,AX,130.045253017586,L1,1.64174905464072,L2,0.3017901785...
GetData ===>> H2,-0.100441288116843,H1,1066.6926670577,AX,130.223603421122,L1,1.6379175548887,L2,0.162992566409...
GetData ===>> H2,-0.212884392947909,H1,1066.4484835885,AX,130.165423304628,L1,1.64208398555244,L2,0.33120308983...
GetData ===>> H2,-0.0994489236718289,H1,1066.06422787463,AX,130.086970615809,L1,1.63599322810466,L2,0.245757481...
GetData ===>> H2,-0.141752687390514,H1,1065.45763481779,AX,129.726762716316,L1,1.64844538176859,L2,0.2677089772...
GetData ===>> H2,-0.172225549062065,H1,1065.1643402426,AX,129.839883991531,L1,1.63449863845973,L2,0.26450343525...
GetData ===>> H2,-0.20883518741902,H1,1064.75165295941,AX,130.044459790481,L1,1.64948755181365,L2,0.20762401403...
GetData ===>> H2,-0.00934411004207194,H1,1064.20121758214,AX,130.078630108876,L1,1.61158590121851,L2,0.26433232...
GetData ===>> H2,-0.205412572513913,H1,1063.89377905131,AX,129.661030806342,L1,1.59875460947044,L2,0.1363970078...
GetData ===>> H2,-0.106067560424863,H1,1063.57553298096,AX,129.590669074822,L1,1.60332441418921,L2,0.3431785686...
GetData ===>> H2,-0.0162632319285666,H1,1063.17600116057,AX,129.509983965217,L1,1.65794670323409,L2,0.269500020...
GetData ===>> H2,-0.0533400948237205,H1,1062.72168287127,AX,129.755955375226,L1,1.62814632750264,L2,0.301173939...
GetData ===>> H2,-0.0749687548800666,H1,1062.18880833865,AX,129.412266010485,L1,1.64419636469382,L2,0.334079808...
GetData ===>> H2,-0.0909974537784013,H1,1061.78931268893,AX,129.416438260026,L1,1.63457128737896,L2,0.342379395...
GetData ===>> H2,-0.164919286425009,H1,1061.39328718895,AX,129.585412500106,L1,1.6496887293663,L2,0.23870261563...
GetData ===>> H2,-0.182310984174687,H1,1060.97930658977,AX,129.451272927823,L1,1.640256270804,L2,0.328657494576...
GetData ===>> H2,-0.0890462218368009,H1,1060.71473656548,AX,129.217755612791,L1,1.60714888390125,L2,0.236533748...
GetData ===>> H2,-0.0389843999697389,H1,1059.8688274692,AX,129.181449672719,L1,1.61893525093725,L2,0.2019184258...
19:00:42 -- collecting point 50
GetData ===>> H2,-0.155007683995246,H1,1059.38931265933,AX,129.348633204572,L1,1.65999788401803,L2,0.2049537564...
GetData ===>> H2,-0.230243435694151,H1,1059.12742417668,AX,129.1238323943,L1,1.63693393876372,L2,0.329467968238...
GetData ===>> H2,-0.220715017977271,H1,1058.59037397279,AX,129.183341009288,L1,1.64716973521523,L2,0.3089685155...
GetData ===>> H2,-0.240725954266579,H1,1058.38577056879,AX,128.907549415714,L1,1.63001610021399,L2,0.2223802415...
GetData ===>> H2,-0.223038613436063,H1,1058.33026326996,AX,128.979663803421,L1,1.62081940227535,L2,0.1533434093...
GetData ===>> H2,-0.145749498254326,H1,1057.60690780592,AX,128.951411958878,L1,1.60932894969152,L2,0.2473443273...
GetData ===>> H2,-0.0770208454979564,H1,1056.97982140089,AX,128.927406588616,L1,1.63016911941073,L2,0.384196505...
GetData ===>> H2,-0.142120269038523,H1,1056.47913265252,AX,128.881371139516,L1,1.61609472836426,L2,0.3408381524...
GetData ===>> H2,-0.151066936837744,H1,1056.22445758081,AX,128.790561771127,L1,1.61417899368436,L2,0.3149147314...
GetData ===>> H2,-0.148634757871135,H1,1056.50212724109,AX,128.865075684629,L1,1.5939523604481,L2,0.39275173407...
GetData ===>> H2,-0.128879095017523,H1,1055.6969253829,AX,128.748548361731,L1,1.6226584826291,L2,0.289671535965...
GetData ===>> H2,-0.0789614518755595,H1,1055.27118640108,AX,128.679113816719,L1,1.64210605500522,L2,0.237789402...
GetData ===>> H2,-0.0695344841714415,H1,1054.8534058622,AX,128.868874596616,L1,1.6293314304929,L2,0.25580414261...
GetData ===>> H2,-0.157985181774021,H1,1054.28524244386,AX,128.59508847765,L1,1.61818583065034,L2,0.26994493477...
GetData ===>> H2,-0.246087342385114,H1,1054.06603157051,AX,128.620247183338,L1,1.66845061054101,L2,0.3179964088...
GetData ===>> H2,-0.241812163954864,H1,1053.36008537292,AX,128.549712536775,L1,1.63267349344786,L2,0.2858719383...
GetData ===>> H2,-0.144198502934188,H1,1053.22659333237,AX,128.416241540477,L1,1.58613964342617,L2,0.2213644654...
GetData ===>> H2,-0.168953562975216,H1,1052.42801806374,AX,128.51195308876,L1,1.55936032265819,L2,0.24366836525...
GetData ===>> H2,-0.191949321237432,H1,1052.38009114246,AX,128.324653935634,L1,1.6000086203581,L2,0.19607625593...
GetData ===>> H2,-0.0621546928894654,H1,1052.22431332826,AX,128.510604645075,L1,1.64462926878456,L2,0.274211651...
GetData ===>> H2,-0.062225193006974,H1,1051.35040168889,AX,128.465226444982,L1,1.64277205423502,L2,0.3497662908...
GetData ===>> H2,-0.112321162163717,H1,1051.34324059724,AX,128.403631871952,L1,1.61761796522805,L2,0.2154412217...
GetData ===>> H2,-0.258170731334022,H1,1050.56952758382,AX,128.105516658878,L1,1.59580022400001,L2,0.3194345589...
GetData ===>> H2,-0.0996168058758499,H1,1050.62723002529,AX,128.381071684423,L1,1.60059551605724,L2,0.331100351...
GetData ===>> H2,-0.0678269256557593,H1,1049.59303819219,AX,128.195561342611,L1,1.6101878834978,L2,0.2531896260...
19:01:09 -- collecting point 75
GetData ===>> H2,-0.243588638619968,H1,1049.59884827975,AX,128.154899696964,L1,1.57778018926014,L2,0.3430301503...
GetData ===>> H2,-0.167259854667201,H1,1049.42116030886,AX,128.060469477265,L1,1.62925881653328,L2,0.1966353544...
GetData ===>> H2,-0.112762443024173,H1,1048.89373233508,AX,128.080029411636,L1,1.66494000273735,L2,0.2418418527...
GetData ===>> H2,-0.12003704431854,H1,1048.03498476538,AX,128.168593487689,L1,1.61025914048084,L2,0.26442358326...
GetData ===>> H2,-0.169254490229594,H1,1048.03624945057,AX,127.831940153317,L1,1.59695546018586,L2,0.2311688664...
GetData ===>> H2,-0.150330991036209,H1,1047.47726315832,AX,127.645697433,L1,1.61614009829537,L2,0.2160232583777...
GetData ===>> H2,-0.120084389736634,H1,1046.95045003936,AX,127.81293704435,L1,1.61194353239166,L2,0.33815530663...
GetData ===>> H2,-0.133658818908208,H1,1046.73170680393,AX,127.776032449645,L1,1.61342471712564,L2,0.2869102518...
GetData ===>> H2,-0.110550451804084,H1,1046.67337038306,AX,127.73606040569,L1,1.61771649682891,L2,0.24487844900...
GetData ===>> H2,-0.0251483103582211,H1,1046.43102899631,AX,127.751740772289,L1,1.57867183871519,L2,0.258395895...
GetData ===>> H2,-0.0994380924767195,H1,1045.52709539273,AX,127.490091472166,L1,1.57845183132038,L2,0.307678885...
GetData ===>> H2,-0.0411435848773291,H1,1045.38864451703,AX,127.463371584135,L1,1.6075322743754,L2,0.3158962920...
GetData ===>> H2,-0.14937351481314,H1,1045.08558069707,AX,127.776723972926,L1,1.61743257266143,L2,0.26276952132...
GetData ===>> H2,-0.133069161729191,H1,1044.72489436729,AX,127.769825049485,L1,1.5879835904684,L2,0.17272254763...
GetData ===>> H2,-0.135545245540804,H1,1044.15718581709,AX,127.443430533263,L1,1.56361270208753,L2,0.2876062704...
GetData ===>> H2,-0.079699933664248,H1,1043.26205009131,AX,127.406357105204,L1,1.58561951285745,L2,0.2951372876...
GetData ===>> H2,-0.0345330980232019,H1,1043.10156738198,AX,127.0429672332,L1,1.56825614498583,L2,0.29259265044...
GetData ===>> H2,-0.0777662292896847,H1,1042.94367012397,AX,127.29798217641,L1,1.5944871337795,L2,0.23963866828...
GetData ===>> H2,-0.0280546306449412,H1,1042.85298667116,AX,127.311489015551,L1,1.58538533284643,L2,0.173087583...
GetData ===>> H2,-0.0622536640844908,H1,1042.27804044621,AX,127.076318978631,L1,1.60399184157889,L2,0.363228573...
GetData ===>> H2,-0.0886586456259857,H1,1042.27833663809,AX,127.01434053994,L1,1.60069139165478,L2,0.1501614537...
GetData ===>> H2,-0.107724999583137,H1,1041.36733094969,AX,127.112879668051,L1,1.58019777736382,L2,0.2765162141...
GetData ===>> H2,-0.0939006463389014,H1,1040.85287324863,AX,126.929751025001,L1,1.60915017561889,L2,0.317094722...
GetData ===>> H2,-0.115860401604961,H1,1040.30775657086,AX,126.910090767318,L1,1.64158808375875,L2,0.3105092462...
GetData ===>> H2,-0.100205727866639,H1,1039.79932297792,AX,127.018386156671,L1,1.63432350466524,L2,0.2621421259...
19:01:35 -- collecting point 100
GetData ===>> H2,-0.151077739356137,H1,1039.52791548393,AX,127.196902954774,L1,1.64332643552889,L2,0.1720152940...
GetData ===>> H2,-0.0699237011234037,H1,1039.12156775704,AX,127.119705761655,L1,1.66171161089258,L2,0.222300348...
GetData ===>> H2,-0.0499108795722448,H1,1038.74100678261,AX,127.050614522471,L1,1.6136644729041,L2,0.2304725953...
GetData ===>> H2,-0.14112831184764,H1,1038.90115579273,AX,127.006383818121,L1,1.59429937743299,L2,0.30008982455...
GetData ===>> H2,-0.142733779518522,H1,1038.30626399002,AX,126.715021816172,L1,1.60788847696301,L2,0.2892721717...
GetData ===>> H2,-0.116191937319311,H1,1038.26552043288,AX,126.858058255973,L1,1.60081188515896,L2,0.2928322770...
GetData ===>> H2,-0.133158423729178,H1,1037.84590304092,AX,126.88646714623,L1,1.62066637574685,L2,0.16384803507...
GetData ===>> H2,-0.161976017326989,H1,1037.20614601352,AX,126.757135221154,L1,1.60059292483661,L2,0.3060583141...
GetData ===>> H2,-0.197118543083383,H1,1036.43360164172,AX,126.805965346089,L1,1.6270585839576,L2,0.30165323616...
GetData ===>> H2,-0.157778511409961,H1,1036.20448835522,AX,126.629596808303,L1,1.62698468875678,L2,0.2596175830...
GetData ===>> H2,-0.0879850988899337,H1,1035.39987513366,AX,126.495472277077,L1,1.58096665211106,L2,0.255884063...
GetData ===>> H2,-0.0115612410773813,H1,1035.5579946112,AX,126.543906507892,L1,1.58091746320791,L2,0.1690038214...
GetData ===>> H2,-0.0465756660298064,H1,1034.81766630935,AX,126.432109216964,L1,1.60136513591922,L2,0.271964186...
GetData ===>> H2,-0.0105240960783044,H1,1034.02823304236,AX,126.506302212056,L1,1.58596108833421,L2,0.301984180...
GetData ===>> H2,-0.0239197970101056,H1,1034.36716541028,AX,126.382150308825,L1,1.57170753253915,L2,0.250449597...
GetData ===>> H2,-0.151979713331724,H1,1033.49499661254,AX,126.222531536954,L1,1.57822018129262,L2,0.2047369439...
GetData ===>> H2,-0.134998957833738,H1,1033.26412783243,AX,126.288022190562,L1,1.59082711726112,L2,0.3874745868...
GetData ===>> H2,-0.116887454260187,H1,1032.87884194538,AX,126.146134059235,L1,1.6312831121211,L2,0.31919486575...
GetData ===>> H2,-0.0290694262964425,H1,1032.30811682506,AX,126.182148757771,L1,1.61763611571905,L2,0.218054708...
GetData ===>> H2,0.00567010257203504,H1,1032.40503017712,AX,126.022387801608,L1,1.58923635899205,L2,0.304300823...
GetData ===>> H2,-0.189653425674751,H1,1032.09924311035,AX,126.06332710799,L1,1.57612002693454,L2,0.31276902944...
State checksums do not match. Local:799532470 Remote:-861571959
State checksum failed
measurement finished
estimated time: 125.829 actual time: :126.162
flush and close file /Users/jan/PychronDev/data/isotopes/6a/0908c3-5159-4e8d-8428-9fb17a3ad86a.h5
baselines () {'settling_time': 15.0, 'detector': 'H1', 'mass': 34.2, 'ncounts': 60}
%%%%%%%%%%%%%%%%%%%%%%%%%%%%%%%% Baseline
build tables- baseline [Detector(H2), Detector(H1), Detector(AX), Detector(L1), Detector(L2), Detector(CDD)]
add group baseline table H2
add group baseline table H1
add group baseline table AX
add group baseline table L1
add group baseline table L2
add group baseline table CDD
flush and close file /Users/jan/PychronDev/data/isotopes/6a/0908c3-5159-4e8d-8428-9fb17a3ad86a.h5
detector Detector(H1)
POSITION 34.2 H1
Mapping mass to dac mass func: "parabolic"
H1 map mass coeffs = [-0.00063987  0.15840543  0.57108999]
H1 map mass to dac 34.2 >> 5.24013599104
GetDeflection H1 ===>> 0
GetHighVoltage ===>> 4500
positioning 34.2 (5.24013599104) on H1
setting magnet DAC
current  : 5.879480
requested: 5.240136
Delta Dac: 0.639344
Checking detector protection. dv=0.63934
Checking detector "CDD". Protection Threshold: 0.1 (V)
ProtectDetector CDD,On ===>> OK
GetDeflection CDD ===>> 2000
Protected = 2000
SetMagnetDAC 5.24013599104 ===>> OK
Magnet settling time: 0.500
GetMagnetMoving ===>> True
set states for children of V. state=True
handle state [('V', True)]
update switch state V True args=() kw={'refresh': False} ncanvase=2
refresh_canvas_needed fired
GetMagnetMoving ===>> True
GetMagnetMoving ===>> True
GetMagnetMoving ===>> True
GetMagnetMoving ===>> True
GetMagnetMoving ===>> True
GetMagnetMoving ===>> True
GetMagnetMoving ===>> True
GetMagnetMoving ===>> False
ProtectDetector CDD,Off ===>> OK
GetDeflection CDD ===>> 50
Delaying 15.0s for detectors to settle
Join finished
measuring baseline. ncounts=60
"baseline" increment series count="2" fit count="1" regressing="True"
starting measurement
GetData ===>> H2,-0.0703630798715635,H1,-0.0372009234176794,AX,-0.142779892246563,L1,-0.0517360262677056,L2,0.0...
GetData ===>> H2,-0.114378521621742,H1,-0.0590197404528812,AX,-0.0921937193858959,L1,-0.0463246837888015,L2,-0....
GetData ===>> H2,-0.236730710441231,H1,-0.10611070658928,AX,0.0108825450785179,L1,-0.0381614708852544,L2,-0.018...
GetData ===>> H2,-0.258569883636448,H1,-0.107576356698069,AX,-0.103527879178936,L1,-0.0276437597885641,L2,-0.02...
GetData ===>> H2,-0.252364627572374,H1,-0.0255622756973882,AX,-0.0857263985492806,L1,-0.0341769577056296,L2,-0....
GetData ===>> H2,-0.194615372888664,H1,-0.00695670825436849,AX,-0.102044546858251,L1,-0.0750376751678593,L2,0.0...
GetData ===>> H2,-0.145799483251045,H1,0.0323768244611113,AX,-0.0255179667227537,L1,-0.0537540624320584,L2,0.02...
GetData ===>> H2,-0.232769623186664,H1,0.00872951770853905,AX,-0.0370918224176124,L1,-0.0538485544841587,L2,-0....
GetData ===>> H2,-0.23722978423977,H1,-0.0738252117048919,AX,-0.0279418640691792,L1,-0.0116552033540373,L2,-0.0...
GetData ===>> H2,-0.174178030268935,H1,0.000569987706122843,AX,-0.126620909800637,L1,-0.00189847113665926,L2,-0...
GetData ===>> H2,-0.240044832689026,H1,0.00207300904848675,AX,-0.132390414742356,L1,-0.0240705629454409,L2,-0.0...
GetData ===>> H2,-0.250266759060987,H1,-0.0172498309915391,AX,-0.0347145395311257,L1,-0.0306899199457947,L2,-0....
GetData ===>> H2,-0.290945821474236,H1,-0.0200405995937956,AX,0.0254094297577701,L1,-0.0527325346345465,L2,0.00...
GetData ===>> H2,-0.183825988678485,H1,-0.0242027552053823,AX,-0.190051964534325,L1,0.00200326943575552,L2,-0.1...
GetData ===>> H2,-0.20264003420675,H1,-0.0109285716456185,AX,-0.113783112834603,L1,0.0183112728758833,L2,-0.020...
GetData ===>> H2,-0.29770797350284,H1,0.0509931644681274,AX,-0.226585715000306,L1,0.00518147924810469,L2,0.0815...
GetData ===>> H2,-0.240353092405013,H1,-0.0421612471549036,AX,-0.175703528767547,L1,3.60356602535514E-06,L2,-0....
GetData ===>> H2,-0.278822738705632,H1,0.0846338117765245,AX,-0.02569193265796,L1,-0.0217728373231017,L2,-0.052...
GetData ===>> H2,-0.324330411988517,H1,-0.00572814201780221,AX,-0.0478990300894629,L1,-0.0201651960875441,L2,-0...
GetData ===>> H2,-0.148110710968713,H1,0.043462676704409,AX,-0.0995181944396165,L1,0.0159272408543061,L2,0.0863...
GetData ===>> H2,-0.163978333526152,H1,0.0479498722167683,AX,0.0226593659179314,L1,0.0263646217482492,L2,0.0171...
GetData ===>> H2,-0.184876794358355,H1,0.0591806765148696,AX,-0.155498547560754,L1,-0.0192060036367805,L2,-0.07...
GetData ===>> H2,-0.170332634809316,H1,-0.023868835066687,AX,-0.125056828420039,L1,-0.0293891559463975,L2,-0.11...
GetData ===>> H2,-0.188104140792297,H1,-0.0437112979051023,AX,-0.132100789118131,L1,-0.0455154842646941,L2,0.02...
19:02:40 -- collecting point 25
GetData ===>> H2,-0.338015847784072,H1,0.0387966840216915,AX,-0.0187214541509469,L1,-0.0263641692047876,L2,0.01...
GetData ===>> H2,-0.22335243058142,H1,0.00351640792943826,AX,0.0107317181898886,L1,-0.0575217706369055,L2,-0.08...
GetData ===>> H2,-0.216374759540488,H1,0.0211013018662111,AX,-0.128184966033353,L1,-0.0411655187777877,L2,-0.02...
GetData ===>> H2,-0.274422888532678,H1,0.0220319318387176,AX,-0.120793130720834,L1,-0.00854031332849711,L2,-0.0...
GetData ===>> H2,-0.292830719620586,H1,-0.0162718509326919,AX,-0.0493368084651176,L1,-0.00759414548052519,L2,-0...
GetData ===>> H2,-0.273332061805812,H1,-0.0818111506092787,AX,-0.099054636414155,L1,-0.00677981829485736,L2,-0....
GetData ===>> H2,-0.14007679656591,H1,0.0383312900283485,AX,-0.134106601104093,L1,0.00389647627776607,L2,-0.025...
GetData ===>> H2,-0.205688845609285,H1,-0.0378090532524798,AX,-0.0994834276643521,L1,0.00338022098735529,L2,-0....
GetData ===>> H2,-0.284328729448044,H1,-0.00411786246565775,AX,0.0189927349725219,L1,0.00719341198751126,L2,0.0...
GetData ===>> H2,-0.236199327305627,H1,-0.0147094483286423,AX,-0.000405621654278776,L1,-0.0235228481459398,L2,-...
GetData ===>> H2,-0.212317375959919,H1,0.0449305403377178,AX,-0.0560848070245288,L1,-0.000595258703572722,L2,-0...
GetData ===>> H2,-0.146635686062372,H1,0.0971821297655719,AX,-0.00625221499857475,L1,-0.000546054930097538,L2,-...
GetData ===>> H2,-0.197274988714837,H1,0.0460881390308867,AX,-0.0812987016242695,L1,-0.0243665801914375,L2,0.00...
GetData ===>> H2,-0.162000322679254,H1,-0.028388588144934,AX,-0.0964470813658757,L1,-0.0126597236483262,L2,0.00...
GetData ===>> H2,-0.206876069267132,H1,0.0437729550283763,AX,-0.148113350372154,L1,-0.0228444554290603,L2,-0.00...
GetData ===>> H2,-0.289983112954399,H1,0.0838943211846079,AX,-0.0263182074498998,L1,-0.0225184271038926,L2,0.05...
GetData ===>> H2,-0.111489991527494,H1,0.0699830104297529,AX,-0.0145806839794826,L1,-0.0495057862080515,L2,-0.0...
GetData ===>> H2,-0.0868938952358827,H1,-0.015341568350302,AX,-0.0998079170839746,L1,-0.0473708007804574,L2,-0....
GetData ===>> H2,-0.118094359201191,H1,0.0221512439993134,AX,0.00277303081554674,L1,-0.0244408827476825,L2,-0.0...
GetData ===>> H2,-0.0697907992708909,H1,-0.0102248595901021,AX,-0.108835242407721,L1,-0.0181807655975937,L2,0.1...
GetData ===>> H2,-0.173575895403372,H1,-0.0277326999628567,AX,-0.0474004406923181,L1,-0.0381051663602155,L2,-0....
GetData ===>> H2,-0.168710656222004,H1,0.0983511596006849,AX,-0.123179897567165,L1,-0.0196856112937513,L2,-0.12...
GetData ===>> H2,-0.165383659057093,H1,0.0543349252559946,AX,-0.057429713012192,L1,0.00928015191683206,L2,-0.01...
GetData ===>> H2,-0.125466952642198,H1,0.0128572525826211,AX,-0.0652668988306225,L1,-0.0156777866804221,L2,0.02...
GetData ===>> H2,-0.0959702254055716,H1,-0.00519138504537759,AX,0.0338225546399713,L1,-0.0219910059687643,L2,-0...
19:03:07 -- collecting point 50
GetData ===>> H2,-0.162486418777334,H1,-0.0390729975582314,AX,-0.0433072730316666,L1,0.0183196810395819,L2,0.05...
GetData ===>> H2,-0.138357399631863,H1,0.0378539651028522,AX,-0.106818942010154,L1,0.0157086827634807,L2,0.0282...
GetData ===>> H2,-0.126890605852118,H1,0.0197650278043639,AX,-0.191187695361693,L1,-0.0420648815751499,L2,-0.10...
set states for children of D. state=False
handle state [('D', False)]
update switch state D False args=() kw={'refresh': False} ncanvase=2
refresh_canvas_needed fired
GetData ===>> H2,-0.30454223697142,H1,0.0368754561199449,AX,0.00214657284612548,L1,-0.0375780448702435,L2,-0.07...
GetData ===>> H2,-0.136279447237317,H1,-0.035805788069365,AX,-0.0531978339849617,L1,-0.022181599979038,L2,-0.04...
set states for children of B. state=False
handle state [('B', False)]
update switch state B False args=() kw={'refresh': False} ncanvase=2
refresh_canvas_needed fired
GetData ===>> H2,-0.112406441703441,H1,-0.0556697284976647,AX,-0.0951490723558384,L1,-0.00779561833016361,L2,0....
GetData ===>> H2,-0.0996777302558627,H1,-0.0412788998514156,AX,-0.109530508717516,L1,-0.0107416980972381,L2,-0....
GetData ===>> H2,-0.16135081173795,H1,-0.0560393082738696,AX,-0.100422126236571,L1,-0.0115736865692244,L2,-0.05...
GetData ===>> H2,-0.13836145511993,H1,0.00899196977226531,AX,-0.0196725305449641,L1,-0.048422792569054,L2,-0.06...
GetData ===>> H2,-0.209255531684705,H1,-0.15120354071112,AX,-0.121998107710148,L1,-0.00971060831100774,L2,0.022...
GetData ===>> H2,-0.27138792548019,H1,-0.0861137579547531,AX,-0.106297478209483,L1,0.0287367758207522,L2,-0.104...
measurement finished
estimated time: 62.915 actual time: :63.131
flush and close file /Users/jan/PychronDev/data/isotopes/6a/0908c3-5159-4e8d-8428-9fb17a3ad86a.h5
activate_detectors ('H1', 'AX', 'CDD') {'peak_center': True}
peak_center () {'detector': 'H1', 'integration_time': 0.262144, 'isotope': 'Ar40'}
peak center: mean=1033.52214159 threshold=3
peak center started
setup peak center. detector=['H1', 'AX', 'CDD'], isotope=Ar40
VersionedUnpickler [<apptools.sweet_pickle.versioned_unpickler.VersionedUnpickler object at 0x1a1848950>] using Updater [<apptools.sweet_pickle.updater.Updater object at 0x134a15590>]
VersionedUnpickler [<apptools.sweet_pickle.versioned_unpickler.VersionedUnpickler object at 0x1a1848950>] using Updater [<apptools.sweet_pickle.updater.Updater object at 0x134a15590>]
VersionedUnpickler [<apptools.sweet_pickle.versioned_unpickler.VersionedUnpickler object at 0x1a08e10b0>] using Updater [<apptools.sweet_pickle.updater.Updater object at 0x134a15590>]
setting integration time = 0.524288
SetIntegrationTime 0.524288 ===>> OK
Mapping mass to dac mass func: "parabolic"
H1 map mass coeffs = [-0.00063987  0.15840543  0.57108999]
H1 map mass to dac 39.9624 >> 5.87948
GetDeflection H1 ===>> 0
GetHighVoltage ===>> 4500
do peak center. <pychron.spectrometer.jobs.peak_center.PeakCenter object at 0x134a156b0>
doing pc
starting peak center. center dac= 5.87948 step_width=0.001
width = 0.001
get scan parameters. half-width=0.015,window=0.015, i=0, scalar=1
Scan parameters center=5.87948 width=0.03000 (5.86448 - 5.89448)
GetData ===>> H2,-0.214776488520101,H1,0.0602787611160728,AX,-0.00192530568491115,L1,-0.0198918355568676,L2,3.4...
Moving to starting dac 5.86448
setting magnet DAC
current  : 5.240136
requested: 5.864480
Delta Dac: 0.624344
Checking detector protection. dv=0.62434
Checking detector "CDD". Protection Threshold: 0.1 (V)
ProtectDetector CDD,On ===>> OK
GetDeflection CDD ===>> 2000
Protected = 2000
SetMagnetDAC 5.86448 ===>> OK
Magnet settling time: 0.500
GetMagnetMoving ===>> True
GetMagnetMoving ===>> True
GetMagnetMoving ===>> True
GetMagnetMoving ===>> True
GetMagnetMoving ===>> True
GetMagnetMoving ===>> True
GetMagnetMoving ===>> True
GetMagnetMoving ===>> True
GetMagnetMoving ===>> True
GetMagnetMoving ===>> True
GetMagnetMoving ===>> False
ProtectDetector CDD,Off ===>> OK
GetDeflection CDD ===>> 50
Wait until signal near baseline. tol= 0.0452090708371. timeout= 10
GetData ===>> H2,12.1591453921404,H1,4.69125506128771,AX,0.047749324587512,L1,0.0519895695850584,L2,0.029291297...
GetData ===>> H2,77.7483757555969,H1,29.5313241208247,AX,2.19409280899493,L1,0.0411086405714242,L2,-0.093803868...
GetData ===>> H2,62.1046149064149,H1,26.9950794730103,AX,2.56220663512539,L1,0.0283319687785759,L2,-0.096602230...
GetData ===>> H2,30.6328609332871,H1,13.2152695528938,AX,1.09887635450565,L1,0.0499589823585158,L2,-0.079742566...
GetData ===>> H2,12.0214237559533,H1,6.92381476865755,AX,0.479046623373568,L1,0.052376508861022,L2,0.0059896368...
GetData ===>> H2,3.97871492746531,H1,3.78684666122864,AX,0.370335867076156,L1,0.00787016393194686,L2,-0.1346625...
GetData ===>> H2,1.17036381182607,H1,2.36082863370555,AX,0.0461940698004033,L1,-0.0306665275953301,L2,0.1519520...
GetData ===>> H2,0.393204821720045,H1,1.63419202119452,AX,-0.0134903678566852,L1,-0.0127028750187147,L2,0.10461...
GetData ===>> H2,0.232044278415258,H1,1.38973416663764,AX,0.0900471194216249,L1,-0.00891443881566551,L2,-0.0957...
GetData ===>> H2,0.270774562583478,H1,1.16493389852808,AX,0.0269991645415315,L1,-0.0113195417668408,L2,-0.02167...
GetData ===>> H2,0.173215669459168,H1,1.04906394052959,AX,0.177378231887916,L1,-0.0237962251735586,L2,-0.023112...
GetData ===>> H2,0.207851746607152,H1,0.943407892664472,AX,0.063070544052952,L1,0.00209450015810895,L2,0.052461...
GetData ===>> H2,0.373175743078658,H1,0.957417108285941,AX,-0.00585781300136312,L1,0.0198695779643881,L2,-0.009...
GetData ===>> H2,0.346885524581872,H1,0.947670319254068,AX,0.0502331412142834,L1,0.0217540303540337,L2,0.047221...
GetData ===>> H2,0.301361443987979,H1,0.913719595625273,AX,-0.0359437759812214,L1,-0.0182822266174503,L2,0.1264...
GetData ===>> H2,0.227191817699417,H1,0.979189146420878,AX,-0.135390885466559,L1,-0.0277897108204021,L2,-0.0876...
GetData ===>> H2,0.13196714936899,H1,0.889496608578511,AX,-0.0824114402257553,L1,-0.0187709914737883,L2,0.04617...
GetData ===>> H2,0.185579772294354,H1,1.00053462945093,AX,-0.15830262526397,L1,-0.00544844935360332,L2,-0.14609...
GetData ===>> H2,0.146590746851639,H1,0.897155420274154,AX,-0.118012357625458,L1,0.00841920533968199,L2,-0.1148...
GetData ===>> H2,0.112395123558237,H1,0.911062441556898,AX,-0.0181067290979256,L1,0.0287836239756072,L2,-0.0679...
GetData ===>> H2,-0.014080495908807,H1,0.961680128640663,AX,0.00829531621238359,L1,0.0272701782611137,L2,-0.052...
Peak center failed to move to a baseline position
_do_sweep sm= 5.86448, em= 5.89448, stm= 0.001
calculated step values: start=5.86448, end=5.89448, width=0.001, nsteps=31.0
setting magnet DAC
current  : 5.864480
requested: 5.864480
Delta Dac: 0.000000
Checking detector protection. dv=0.00000
Checking detector "CDD". Protection Threshold: 0.1 (V)
SetMagnetDAC 5.86448 ===>> OK
GetData ===>> H2,-0.014080495908807,H1,0.961680128640663,AX,0.00829531621238359,L1,0.0272701782611137,L2,-0.052...
setting magnet DAC
current  : 5.864480
requested: 5.865514
Delta Dac: 0.001034
Checking detector protection. dv=0.00103
Checking detector "CDD". Protection Threshold: 0.1 (V)
SetMagnetDAC 5.86551448276 ===>> OK
Magnet settling time: 1.049
GetData ===>> H2,-0.165825065397646,H1,1.92413878253339,AX,0.1223639542532,L1,-0.0616440757729485,L2,0.03929247...
setting magnet DAC
current  : 5.865514
requested: 5.866549
Delta Dac: 0.001034
Checking detector protection. dv=0.00103
Checking detector "CDD". Protection Threshold: 0.1 (V)
SetMagnetDAC 5.86654896552 ===>> OK
Magnet settling time: 1.049
GetData ===>> H2,-0.0471222961407458,H1,5.85957016487864,AX,0.577836992785515,L1,-0.044311140634578,L2,-0.10083...
setting magnet DAC
current  : 5.866549
requested: 5.867583
Delta Dac: 0.001034
Checking detector protection. dv=0.00103
Checking detector "CDD". Protection Threshold: 0.1 (V)
SetMagnetDAC 5.86758344828 ===>> OK
Magnet settling time: 1.049
GetData ===>> H2,-0.0204189823428312,H1,20.6563069149313,AX,1.6332344901389,L1,-0.0181001316785419,L2,0.0902942...
setting magnet DAC
current  : 5.867583
requested: 5.868618
Delta Dac: 0.001034
Checking detector protection. dv=0.00103
Checking detector "CDD". Protection Threshold: 0.1 (V)
SetMagnetDAC 5.86861793103 ===>> OK
Magnet settling time: 1.049
GetData ===>> H2,-0.155175222784867,H1,67.7178391645003,AX,5.48415011615436,L1,0.0520232158899381,L2,-0.0394356...
setting magnet DAC
current  : 5.868618
requested: 5.869652
Delta Dac: 0.001034
Checking detector protection. dv=0.00103
Checking detector "CDD". Protection Threshold: 0.1 (V)
SetMagnetDAC 5.86965241379 ===>> OK
Magnet settling time: 1.049
GetData ===>> H2,-0.197234528845119,H1,181.835832540007,AX,15.3400088690286,L1,0.053143221166219,L2,-0.02135922...
setting magnet DAC
current  : 5.869652
requested: 5.870687
Delta Dac: 0.001034
Checking detector protection. dv=0.00103
Checking detector "CDD". Protection Threshold: 0.1 (V)
SetMagnetDAC 5.87068689655 ===>> OK
Magnet settling time: 1.049
GetData ===>> H2,-0.0994490518819366,H1,511.742749049476,AX,49.1619374960814,L1,0.325924566432201,L2,-0.0061486...
setting magnet DAC
current  : 5.870687
requested: 5.871721
Delta Dac: 0.001034
Checking detector protection. dv=0.00103
Checking detector "CDD". Protection Threshold: 0.1 (V)
SetMagnetDAC 5.87172137931 ===>> OK
Magnet settling time: 1.049
GetData ===>> H2,0.00582378437288361,H1,749.191003719227,AX,79.3737630667209,L1,0.613335860711906,L2,0.12483503...
setting magnet DAC
current  : 5.871721
requested: 5.872756
Delta Dac: 0.001034
Checking detector protection. dv=0.00103
Checking detector "CDD". Protection Threshold: 0.1 (V)
SetMagnetDAC 5.87275586207 ===>> OK
Magnet settling time: 1.049
GetData ===>> H2,-0.0137573694787422,H1,895.503378259841,AX,102.195669441806,L1,0.888530676162502,L2,0.08386626...
setting magnet DAC
current  : 5.872756
requested: 5.873790
Delta Dac: 0.001034
Checking detector protection. dv=0.00103
Checking detector "CDD". Protection Threshold: 0.1 (V)
SetMagnetDAC 5.87379034483 ===>> OK
Magnet settling time: 1.049
GetData ===>> H2,-0.0514181927197581,H1,958.519658639205,AX,114.065861579211,L1,1.14111230771531,L2,0.260274342...
setting magnet DAC
current  : 5.873790
requested: 5.874825
Delta Dac: 0.001034
Checking detector protection. dv=0.00103
Checking detector "CDD". Protection Threshold: 0.1 (V)
SetMagnetDAC 5.87482482759 ===>> OK
Magnet settling time: 1.049
GetData ===>> H2,0.00312853284897876,H1,979.613713498709,AX,118.917778629121,L1,1.32906677268349,L2,0.201325064...
setting magnet DAC
current  : 5.874825
requested: 5.875859
Delta Dac: 0.001034
Checking detector protection. dv=0.00103
Checking detector "CDD". Protection Threshold: 0.1 (V)
SetMagnetDAC 5.87585931034 ===>> OK
Magnet settling time: 1.049
GetData ===>> H2,-0.20424810832988,H1,985.375827871212,AX,119.975358604069,L1,1.36395845143089,L2,0.24748132247...
setting magnet DAC
current  : 5.875859
requested: 5.876894
Delta Dac: 0.001034
Checking detector protection. dv=0.00103
Checking detector "CDD". Protection Threshold: 0.1 (V)
SetMagnetDAC 5.8768937931 ===>> OK
Magnet settling time: 1.049
GetData ===>> H2,-0.17237259758337,H1,986.466735008397,AX,120.483032313277,L1,1.39368738447363,L2,0.24067746912...
setting magnet DAC
current  : 5.876894
requested: 5.877928
Delta Dac: 0.001034
Checking detector protection. dv=0.00103
Checking detector "CDD". Protection Threshold: 0.1 (V)
SetMagnetDAC 5.87792827586 ===>> OK
Magnet settling time: 1.049
GetData ===>> H2,-0.17306599332518,H1,986.386254565375,AX,120.264640057723,L1,1.44286609324492,L2,0.27429255290...
setting magnet DAC
current  : 5.877928
requested: 5.878963
Delta Dac: 0.001034
Checking detector protection. dv=0.00103
Checking detector "CDD". Protection Threshold: 0.1 (V)
SetMagnetDAC 5.87896275862 ===>> OK
Magnet settling time: 1.049
GetData ===>> H2,-0.0786538499022696,H1,986.437172382078,AX,120.271546048546,L1,1.48605270575629,L2,0.195186269...
setting magnet DAC
current  : 5.878963
requested: 5.879997
Delta Dac: 0.001034
Checking detector protection. dv=0.00103
Checking detector "CDD". Protection Threshold: 0.1 (V)
SetMagnetDAC 5.87999724138 ===>> OK
Magnet settling time: 1.049
GetData ===>> H2,-0.0770926755173724,H1,985.646036925144,AX,120.343927039183,L1,1.4762901126651,L2,0.1336831253...
setting magnet DAC
current  : 5.879997
requested: 5.881032
Delta Dac: 0.001034
Checking detector protection. dv=0.00103
Checking detector "CDD". Protection Threshold: 0.1 (V)
SetMagnetDAC 5.88103172414 ===>> OK
Magnet settling time: 1.049
GetData ===>> H2,-0.0738286951864868,H1,986.034812988032,AX,120.124633885847,L1,1.50962333886695,L2,0.292804292...
setting magnet DAC
current  : 5.881032
requested: 5.882066
Delta Dac: 0.001034
Checking detector protection. dv=0.00103
Checking detector "CDD". Protection Threshold: 0.1 (V)
SetMagnetDAC 5.8820662069 ===>> OK
Magnet settling time: 1.049
GetData ===>> H2,-0.184030569972858,H1,984.66258911734,AX,120.008656658327,L1,1.5086597326511,L2,0.378068290592...
setting magnet DAC
current  : 5.882066
requested: 5.883101
Delta Dac: 0.001034
Checking detector protection. dv=0.00103
Checking detector "CDD". Protection Threshold: 0.1 (V)
SetMagnetDAC 5.88310068966 ===>> OK
Magnet settling time: 1.049
GetData ===>> H2,-0.0858985796965002,H1,983.780409396319,AX,119.639767651071,L1,1.51463856764586,L2,0.156263146...
setting magnet DAC
current  : 5.883101
requested: 5.884135
Delta Dac: 0.001034
Checking detector protection. dv=0.00103
Checking detector "CDD". Protection Threshold: 0.1 (V)
SetMagnetDAC 5.88413517241 ===>> OK
Magnet settling time: 1.049
GetData ===>> H2,-0.0463329116473063,H1,979.12177317341,AX,118.492236994397,L1,1.53711188920287,L2,0.1868573065...
setting magnet DAC
current  : 5.884135
requested: 5.885170
Delta Dac: 0.001034
Checking detector protection. dv=0.00103
Checking detector "CDD". Protection Threshold: 0.1 (V)
SetMagnetDAC 5.88516965517 ===>> OK
Magnet settling time: 1.049
GetData ===>> H2,-0.215378391325256,H1,951.075295272893,AX,112.413450541971,L1,1.44409981153055,L2,0.2083315306...
setting magnet DAC
current  : 5.885170
requested: 5.886204
Delta Dac: 0.001034
Checking detector protection. dv=0.00103
Checking detector "CDD". Protection Threshold: 0.1 (V)
SetMagnetDAC 5.88620413793 ===>> OK
Magnet settling time: 1.049
GetData ===>> H2,-0.221998553553465,H1,876.910134296687,AX,97.6055687280291,L1,1.25928986095113,L2,0.1777761402...
setting magnet DAC
current  : 5.886204
requested: 5.887239
Delta Dac: 0.001034
Checking detector protection. dv=0.00103
Checking detector "CDD". Protection Threshold: 0.1 (V)
SetMagnetDAC 5.88723862069 ===>> OK
Magnet settling time: 1.049
GetData ===>> H2,-0.280862344756948,H1,706.325952380215,AX,70.2258515114961,L1,1.03468349209914,L2,0.0220018002...
setting magnet DAC
current  : 5.887239
requested: 5.888273
Delta Dac: 0.001034
Checking detector protection. dv=0.00103
Checking detector "CDD". Protection Threshold: 0.1 (V)
SetMagnetDAC 5.88827310345 ===>> OK
Magnet settling time: 1.049
GetData ===>> H2,-0.288642971692327,H1,462.512270555716,AX,39.6912877762663,L1,0.723490415864238,L2,0.091434023...
setting magnet DAC
current  : 5.888273
requested: 5.889308
Delta Dac: 0.001034
Checking detector protection. dv=0.00103
Checking detector "CDD". Protection Threshold: 0.1 (V)
SetMagnetDAC 5.88930758621 ===>> OK
Magnet settling time: 1.049
GetData ===>> H2,-0.341842407252574,H1,233.839748439067,AX,16.9434694873472,L1,0.450635497899876,L2,0.134048012...
setting magnet DAC
current  : 5.889308
requested: 5.890342
Delta Dac: 0.001034
Checking detector protection. dv=0.00103
Checking detector "CDD". Protection Threshold: 0.1 (V)
SetMagnetDAC 5.89034206897 ===>> OK
Magnet settling time: 1.049
set states for children of C. state=False
handle state [('C', False)]
update switch state C False args=() kw={'refresh': False} ncanvase=2
refresh_canvas_needed fired
GetData ===>> H2,-0.181340296844941,H1,89.3304833113476,AX,5.37074989898193,L1,0.275930572000518,L2,-0.14268248...
setting magnet DAC
current  : 5.890342
requested: 5.891377
Delta Dac: 0.001034
Checking detector protection. dv=0.00103
Checking detector "CDD". Protection Threshold: 0.1 (V)
SetMagnetDAC 5.89137655172 ===>> OK
Magnet settling time: 1.049
GetData ===>> H2,-0.304829479510651,H1,27.0529583278224,AX,1.37058545609156,L1,0.177830482298174,L2,0.127389038...
setting magnet DAC
current  : 5.891377
requested: 5.892411
Delta Dac: 0.001034
Checking detector protection. dv=0.00103
Checking detector "CDD". Protection Threshold: 0.1 (V)
SetMagnetDAC 5.89241103448 ===>> OK
Magnet settling time: 1.049
set states for children of B. state=True
handle state [('B', True)]
update switch state B True args=() kw={'refresh': False} ncanvase=2
refresh_canvas_needed fired
GetData ===>> H2,-0.346054536333972,H1,6.79405463899692,AX,0.0566983034930079,L1,0.0740615759268572,L2,-0.06055...
setting magnet DAC
current  : 5.892411
requested: 5.893446
Delta Dac: 0.001034
Checking detector protection. dv=0.00103
Checking detector "CDD". Protection Threshold: 0.1 (V)
SetMagnetDAC 5.89344551724 ===>> OK
Magnet settling time: 1.049
GetData ===>> H2,-0.139086412521785,H1,0.609501394913958,AX,-0.116992720907267,L1,0.0363951338519539,L2,-0.0593...
setting magnet DAC
current  : 5.893446
requested: 5.894480
Delta Dac: 0.001034
Checking detector protection. dv=0.00103
Checking detector "CDD". Protection Threshold: 0.1 (V)
SetMagnetDAC 5.89448 ===>> OK
Magnet settling time: 1.049
GetData ===>> H2,-0.0829134648028276,H1,0.0654470818820975,AX,-0.0758507352203718,L1,-0.0109598919289961,L2,-0....
result of _do_sweep=True
result of _calculate_peak_center=([5.8716042484969933, 5.879359759519037, 5.8871152705410816], [722.30558009431013, 986.46431575660279, 726.66615042438775], 5.8769248897795583, 986.46431575660279)
Failed to find a valid peak. No peak greater than 1.0. max = 0.0261931962152
new center pos Detector(H1) (Ar40) @ 5.87935975952
GetHighVoltage ===>> 4500
GetDeflection H1 ===>> 0
dac uncorrected for HV and deflection 5.87935975952
update mftable H1 Ar40 5.87935975952 message=automated run peakcenter
get initial guess parabolic
get initial guess parabolic
get initial guess parabolic
get initial guess parabolic
get initial guess parabolic
get initial guess parabolic
dump mftable to /Users/jan/PychronDev/setupfiles/spectrometer/mftables/mftable.csv
add to repo msg=modified - automated run peakcenter
sweep finished
locally archiving mftable
setting magnet DAC
current  : 5.894480
requested: 5.879360
Delta Dac: 0.015120
Checking detector protection. dv=0.01512
Checking detector "CDD". Protection Threshold: 0.1 (V)
SetMagnetDAC 5.87935975952 ===>> OK
Magnet settling time: 0.500
setting integration time = 1.048576
SetIntegrationTime 1.048576 ===>> OK
Failed to find a valid peak. No peak greater than 1.0. max = 0.0261931962152
flush and close file /Users/jan/PychronDev/data/isotopes/6a/0908c3-5159-4e8d-8428-9fb17a3ad86a.h5
finished measure script
executed snippet estimated_duration=226.132928, duration=273.98217392
jan_unknown120_60.py completed successfully
Measurement Finished
19:04:06 -- ******* Measurement Finished *******
Post Measurement Started jan_pump_ms.py
19:04:06 -- ******* Post Measurement Started jan_pump_ms.py *******
testing...
no interpolation path defined
executed snippet estimated_duration=0, duration=2.8133392334e-05
Pumping spectrometer
open () {'name': 'O'}
opening name=O desc=---
checking ownership. requestor=129.138.12.150
check software interlocks O
interlocks []
actuate state mode=None-script, software_lock=False
doing actuation None-script open_channel True
Open O ===>> OK
GetIndicatorState O ===>> OK
change switch state (True, True)
update switch state O True args=() kw={} ncanvase=2
19:04:06 -- OPEN   VALVE-O (Jan Ion Pump)
---------------------------------------- open O () result=[(True, True)], time=0.09 sec
action=open, ok=True, locked=[False]
executed snippet estimated_duration=0, duration=0.35085105896
jan_pump_ms.py completed successfully
setting _ms_pumptime
Post Measurement Finished
19:04:06 -- ******* Post Measurement Finished *******
$$$$$$$$$$$$$$$$$$$$ state at run end measurement
state changed from measurement to success
post measurement save measured=True aborted=False
Set filtering
setting fod for Ar40= {'filter_outliers': True, 'std_devs': 2, 'iterations': 1}
setting fod for H1= {'filter_outliers': True, 'std_devs': 2, 'iterations': 1}
setting fod for PM41= {'filter_outliers': False, 'std_devs': 2, 'iterations': 1}
setting fod for H2= {'filter_outliers': True, 'std_devs': 2, 'iterations': 1}
setting fod for Ar36= {'filter_outliers': True, 'std_devs': 2, 'iterations': 1}
setting fod for CDD= {'filter_outliers': True, 'std_devs': 10, 'iterations': 1}
setting fod for Ar37= {'filter_outliers': True, 'std_devs': 2, 'iterations': 1}
setting fod for L2= {'filter_outliers': True, 'std_devs': 2, 'iterations': 1}
setting fod for Ar38= {'filter_outliers': True, 'std_devs': 2, 'iterations': 1}
setting fod for L1= {'filter_outliers': True, 'std_devs': 2, 'iterations': 1}
setting fod for Ar39= {'filter_outliers': True, 'std_devs': 2, 'iterations': 1}
setting fod for AX= {'filter_outliers': True, 'std_devs': 2, 'iterations': 1}
persistence save...
persistence save - db
post measurement save
6999593520 connecting to database sqlite:////Users/jan/PychronDev/.appdata/local_lab.db
connected to db sqlite:////Users/jan/PychronDev/.appdata/local_lab.db
create new session 6999593520
close session 6999593520
No database instance. Not saving post measurement to isotopedb database
$$$$$$$$$$$$$$$ auto_save_detector_ic=False
massspec enabled True
create new session 4979675504
MassSpec Database Version: 16.0
close session 4979675504
saving post measurement to secondary database
saving to massspec database 129.138.12.160/massspecdata
setting labnumber to 25323
setting aliquot to 7
setting step to 
setting uuid to 6a0908c3-5159-4e8d-8428-9fb17a3ad86a
setting irradpos to 25323
setting extract_device to Fusions CO2
setting tray to 
setting position to 165
setting power_requested to 5.0
setting extract_value to 5.0
setting duration to 30.0
setting duration_at_request to 30.0
setting first_stage_delay to 30.0
setting cleanup to 30.0
setting comment to K:12
setting irradiation to NM-288
setting level to K
setting irradiation_level to K
setting sample to FC-2
setting material to Sanidine
setting project to Irradiation-NM-288
setting mass_spectrometer to Jan
no attribute chron_dosages
no attribute production_ratios
no attribute interference_corrections
no attribute production_name
no attribute j
Reference Isotope=Ar40
Reference Detector=H1
%%%%%%%%%%%%%%%%%%%% Comment: K:12 %%%%%%%%%%%%%%%%%%%
adding isotope PM41 H2
add baseline dbdet= PM41. original det= H2
get baseline data PM41 H2
Get data baseline <pychron.processing.isotope.Baseline object at 0x1a3123b10> len t=60
baseline PM41. v=-0.193549253173, e=0.00851885001305
get signal data PM41 H2
Get data signal PM41 0.05+/-0.06 len t=120
adding isotope Ar40 H1
add baseline dbdet= Ar40. original det= H1
get baseline data Ar40 H1
Get data baseline <pychron.processing.isotope.Baseline object at 0x1a3123fd0> len t=60
baseline Ar40. v=0.00135574930551, e=0.00610164466865
get signal data Ar40 H1
Get data signal Ar40 1085.05+/-0.07 len t=120
adding isotope Ar39 AX
add baseline dbdet= Ar39. original det= AX
get baseline data Ar39 AX
Get data baseline <pychron.processing.isotope.Baseline object at 0x1a3123650> len t=60
baseline Ar39. v=-0.0741884627201, e=0.00752513807682
get signal data Ar39 AX
Get data signal Ar39 132.186+/-0.026 len t=120
adding isotope Ar38 L1
add baseline dbdet= Ar38. original det= L1
get baseline data Ar38 L1
Get data baseline <pychron.processing.isotope.Baseline object at 0x1a3123490> len t=60
baseline Ar38. v=-0.01926235503, e=0.00280407554182
get signal data Ar38 L1
Get data signal Ar38 1.696+/-0.004 len t=120
adding isotope Ar37 L2
add baseline dbdet= Ar37. original det= L2
get baseline data Ar37 L2
Get data baseline <pychron.processing.isotope.Baseline object at 0x1a31232d0> len t=60
baseline Ar37. v=-0.0269225954467, e=0.00696778429724
get signal data Ar37 L2
Get data signal Ar37 0.325+/-0.011 len t=120
adding isotope Ar36 CDD
add baseline dbdet= Ar36. original det= CDD
get baseline data Ar36 CDD
Get data baseline <pychron.processing.isotope.Baseline object at 0x1a31230d0> len t=60
baseline Ar36. v=0.000255552292779, e=2.18384679435e-05
get signal data Ar36 CDD
Get data signal Ar36 0.01669+/-0.00032 len t=120
25323-07 added analysis time 0.524441003799s
analysis added to mass spec database
mass spec save time= 0.534
persistence save - dvc
================= post measurement started
create new session 4982376208
close session 4982376208
---------------- Experiment Queue saving disabled
DVC saving peakcenter
Failed to find a valid peak. No peak greater than 1.0. max = 0.0261931962152
Smart pull ahead: 0 behind: 0
Up-to-date with origin
add to repo msg=modified - ad8224ebc6dbfeb9f5997218dfa5fe690569839d.json
add to repo msg=modified - 23-07.json
add to repo msg=modified - 23-07.dat.json
add to repo msg=modified - 23-07.blan.json
add to repo msg=modified - 23-07.inte.json
add to repo msg=modified - 23-07.icfa.json
add to repo msg=modified - 23-07.base.json
not at valid file /Users/jan/PychronDev/data/.dvc/repositories/Irradiation-NM-288/253/tags/23-07.tags.json
add to repo msg=modified - 23-07.peak.json
add to repo msg=modified - 23-07.extr.json
not at valid file /Users/jan/PychronDev/data/.dvc/repositories/Irradiation-NM-288/253/monitor/23-07.moni.json
commit message=<COLLECTION>
add to repo msg=modified - 23-07.inte.json
add to repo msg=modified - 23-07.base.json
commit message=<ISOEVO> default collection fits
add to repo msg=modified - 23-07.blan.json
commit message=<BLANKS> preceding ba-01-J-2292
add to repo msg=modified - 23-07.icfa.json
commit message=<ICFactor> default
push repository <pychron.git_archive.repo_manager.GitRepoManager object at 0x19b3ea650>
pushing to remote=origin, url=https://github.com
no changes to meta repo
create new session 4982376208
add association Irradiation-NM-288
get identifier "25323"
setting analysis irradiation position=<pychron.dvc.dvc_orm.IrradiationPositionTbl object at 0x1a2a9bc50>
close session 4982376208
================= post measurement finished
19:04:19 -- ******* Post Run Check *******
loading queue conditionals post_run_actions
loading system conditionals post_run_actions
loading conditionals from /Users/jan/PychronDev/setupfiles/spectrometer/default_conditionals.yaml
loading queue conditionals post_run_terminations
loading system conditionals post_run_terminations
loading conditionals from /Users/jan/PychronDev/setupfiles/spectrometer/default_conditionals.yaml
Checking default post run terminations n=1
GetDeflection CDD ===>> 50
testing CDD==2000
evaluate ot="CDD.deflection==2000" t="CDD==2000", ctx="{'CDD': 50.0}"
19:04:19 -- ******* Post Run Check Passed *******
19:04:19 -- Automated run 25323-07 success duration: 365.761 s
----------------- finish -----------------
----------------- stop -----------------
retroactive repository identifiers disabled
finish run. runs completed=57
update duration runid=25323-07, duration=365.761352777, md5=301e91d8
loading script "jan_unknown120_60.py"
loading script "jan_pump_ms.py"
loading script "jan_cocktail_x1.py"
loading script "jan_pump_extraction_line.py"
testing...
no interpolation path defined
executed snippet estimated_duration=213.652928, duration=0.000205993652344
script duration name:unknown120_60 seconds:214.0
loading script "jan_unknown120_60.py"
loading script "jan_pump_ms.py"
loading script "jan_cocktail_x1.py"
loading script "jan_pump_extraction_line.py"
testing...
no interpolation path defined
executed snippet estimated_duration=0, duration=2.59876251221e-05
loading script "jan_unknown120_60.py"
loading script "jan_pump_ms.py"
loading script "jan_cocktail_x1.py"
loading script "jan_pump_extraction_line.py"
testing...
no interpolation path defined
calculate duration
testing...
no interpolation path defined
executed snippet estimated_duration=0, duration=6.60419464111e-05
calculate duration
testing...
no interpolation path defined
executed snippet estimated_duration=0, duration=0.000101089477539
calculate duration
testing...
no interpolation path defined
executed snippet estimated_duration=32.0, duration=0.000178098678589
calculate duration
testing...
no interpolation path defined
executed snippet estimated_duration=34.0, duration=9.3936920166e-05
calculate duration
testing...
no interpolation path defined
executed snippet estimated_duration=4.0, duration=7.70092010498e-05
calculate duration
testing...
no interpolation path defined
executed snippet estimated_duration=38.0, duration=9.60826873779e-05
executed snippet estimated_duration=108.0, duration=0.00843405723572
script duration name:cocktail_x1 seconds:108.0
loading script "jan_unknown120_60.py"
loading script "jan_pump_ms.py"
loading script "jan_cocktail_x1.py"
loading script "jan_pump_extraction_line.py"
testing...
no interpolation path defined
calculate duration
testing...
no interpolation path defined
executed snippet estimated_duration=4.0, duration=0.000152111053467
executed snippet estimated_duration=4.0, duration=0.00145101547241
Script duration 322.0
Run total estimated duration= 323.000
unknown120_60 in script context. using previous estimated duration
script duration name:unknown120_60 seconds:214.0
pump_ms in script context. using previous estimated duration
loading script "jan_unknown120_60.py"
loading script "jan_pump_ms.py"
loading script "jan_co2.py"
loading script "jan_pump_extraction_line.py"
testing...
no interpolation path defined
calculate duration
testing...
no interpolation path defined
executed snippet estimated_duration=0, duration=4.79221343994e-05
calculate duration
testing...
no interpolation path defined
executed snippet estimated_duration=0, duration=9.58442687988e-05
executed snippet estimated_duration=0.0, duration=0.00366997718811
script duration name:co2 seconds:0.0
pump_extraction_line in script context. using previous estimated duration
Script duration 214.0
Run total estimated duration= 215.000
script duration name:unknown120_60 seconds:214.0
co2 in script context. using previous estimated duration
script duration name:co2 seconds:0.0
Script duration 214.0
Run total estimated duration= 215.000
script duration name:unknown120_60 seconds:214.0
script duration name:co2 seconds:0.0
Script duration 214.0
Run total estimated duration= 215.000
script duration name:unknown120_60 seconds:214.0
script duration name:co2 seconds:0.0
Script duration 214.0
Run total estimated duration= 215.000
script duration name:unknown120_60 seconds:214.0
script duration name:co2 seconds:0.0
Script duration 214.0
Run total estimated duration= 215.000
loading script "jan_unknown400_120.py"
loading script "jan_pump_ms.py"
loading script "jan_co2.py"
loading script "jan_pump_extraction_line.py"
testing...
no interpolation path defined
executed snippet estimated_duration=556.052928, duration=0.000148773193359
script duration name:unknown400_120 seconds:556.0
script duration name:co2 seconds:0.0
Script duration 556.0
Run total estimated duration= 557.000
script duration name:unknown120_60 seconds:214.0
script duration name:co2 seconds:0.0
Script duration 214.0
Run total estimated duration= 215.000
unknown400_120 in script context. using previous estimated duration
script duration name:unknown400_120 seconds:556.0
cocktail_x1 in script context. using previous estimated duration
script duration name:cocktail_x1 seconds:108.0
Script duration 664.0
Run total estimated duration= 665.000
script duration name:unknown120_60 seconds:214.0
script duration name:co2 seconds:0.0
Script duration 214.0
Run total estimated duration= 215.000
script duration name:unknown120_60 seconds:214.0
script duration name:co2 seconds:0.0
Script duration 214.0
Run total estimated duration= 215.000
script duration name:unknown120_60 seconds:214.0
script duration name:co2 seconds:0.0
Script duration 214.0
Run total estimated duration= 215.000
script duration name:unknown120_60 seconds:214.0
script duration name:co2 seconds:0.0
Script duration 214.0
Run total estimated duration= 215.000
script duration name:unknown120_60 seconds:214.0
script duration name:co2 seconds:0.0
Script duration 214.0
Run total estimated duration= 215.000
script duration name:unknown120_60 seconds:214.0
script duration name:co2 seconds:0.0
Script duration 214.0
Run total estimated duration= 215.000
script duration name:unknown120_60 seconds:214.0
script duration name:co2 seconds:0.0
Script duration 214.0
Run total estimated duration= 215.000
script duration name:unknown120_60 seconds:214.0
script duration name:co2 seconds:0.0
Script duration 214.0
Run total estimated duration= 215.000
script duration name:unknown120_60 seconds:214.0
script duration name:co2 seconds:0.0
Script duration 214.0
Run total estimated duration= 215.000
script duration name:unknown400_120 seconds:556.0
script duration name:co2 seconds:0.0
Script duration 556.0
Run total estimated duration= 557.000
script duration name:unknown400_120 seconds:556.0
loading script "jan_unknown400_120.py"
loading script "jan_pump_ms.py"
loading script "jan_sniffair_x2.py"
loading script "jan_pump_extraction_line.py"
testing...
no interpolation path defined
calculate duration
testing...
no interpolation path defined
executed snippet estimated_duration=0, duration=4.60147857666e-05
calculate duration
testing...
no interpolation path defined
executed snippet estimated_duration=0, duration=9.79900360107e-05
calculate duration
testing...
no interpolation path defined
executed snippet estimated_duration=32.0, duration=0.000208854675293
calculate duration
testing...
no interpolation path defined
executed snippet estimated_duration=34.0, duration=9.79900360107e-05
calculate duration
testing...
no interpolation path defined
executed snippet estimated_duration=4.0, duration=0.000113010406494
calculate duration
testing...
no interpolation path defined
executed snippet estimated_duration=36.0, duration=0.0001220703125
calculate duration
testing...
no interpolation path defined
executed snippet estimated_duration=34.0, duration=0.000100135803223
calculate duration
testing...
no interpolation path defined
executed snippet estimated_duration=4.0, duration=6.41345977783e-05
calculate duration
testing...
no interpolation path defined
executed snippet estimated_duration=36.0, duration=8.79764556885e-05
calculate duration
testing...
no interpolation path defined
executed snippet estimated_duration=70.0, duration=9.29832458496e-05
executed snippet estimated_duration=250.0, duration=0.015613079071
script duration name:sniffair_x2 seconds:250.0
Script duration 806.0
Run total estimated duration= 807.000
script duration name:unknown400_120 seconds:556.0
sniffair_x2 in script context. using previous estimated duration
script duration name:sniffair_x2 seconds:250.0
Script duration 806.0
Run total estimated duration= 807.000
script duration name:unknown120_60 seconds:214.0
script duration name:cocktail_x1 seconds:108.0
Script duration 322.0
Run total estimated duration= 323.000
loading script "jan_ic_peak_hop3.py"
loading script "jan_pump_ms.py"
loading script "jan_sniffair_x1.py"
loading script "jan_pump_extraction_line.py"
testing...
no interpolation path defined
executed snippet estimated_duration=133.8, duration=0.00891399383545
script duration name:ic_peak_hop3 seconds:134.0
loading script "jan_ic_peak_hop3.py"
loading script "jan_pump_ms.py"
loading script "jan_sniffair_x1.py"
loading script "jan_pump_extraction_line.py"
testing...
no interpolation path defined
calculate duration
testing...
no interpolation path defined
executed snippet estimated_duration=0, duration=4.88758087158e-05
calculate duration
testing...
no interpolation path defined
executed snippet estimated_duration=0, duration=0.000100135803223
calculate duration
testing...
no interpolation path defined
executed snippet estimated_duration=32.0, duration=0.000164031982422
calculate duration
testing...
no interpolation path defined
executed snippet estimated_duration=34.0, duration=0.0001060962677
calculate duration
testing...
no interpolation path defined
executed snippet estimated_duration=4.0, duration=6.103515625e-05
calculate duration
testing...
no interpolation path defined
executed snippet estimated_duration=70.0, duration=0.000130176544189
executed snippet estimated_duration=140.0, duration=0.0181248188019
script duration name:sniffair_x1 seconds:140.0
Script duration 274.0
Run total estimated duration= 275.000
script duration name:unknown120_60 seconds:214.0
script duration name:co2 seconds:0.0
Script duration 214.0
Run total estimated duration= 215.000
script duration name:unknown120_60 seconds:214.0
script duration name:co2 seconds:0.0
Script duration 214.0
Run total estimated duration= 215.000
script duration name:unknown120_60 seconds:214.0
script duration name:co2 seconds:0.0
Script duration 214.0
Run total estimated duration= 215.000
script duration name:unknown120_60 seconds:214.0
script duration name:co2 seconds:0.0
Script duration 214.0
Run total estimated duration= 215.000
script duration name:unknown120_60 seconds:214.0
script duration name:co2 seconds:0.0
Script duration 214.0
Run total estimated duration= 215.000
script duration name:unknown400_120 seconds:556.0
script duration name:cocktail_x1 seconds:108.0
Script duration 664.0
Run total estimated duration= 665.000
script duration name:unknown120_60 seconds:214.0
script duration name:co2 seconds:0.0
Script duration 214.0
Run total estimated duration= 215.000
script duration name:unknown120_60 seconds:214.0
script duration name:co2 seconds:0.0
Script duration 214.0
Run total estimated duration= 215.000
script duration name:unknown120_60 seconds:214.0
script duration name:co2 seconds:0.0
Script duration 214.0
Run total estimated duration= 215.000
script duration name:unknown120_60 seconds:214.0
script duration name:co2 seconds:0.0
Script duration 214.0
Run total estimated duration= 215.000
script duration name:unknown120_60 seconds:214.0
script duration name:co2 seconds:0.0
Script duration 214.0
Run total estimated duration= 215.000
script duration name:unknown400_120 seconds:556.0
script duration name:co2 seconds:0.0
Script duration 556.0
Run total estimated duration= 557.000
script duration name:unknown120_60 seconds:214.0
script duration name:co2 seconds:0.0
Script duration 214.0
Run total estimated duration= 215.000
script duration name:unknown120_60 seconds:214.0
script duration name:co2 seconds:0.0
Script duration 214.0
Run total estimated duration= 215.000
script duration name:unknown120_60 seconds:214.0
script duration name:co2 seconds:0.0
Script duration 214.0
Run total estimated duration= 215.000
script duration name:unknown120_60 seconds:214.0
script duration name:co2 seconds:0.0
Script duration 214.0
Run total estimated duration= 215.000
script duration name:unknown120_60 seconds:214.0
script duration name:co2 seconds:0.0
Script duration 214.0
Run total estimated duration= 215.000
script duration name:unknown120_60 seconds:214.0
script duration name:cocktail_x1 seconds:108.0
Script duration 322.0
Run total estimated duration= 323.000
script duration name:unknown120_60 seconds:214.0
script duration name:co2 seconds:0.0
Script duration 214.0
Run total estimated duration= 215.000
script duration name:unknown120_60 seconds:214.0
script duration name:co2 seconds:0.0
Script duration 214.0
Run total estimated duration= 215.000
script duration name:unknown120_60 seconds:214.0
script duration name:co2 seconds:0.0
Script duration 214.0
Run total estimated duration= 215.000
script duration name:unknown120_60 seconds:214.0
script duration name:co2 seconds:0.0
Script duration 214.0
Run total estimated duration= 215.000
script duration name:unknown120_60 seconds:214.0
script duration name:co2 seconds:0.0
Script duration 214.0
Run total estimated duration= 215.000
script duration name:unknown400_120 seconds:556.0
script duration name:co2 seconds:0.0
Script duration 556.0
Run total estimated duration= 557.000
script duration name:unknown400_120 seconds:556.0
script duration name:sniffair_x2 seconds:250.0
Script duration 806.0
Run total estimated duration= 807.000
script duration name:unknown400_120 seconds:556.0
script duration name:cocktail_x1 seconds:108.0
Script duration 664.0
Run total estimated duration= 665.000
script duration name:unknown400_120 seconds:556.0
script duration name:sniffair_x2 seconds:250.0
Script duration 806.0
Run total estimated duration= 807.000
ic_peak_hop3 in script context. using previous estimated duration
script duration name:ic_peak_hop3 seconds:134.0
sniffair_x1 in script context. using previous estimated duration
script duration name:sniffair_x1 seconds:140.0
Script duration 274.0
Run total estimated duration= 275.000
script duration name:unknown120_60 seconds:214.0
script duration name:co2 seconds:0.0
Script duration 214.0
Run total estimated duration= 215.000
script duration name:unknown120_60 seconds:214.0
script duration name:co2 seconds:0.0
Script duration 214.0
Run total estimated duration= 215.000
script duration name:unknown120_60 seconds:214.0
script duration name:co2 seconds:0.0
Script duration 214.0
Run total estimated duration= 215.000
script duration name:unknown120_60 seconds:214.0
script duration name:co2 seconds:0.0
Script duration 214.0
Run total estimated duration= 215.000
script duration name:unknown120_60 seconds:214.0
script duration name:co2 seconds:0.0
Script duration 214.0
Run total estimated duration= 215.000
script duration name:unknown120_60 seconds:214.0
script duration name:co2 seconds:0.0
Script duration 214.0
Run total estimated duration= 215.000
script duration name:unknown120_60 seconds:214.0
script duration name:co2 seconds:0.0
Script duration 214.0
Run total estimated duration= 215.000
script duration name:unknown120_60 seconds:214.0
script duration name:co2 seconds:0.0
Script duration 214.0
Run total estimated duration= 215.000
script duration name:unknown120_60 seconds:214.0
script duration name:co2 seconds:0.0
Script duration 214.0
Run total estimated duration= 215.000
script duration name:unknown120_60 seconds:214.0
script duration name:co2 seconds:0.0
Script duration 214.0
Run total estimated duration= 215.000
script duration name:unknown400_120 seconds:556.0
script duration name:co2 seconds:0.0
Script duration 556.0
Run total estimated duration= 557.000
script duration name:unknown120_60 seconds:214.0
script duration name:cocktail_x1 seconds:108.0
Script duration 322.0
Run total estimated duration= 323.000
script duration name:unknown120_60 seconds:214.0
script duration name:co2 seconds:0.0
Script duration 214.0
Run total estimated duration= 215.000
script duration name:unknown120_60 seconds:214.0
script duration name:co2 seconds:0.0
Script duration 214.0
Run total estimated duration= 215.000
script duration name:unknown120_60 seconds:214.0
script duration name:co2 seconds:0.0
Script duration 214.0
Run total estimated duration= 215.000
script duration name:unknown120_60 seconds:214.0
script duration name:co2 seconds:0.0
Script duration 214.0
Run total estimated duration= 215.000
script duration name:unknown400_120 seconds:556.0
script duration name:cocktail_x1 seconds:108.0
Script duration 664.0
Run total estimated duration= 665.000
script duration name:unknown120_60 seconds:214.0
script duration name:co2 seconds:0.0
Script duration 214.0
Run total estimated duration= 215.000
script duration name:unknown120_60 seconds:214.0
script duration name:co2 seconds:0.0
Script duration 214.0
Run total estimated duration= 215.000
script duration name:unknown120_60 seconds:214.0
script duration name:co2 seconds:0.0
Script duration 214.0
Run total estimated duration= 215.000
script duration name:unknown120_60 seconds:214.0
script duration name:co2 seconds:0.0
Script duration 214.0
Run total estimated duration= 215.000
script duration name:unknown120_60 seconds:214.0
script duration name:co2 seconds:0.0
Script duration 214.0
Run total estimated duration= 215.000
script duration name:unknown120_60 seconds:214.0
script duration name:co2 seconds:0.0
Script duration 214.0
Run total estimated duration= 215.000
script duration name:unknown400_120 seconds:556.0
script duration name:co2 seconds:0.0
Script duration 556.0
Run total estimated duration= 557.000
script duration name:unknown400_120 seconds:556.0
script duration name:sniffair_x2 seconds:250.0
Script duration 806.0
Run total estimated duration= 807.000
script duration name:unknown400_120 seconds:556.0
script duration name:sniffair_x2 seconds:250.0
Script duration 806.0
Run total estimated duration= 807.000
script duration name:ic_peak_hop3 seconds:134.0
script duration name:sniffair_x1 seconds:140.0
Script duration 274.0
Run total estimated duration= 275.000
script duration name:unknown120_60 seconds:214.0
script duration name:co2 seconds:0.0
Script duration 214.0
Run total estimated duration= 215.000
script duration name:unknown120_60 seconds:214.0
script duration name:co2 seconds:0.0
Script duration 214.0
Run total estimated duration= 215.000
nruns=80 before=5.0, run_dur=25216.0, btw=3555.0
write rem/ex queues
/Users/jan/PychronDev/experiments/rem/CurrentExperiment.rem.txt
/Users/jan/PychronDev/experiments/rem/CurrentExperiment.ex.txt
doing event level: 3
