do run
loading script "jan_unknown120_60.py"
loading script "jan_pump_ms.py"
loading script "jan_co2.py"
loading script "jan_pump_extraction_line.py"
testing...
no interpolation path defined
executed snippet estimated_duration=213.652928, duration=0.00042986869812
script duration name:unknown120_60 seconds:214.0
loading script "jan_unknown120_60.py"
loading script "jan_pump_ms.py"
loading script "jan_co2.py"
loading script "jan_pump_extraction_line.py"
testing...
no interpolation path defined
executed snippet estimated_duration=0, duration=2.40802764893e-05
loading script "jan_unknown120_60.py"
loading script "jan_pump_ms.py"
loading script "jan_co2.py"
loading script "jan_pump_extraction_line.py"
testing...
no interpolation path defined
calculate duration
testing...
no interpolation path defined
executed snippet estimated_duration=0, duration=5.50746917725e-05
calculate duration
testing...
no interpolation path defined
executed snippet estimated_duration=0, duration=0.000100135803223
executed snippet estimated_duration=0.0, duration=0.00295090675354
script duration name:co2 seconds:0.0
loading script "jan_unknown120_60.py"
loading script "jan_pump_ms.py"
loading script "jan_co2.py"
loading script "jan_pump_extraction_line.py"
testing...
no interpolation path defined
calculate duration
testing...
no interpolation path defined
executed snippet estimated_duration=4.0, duration=0.000288963317871
executed snippet estimated_duration=4.0, duration=0.00188088417053
Script duration 214.0
Run total estimated duration= 215.000
run duration: 0:03:35
doing event level: 2
19:18:57 -- Setting default integration. t=1.048576
setting integration time = 1.048576
SetIntegrationTime 1.048576 ===>> OK
----------------- start -----------------
**************** Experiment Type: Ar/Ar, Ar/Ar
create new session 4419362736
close session 4419362736
$$$$$ Clearing conditionals
adding conditionals 
Add queue conditionals
add default conditionals
adding default conditionals from /Users/jan/PychronDev/setupfiles/spectrometer/default_conditionals.yaml
Start automated run 25323-09
loading script "jan_unknown120_60.py"
loading script "jan_pump_ms.py"
loading script "jan_co2.py"
loading script "jan_pump_extraction_line.py"
%%%%%%%%%%%%%%%%%% setting automated run 25323-09
No value "sensitivity_multiplier" in metadata
$$$$$$$$$$$$$$$ auto_save_detector_ic=False
============================= Pre Extraction Check =============================
loading queue conditionals pre_run_terminations
loading system conditionals pre_run_terminations
loading conditionals from /Users/jan/PychronDev/setupfiles/spectrometer/default_conditionals.yaml
19:18:57 -- ******* Pre Extraction Check *******
Get a measurement from the spectrometer
GetData ===>> H2,-0.110704790753632,H1,-0.0299984772781812,AX,-0.129714241145541,L1,0.00156393305605506,L2,0.08...
Pre Extraction Termination data. keys=H2,H1,AX,L1,L2,CDD, signals=-0.11070,-0.03000,-0.12971,0.00156,0.08763,0.00253
19:18:57 -- testing system defined conditionals
Checking default pre extraction terminations n=2
testing CDD
evaluate ot="CDD.inactive" t="CDD", ctx="{'CDD': False}"
GetDeflection CDD ===>> 50
testing CDD==2000
evaluate ot="CDD.deflection==2000" t="CDD==2000", ctx="{'CDD': 50.0}"
19:18:57 -- ******* Pre Extraction Check Passed *******
=================================================================================
19:18:57 -- stopping status monitor
stop 4976433200
Alive clients [4982646160]
19:18:57 -- starting status monitor
start 4976433200
Monitor already running
start extraction
do extraction
Analysis started at 19:18:57.179047
Extraction Started jan_co2.py
19:18:57 -- ******* Extraction Started jan_co2.py *******
state changed from not run to extraction
DO EXTRACTION <pychron.extraction_line.pyscript_runner.RemotePyScriptRunner object at 0x12b9a8890>
testing...
no interpolation path defined
calculate duration
testing...
no interpolation path defined
executed snippet estimated_duration=0, duration=5.00679016113e-05
calculate duration
testing...
no interpolation path defined
executed snippet estimated_duration=0, duration=9.29832458496e-05
executed snippet estimated_duration=100.0, duration=0.0025098323822
Jan CO2 laser analysis
doing GOSUB
testing...
no interpolation path defined
executed snippet estimated_duration=0, duration=4.50611114502e-05
Waiting for CO2 access
wait ('FelixCO2Flag', 0) {}
waiting for FelixCO2Flag = 0
Read FelixCO2Flag ===>> 0
finished waiting
CO2 free
wait ('CO2PumpTimeFlag', 0) {}
waiting for CO2PumpTimeFlag = 0
Read CO2PumpTimeFlag ===>> 0
finished waiting
acquire ('JanCO2Flag',) {'clear': True}
acquire JanCO2Flag
Set JanCO2Flag 1 ===>> OK
JanCO2Flag acquired
set extraction state False (0.75, 'red', 1.5)
CO2 acquired
executed snippet estimated_duration=0, duration=0.0504112243652
WaitForCO2Access.py completed successfully
gosub finished
doing GOSUB
testing...
no interpolation path defined
executed snippet estimated_duration=0, duration=0.000102996826172
Prepare for CO2 analysis
close () {'description': 'Jan Inlet'}
closing name=--- desc=Jan Inlet
checking ownership. requestor=129.138.12.150
check software interlocks R
interlocks []
actuate state mode=None-script, software_lock=False
doing actuation None-script close_channel False
Close R ===>> OK
GetIndicatorState R ===>> False
change switch state (True, True)
update switch state R False args=() kw={} ncanvase=2
19:18:57 -- CLOSE  VALVE-R (Jan Inlet)
---------------------------------------- close None (Jan Inlet) result=[(True, True)]
action=close, ok=True, locked=[False]
open () {'description': 'Jan Ion Pump'}
opening name=--- desc=Jan Ion Pump
checking ownership. requestor=129.138.12.150
check software interlocks O
interlocks []
actuate state mode=None-script, software_lock=False
doing actuation None-script open_channel False
Open O ===>> OK
GetIndicatorState O ===>> OK
change switch state (True, True)
update switch state O True args=() kw={} ncanvase=2
19:18:57 -- OPEN   VALVE-O (Jan Ion Pump)
---------------------------------------- open None (Jan Ion Pump) result=[(True, True)], time=0.09 sec
action=open, ok=True, locked=[False]
close () {'description': 'Microbone to Minibone'}
closing name=--- desc=Microbone to Minibone
checking ownership. requestor=129.138.12.150
check software interlocks L
interlocks []
actuate state mode=None-script, software_lock=False
doing actuation None-script close_channel False
Close L ===>> OK
GetIndicatorState L ===>> False
change switch state (True, True)
update switch state L False args=() kw={} ncanvase=2
19:18:58 -- CLOSE  VALVE-L (Microbone to Minibone)
---------------------------------------- close None (Microbone to Minibone) result=[(True, True)]
action=close, ok=True, locked=[False]
open () {'description': 'Microbone to Turbo'}
opening name=--- desc=Microbone to Turbo
checking ownership. requestor=129.138.12.150
check software interlocks U
interlocks []
actuate state mode=None-script, software_lock=False
doing actuation None-script open_channel False
Open U ===>> OK
GetIndicatorState U ===>> OK
change switch state (True, True)
update switch state U True args=() kw={} ncanvase=2
19:18:59 -- OPEN   VALVE-U (Microbone to Turbo)
---------------------------------------- open None (Microbone to Turbo) result=[(True, True)], time=0.14 sec
action=open, ok=True, locked=[False]
open () {'description': 'Microbone to Inlet Pipette'}
opening name=--- desc=Microbone to Inlet Pipette
checking ownership. requestor=129.138.12.150
check software interlocks S
interlocks []
actuate state mode=None-script, software_lock=False
doing actuation None-script open_channel False
Open S ===>> OK
GetIndicatorState S ===>> OK
change switch state (True, True)
update switch state S True args=() kw={} ncanvase=2
19:18:59 -- OPEN   VALVE-S (Microbone to Inlet Pipette)
---------------------------------------- open None (Microbone to Inlet Pipette) result=[(True, True)], time=0.42 sec
action=open, ok=True, locked=[False]
open () {'description': 'Microbone to Getter D-50'}
opening name=--- desc=Microbone to Getter D-50
checking ownership. requestor=129.138.12.150
check software interlocks K
interlocks []
actuate state mode=None-script, software_lock=False
doing actuation None-script open_channel False
Open K ===>> OK
GetIndicatorState K ===>> OK
change switch state (True, True)
update switch state K True args=() kw={} ncanvase=2
19:19:00 -- OPEN   VALVE-K (Microbone to Getter D-50)
---------------------------------------- open None (Microbone to Getter D-50) result=[(True, True)], time=0.40 sec
action=open, ok=True, locked=[False]
open () {'description': 'Microbone to Getter NP-10'}
opening name=--- desc=Microbone to Getter NP-10
checking ownership. requestor=129.138.12.150
check software interlocks M
interlocks []
actuate state mode=None-script, software_lock=False
doing actuation None-script open_channel False
Open M ===>> OK
GetIndicatorState M ===>> OK
change switch state (True, True)
update switch state M True args=() kw={} ncanvase=2
19:19:00 -- OPEN   VALVE-M (Microbone to Getter NP-10)
---------------------------------------- open None (Microbone to Getter NP-10) result=[(True, True)], time=0.14 sec
action=open, ok=True, locked=[False]
close () {'description': 'CO2 Laser to Felix'}
closing name=--- desc=CO2 Laser to Felix
checking ownership. requestor=129.138.12.150
check software interlocks F
interlocks []
actuate state mode=None-script, software_lock=True
VALVE-F(CO2 Laser to Felix) software locked
change switch state (True, False)
---------------------------------------- close None (CO2 Laser to Felix) result=[(True, False)]
action=close, ok=True, locked=[True]
open () {'description': 'CO2 Laser to Jan'}
opening name=--- desc=CO2 Laser to Jan
checking ownership. requestor=129.138.12.150
check software interlocks A
interlocks []
actuate state mode=None-script, software_lock=False
doing actuation None-script open_channel False
Open A ===>> OK
GetIndicatorState A ===>> OK
change switch state (True, True)
update switch state A True args=() kw={} ncanvase=2
19:19:01 -- OPEN   VALVE-A (CO2 Laser to Jan)
---------------------------------------- open None (CO2 Laser to Jan) result=[(True, True)], time=0.13 sec
action=open, ok=True, locked=[False]
open () {'description': 'Microbone to CO2 Laser'}
opening name=--- desc=Microbone to CO2 Laser
checking ownership. requestor=129.138.12.150
check software interlocks T
interlocks []
actuate state mode=None-script, software_lock=False
doing actuation None-script open_channel False
Open T ===>> OK
GetIndicatorState T ===>> OK
change switch state (True, True)
update switch state T True args=() kw={} ncanvase=2
19:19:01 -- OPEN   VALVE-T (Microbone to CO2 Laser)
---------------------------------------- open None (Microbone to CO2 Laser) result=[(True, True)], time=0.44 sec
action=open, ok=True, locked=[False]
executed snippet estimated_duration=0, duration=4.91186904907
PrepareForCO2Analysis.py completed successfully
gosub finished
set_motor ('beam', '1.25') {}
setting motor "beam" to 1.25
set motor beam to 1.25
SetMotor beam,1.25 ===>> OK
GetMotorMoving beam ===>> False
GetMotorMoving beam ===>> False
Block completed
move_to_position ('167',) {'autocenter': True}
FusionsCO2 move to position 167
sending GoToHole 167,True
GoToHole 167,True ===>> OK
GetDriveMoving ===>> OK
GetDriveMoving ===>> OK
GetDriveMoving ===>> OK
GetDriveMoving ===>> OK
GetDriveMoving ===>> OK
GetDriveMoving ===>> OK
GetDriveMoving ===>> False
GetDriveMoving ===>> False
Block completed
GetAutoCorrecting ===>> OK
GetAutoCorrecting ===>> OK
GetAutoCorrecting ===>> OK
GetAutoCorrecting ===>> False
GetAutoCorrecting ===>> False
Block completed
update position
GetPosition ===>> 11.96340,-5.98170,1.00000
got position (11.9634, -5.9817, 1.0)
move to position succeeded
sleep (5,) {}
SLEEP 5.0
block started
WaitControl setup for 5.0  
Join finished
block finished. duration 5.02198290825
close () {'description': 'Microbone to Turbo'}
closing name=--- desc=Microbone to Turbo
checking ownership. requestor=129.138.12.150
check software interlocks U
interlocks []
actuate state mode=None-script, software_lock=False
doing actuation None-script close_channel True
Close U ===>> OK
GetIndicatorState U ===>> False
change switch state (True, True)
update switch state U False args=() kw={} ncanvase=2
19:19:13 -- CLOSE  VALVE-U (Microbone to Turbo)
---------------------------------------- close None (Microbone to Turbo) result=[(True, True)]
action=close, ok=True, locked=[False]
enable laser
enable () {}
set extraction state FusionsCO2 Enabled (False, 'red', 1.5)
enabling laser
Enable ===>> OK
begin interval
BEGIN INTERVAL Interval 1 waiting for 30.0
block started
set extract to 5.0
WaitControl setup for 30.0  
extract (5.0,) {}
GetPosition ===>> 11.96340,-5.98170,1.00000
set extraction state FusionsCO2 ON! 5.0(watts) (0.75, 'red', 1.5)
extract sample to 5.0 (watts)
set laser output
SetLaserOutput 5.0,watts ===>> OK
executing pattern triangle.lp
execute_pattern ('triangle.lp',) {}
executing pattern triangle.lp
IsPatterning ===>> OK
IsPatterning ===>> OK
IsPatterning ===>> OK
IsPatterning ===>> OK
IsPatterning ===>> OK
IsPatterning ===>> OK
IsPatterning ===>> OK
IsPatterning ===>> OK
IsPatterning ===>> OK
IsPatterning ===>> OK
IsPatterning ===>> OK
IsPatterning ===>> OK
IsPatterning ===>> OK
State checksums do not match. Local:-1452036699 Remote:488267660
State checksum failed
IsPatterning ===>> OK
set states for children of V. state=False
handle state [('V', False)]
update switch state V False args=() kw={'refresh': False} ncanvase=2
refresh_canvas_needed fired
IsPatterning ===>> OK
IsPatterning ===>> OK
set states for children of H. state=True
handle state [('H', True)]
update switch state H True args=() kw={'refresh': False} ncanvase=2
refresh_canvas_needed fired
IsPatterning ===>> OK
IsPatterning ===>> OK
IsPatterning ===>> OK
IsPatterning ===>> OK
IsPatterning ===>> OK
IsPatterning ===>> OK
IsPatterning ===>> OK
IsPatterning ===>> OK
IsPatterning ===>> OK
IsPatterning ===>> OK
IsPatterning ===>> False
IsPatterning ===>> False
Block completed
COMPLETE INTERVAL waiting for Interval 1 to complete
Join finished
block finished. duration 30.1075148582
Interval 1 finished
end_extract () {}
ending extraction. set laser power to 0
set laser power 0
SetLaserPower 0 ===>> OK
disable () {}
%%%%%%%%%%%%%%%%%%%%%%%%%%%%%%%%%%% disable
set extraction state False (0.75, 'red', 1.5)
disabling laser
Disable ===>> OK
sleep (30.0,) {}
SLEEP 30.0
block started
WaitControl setup for 30.0  
set states for children of H. state=False
handle state [('H', False)]
update switch state H False args=() kw={'refresh': False} ncanvase=2
refresh_canvas_needed fired
set states for children of C. state=True
handle state [('C', True)]
update switch state C True args=() kw={'refresh': False} ncanvase=2
refresh_canvas_needed fired
State checksums do not match. Local:-299991100 Remote:-1640178555
State checksum failed
set states for children of B. state=True
set states for children of D. state=True
handle state [('B', True), ('D', True)]
update switch state B True args=() kw={'refresh': True} ncanvase=2
update switch state D True args=() kw={'refresh': False} ncanvase=2
refresh_canvas_needed fired
Join finished
block finished. duration 30.0975670815
executed snippet estimated_duration=166.5, duration=77.659168005
jan_co2.py completed successfully
GetAchievedOutput ===>> No Response
Requested Output= 0.000
Achieved Output=  0.000
GetResponseBlob ===>> No Response
GetOutputBlob ===>> No Response
persistence save...
persistence save - db
AutomatedRunPersister post_extraction_save deprecated
persistence save - dvc
no extraction position for 167
create new session 4982376208
close session 4982376208
Extraction Finished
19:20:14 -- ******* Extraction Finished *******
no overlap. not waiting for min ms pumptime
19:20:14 -- Sending spectrometer configuration
======== Sending configuration ========
SetDeflection CDD,50.0 ===>> OK
SetDeflection H2,0.0 ===>> OK
SetDeflection H1,0.0 ===>> OK
SetDeflection L2,825.0 ===>> OK
SetDeflection L1,400.0 ===>> OK
SetDeflection AX,190.0 ===>> OK
SetZFocus 74.64 ===>> OK
SetZSymmetry -50.72 ===>> OK
SetExtractionLens 26.13 ===>> OK
SetIonRepeller -3.81 ===>> OK
SetElectronEnergy 75.08 ===>> OK
SetYSymmetry -2.81 ===>> OK
SetIonCounterVoltage 1590.0 ===>> OK
send trap current 200.0
GetParameter Trap Current Readback ===>> 198.258926936459
SetParameter Trap Current Set,200.0 ===>> OK
updating mftable name mftable
Using mftable located at /Users/jan/PychronDev/setupfiles/spectrometer/mftables/mftable.csv
============ MFtable ===========
Isotope  H2     H1     AX     L1     L2     CDD    
Ar40     5.8008 5.8793 5.9928 6.1407 6.2313 6.3689
Ar39     5.7000 5.7716 5.8852 6.0267 6.1164 6.2554
Ar36     5.3775 5.4406 5.5486 5.6856 5.7714 5.9065
================================
get initial guess parabolic
get initial guess parabolic
get initial guess parabolic
get initial guess parabolic
get initial guess parabolic
get initial guess parabolic
======== Configuration Finished ========
GetYSymmetry ===>> -2.81
GetZSymmetry ===>> -50.72
GetParameter Trap Current Readback ===>> 198.147042666178
GetHighVoltage ===>> 4500
start measurement
do measurement
L#=25323 analysis type=unknown
Measurement Started jan_unknown120_60.py
19:20:15 -- ******* Measurement Started jan_unknown120_60.py *******
state changed from extraction to measurement
setting spec, defl, and gains
GetExtractionLens ===>> 26.13
GetYSymmetry ===>> -2.81
GetZSymmetry ===>> -50.72
GetZFocus ===>> 74.64
GetDeflection H2 ===>> 0
GetDeflection H1 ===>> 0
GetDeflection AX ===>> 190
GetDeflection L1 ===>> 400
GetDeflection L2 ===>> 825
GetDeflection CDD ===>> 50
GetGain H2 ===>> 0.0113
GetGain H1 ===>> 0.1
GetGain AX ===>> 0.097049
GetGain L1 ===>> 0.010355
GetGain L2 ===>> 0.095649
GetGain CDD ===>> 0
pre measurement save
New frame /Users/jan/PychronDev/data/isotopes/db/9b926e-698a-42cf-a2e0-1e89ab7d043e.h5
flush and close file /Users/jan/PychronDev/data/isotopes/db/9b926e-698a-42cf-a2e0-1e89ab7d043e.h5
testing...
no interpolation path defined
executed snippet estimated_duration=226.132928, duration=0.000123977661133
unknown measurement script
activate_detectors ('H2', 'H1', 'AX', 'L1', 'L2', 'CDD') {}
activate detectors
*************** Set Analysis View Ar/Ar
create graphs
clearing graphs
clear isotope group
setting isotope det=H2, iso=PM41
setting isotope det=H1, iso=Ar40
setting isotope det=AX, iso=Ar39
setting isotope det=L1, iso=Ar38
setting isotope det=L2, iso=Ar37
setting isotope det=CDD, iso=Ar36
setting previous blanks
 - setting Ar40 blank 0.104+/-0.007
 - setting Ar36 blank 0.00443+/-0.00017
 - setting Ar37 blank 0.042+/-0.005
 - setting Ar38 blank 0.0042+/-0.0023
 - setting PM41 blank 0.03+/-0.06
 - setting Ar39 blank 0.024+/-0.009
load analysis view
position_magnet ('Ar40',) {'detector': 'H1'}
detector Detector(H1)
POSITION Ar40 H1
setting detector H2 to PM41 (40.9624)
setting detector H1 to Ar40 (39.9624)
setting detector AX to Ar39 (38.9624)
setting detector L1 to Ar38 (37.9624)
setting detector L2 to Ar37 (36.9624)
setting detector CDD to Ar36 (35.9624)
Mapping mass to dac mass func: "parabolic"
H1 map mass coeffs = [-0.00063987  0.15840543  0.57090999]
H1 map mass to dac 39.9624 >> 5.8793
GetDeflection H1 ===>> 0
GetHighVoltage ===>> 4500
positioning Ar40 (5.8793) on H1
setting magnet DAC
current  : 5.879300
requested: 5.879300
Delta Dac: 0.000000
Checking detector protection. dv=0.00000
Checking detector "CDD". Protection Threshold: 0.1 (V)
SetMagnetDAC 5.8793 ===>> OK
Magnet settling time: 0.500
equilibrate () {'delay': 3, 'inlet': 'R', 'outlet': 'O', 'eqtime': 12.0}
Equilibration Started
19:20:16 -- ******* Equilibration Started *******
checking ownership. requestor=129.138.12.150
check software interlocks O
interlocks []
actuate state mode=None-script, software_lock=False
doing actuation None-script close_channel True
Close O ===>> OK
GetIndicatorState O ===>> False
change switch state (True, True)
update switch state O False args=() kw={} ncanvase=2
19:20:16 -- CLOSE  VALVE-O (Jan Ion Pump)
waiting 3s before opening inlet value ('R',)
update labels <pychron.experiment.plot_panel.PlotPanel object at 0x1a2abdb90>
update labels "<pychron.graph.stacked_regression_graph.StackedRegressionGraph object at 0x19e0ae5f0>"
setting label 0 H2 PM41
setting label 1 H1 Ar40
setting label 2 AX Ar39
setting label 3 L1 Ar38
setting label 4 L2 Ar37
setting label 5 CDD Ar36
update labels "<pychron.graph.stacked_graph.StackedGraph object at 0x1a3c49b90>"
setting label 0 H2 PM41
setting label 1 H1 Ar40
setting label 2 AX Ar39
setting label 3 L1 Ar38
setting label 4 L2 Ar37
setting label 5 CDD Ar36
checking ownership. requestor=129.138.12.150
check software interlocks R
interlocks []
actuate state mode=None-script, software_lock=False
doing actuation None-script open_channel True
Open R ===>> OK
GetIndicatorState R ===>> OK
change switch state (True, True)
update switch state R True args=() kw={} ncanvase=2
19:20:20 -- OPEN   VALVE-R (Jan Inlet)
set_time_zero () {}
equilibrating for 12.0sec
sniff (12.0,) {}
py_sniff
build tables- sniff [Detector(H2), Detector(H1), Detector(AX), Detector(L1), Detector(L2), Detector(CDD)]
add group /sniff/PM41 (Group) '' table H2
add group /sniff/Ar40 (Group) '' table H1
add group /sniff/Ar39 (Group) '' table AX
add group /sniff/Ar38 (Group) '' table L1
add group /sniff/Ar37 (Group) '' table L2
add group /sniff/Ar36 (Group) '' table CDD
flush and close file /Users/jan/PychronDev/data/isotopes/db/9b926e-698a-42cf-a2e0-1e89ab7d043e.h5
measuring sniff. ncounts=12.0
"sniff" increment series count="1" fit count="0" regressing="False"
starting measurement
GetData ===>> H2,-0.183499531113226,H1,-0.0610940688596571,AX,-0.079930942992306,L1,0.0271452690795314,L2,-0.01...
GetData ===>> H2,0.540371212127526,H1,657.248577937697,AX,86.4332406764818,L1,0.339190478844791,L2,0.5402974291...
GetData ===>> H2,0.79520211163797,H1,1670.66965446655,AX,211.80039577109,L1,1.46276671532108,L2,0.5472239122191...
GetData ===>> H2,0.335644288457806,H1,2014.77875088802,AX,249.215914143301,L1,2.26685695153428,L2,0.66102128072...
GetData ===>> H2,0.0509931030505774,H1,2131.78423807905,AX,261.073096974205,L1,2.74588395291782,L2,0.5492127968...
GetData ===>> H2,0.0868088317565726,H1,2177.0691754527,AX,265.149565049256,L1,2.97932208195074,L2,0.46708560954...
GetData ===>> H2,0.0454068225568975,H1,2196.62187941532,AX,266.661569489143,L1,3.13017202991676,L2,0.5312457498...
GetData ===>> H2,-0.053515124014054,H1,2204.62681871108,AX,267.554287353956,L1,3.26479141030393,L2,0.4816366921...
GetData ===>> H2,-0.134885369957763,H1,2208.13389955977,AX,267.736133121166,L1,3.32312568120648,L2,0.5575688487...
GetData ===>> H2,-0.0348100824526645,H1,2209.0670094314,AX,267.973246852627,L1,3.35775401462633,L2,0.5916864672...
GetData ===>> H2,0.0344987226022045,H1,2209.67696705492,AX,267.949841432137,L1,3.40199299322994,L2,0.6845760458...
Equilibration Finished
19:20:32 -- ******* Equilibration Finished *******
checking ownership. requestor=129.138.12.150
check software interlocks R
interlocks []
actuate state mode=None-script, software_lock=False
doing actuation None-script close_channel True
GetData ===>> H2,-0.0157238244768414,H1,2209.83236049209,AX,268.020919631781,L1,3.40922557140624,L2,0.648823099...
Close R ===>> OK
set states for children of R. state=False
handle state [('R', False)]
update switch state R False args=() kw={'refresh': False} ncanvase=2
refresh_canvas_needed fired
GetIndicatorState R ===>> False
change switch state (True, True)
update switch state R False args=() kw={} ncanvase=2
19:20:33 -- CLOSE  VALVE-R (Jan Inlet)
Post Equilibration Started jan_pump_extraction_line.py
19:20:33 -- ******* Post Equilibration Started jan_pump_extraction_line.py *******
testing...
no interpolation path defined
calculate duration
testing...
no interpolation path defined
executed snippet estimated_duration=4.0, duration=0.000154972076416
executed snippet estimated_duration=4.0, duration=0.00170302391052
Pump after analysis
doing GOSUB
testing...
no interpolation path defined
executed snippet estimated_duration=4.0, duration=0.000141859054565
Pump Microbone
close () {'description': 'Jan Inlet'}
closing name=--- desc=Jan Inlet
checking ownership. requestor=129.138.12.150
check software interlocks R
interlocks []
actuate state mode=None-script, software_lock=False
doing actuation None-script close_channel False
Close R ===>> OK
measurement finished
estimated time: 12.583 actual time: :12.685
flush and close file /Users/jan/PychronDev/data/isotopes/db/9b926e-698a-42cf-a2e0-1e89ab7d043e.h5
set_fits () {}
using default fits file=/Users/jan/PychronDev/scripts/measurement/fits/nominal_linear.yaml
set "Ar40" to "('Linear', 'SEM')"
No fit for "PM41". defaulting to linear. check the measurement script "jan_unknown120_60.py"
set "PM41" to "linear"
set "Ar36" to "('Linear', 'SEM')"
set "Ar37" to "('linear', 'SEM')"
set "Ar38" to "('linear', 'SEM')"
set "Ar39" to "('Linear', 'SEM')"
set_baseline_fits () {}
using default fits file=/Users/jan/PychronDev/scripts/measurement/fits/nominal_linear.yaml
GetIndicatorState R ===>> False
change switch state (True, True)
update switch state R False args=() kw={} ncanvase=2
set "H1" to "('average', 'SEM')"
set "H2" to "('average', 'SEM')"
set "CDD" to "('average', 'SEM')"
set "L2" to "('average', 'SEM')"
set "L1" to "('average', 'SEM')"
set "AX" to "('average', 'SEM')"
multicollect () {'integration_time': 1, 'ncounts': 120}
build tables- signal [Detector(H2), Detector(H1), Detector(AX), Detector(L1), Detector(L2), Detector(CDD)]
19:20:33 -- CLOSE  VALVE-R (Jan Inlet)
---------------------------------------- close None (Jan Inlet) result=[(True, True)]
add group /signal/PM41 (Group) '' table H2
add group /signal/Ar40 (Group) '' table H1
add group /signal/Ar39 (Group) '' table AX
add group /signal/Ar38 (Group) '' table L1
add group /signal/Ar37 (Group) '' table L2
add group /signal/Ar36 (Group) '' table CDD
flush and close file /Users/jan/PychronDev/data/isotopes/db/9b926e-698a-42cf-a2e0-1e89ab7d043e.h5
measuring signal. ncounts=120
action=close, ok=True, locked=[False]
is_closed ('F',) {}
is F () closed?
is closed True
open () {'description': 'CO2 Laser to Jan'}
opening name=--- desc=CO2 Laser to Jan
checking ownership. requestor=129.138.12.150
check software interlocks A
interlocks []
actuate state mode=None-script, software_lock=False
doing actuation None-script open_channel False
Open A ===>> OK
GetIndicatorState A ===>> OK
change switch state (True, True)
update switch state A True args=() kw={} ncanvase=2
19:20:34 -- OPEN   VALVE-A (CO2 Laser to Jan)
---------------------------------------- open None (CO2 Laser to Jan) result=[(True, True)], time=0.12 sec
starting measurement
GetData ===>> H2,-0.0935877386985788,H1,2209.27698049363,AX,268.050178873815,L1,3.44991536498585,L2,0.567789141...
action=open, ok=True, locked=[False]
sleep (1,) {}
SLEEP 1.0
"signal" increment series count="2" fit count="1" regressing="True"
close () {'description': 'CO2 Laser to Roughing'}
closing name=--- desc=CO2 Laser to Roughing
checking ownership. requestor=129.138.12.150
GetData ===>> H2,0.0537490979633266,H1,2208.84225264809,AX,268.033328848991,L1,3.47889411164512,L2,0.6374265742...
check software interlocks G
interlocks []
actuate state mode=None-script, software_lock=True
VALVE-G(CO2 Laser to Roughing) software locked
change switch state (True, False)
---------------------------------------- close None (CO2 Laser to Roughing) result=[(True, False)]
action=close, ok=True, locked=[True]
open () {'description': 'Microbone to Turbo'}
opening name=--- desc=Microbone to Turbo
checking ownership. requestor=129.138.12.150
check software interlocks U
interlocks []
actuate state mode=None-script, software_lock=False
doing actuation None-script open_channel True
Open U ===>> OK
GetIndicatorState U ===>> OK
change switch state (True, True)
update switch state U True args=() kw={} ncanvase=2
19:20:35 -- OPEN   VALVE-U (Microbone to Turbo)
---------------------------------------- open None (Microbone to Turbo) result=[(True, True)], time=0.18 sec
action=open, ok=True, locked=[False]
open () {'description': 'Microbone to Getter NP-10'}
opening name=--- desc=Microbone to Getter NP-10
checking ownership. requestor=129.138.12.150
check software interlocks M
interlocks []
actuate state mode=None-script, software_lock=False
doing actuation None-script open_channel False
Open M ===>> OK
GetIndicatorState M ===>> OK
change switch state (True, True)
update switch state M True args=() kw={} ncanvase=2
19:20:35 -- OPEN   VALVE-M (Microbone to Getter NP-10)
---------------------------------------- open None (Microbone to Getter NP-10) result=[(True, True)], time=0.15 sec
action=open, ok=True, locked=[False]
open () {'description': 'Microbone to Getter D-50'}
opening name=--- desc=Microbone to Getter D-50
checking ownership. requestor=129.138.12.150
check software interlocks K
interlocks []
actuate state mode=None-script, software_lock=False
doing actuation None-script open_channel False
GetData ===>> H2,-0.0779776383459159,H1,2207.61265972021,AX,267.726076719116,L1,3.50510923259525,L2,0.535188611...
Open K ===>> OK
GetIndicatorState K ===>> OK
change switch state (True, True)
update switch state K True args=() kw={} ncanvase=2
19:20:36 -- OPEN   VALVE-K (Microbone to Getter D-50)
---------------------------------------- open None (Microbone to Getter D-50) result=[(True, True)], time=0.41 sec
action=open, ok=True, locked=[False]
open () {'description': 'Microbone to CO2 Laser'}
opening name=--- desc=Microbone to CO2 Laser
checking ownership. requestor=129.138.12.150
check software interlocks T
interlocks []
actuate state mode=None-script, software_lock=False
doing actuation None-script open_channel False
Open T ===>> OK
GetIndicatorState T ===>> OK
change switch state (True, True)
update switch state T True args=() kw={} ncanvase=2
19:20:37 -- OPEN   VALVE-T (Microbone to CO2 Laser)
---------------------------------------- open None (Microbone to CO2 Laser) result=[(True, True)], time=0.43 sec
GetData ===>> H2,-0.0876449222940699,H1,2206.52085237474,AX,267.635522222149,L1,3.49002929085595,L2,0.606508086...
action=open, ok=True, locked=[False]
open () {'description': 'Microbone to Inlet Pipette'}
opening name=--- desc=Microbone to Inlet Pipette
checking ownership. requestor=129.138.12.150
check software interlocks S
interlocks []
actuate state mode=None-script, software_lock=False
doing actuation None-script open_channel False
Open S ===>> OK
GetIndicatorState S ===>> OK
change switch state (True, True)
update switch state S True args=() kw={} ncanvase=2
19:20:37 -- OPEN   VALVE-S (Microbone to Inlet Pipette)
---------------------------------------- open None (Microbone to Inlet Pipette) result=[(True, True)], time=0.42 sec
action=open, ok=True, locked=[False]
sleep (1,) {}
SLEEP 1.0
GetData ===>> H2,-0.104408526100185,H1,2206.10572835732,AX,267.553929311601,L1,3.45769826780497,L2,0.5812349424...
set_resource () {'name': 'CO2PumpTimeFlag', 'value': 30}
Set CO2PumpTimeFlag 30 ===>> OK
release ('JanCO2Flag',) {}
release JanCO2Flag
Set JanCO2Flag 0 ===>> OK
executed snippet estimated_duration=6.0, duration=5.99296498299
PumpMicrobone.py completed successfully
gosub finished
get_resource_value () {'name': 'JanMiniboneFlag'}
Read JanMiniboneFlag ===>> 0
Get Resource Value JanMiniboneFlag=0.0
get resource value 0.0
get_resource_value () {'name': 'JanMiniboneFlag'}
Read JanMiniboneFlag ===>> 0
Get Resource Value JanMiniboneFlag=0.0
executed snippet estimated_duration=4.0, duration=6.00876402855
jan_pump_extraction_line.py completed successfully
Post Equilibration Finished
19:20:39 -- ******* Post Equilibration Finished *******
GetData ===>> H2,-0.119865246429092,H1,2204.46862943198,AX,267.407213464242,L1,3.43262368663651,L2,0.6351748633...
GetData ===>> H2,-0.0764990477788279,H1,2204.08359570186,AX,267.262868291649,L1,3.40604419811653,L2,0.561192698...
GetData ===>> H2,-0.0625207464391851,H1,2202.83516941103,AX,267.264547570721,L1,3.38560770867605,L2,0.507774793...
GetData ===>> H2,-0.119142855202305,H1,2201.51178230768,AX,267.043427440708,L1,3.41613413048704,L2,0.6732781847...
GetData ===>> H2,-0.11677649916075,H1,2201.23244844763,AX,266.875667813065,L1,3.40785640945628,L2,0.57313979549...
GetData ===>> H2,-0.0592556753173726,H1,2200.16162778278,AX,267.184643937346,L1,3.42264596475643,L2,0.451668896...
GetData ===>> H2,-0.0119717232743101,H1,2199.2271320039,AX,267.223587656276,L1,3.38947445763555,L2,0.6364893074...
GetData ===>> H2,0.0044584008386596,H1,2198.42674041579,AX,267.00532377893,L1,3.42060306558511,L2,0.64171297200...
GetData ===>> H2,0.0644358636488456,H1,2197.57664005874,AX,266.657418463186,L1,3.42639346391184,L2,0.5212007572...
GetData ===>> H2,0.0310529814384066,H1,2196.95932138497,AX,266.406526196778,L1,3.4259498774783,L2,0.59823926206...
GetData ===>> H2,-0.0607920567595911,H1,2195.65740957931,AX,266.451372256425,L1,3.41558528301895,L2,0.609596212...
GetData ===>> H2,-0.0473413447656357,H1,2195.39632747549,AX,266.369235940414,L1,3.40464595633653,L2,0.533337160...
GetData ===>> H2,-0.0926516735071444,H1,2194.77045713965,AX,266.346375626562,L1,3.40699094555995,L2,0.625414250...
GetData ===>> H2,-0.129030481687326,H1,2193.36174802244,AX,266.174152167257,L1,3.40352972604322,L2,0.5346628870...
GetData ===>> H2,-0.0983102377790242,H1,2192.79000973875,AX,266.265915465355,L1,3.34893958984976,L2,0.744323583...
GetData ===>> H2,-0.0336287784571171,H1,2191.58253899804,AX,266.121040053101,L1,3.36864358294942,L2,0.565319708...
GetData ===>> H2,-0.102777673049776,H1,2190.57601041757,AX,265.943143347298,L1,3.36952308476651,L2,0.4587945359...
GetData ===>> H2,-0.138518266213468,H1,2189.42437835513,AX,265.786754131902,L1,3.3679741973258,L2,0.53507432309...
GetData ===>> H2,-0.0785711889229977,H1,2189.12324223983,AX,265.742522902298,L1,3.34931599588909,L2,0.575357889...
19:20:59 -- collecting point 25
GetData ===>> H2,0.0265886826978088,H1,2187.6198776588,AX,265.689906490778,L1,3.37707157940012,L2,0.51055124295...
GetData ===>> H2,-0.0333436177663095,H1,2187.10946758953,AX,265.69259462903,L1,3.36838870777867,L2,0.4947619722...
GetData ===>> H2,-0.0913822405405332,H1,2185.7496460442,AX,265.536129788576,L1,3.3747566408136,L2,0.57624971467...
GetData ===>> H2,-0.112891033913608,H1,2185.18401575046,AX,265.241834334074,L1,3.38603090087863,L2,0.5808004398...
GetData ===>> H2,0.0455839066428614,H1,2184.03782490986,AX,264.956909258667,L1,3.4010556755443,L2,0.57305976214...
GetData ===>> H2,-0.0246278391171921,H1,2183.31541703027,AX,264.690976620178,L1,3.37606539392091,L2,0.414126009...
GetData ===>> H2,-0.052675230742969,H1,2182.33536918647,AX,264.880385051698,L1,3.33532997399552,L2,0.6290372191...
GetData ===>> H2,-0.0315890435575183,H1,2181.44505427966,AX,264.780657846284,L1,3.35030114537509,L2,0.466206219...
GetData ===>> H2,-0.0916572738001792,H1,2181.1798070493,AX,264.901666887714,L1,3.36094574746646,L2,0.5226291619...
GetData ===>> H2,0.0317638358672894,H1,2179.63699413504,AX,264.996897135849,L1,3.33195233138319,L2,0.5903942586...
GetData ===>> H2,0.0542712034546109,H1,2178.55092808204,AX,264.675043796045,L1,3.35231368194923,L2,0.5840249536...
GetData ===>> H2,0.0159019368382965,H1,2178.04281658411,AX,264.729471817844,L1,3.35786323907034,L2,0.6115177629...
GetData ===>> H2,-0.0444094055952118,H1,2176.74215441494,AX,264.489011385016,L1,3.34675695248594,L2,0.539268786...
GetData ===>> H2,-0.117223019182254,H1,2176.63983009086,AX,264.296716055791,L1,3.3374801434741,L2,0.42106139244...
GetData ===>> H2,-0.0157890438620756,H1,2175.99202068941,AX,264.415086048809,L1,3.34667021502273,L2,0.636020677...
GetData ===>> H2,-0.0875127073649757,H1,2175.35401381369,AX,264.262036336091,L1,3.33083925096403,L2,0.439482011...
GetData ===>> H2,-0.122936925001807,H1,2174.07886810274,AX,263.845253810581,L1,3.35197356984552,L2,0.5929558218...
GetData ===>> H2,0.0191693465766376,H1,2173.56541960818,AX,263.8380140576,L1,3.37975142366292,L2,0.505341181760...
GetData ===>> H2,-0.0755746616298883,H1,2172.71602741127,AX,263.961339631538,L1,3.37329532528802,L2,0.587741283...
GetData ===>> H2,-0.122807095438777,H1,2170.91802019656,AX,263.764888116012,L1,3.33841895515992,L2,0.5983536254...
GetData ===>> H2,-0.0996614837864665,H1,2169.81801330989,AX,263.852083975805,L1,3.31917968411002,L2,0.501993638...
GetData ===>> H2,-0.0516656486046994,H1,2169.4901373866,AX,263.582838804467,L1,3.33492572456765,L2,0.5228005719...
GetData ===>> H2,-0.0932802409803681,H1,2168.88017543991,AX,263.649127973453,L1,3.33140696472073,L2,0.588953409...
GetData ===>> H2,-0.109543135569407,H1,2167.48733328879,AX,263.440840222622,L1,3.31058055630683,L2,0.6748904499...
GetData ===>> H2,0.00159081119432199,H1,2166.91374086663,AX,263.106163349283,L1,3.31673752249676,L2,0.616733594...
19:21:25 -- collecting point 50
GetData ===>> H2,-0.173524636443931,H1,2165.92795145394,AX,263.291093188507,L1,3.34416489804699,L2,0.5797370601...
GetData ===>> H2,-0.0815574437304497,H1,2165.18507271462,AX,262.947573186872,L1,3.35745155223438,L2,0.575220686...
GetData ===>> H2,-0.131625995280229,H1,2164.01380199924,AX,262.905938117805,L1,3.34656948845007,L2,0.5242175728...
GetData ===>> H2,-0.0815086727275428,H1,2162.85298005548,AX,263.005498614317,L1,3.30106836777948,L2,0.600332133...
GetData ===>> H2,-0.0628217149830981,H1,2161.61814746498,AX,262.885869142858,L1,3.3282121845733,L2,0.4988404277...
GetData ===>> H2,-0.032096974397694,H1,2161.12775098301,AX,262.704313526196,L1,3.29587517116773,L2,0.5041529618...
GetData ===>> H2,0.0466927878024165,H1,2160.92154942403,AX,262.717017724995,L1,3.3435578832586,L2,0.57011000795...
GetData ===>> H2,-0.0610713765618026,H1,2160.73870867748,AX,262.488094627697,L1,3.35811249865544,L2,0.574031600...
GetData ===>> H2,-0.123366974823686,H1,2159.96682088211,AX,262.343100677698,L1,3.34222813876916,L2,0.6066110226...
GetData ===>> H2,-0.113736990308593,H1,2158.97421273242,AX,262.600334653873,L1,3.31519588149626,L2,0.6659947424...
GetData ===>> H2,-0.0830936232659346,H1,2157.45537648207,AX,262.351956022984,L1,3.30316557405176,L2,0.629997271...
GetData ===>> H2,-0.0305187836262424,H1,2156.29735183127,AX,261.940449323844,L1,3.31435875609816,L2,0.437984918...
GetData ===>> H2,-0.0431626156961751,H1,2155.79203138573,AX,261.916665050275,L1,3.33621265694593,L2,0.593859246...
GetData ===>> H2,0.0252411584602249,H1,2154.98805545054,AX,262.074144723698,L1,3.34175787142739,L2,0.6291515106...
GetData ===>> H2,-0.0261280364022879,H1,2154.41472956233,AX,262.072838193808,L1,3.31568784282804,L2,0.525748871...
GetData ===>> H2,-0.112135710795472,H1,2153.28683247123,AX,262.037074840837,L1,3.29469103113211,L2,0.5258174377...
GetData ===>> H2,-0.144714624229048,H1,2152.49602800157,AX,261.805042697901,L1,3.32123501661398,L2,0.6242490071...
GetData ===>> H2,-0.0902549410976651,H1,2151.36886791469,AX,261.517464624193,L1,3.33357879321908,L2,0.470020775...
GetData ===>> H2,-0.141877017810588,H1,2150.84067927853,AX,261.503355428616,L1,3.37125006879857,L2,0.6170653121...
GetData ===>> H2,-0.0851334139582318,H1,2149.6396495506,AX,261.531112499227,L1,3.30563049815004,L2,0.5821725601...
GetData ===>> H2,-0.0300284406220438,H1,2148.63012071847,AX,261.195545888163,L1,3.27749704833222,L2,0.620702848...
GetData ===>> H2,-0.0560534232110251,H1,2147.79597072944,AX,261.208017203609,L1,3.28454975317548,L2,0.462368974...
GetData ===>> H2,-0.0905801351021089,H1,2146.86893233551,AX,260.840814193494,L1,3.2986628410808,L2,0.4932311682...
GetData ===>> H2,-0.112375307977443,H1,2145.85867363815,AX,260.796157385172,L1,3.2688428855277,L2,0.59714138041...
GetData ===>> H2,-0.0589057907139893,H1,2145.45650976067,AX,260.826995437024,L1,3.26903252781046,L2,0.569789885...
19:21:52 -- collecting point 75
GetData ===>> H2,-0.0493041795799865,H1,2144.48900010914,AX,260.889061366407,L1,3.29507642206511,L2,0.605890473...
GetData ===>> H2,0.0038383204115829,H1,2143.83311018291,AX,260.5912731402,L1,3.29692116796942,L2,0.432351029438...
GetData ===>> H2,-0.0132329801157103,H1,2142.61488116095,AX,260.658757799909,L1,3.24450944272992,L2,0.503296081...
GetData ===>> H2,0.00526074787008521,H1,2142.53348867477,AX,260.542388428483,L1,3.24597882733785,L2,0.565719844...
GetData ===>> H2,-0.11428107616176,H1,2141.61152439297,AX,260.592602560342,L1,3.23667325421676,L2,0.61059129623...
GetData ===>> H2,-0.052675230742969,H1,2140.56996584053,AX,260.676235978995,L1,3.25528271445841,L2,0.6377237583...
GetData ===>> H2,-0.144375500056021,H1,2139.72163465499,AX,260.202239545674,L1,3.2836833096157,L2,0.59097746571...
GetData ===>> H2,-0.114270248836808,H1,2138.26885933486,AX,260.380874806389,L1,3.34230231956379,L2,0.5440006351...
GetData ===>> H2,-0.0830353768570098,H1,2137.78684441333,AX,260.00314239871,L1,3.3572779199348,L2,0.49573301738...
GetData ===>> H2,-0.0492933211201647,H1,2136.51515651797,AX,260.061185013714,L1,3.33154260483058,L2,0.648285820...
GetData ===>> H2,0.0277730018683551,H1,2136.42707281242,AX,259.917962675267,L1,3.27900702090509,L2,0.5275316084...
GetData ===>> H2,-0.076947659728631,H1,2135.61055464474,AX,259.908398408202,L1,3.24696084131083,L2,0.5392116397...
GetData ===>> H2,-0.0769544362085326,H1,2134.41750249115,AX,259.562523781493,L1,3.27808175582941,L2,0.606748270...
GetData ===>> H2,-0.156568130872795,H1,2133.74587015066,AX,259.389745880493,L1,3.28421493089459,L2,0.4810998390...
GetData ===>> H2,-0.0942297996246104,H1,2133.24920470752,AX,259.260103859663,L1,3.27352627546035,L2,0.507237794...
GetData ===>> H2,-0.115711545686494,H1,2131.93145584005,AX,259.341266837881,L1,3.24968305299083,L2,0.4967269207...
GetData ===>> H2,-0.129941462397924,H1,2131.28154527885,AX,259.404193129843,L1,3.24806413835629,L2,0.5865863468...
GetData ===>> H2,-0.063309755164723,H1,2130.54474280091,AX,259.343891591895,L1,3.28027152851238,L2,0.6140684519...
GetData ===>> H2,-0.0236901155568001,H1,2129.99657457337,AX,259.053797426536,L1,3.29088806996335,L2,0.575803800...
GetData ===>> H2,-0.0137725053772819,H1,2129.1263170317,AX,258.902994035074,L1,3.30631896745002,L2,0.5440006351...
GetData ===>> H2,-0.116373262961999,H1,2128.05259881338,AX,258.930619340037,L1,3.27882698622479,L2,0.5904400002...
GetData ===>> H2,-0.174411600110668,H1,2126.4217746022,AX,258.768300600722,L1,3.28688400943362,L2,0.48796493192...
GetData ===>> H2,-0.119585223824703,H1,2125.6720545078,AX,258.827761109218,L1,3.28020313553521,L2,0.59622648864...
GetData ===>> H2,-0.117382679655262,H1,2125.02404850241,AX,258.43432391822,L1,3.29566710016082,L2,0.50345603198...
GetData ===>> H2,-0.108780222594071,H1,2124.57787245943,AX,258.622607816207,L1,3.30330670533698,L2,0.6822774866...
19:22:18 -- collecting point 100
GetData ===>> H2,0.0337740773330879,H1,2123.60830679457,AX,258.525041158819,L1,3.27507759072408,L2,0.5256917331...
GetData ===>> H2,-0.0737826023797195,H1,2123.02241973528,AX,258.124436752093,L1,3.30818907088072,L2,0.601304248...
GetData ===>> H2,-0.0666386717984012,H1,2121.98616422887,AX,258.367250415155,L1,3.2664893458494,L2,0.4363964253...
GetData ===>> H2,-0.00851750335170502,H1,2120.79334090055,AX,258.202315312332,L1,3.2627805341864,L2,0.597999099...
GetData ===>> H2,-0.0950533183489031,H1,2120.02004898282,AX,258.266802622377,L1,3.27554776912359,L2,0.510436984...
GetData ===>> H2,-0.0529154004102357,H1,2119.85476370635,AX,258.211303023928,L1,3.25112103773022,L2,0.571253312...
GetData ===>> H2,-0.123304767366806,H1,2118.45593483274,AX,257.76744915797,L1,3.24676721784437,L2,0.50489559756...
GetData ===>> H2,-0.130933426617404,H1,2117.40689111828,AX,257.905736748031,L1,3.30237191688705,L2,0.5707502569...
GetData ===>> H2,-0.103991699624544,H1,2116.23722132674,AX,257.764294881327,L1,3.2853728986384,L2,0.69603535645...
GetData ===>> H2,-0.117172955690223,H1,2115.98160468744,AX,257.499438992993,L1,3.28388011818503,L2,0.6386267463...
GetData ===>> H2,-0.0370542227237576,H1,2115.14238554647,AX,257.37073581013,L1,3.24373896950977,L2,0.5471781912...
GetData ===>> H2,0.0618491861511637,H1,2114.47165864696,AX,257.566014685003,L1,3.25152654794298,L2,0.5368915203...
GetData ===>> H2,0.0689174437369825,H1,2113.26579418999,AX,257.416583136642,L1,3.26689644089902,L2,0.5787994662...
GetData ===>> H2,-0.0821575808936473,H1,2112.40756158301,AX,256.94095994028,L1,3.25138998279603,L2,0.5360457764...
GetData ===>> H2,-0.137263716766911,H1,2111.53592550941,AX,256.826728485718,L1,3.28263202888777,L2,0.5220920792...
GetData ===>> H2,-0.159554672924871,H1,2110.4468201845,AX,257.340344536768,L1,3.28692308044208,L2,0.50272483235...
GetData ===>> H2,-0.127334024509765,H1,2110.28501303153,AX,256.92540276471,L1,3.22299729871,L2,0.49022675069640...
GetData ===>> H2,-0.0638072634756178,H1,2109.12013344916,AX,257.046386232724,L1,3.23420244627113,L2,0.559923763...
GetData ===>> H2,-0.14738673004559,H1,2108.10802790501,AX,256.921365610576,L1,3.24840267081894,L2,0.52288056333...
GetData ===>> H2,-0.154464517021091,H1,2107.98829176639,AX,256.711641078057,L1,3.24041388682293,L2,0.5175327116...
GetData ===>> H2,-0.0480933975267645,H1,2107.61412631384,AX,256.55983283207,L1,3.23100537772026,L2,0.6183807575...
measurement finished
estimated time: 125.829 actual time: :126.390
flush and close file /Users/jan/PychronDev/data/isotopes/db/9b926e-698a-42cf-a2e0-1e89ab7d043e.h5
baselines () {'settling_time': 15.0, 'detector': 'H1', 'mass': 34.2, 'ncounts': 60}
%%%%%%%%%%%%%%%%%%%%%%%%%%%%%%%% Baseline
build tables- baseline [Detector(H2), Detector(H1), Detector(AX), Detector(L1), Detector(L2), Detector(CDD)]
add group baseline table H2
add group baseline table H1
add group baseline table AX
add group baseline table L1
add group baseline table L2
add group baseline table CDD
flush and close file /Users/jan/PychronDev/data/isotopes/db/9b926e-698a-42cf-a2e0-1e89ab7d043e.h5
detector Detector(H1)
POSITION 34.2 H1
Mapping mass to dac mass func: "parabolic"
H1 map mass coeffs = [-0.00063987  0.15840543  0.57090999]
H1 map mass to dac 34.2 >> 5.23995599104
GetDeflection H1 ===>> 0
GetHighVoltage ===>> 4500
positioning 34.2 (5.23995599104) on H1
setting magnet DAC
current  : 5.879300
requested: 5.239956
Delta Dac: 0.639344
Checking detector protection. dv=0.63934
Checking detector "CDD". Protection Threshold: 0.1 (V)
ProtectDetector CDD,On ===>> OK
GetDeflection CDD ===>> 2000
Protected = 2000
SetMagnetDAC 5.23995599104 ===>> OK
Magnet settling time: 0.500
GetMagnetMoving ===>> True
GetMagnetMoving ===>> True
GetMagnetMoving ===>> True
GetMagnetMoving ===>> True
GetMagnetMoving ===>> True
GetMagnetMoving ===>> True
GetMagnetMoving ===>> True
GetMagnetMoving ===>> True
GetMagnetMoving ===>> False
ProtectDetector CDD,Off ===>> OK
GetDeflection CDD ===>> 50
Delaying 15.0s for detectors to settle
Join finished
measuring baseline. ncounts=60
"baseline" increment series count="2" fit count="1" regressing="True"
starting measurement
GetData ===>> H2,-0.108233683426214,H1,-0.0458813286230207,AX,-0.186181108807238,L1,-0.0185141293113211,L2,0.03...
GetData ===>> H2,-0.126244373250806,H1,-0.132412820584648,AX,-0.173779425681701,L1,-0.0612552002695799,L2,0.006...
GetData ===>> H2,-0.0654636602836376,H1,-0.0668995755331413,AX,-0.13313185241105,L1,-0.0566995116339562,L2,-0.0...
GetData ===>> H2,-0.0295380765223071,H1,-0.101582546224965,AX,-0.00336376336772108,L1,-0.0628809621066695,L2,0....
GetData ===>> H2,-0.167707936000033,H1,-0.096434493924069,AX,-0.142327694304717,L1,-0.0623067716628347,L2,-0.06...
GetData ===>> H2,-0.218385555025174,H1,-0.0510677498774424,AX,-0.17722192059387,L1,-0.0598972062236379,L2,-0.06...
GetData ===>> H2,-0.224754399893939,H1,-0.090165905941597,AX,-0.225241868418931,L1,-0.0568527178329305,L2,-0.10...
GetData ===>> H2,-0.157973024798097,H1,-0.0989847196075864,AX,-0.0913708404247047,L1,-0.0618737146453714,L2,-0....
GetData ===>> H2,-0.155104964884243,H1,0.00998213602601013,AX,-0.0311427077835838,L1,-0.049826473520979,L2,-0.0...
GetData ===>> H2,-0.0419971032600832,H1,-0.00955692492701206,AX,0.0167649760199728,L1,-0.0560950424987005,L2,0....
GetData ===>> H2,-0.0909391926755411,H1,0.0175458977868416,AX,-0.05978325376531,L1,-0.0648532953435635,L2,0.049...
GetData ===>> H2,-0.177875428926401,H1,-0.0272318370021506,AX,-0.115254679139694,L1,-0.0534155582904036,L2,-0.1...
GetData ===>> H2,-0.282426284830808,H1,-0.0456190197177129,AX,-0.164413368238389,L1,-0.0391257866607241,L2,-0.0...
GetData ===>> H2,-0.271242807184226,H1,-0.0193965829766494,AX,-0.10578759979068,L1,0.00893933219552808,L2,-0.03...
GetData ===>> H2,-0.302713216612488,H1,0.0265181669214744,AX,-0.0785167994452272,L1,0.0247744148941432,L2,-0.08...
GetData ===>> H2,-0.186089348754428,H1,0.0352764498285697,AX,-0.0807655098679557,L1,-0.0630089542500853,L2,0.09...
GetData ===>> H2,-0.186089348754428,H1,0.0352764498285697,AX,-0.0807655098679557,L1,-0.0630089542500853,L2,0.09...
GetData ===>> H2,-0.286421584967253,H1,-0.0340528981407793,AX,-0.110017192177955,L1,-0.0612528074900724,L2,4.24...
GetData ===>> H2,-0.260664299720091,H1,0.079958414753656,AX,-0.124917797746967,L1,-0.0096290757751338,L2,0.0111...
GetData ===>> H2,-0.157555627382056,H1,0.117510878625082,AX,-0.0872331604520429,L1,-0.0522073762809101,L2,-0.08...
GetData ===>> H2,-0.13046314838953,H1,-0.00470233729796805,AX,-0.0533949392861042,L1,-0.0436777847266131,L2,-0....
GetData ===>> H2,-0.133869789721408,H1,0.0232369911953747,AX,-0.000254812021306279,L1,-0.0453850007249879,L2,-0...
GetData ===>> H2,-0.146388479050301,H1,-0.0106184618579917,AX,-0.0954040397781084,L1,-0.0396636070695687,L2,-0....
GetData ===>> H2,-0.232143848872364,H1,0.0472099484720935,AX,-0.179737067109154,L1,-0.0184805536101649,L2,0.048...
19:23:24 -- collecting point 25
GetData ===>> H2,-0.232143848872364,H1,0.0472099484720935,AX,-0.179737067109154,L1,-0.0184805536101649,L2,0.048...
GetData ===>> H2,-0.169304419090549,H1,-0.0081017661215153,AX,-0.11391057221399,L1,0.00596724892228998,L2,-0.09...
GetData ===>> H2,-0.251247157684396,H1,0.0628091758273499,AX,-0.0642235229404414,L1,-0.000765669914404358,L2,0....
GetData ===>> H2,-0.222599524177704,H1,-0.0254072435916573,AX,-0.0434696115715515,L1,0.0353361002674034,L2,0.00...
GetData ===>> H2,-0.229120803501993,H1,0.0685744632533904,AX,-0.15973000125629,L1,0.00867652486106862,L2,-0.022...
GetData ===>> H2,-0.169911644381025,H1,0.0801969501337708,AX,-0.138721630364119,L1,-0.0305581743447506,L2,0.045...
GetData ===>> H2,-0.0625004104397189,H1,0.020898473405029,AX,-0.0130148006159787,L1,-0.0163662579081759,L2,0.01...
GetData ===>> H2,-0.216412458235266,H1,0.0753070884072173,AX,-0.169444258743731,L1,-0.0181543838248514,L2,-0.10...
GetData ===>> H2,-0.299403914765073,H1,0.0495610154154448,AX,-0.0757000424525839,L1,0.0035002779958978,L2,-0.07...
GetData ===>> H2,-0.241721986954095,H1,0.00963617320970407,AX,-0.00178609897455827,L1,0.0251025029155718,L2,-0....
GetData ===>> H2,-0.148425412142569,H1,-0.0200167472003574,AX,-0.0383210288417328,L1,-0.011970475292186,L2,0.00...
GetData ===>> H2,-0.176091000948448,H1,0.0224137312531571,AX,-0.0595977550827347,L1,-0.0081853609093794,L2,-0.0...
GetData ===>> H2,-0.284844591288632,H1,0.00895618081393508,AX,-0.0828750775539359,L1,-0.0227186001587436,L2,-0....
GetData ===>> H2,-0.201676158498503,H1,0.0291909131702852,AX,-0.0669246841799152,L1,-0.00949958156659365,L2,-0....
GetData ===>> H2,-0.187169613175118,H1,0.0483437048268033,AX,-0.121569415684049,L1,0.0038376458506474,L2,0.0101...
GetData ===>> H2,-0.187371898423014,H1,0.012380049098515,AX,-0.100317826842436,L1,-0.0361271200144262,L2,-0.088...
GetData ===>> H2,-0.293648216283733,H1,0.0659006654907703,AX,-0.140808757622516,L1,-0.0229139748079907,L2,0.094...
GetData ===>> H2,-0.307154041988391,H1,0.0384744879496914,AX,-0.000846448472504423,L1,-0.0230026712490669,L2,-0...
GetData ===>> H2,-0.196882521873528,H1,0.0817593709228294,AX,-0.20396954698907,L1,-0.0329784248849272,L2,-0.153...
GetData ===>> H2,-0.208131884188509,H1,0.0188105572518584,AX,-0.0383326250547915,L1,-0.0170654757636456,L2,-0.0...
GetData ===>> H2,-0.25873921671125,H1,0.0820694726046291,AX,-0.0473076795924041,L1,-0.0158253201948325,L2,-0.07...
GetData ===>> H2,-0.385717419122601,H1,-0.00158907488667632,AX,-0.103411994655792,L1,0.00723660636283028,L2,-0....
GetData ===>> H2,-0.220015825328402,H1,-0.0702492115721263,AX,-0.0726977302051375,L1,-0.00766130354510899,L2,-0...
GetData ===>> H2,-0.108659823897261,H1,0.0912536885374628,AX,-0.195394419501319,L1,0.0176122186565356,L2,-0.046...
GetData ===>> H2,-0.108659823897261,H1,0.0912536885374628,AX,-0.195394419501319,L1,0.0176122186565356,L2,-0.046...
19:23:50 -- collecting point 50
GetData ===>> H2,-0.185079120582294,H1,0.056244552925855,AX,-0.0187446512466911,L1,-0.00415169467727209,L2,-0.1...
GetData ===>> H2,-0.159254838570517,H1,0.0665929812758261,AX,-0.0323487954999583,L1,0.0207054805189221,L2,0.041...
GetData ===>> H2,-0.202183046032862,H1,0.00914705540606704,AX,-0.130710574117774,L1,0.037539640191329,L2,-0.032...
GetData ===>> H2,-0.201928256999638,H1,-0.0271483595983611,AX,-0.168806717895208,L1,0.0095609768297436,L2,-0.05...
GetData ===>> H2,-0.269771363450152,H1,0.0406224813484403,AX,0.0324299872077333,L1,-0.00693093553400159,L2,-0.0...
GetData ===>> H2,-0.20206306672685,H1,0.0465774373480389,AX,0.00972234425789172,L1,-0.0232819400702672,L2,-0.01...
GetData ===>> H2,-0.0884025128368663,H1,0.0788611593235402,AX,-0.126539809902828,L1,-0.00148808541499938,L2,-0....
GetData ===>> H2,-0.159321018907505,H1,0.0375556381799981,AX,-0.0304120896859574,L1,-0.0238812032151316,L2,-0.1...
GetData ===>> H2,-0.174471004388792,H1,0.0476276466880645,AX,-0.0662638920062934,L1,-0.0500442478743355,L2,0.04...
GetData ===>> H2,-0.174853074458268,H1,0.0780620786960064,AX,-0.170104978485857,L1,0.00779455035734059,L2,0.004...
GetData ===>> H2,-0.272012719037375,H1,-0.00447570460482254,AX,-0.109646385952718,L1,0.0283499865506406,L2,-0.0...
measurement finished
estimated time: 62.915 actual time: :63.214
flush and close file /Users/jan/PychronDev/data/isotopes/db/9b926e-698a-42cf-a2e0-1e89ab7d043e.h5
activate_detectors ('H1', 'AX', 'CDD') {'peak_center': True}
peak_center () {'detector': 'H1', 'integration_time': 0.262144, 'isotope': 'Ar40'}
peak center: mean=2110.52433526 threshold=3
peak center started
setup peak center. detector=['H1', 'AX', 'CDD'], isotope=Ar40
VersionedUnpickler [<apptools.sweet_pickle.versioned_unpickler.VersionedUnpickler object at 0x19fe0f230>] using Updater [<apptools.sweet_pickle.updater.Updater object at 0x134a15590>]
VersionedUnpickler [<apptools.sweet_pickle.versioned_unpickler.VersionedUnpickler object at 0x19fe0f230>] using Updater [<apptools.sweet_pickle.updater.Updater object at 0x134a15590>]
VersionedUnpickler [<apptools.sweet_pickle.versioned_unpickler.VersionedUnpickler object at 0x19ee993b0>] using Updater [<apptools.sweet_pickle.updater.Updater object at 0x134a15590>]
setting integration time = 0.524288
SetIntegrationTime 0.524288 ===>> OK
Mapping mass to dac mass func: "parabolic"
H1 map mass coeffs = [-0.00063987  0.15840543  0.57090999]
H1 map mass to dac 39.9624 >> 5.8793
GetDeflection H1 ===>> 0
GetHighVoltage ===>> 4500
do peak center. <pychron.spectrometer.jobs.peak_center.PeakCenter object at 0x134a156b0>
doing pc
starting peak center. center dac= 5.8793 step_width=0.001
width = 0.001
get scan parameters. half-width=0.015,window=0.015, i=0, scalar=1
Scan parameters center=5.87930 width=0.03000 (5.86430 - 5.89430)
GetData ===>> H2,-0.268106183247138,H1,0.0879854424365558,AX,-0.0510992174956207,L1,-0.016476600832956,L2,0.011...
Moving to starting dac 5.8643
setting magnet DAC
current  : 5.239956
requested: 5.864300
Delta Dac: 0.624344
Checking detector protection. dv=0.62434
Checking detector "CDD". Protection Threshold: 0.1 (V)
ProtectDetector CDD,On ===>> OK
GetDeflection CDD ===>> 2000
Protected = 2000
SetMagnetDAC 5.8643 ===>> OK
Magnet settling time: 0.500
GetMagnetMoving ===>> True
GetMagnetMoving ===>> True
GetMagnetMoving ===>> True
GetMagnetMoving ===>> True
GetMagnetMoving ===>> True
GetMagnetMoving ===>> True
GetMagnetMoving ===>> True
GetMagnetMoving ===>> True
GetMagnetMoving ===>> False
ProtectDetector CDD,Off ===>> OK
GetDeflection CDD ===>> 50
Wait until signal near baseline. tol= 0.0659890818274. timeout= 10
GetData ===>> H2,3.81158175660937,H1,1.17803792285989,AX,0.0103372489705726,L1,0.0337099007821853,L2,0.07440741...
GetData ===>> H2,99.8275825194675,H1,30.0294563866578,AX,1.07179262993539,L1,0.0557826948863327,L2,-0.092302274...
GetData ===>> H2,141.721487758061,H1,72.931964379992,AX,7.05248185902141,L1,0.0643092051038503,L2,-0.1278495984...
GetData ===>> H2,88.0289994010481,H1,34.7506492788248,AX,3.13160122396366,L1,0.02690266143643,L2,0.019336716532...
GetData ===>> H2,39.7571998161829,H1,17.5617661013148,AX,1.32793096888009,L1,0.0194351236288284,L2,0.0795355924...
GetData ===>> H2,14.5465829822159,H1,9.36335213251549,AX,0.747973819717434,L1,0.0364768799990334,L2,-0.02201950...
GetData ===>> H2,4.45766433108701,H1,5.40823644088901,AX,0.317001520744223,L1,0.0226135536384727,L2,-0.07905992...
GetData ===>> H2,1.32918083318618,H1,3.50223568210388,AX,0.134607277483267,L1,-0.0185170283844644,L2,-0.0018901...
GetData ===>> H2,0.636888069218094,H1,2.60701394905787,AX,0.0674734265906689,L1,-0.0385963228686385,L2,0.034736...
GetData ===>> H2,0.560207805860057,H1,2.0995380874836,AX,0.0915769429576367,L1,-0.0351049968470281,L2,-0.130287...
GetData ===>> H2,0.62177275815622,H1,1.86400758693159,AX,0.057254409696532,L1,-0.0198993725833542,L2,-0.0822227...
GetData ===>> H2,0.645302107500736,H1,1.83791451127793,AX,0.0951698048468576,L1,-0.0157302009549743,L2,-0.12933...
GetData ===>> H2,0.668811850365662,H1,1.81084164553555,AX,0.142909497173378,L1,0.00344865330684899,L2,-0.023248...
GetData ===>> H2,0.657538512814886,H1,1.74878193091856,AX,0.18419919804313,L1,-0.0156175614340465,L2,-0.0524786...
GetData ===>> H2,0.61808398902584,H1,1.75698221016198,AX,0.152951954253374,L1,-0.00146528571782675,L2,-0.063835...
GetData ===>> H2,0.492698672200126,H1,1.71706923088644,AX,0.0593861795670202,L1,0.0287235622779629,L2,0.0506618...
GetData ===>> H2,0.416172621314844,H1,1.64401646742502,AX,0.16601101605016,L1,0.0253606780253974,L2,-0.06811426...
GetData ===>> H2,0.256971339936513,H1,1.65300102806973,AX,0.174524704050967,L1,0.020709736148879,L2,-0.14322927...
GetData ===>> H2,0.23990107840552,H1,1.72726237114043,AX,0.042410493980241,L1,-0.0175514309488474,L2,-0.0934170...
GetData ===>> H2,0.246350965016425,H1,1.79395185326474,AX,0.0367702214082962,L1,-0.0675130254161326,L2,-0.02866...
GetData ===>> H2,0.203535817763631,H1,1.76922374867503,AX,-0.0208671621154524,L1,-0.050709507317134,L2,-0.11928...
Peak center failed to move to a baseline position
_do_sweep sm= 5.8643, em= 5.8943, stm= 0.001
calculated step values: start=5.8643, end=5.8943, width=0.001, nsteps=31.0
setting magnet DAC
current  : 5.864300
requested: 5.864300
Delta Dac: 0.000000
Checking detector protection. dv=0.00000
Checking detector "CDD". Protection Threshold: 0.1 (V)
SetMagnetDAC 5.8643 ===>> OK
GetData ===>> H2,0.203535817763631,H1,1.76922374867503,AX,-0.0208671621154524,L1,-0.050709507317134,L2,-0.11928...
setting magnet DAC
current  : 5.864300
requested: 5.865334
Delta Dac: 0.001034
Checking detector protection. dv=0.00103
Checking detector "CDD". Protection Threshold: 0.1 (V)
SetMagnetDAC 5.86533448276 ===>> OK
Magnet settling time: 1.049
GetData ===>> H2,0.0924648858355007,H1,3.38986792512401,AX,0.337076909752586,L1,0.000577296613852733,L2,-0.0306...
setting magnet DAC
current  : 5.865334
requested: 5.866369
Delta Dac: 0.001034
Checking detector protection. dv=0.00103
Checking detector "CDD". Protection Threshold: 0.1 (V)
SetMagnetDAC 5.86636896552 ===>> OK
Magnet settling time: 1.049
GetData ===>> H2,0.133985542555059,H1,10.9692173219269,AX,1.04261777784947,L1,-0.0268154274159803,L2,-0.0452403...
setting magnet DAC
current  : 5.866369
requested: 5.867403
Delta Dac: 0.001034
Checking detector protection. dv=0.00103
Checking detector "CDD". Protection Threshold: 0.1 (V)
SetMagnetDAC 5.86740344828 ===>> OK
Magnet settling time: 1.049
GetData ===>> H2,0.125271798509032,H1,40.4906983868526,AX,3.25341148281549,L1,0.00857025691422171,L2,0.09154800...
setting magnet DAC
current  : 5.867403
requested: 5.868438
Delta Dac: 0.001034
Checking detector protection. dv=0.00103
Checking detector "CDD". Protection Threshold: 0.1 (V)
SetMagnetDAC 5.86843793103 ===>> OK
Magnet settling time: 1.049
GetData ===>> H2,0.141419461474093,H1,142.839852416632,AX,11.2938045812351,L1,0.0364792843075064,L2,-0.22748876...
setting magnet DAC
current  : 5.868438
requested: 5.869472
Delta Dac: 0.001034
Checking detector protection. dv=0.00103
Checking detector "CDD". Protection Threshold: 0.1 (V)
SetMagnetDAC 5.86947241379 ===>> OK
Magnet settling time: 1.049
GetData ===>> H2,0.0334858372921732,H1,403.445012022017,AX,33.9011656434077,L1,0.10001131173632,L2,-0.068455623...
setting magnet DAC
current  : 5.869472
requested: 5.870507
Delta Dac: 0.001034
Checking detector protection. dv=0.00103
Checking detector "CDD". Protection Threshold: 0.1 (V)
SetMagnetDAC 5.87050689655 ===>> OK
Magnet settling time: 1.049
GetData ===>> H2,0.0972140869701569,H1,856.165136232252,AX,80.0845239977237,L1,0.402289743162132,L2,-0.00758329...
setting magnet DAC
current  : 5.870507
requested: 5.871541
Delta Dac: 0.001034
Checking detector protection. dv=0.00103
Checking detector "CDD". Protection Threshold: 0.1 (V)
SetMagnetDAC 5.87154137931 ===>> OK
Magnet settling time: 1.049
GetData ===>> H2,0.200356117470887,H1,1361.96945042914,AX,139.813894360851,L1,0.922088749980211,L2,-0.002527833...
setting magnet DAC
current  : 5.871541
requested: 5.872576
Delta Dac: 0.001034
Checking detector protection. dv=0.00103
Checking detector "CDD". Protection Threshold: 0.1 (V)
SetMagnetDAC 5.87257586207 ===>> OK
Magnet settling time: 1.049
GetData ===>> H2,0.118214333681629,H1,1735.65616874753,AX,192.338877269961,L1,1.61916864495927,L2,0.26428584850...
setting magnet DAC
current  : 5.872576
requested: 5.873610
Delta Dac: 0.001034
Checking detector protection. dv=0.00103
Checking detector "CDD". Protection Threshold: 0.1 (V)
SetMagnetDAC 5.87361034483 ===>> OK
Magnet settling time: 1.049
GetData ===>> H2,-0.0761900238180671,H1,1921.84500500603,AX,224.76968069788,L1,2.15197052074833,L2,0.3097917326...
setting magnet DAC
current  : 5.873610
requested: 5.874645
Delta Dac: 0.001034
Checking detector protection. dv=0.00103
Checking detector "CDD". Protection Threshold: 0.1 (V)
SetMagnetDAC 5.87464482759 ===>> OK
Magnet settling time: 1.049
GetData ===>> H2,-0.0685295105431192,H1,1988.16868881927,AX,239.286431849938,L1,2.49221766529665,L2,0.441643654...
setting magnet DAC
current  : 5.874645
requested: 5.875679
Delta Dac: 0.001034
Checking detector protection. dv=0.00103
Checking detector "CDD". Protection Threshold: 0.1 (V)
SetMagnetDAC 5.87567931034 ===>> OK
Magnet settling time: 1.049
GetData ===>> H2,0.0364690017685397,H1,2009.12543123769,AX,244.20559185046,L1,2.8528909688736,L2,0.450960929619...
setting magnet DAC
current  : 5.875679
requested: 5.876714
Delta Dac: 0.001034
Checking detector protection. dv=0.00103
Checking detector "CDD". Protection Threshold: 0.1 (V)
SetMagnetDAC 5.8767137931 ===>> OK
Magnet settling time: 1.049
GetData ===>> H2,0.0196826871428438,H1,2011.26463046385,AX,244.527551123951,L1,2.98966929824321,L2,0.5416461110...
setting magnet DAC
current  : 5.876714
requested: 5.877748
Delta Dac: 0.001034
Checking detector protection. dv=0.00103
Checking detector "CDD". Protection Threshold: 0.1 (V)
SetMagnetDAC 5.87774827586 ===>> OK
Magnet settling time: 1.049
GetData ===>> H2,0.00967330431292182,H1,2012.3822498297,AX,244.782531017334,L1,3.0484225889053,L2,0.56439368827...
setting magnet DAC
current  : 5.877748
requested: 5.878783
Delta Dac: 0.001034
Checking detector protection. dv=0.00103
Checking detector "CDD". Protection Threshold: 0.1 (V)
SetMagnetDAC 5.87878275862 ===>> OK
Magnet settling time: 1.049
GetData ===>> H2,-0.126449873800195,H1,2011.76231911318,AX,244.798758999932,L1,3.07958981941079,L2,0.3425438094...
setting magnet DAC
current  : 5.878783
requested: 5.879817
Delta Dac: 0.001034
Checking detector protection. dv=0.00103
Checking detector "CDD". Protection Threshold: 0.1 (V)
SetMagnetDAC 5.87981724138 ===>> OK
Magnet settling time: 1.049
GetData ===>> H2,-0.112700177438714,H1,2011.64894900583,AX,244.895628335464,L1,3.09976410990966,L2,0.3692372763...
setting magnet DAC
current  : 5.879817
requested: 5.880852
Delta Dac: 0.001034
Checking detector protection. dv=0.00103
Checking detector "CDD". Protection Threshold: 0.1 (V)
SetMagnetDAC 5.88085172414 ===>> OK
Magnet settling time: 1.049
GetData ===>> H2,0.00327538182704113,H1,2010.31271402422,AX,244.707324938187,L1,3.1220322408146,L2,0.6242261283...
setting magnet DAC
current  : 5.880852
requested: 5.881886
Delta Dac: 0.001034
Checking detector protection. dv=0.00103
Checking detector "CDD". Protection Threshold: 0.1 (V)
SetMagnetDAC 5.8818862069 ===>> OK
Magnet settling time: 1.049
GetData ===>> H2,-0.0679571377128506,H1,2009.65914603237,AX,244.286876575022,L1,3.07885928662578,L2,0.692070468...
setting magnet DAC
current  : 5.881886
requested: 5.882921
Delta Dac: 0.001034
Checking detector protection. dv=0.00103
Checking detector "CDD". Protection Threshold: 0.1 (V)
SetMagnetDAC 5.88292068966 ===>> OK
Magnet settling time: 1.049
GetData ===>> H2,-0.0647593063860592,H1,2007.27662548747,AX,243.813277653004,L1,3.10625815281885,L2,0.543040530...
setting magnet DAC
current  : 5.882921
requested: 5.883955
Delta Dac: 0.001034
Checking detector protection. dv=0.00103
Checking detector "CDD". Protection Threshold: 0.1 (V)
SetMagnetDAC 5.88395517241 ===>> OK
Magnet settling time: 1.049
GetData ===>> H2,-0.123707757451236,H1,1996.37228975331,AX,240.926998287235,L1,3.11545733426021,L2,0.5343085962...
setting magnet DAC
current  : 5.883955
requested: 5.884990
Delta Dac: 0.001034
Checking detector protection. dv=0.00103
Checking detector "CDD". Protection Threshold: 0.1 (V)
SetMagnetDAC 5.88498965517 ===>> OK
Magnet settling time: 1.049
GetData ===>> H2,-0.113823612686663,H1,1959.18016520059,AX,232.883300006318,L1,2.98152768399475,L2,0.4264136852...
setting magnet DAC
current  : 5.884990
requested: 5.886024
Delta Dac: 0.001034
Checking detector protection. dv=0.00103
Checking detector "CDD". Protection Threshold: 0.1 (V)
SetMagnetDAC 5.88602413793 ===>> OK
Magnet settling time: 1.049
GetData ===>> H2,-0.169021036149014,H1,1842.06353577126,AX,208.95739099752,L1,2.68201983942242,L2,0.40429229871...
setting magnet DAC
current  : 5.886024
requested: 5.887059
Delta Dac: 0.001034
Checking detector protection. dv=0.00103
Checking detector "CDD". Protection Threshold: 0.1 (V)
SetMagnetDAC 5.88705862069 ===>> OK
Magnet settling time: 1.049
GetData ===>> H2,-0.155102262648604,H1,1556.52600964488,AX,160.856921275164,L1,2.24779375056974,L2,0.1704753246...
setting magnet DAC
current  : 5.887059
requested: 5.888093
Delta Dac: 0.001034
Checking detector protection. dv=0.00103
Checking detector "CDD". Protection Threshold: 0.1 (V)
SetMagnetDAC 5.88809310345 ===>> OK
Magnet settling time: 1.049
GetData ===>> H2,-0.347371674207369,H1,1097.64071417471,AX,98.5640688181766,L1,1.63606248345128,L2,0.1475270114...
setting magnet DAC
current  : 5.888093
requested: 5.889128
Delta Dac: 0.001034
Checking detector protection. dv=0.00103
Checking detector "CDD". Protection Threshold: 0.1 (V)
SetMagnetDAC 5.88912758621 ===>> OK
Magnet settling time: 1.049
GetData ===>> H2,-0.415335101726506,H1,401.43713069511,AX,27.909924089492,L1,0.856769375148516,L2,0.04202647009...
setting magnet DAC
current  : 5.889128
requested: 5.890162
Delta Dac: 0.001034
Checking detector protection. dv=0.00103
Checking detector "CDD". Protection Threshold: 0.1 (V)
SetMagnetDAC 5.89016206897 ===>> OK
Magnet settling time: 1.049
GetData ===>> H2,-0.33613624490507,H1,145.950487542526,AX,8.21257121372661,L1,0.528057277976168,L2,0.0173778134...
setting magnet DAC
current  : 5.890162
requested: 5.891197
Delta Dac: 0.001034
Checking detector protection. dv=0.00103
Checking detector "CDD". Protection Threshold: 0.1 (V)
SetMagnetDAC 5.89119655172 ===>> OK
Magnet settling time: 1.049
GetData ===>> H2,-0.280540435458971,H1,42.8040518926012,AX,1.95544358418386,L1,0.271257570781765,L2,-0.00733280...
setting magnet DAC
current  : 5.891197
requested: 5.892231
Delta Dac: 0.001034
Checking detector protection. dv=0.00103
Checking detector "CDD". Protection Threshold: 0.1 (V)
SetMagnetDAC 5.89223103448 ===>> OK
Magnet settling time: 1.049
GetData ===>> H2,-0.210494917408253,H1,10.6734984230366,AX,0.221699839149362,L1,0.197883459360744,L2,0.01346012...
setting magnet DAC
current  : 5.892231
requested: 5.893266
Delta Dac: 0.001034
Checking detector protection. dv=0.00103
Checking detector "CDD". Protection Threshold: 0.1 (V)
SetMagnetDAC 5.89326551724 ===>> OK
Magnet settling time: 1.049
GetData ===>> H2,-0.107794336155307,H1,2.32324512034829,AX,-0.100004927989291,L1,0.120283169610569,L2,-0.111555...
setting magnet DAC
current  : 5.893266
requested: 5.894300
Delta Dac: 0.001034
Checking detector protection. dv=0.00103
Checking detector "CDD". Protection Threshold: 0.1 (V)
SetMagnetDAC 5.8943 ===>> OK
Magnet settling time: 1.049
GetData ===>> H2,-0.164191641032351,H1,0.269015555642915,AX,-0.106540828330985,L1,0.0344790977238915,L2,0.01480...
result of _do_sweep=True
result of _calculate_peak_center=([5.8719052104208416, 5.8795705410821641, 5.8872358717434867], [1493.3963423428054, 2012.3710687145722, 1477.8993708420423], 5.8777669338677354, 2012.3710687145722)
Failed to find a valid peak. No peak greater than 1.0. max = 0.0696388930616
new center pos Detector(H1) (Ar40) @ 5.87957054108
GetHighVoltage ===>> 4500
GetDeflection H1 ===>> 0
dac uncorrected for HV and deflection 5.87957054108
update mftable H1 Ar40 5.87957054108 message=automated run peakcenter
get initial guess parabolic
get initial guess parabolic
get initial guess parabolic
get initial guess parabolic
get initial guess parabolic
get initial guess parabolic
dump mftable to /Users/jan/PychronDev/setupfiles/spectrometer/mftables/mftable.csv
add to repo msg=modified - automated run peakcenter
locally archiving mftable
setting magnet DAC
current  : 5.894300
requested: 5.879571
Delta Dac: 0.014729
Checking detector protection. dv=0.01473
Checking detector "CDD". Protection Threshold: 0.1 (V)
SetMagnetDAC 5.87957054108 ===>> OK
Magnet settling time: 0.500
sweep finished
setting integration time = 1.048576
SetIntegrationTime 1.048576 ===>> OK
Failed to find a valid peak. No peak greater than 1.0. max = 0.0696388930616
flush and close file /Users/jan/PychronDev/data/isotopes/db/9b926e-698a-42cf-a2e0-1e89ab7d043e.h5
finished measure script
executed snippet estimated_duration=226.132928, duration=273.275632143
jan_unknown120_60.py completed successfully
Measurement Finished
19:24:48 -- ******* Measurement Finished *******
Post Measurement Started jan_pump_ms.py
19:24:48 -- ******* Post Measurement Started jan_pump_ms.py *******
testing...
no interpolation path defined
executed snippet estimated_duration=0, duration=2.47955322266e-05
Pumping spectrometer
open () {'name': 'O'}
opening name=O desc=---
checking ownership. requestor=129.138.12.150
check software interlocks O
interlocks []
actuate state mode=None-script, software_lock=False
doing actuation None-script open_channel True
Open O ===>> OK
GetIndicatorState O ===>> OK
change switch state (True, True)
update switch state O True args=() kw={} ncanvase=2
19:24:48 -- OPEN   VALVE-O (Jan Ion Pump)
---------------------------------------- open O () result=[(True, True)], time=0.10 sec
action=open, ok=True, locked=[False]
executed snippet estimated_duration=0, duration=0.352812051773
jan_pump_ms.py completed successfully
setting _ms_pumptime
Post Measurement Finished
19:24:48 -- ******* Post Measurement Finished *******
$$$$$$$$$$$$$$$$$$$$ state at run end measurement
state changed from measurement to success
post measurement save measured=True aborted=False
Set filtering
setting fod for Ar40= {'filter_outliers': True, 'std_devs': 2, 'iterations': 1}
setting fod for H1= {'filter_outliers': True, 'std_devs': 2, 'iterations': 1}
setting fod for PM41= {'filter_outliers': False, 'std_devs': 2, 'iterations': 1}
setting fod for H2= {'filter_outliers': True, 'std_devs': 2, 'iterations': 1}
setting fod for Ar36= {'filter_outliers': True, 'std_devs': 2, 'iterations': 1}
setting fod for CDD= {'filter_outliers': True, 'std_devs': 10, 'iterations': 1}
setting fod for Ar37= {'filter_outliers': True, 'std_devs': 2, 'iterations': 1}
setting fod for L2= {'filter_outliers': True, 'std_devs': 2, 'iterations': 1}
setting fod for Ar38= {'filter_outliers': True, 'std_devs': 2, 'iterations': 1}
setting fod for L1= {'filter_outliers': True, 'std_devs': 2, 'iterations': 1}
setting fod for Ar39= {'filter_outliers': True, 'std_devs': 2, 'iterations': 1}
setting fod for AX= {'filter_outliers': True, 'std_devs': 2, 'iterations': 1}
persistence save...
persistence save - db
post measurement save
6853782032 connecting to database sqlite:////Users/jan/PychronDev/.appdata/local_lab.db
connected to db sqlite:////Users/jan/PychronDev/.appdata/local_lab.db
create new session 6853782032
close session 6853782032
No database instance. Not saving post measurement to isotopedb database
$$$$$$$$$$$$$$$ auto_save_detector_ic=False
massspec enabled True
create new session 4979675504
MassSpec Database Version: 16.0
close session 4979675504
saving post measurement to secondary database
saving to massspec database 129.138.12.160/massspecdata
setting labnumber to 25323
setting aliquot to 9
setting step to 
setting uuid to db9b926e-698a-42cf-a2e0-1e89ab7d043e
setting irradpos to 25323
setting extract_device to Fusions CO2
setting tray to 
setting position to 167
setting power_requested to 5.0
setting extract_value to 5.0
setting duration to 30.0
setting duration_at_request to 30.0
setting first_stage_delay to 30.0
setting cleanup to 30.0
setting comment to K:12
setting irradiation to NM-288
setting level to K
setting irradiation_level to K
setting sample to FC-2
setting material to Sanidine
setting project to Irradiation-NM-288
setting mass_spectrometer to Jan
no attribute chron_dosages
no attribute production_ratios
no attribute interference_corrections
no attribute production_name
no attribute j
Reference Isotope=Ar40
Reference Detector=H1
%%%%%%%%%%%%%%%%%%%% Comment: K:12 %%%%%%%%%%%%%%%%%%%
adding isotope PM41 H2
add baseline dbdet= PM41. original det= H2
get baseline data PM41 H2
Get data baseline <pychron.processing.isotope.Baseline object at 0x199adb210> len t=60
baseline PM41. v=-0.195437302143, e=0.00819625093554
get signal data PM41 H2
Get data signal PM41 0.15+/-0.06 len t=120
adding isotope Ar40 H1
add baseline dbdet= Ar40. original det= H1
get baseline data Ar40 H1
Get data baseline <pychron.processing.isotope.Baseline object at 0x199adb5d0> len t=60
baseline Ar40. v=0.0210559814003, e=0.00645358346002
get signal data Ar40 H1
Get data signal Ar40 2219.83+/-0.09 len t=120
adding isotope Ar39 AX
add baseline dbdet= Ar39. original det= AX
get baseline data Ar39 AX
Get data baseline <pychron.processing.isotope.Baseline object at 0x199adb750> len t=60
baseline Ar39. v=-0.0931683499219, e=0.00811508485336
get signal data Ar39 AX
Get data signal Ar39 269.278+/-0.030 len t=120
adding isotope Ar38 L1
add baseline dbdet= Ar38. original det= L1
get baseline data Ar38 L1
Get data baseline <pychron.processing.isotope.Baseline object at 0x197451210> len t=60
baseline Ar38. v=-0.0206569368821, e=0.00381056639185
get signal data Ar38 L1
Get data signal Ar38 3.452+/-0.005 len t=120
adding isotope Ar37 L2
add baseline dbdet= Ar37. original det= L2
get baseline data Ar37 L2
Get data baseline <pychron.processing.isotope.Baseline object at 0x197451450> len t=60
baseline Ar37. v=-0.0319133296782, e=0.00642281485027
get signal data Ar37 L2
Get data signal Ar37 0.610+/-0.012 len t=120
adding isotope Ar36 CDD
add baseline dbdet= Ar36. original det= CDD
get baseline data Ar36 CDD
Get data baseline <pychron.processing.isotope.Baseline object at 0x1974512d0> len t=60
baseline Ar36. v=0.000461482788827, e=3.58585249938e-05
get signal data Ar36 CDD
Get data signal Ar36 0.0653+/-0.0006 len t=120
25323-09 added analysis time 0.514352083206s
analysis added to mass spec database
mass spec save time= 0.529
persistence save - dvc
================= post measurement started
create new session 4982376208
close session 4982376208
---------------- Experiment Queue saving disabled
DVC saving peakcenter
Failed to find a valid peak. No peak greater than 1.0. max = 0.0696388930616
Smart pull ahead: 0 behind: 0
Up-to-date with origin
add to repo msg=modified - ad8224ebc6dbfeb9f5997218dfa5fe690569839d.json
add to repo msg=modified - 23-09.json
add to repo msg=modified - 23-09.dat.json
add to repo msg=modified - 23-09.blan.json
add to repo msg=modified - 23-09.inte.json
add to repo msg=modified - 23-09.icfa.json
add to repo msg=modified - 23-09.base.json
not at valid file /Users/jan/PychronDev/data/.dvc/repositories/Irradiation-NM-288/253/tags/23-09.tags.json
add to repo msg=modified - 23-09.peak.json
add to repo msg=modified - 23-09.extr.json
not at valid file /Users/jan/PychronDev/data/.dvc/repositories/Irradiation-NM-288/253/monitor/23-09.moni.json
commit message=<COLLECTION>
add to repo msg=modified - 23-09.inte.json
add to repo msg=modified - 23-09.base.json
commit message=<ISOEVO> default collection fits
add to repo msg=modified - 23-09.blan.json
commit message=<BLANKS> preceding ba-01-J-2292
add to repo msg=modified - 23-09.icfa.json
commit message=<ICFactor> default
push repository <pychron.git_archive.repo_manager.GitRepoManager object at 0x1a3abb770>
pushing to remote=origin, url=https://github.com
no changes to meta repo
create new session 4982376208
add association Irradiation-NM-288
get identifier "25323"
setting analysis irradiation position=<pychron.dvc.dvc_orm.IrradiationPositionTbl object at 0x19c76e610>
close session 4982376208
================= post measurement finished
19:25:00 -- ******* Post Run Check *******
loading queue conditionals post_run_actions
loading system conditionals post_run_actions
loading conditionals from /Users/jan/PychronDev/setupfiles/spectrometer/default_conditionals.yaml
loading queue conditionals post_run_terminations
loading system conditionals post_run_terminations
loading conditionals from /Users/jan/PychronDev/setupfiles/spectrometer/default_conditionals.yaml
Checking default post run terminations n=1
GetDeflection CDD ===>> 50
testing CDD==2000
evaluate ot="CDD.deflection==2000" t="CDD==2000", ctx="{'CDD': 50.0}"
19:25:00 -- ******* Post Run Check Passed *******
19:25:00 -- Automated run 25323-09 success duration: 363.882 s
----------------- finish -----------------
----------------- stop -----------------
retroactive repository identifiers disabled
finish run. runs completed=60
update duration runid=25323-09, duration=363.881587982, md5=301e91d8
loading script "jan_unknown120_60.py"
loading script "jan_pump_ms.py"
loading script "jan_co2.py"
loading script "jan_pump_extraction_line.py"
testing...
no interpolation path defined
executed snippet estimated_duration=213.652928, duration=0.000312089920044
script duration name:unknown120_60 seconds:214.0
loading script "jan_unknown120_60.py"
loading script "jan_pump_ms.py"
loading script "jan_co2.py"
loading script "jan_pump_extraction_line.py"
testing...
no interpolation path defined
executed snippet estimated_duration=0, duration=2.59876251221e-05
loading script "jan_unknown120_60.py"
loading script "jan_pump_ms.py"
loading script "jan_co2.py"
loading script "jan_pump_extraction_line.py"
testing...
no interpolation path defined
calculate duration
testing...
no interpolation path defined
executed snippet estimated_duration=0, duration=5.60283660889e-05
calculate duration
testing...
no interpolation path defined
executed snippet estimated_duration=0, duration=9.51290130615e-05
executed snippet estimated_duration=0.0, duration=0.00244522094727
script duration name:co2 seconds:0.0
loading script "jan_unknown120_60.py"
loading script "jan_pump_ms.py"
loading script "jan_co2.py"
loading script "jan_pump_extraction_line.py"
testing...
no interpolation path defined
calculate duration
testing...
no interpolation path defined
executed snippet estimated_duration=4.0, duration=0.000154972076416
executed snippet estimated_duration=4.0, duration=0.00144386291504
Script duration 214.0
Run total estimated duration= 215.000
unknown120_60 in script context. using previous estimated duration
script duration name:unknown120_60 seconds:214.0
pump_ms in script context. using previous estimated duration
co2 in script context. using previous estimated duration
script duration name:co2 seconds:0.0
pump_extraction_line in script context. using previous estimated duration
Script duration 214.0
Run total estimated duration= 215.000
script duration name:unknown120_60 seconds:214.0
script duration name:co2 seconds:0.0
Script duration 214.0
Run total estimated duration= 215.000
loading script "jan_unknown400_120.py"
loading script "jan_pump_ms.py"
loading script "jan_co2.py"
loading script "jan_pump_extraction_line.py"
testing...
no interpolation path defined
executed snippet estimated_duration=556.052928, duration=0.00028395652771
script duration name:unknown400_120 seconds:556.0
script duration name:co2 seconds:0.0
Script duration 556.0
Run total estimated duration= 557.000
script duration name:unknown120_60 seconds:214.0
script duration name:co2 seconds:0.0
Script duration 214.0
Run total estimated duration= 215.000
unknown400_120 in script context. using previous estimated duration
script duration name:unknown400_120 seconds:556.0
loading script "jan_unknown400_120.py"
loading script "jan_pump_ms.py"
loading script "jan_cocktail_x1.py"
loading script "jan_pump_extraction_line.py"
testing...
no interpolation path defined
calculate duration
testing...
no interpolation path defined
executed snippet estimated_duration=0, duration=5.88893890381e-05
calculate duration
testing...
no interpolation path defined
executed snippet estimated_duration=0, duration=0.000123977661133
calculate duration
testing...
no interpolation path defined
executed snippet estimated_duration=32.0, duration=8.98838043213e-05
calculate duration
testing...
no interpolation path defined
executed snippet estimated_duration=34.0, duration=9.17911529541e-05
calculate duration
testing...
no interpolation path defined
executed snippet estimated_duration=4.0, duration=6.103515625e-05
calculate duration
testing...
no interpolation path defined
executed snippet estimated_duration=38.0, duration=9.98973846436e-05
executed snippet estimated_duration=108.0, duration=0.00818300247192
script duration name:cocktail_x1 seconds:108.0
Script duration 664.0
Run total estimated duration= 665.000
script duration name:unknown120_60 seconds:214.0
script duration name:co2 seconds:0.0
Script duration 214.0
Run total estimated duration= 215.000
script duration name:unknown120_60 seconds:214.0
script duration name:co2 seconds:0.0
Script duration 214.0
Run total estimated duration= 215.000
script duration name:unknown120_60 seconds:214.0
script duration name:co2 seconds:0.0
Script duration 214.0
Run total estimated duration= 215.000
script duration name:unknown120_60 seconds:214.0
script duration name:co2 seconds:0.0
Script duration 214.0
Run total estimated duration= 215.000
script duration name:unknown120_60 seconds:214.0
script duration name:co2 seconds:0.0
Script duration 214.0
Run total estimated duration= 215.000
script duration name:unknown120_60 seconds:214.0
script duration name:co2 seconds:0.0
Script duration 214.0
Run total estimated duration= 215.000
script duration name:unknown120_60 seconds:214.0
script duration name:co2 seconds:0.0
Script duration 214.0
Run total estimated duration= 215.000
script duration name:unknown120_60 seconds:214.0
script duration name:co2 seconds:0.0
Script duration 214.0
Run total estimated duration= 215.000
script duration name:unknown120_60 seconds:214.0
script duration name:co2 seconds:0.0
Script duration 214.0
Run total estimated duration= 215.000
script duration name:unknown400_120 seconds:556.0
script duration name:co2 seconds:0.0
Script duration 556.0
Run total estimated duration= 557.000
script duration name:unknown400_120 seconds:556.0
loading script "jan_unknown400_120.py"
loading script "jan_pump_ms.py"
loading script "jan_sniffair_x2.py"
loading script "jan_pump_extraction_line.py"
testing...
no interpolation path defined
calculate duration
testing...
no interpolation path defined
executed snippet estimated_duration=0, duration=4.91142272949e-05
calculate duration
testing...
no interpolation path defined
executed snippet estimated_duration=0, duration=9.79900360107e-05
calculate duration
testing...
no interpolation path defined
executed snippet estimated_duration=32.0, duration=8.89301300049e-05
calculate duration
testing...
no interpolation path defined
executed snippet estimated_duration=34.0, duration=0.000102996826172
calculate duration
testing...
no interpolation path defined
executed snippet estimated_duration=4.0, duration=6.29425048828e-05
calculate duration
testing...
no interpolation path defined
executed snippet estimated_duration=36.0, duration=8.79764556885e-05
calculate duration
testing...
no interpolation path defined
executed snippet estimated_duration=34.0, duration=9.3936920166e-05
calculate duration
testing...
no interpolation path defined
executed snippet estimated_duration=4.0, duration=5.91278076172e-05
calculate duration
testing...
no interpolation path defined
executed snippet estimated_duration=36.0, duration=9.10758972168e-05
calculate duration
testing...
no interpolation path defined
executed snippet estimated_duration=70.0, duration=8.82148742676e-05
executed snippet estimated_duration=250.0, duration=0.012542963028
script duration name:sniffair_x2 seconds:250.0
Script duration 806.0
Run total estimated duration= 807.000
script duration name:unknown400_120 seconds:556.0
sniffair_x2 in script context. using previous estimated duration
script duration name:sniffair_x2 seconds:250.0
Script duration 806.0
Run total estimated duration= 807.000
script duration name:unknown120_60 seconds:214.0
cocktail_x1 in script context. using previous estimated duration
script duration name:cocktail_x1 seconds:108.0
Script duration 322.0
Run total estimated duration= 323.000
loading script "jan_ic_peak_hop3.py"
loading script "jan_pump_ms.py"
loading script "jan_sniffair_x1.py"
loading script "jan_pump_extraction_line.py"
testing...
no interpolation path defined
executed snippet estimated_duration=133.8, duration=0.00875997543335
script duration name:ic_peak_hop3 seconds:134.0
loading script "jan_ic_peak_hop3.py"
loading script "jan_pump_ms.py"
loading script "jan_sniffair_x1.py"
loading script "jan_pump_extraction_line.py"
testing...
no interpolation path defined
calculate duration
testing...
no interpolation path defined
executed snippet estimated_duration=0, duration=4.19616699219e-05
calculate duration
testing...
no interpolation path defined
executed snippet estimated_duration=0, duration=9.79900360107e-05
calculate duration
testing...
no interpolation path defined
executed snippet estimated_duration=32.0, duration=8.60691070557e-05
calculate duration
testing...
no interpolation path defined
executed snippet estimated_duration=34.0, duration=9.10758972168e-05
calculate duration
testing...
no interpolation path defined
executed snippet estimated_duration=4.0, duration=5.91278076172e-05
calculate duration
testing...
no interpolation path defined
executed snippet estimated_duration=70.0, duration=9.10758972168e-05
executed snippet estimated_duration=140.0, duration=0.00681304931641
script duration name:sniffair_x1 seconds:140.0
Script duration 274.0
Run total estimated duration= 275.000
script duration name:unknown120_60 seconds:214.0
script duration name:co2 seconds:0.0
Script duration 214.0
Run total estimated duration= 215.000
script duration name:unknown120_60 seconds:214.0
script duration name:co2 seconds:0.0
Script duration 214.0
Run total estimated duration= 215.000
script duration name:unknown120_60 seconds:214.0
script duration name:co2 seconds:0.0
Script duration 214.0
Run total estimated duration= 215.000
script duration name:unknown120_60 seconds:214.0
script duration name:co2 seconds:0.0
Script duration 214.0
Run total estimated duration= 215.000
script duration name:unknown120_60 seconds:214.0
script duration name:co2 seconds:0.0
Script duration 214.0
Run total estimated duration= 215.000
script duration name:unknown400_120 seconds:556.0
script duration name:cocktail_x1 seconds:108.0
Script duration 664.0
Run total estimated duration= 665.000
script duration name:unknown120_60 seconds:214.0
script duration name:co2 seconds:0.0
Script duration 214.0
Run total estimated duration= 215.000
script duration name:unknown120_60 seconds:214.0
script duration name:co2 seconds:0.0
Script duration 214.0
Run total estimated duration= 215.000
script duration name:unknown120_60 seconds:214.0
script duration name:co2 seconds:0.0
Script duration 214.0
Run total estimated duration= 215.000
script duration name:unknown120_60 seconds:214.0
script duration name:co2 seconds:0.0
Script duration 214.0
Run total estimated duration= 215.000
script duration name:unknown120_60 seconds:214.0
script duration name:co2 seconds:0.0
Script duration 214.0
Run total estimated duration= 215.000
script duration name:unknown400_120 seconds:556.0
script duration name:co2 seconds:0.0
Script duration 556.0
Run total estimated duration= 557.000
script duration name:unknown120_60 seconds:214.0
script duration name:co2 seconds:0.0
Script duration 214.0
Run total estimated duration= 215.000
script duration name:unknown120_60 seconds:214.0
script duration name:co2 seconds:0.0
Script duration 214.0
Run total estimated duration= 215.000
script duration name:unknown120_60 seconds:214.0
script duration name:co2 seconds:0.0
Script duration 214.0
Run total estimated duration= 215.000
script duration name:unknown120_60 seconds:214.0
script duration name:co2 seconds:0.0
Script duration 214.0
Run total estimated duration= 215.000
script duration name:unknown120_60 seconds:214.0
script duration name:co2 seconds:0.0
Script duration 214.0
Run total estimated duration= 215.000
script duration name:unknown120_60 seconds:214.0
script duration name:cocktail_x1 seconds:108.0
Script duration 322.0
Run total estimated duration= 323.000
script duration name:unknown120_60 seconds:214.0
script duration name:co2 seconds:0.0
Script duration 214.0
Run total estimated duration= 215.000
script duration name:unknown120_60 seconds:214.0
script duration name:co2 seconds:0.0
Script duration 214.0
Run total estimated duration= 215.000
script duration name:unknown120_60 seconds:214.0
script duration name:co2 seconds:0.0
Script duration 214.0
Run total estimated duration= 215.000
script duration name:unknown120_60 seconds:214.0
script duration name:co2 seconds:0.0
Script duration 214.0
Run total estimated duration= 215.000
script duration name:unknown120_60 seconds:214.0
script duration name:co2 seconds:0.0
Script duration 214.0
Run total estimated duration= 215.000
script duration name:unknown400_120 seconds:556.0
script duration name:co2 seconds:0.0
Script duration 556.0
Run total estimated duration= 557.000
script duration name:unknown400_120 seconds:556.0
script duration name:sniffair_x2 seconds:250.0
Script duration 806.0
Run total estimated duration= 807.000
script duration name:unknown400_120 seconds:556.0
script duration name:cocktail_x1 seconds:108.0
Script duration 664.0
Run total estimated duration= 665.000
script duration name:unknown400_120 seconds:556.0
script duration name:sniffair_x2 seconds:250.0
Script duration 806.0
Run total estimated duration= 807.000
ic_peak_hop3 in script context. using previous estimated duration
script duration name:ic_peak_hop3 seconds:134.0
sniffair_x1 in script context. using previous estimated duration
script duration name:sniffair_x1 seconds:140.0
Script duration 274.0
Run total estimated duration= 275.000
script duration name:unknown120_60 seconds:214.0
script duration name:co2 seconds:0.0
Script duration 214.0
Run total estimated duration= 215.000
script duration name:unknown120_60 seconds:214.0
script duration name:co2 seconds:0.0
Script duration 214.0
Run total estimated duration= 215.000
script duration name:unknown120_60 seconds:214.0
script duration name:co2 seconds:0.0
Script duration 214.0
Run total estimated duration= 215.000
script duration name:unknown120_60 seconds:214.0
script duration name:co2 seconds:0.0
Script duration 214.0
Run total estimated duration= 215.000
script duration name:unknown120_60 seconds:214.0
script duration name:co2 seconds:0.0
Script duration 214.0
Run total estimated duration= 215.000
script duration name:unknown120_60 seconds:214.0
script duration name:co2 seconds:0.0
Script duration 214.0
Run total estimated duration= 215.000
script duration name:unknown120_60 seconds:214.0
script duration name:co2 seconds:0.0
Script duration 214.0
Run total estimated duration= 215.000
script duration name:unknown120_60 seconds:214.0
script duration name:co2 seconds:0.0
Script duration 214.0
Run total estimated duration= 215.000
script duration name:unknown120_60 seconds:214.0
script duration name:co2 seconds:0.0
Script duration 214.0
Run total estimated duration= 215.000
script duration name:unknown120_60 seconds:214.0
script duration name:co2 seconds:0.0
Script duration 214.0
Run total estimated duration= 215.000
script duration name:unknown400_120 seconds:556.0
script duration name:co2 seconds:0.0
Script duration 556.0
Run total estimated duration= 557.000
script duration name:unknown120_60 seconds:214.0
script duration name:cocktail_x1 seconds:108.0
Script duration 322.0
Run total estimated duration= 323.000
script duration name:unknown120_60 seconds:214.0
script duration name:co2 seconds:0.0
Script duration 214.0
Run total estimated duration= 215.000
script duration name:unknown120_60 seconds:214.0
script duration name:co2 seconds:0.0
Script duration 214.0
Run total estimated duration= 215.000
script duration name:unknown120_60 seconds:214.0
script duration name:co2 seconds:0.0
Script duration 214.0
Run total estimated duration= 215.000
script duration name:unknown120_60 seconds:214.0
script duration name:co2 seconds:0.0
Script duration 214.0
Run total estimated duration= 215.000
script duration name:unknown400_120 seconds:556.0
script duration name:cocktail_x1 seconds:108.0
Script duration 664.0
Run total estimated duration= 665.000
script duration name:unknown120_60 seconds:214.0
script duration name:co2 seconds:0.0
Script duration 214.0
Run total estimated duration= 215.000
script duration name:unknown120_60 seconds:214.0
script duration name:co2 seconds:0.0
Script duration 214.0
Run total estimated duration= 215.000
script duration name:unknown120_60 seconds:214.0
script duration name:co2 seconds:0.0
Script duration 214.0
Run total estimated duration= 215.000
script duration name:unknown120_60 seconds:214.0
script duration name:co2 seconds:0.0
Script duration 214.0
Run total estimated duration= 215.000
script duration name:unknown120_60 seconds:214.0
script duration name:co2 seconds:0.0
Script duration 214.0
Run total estimated duration= 215.000
script duration name:unknown120_60 seconds:214.0
script duration name:co2 seconds:0.0
Script duration 214.0
Run total estimated duration= 215.000
script duration name:unknown400_120 seconds:556.0
script duration name:co2 seconds:0.0
Script duration 556.0
Run total estimated duration= 557.000
script duration name:unknown400_120 seconds:556.0
script duration name:sniffair_x2 seconds:250.0
Script duration 806.0
Run total estimated duration= 807.000
script duration name:unknown400_120 seconds:556.0
script duration name:sniffair_x2 seconds:250.0
Script duration 806.0
Run total estimated duration= 807.000
script duration name:ic_peak_hop3 seconds:134.0
script duration name:sniffair_x1 seconds:140.0
Script duration 274.0
Run total estimated duration= 275.000
script duration name:unknown120_60 seconds:214.0
script duration name:co2 seconds:0.0
Script duration 214.0
Run total estimated duration= 215.000
script duration name:unknown120_60 seconds:214.0
script duration name:co2 seconds:0.0
Script duration 214.0
Run total estimated duration= 215.000
nruns=77 before=5.0, run_dur=24463.0, btw=3420.0
write rem/ex queues
/Users/jan/PychronDev/experiments/rem/CurrentExperiment.rem.txt
/Users/jan/PychronDev/experiments/rem/CurrentExperiment.ex.txt
doing event level: 3
