do run
loading script "jan_unknown120_60.py"
loading script "jan_pump_ms.py"
loading script "jan_co2.py"
loading script "jan_pump_extraction_line.py"
testing...
no interpolation path defined
executed snippet estimated_duration=213.652928, duration=0.000204801559448
script duration name:unknown120_60 seconds:214.0
loading script "jan_unknown120_60.py"
loading script "jan_pump_ms.py"
loading script "jan_co2.py"
loading script "jan_pump_extraction_line.py"
testing...
no interpolation path defined
executed snippet estimated_duration=0, duration=2.8133392334e-05
loading script "jan_unknown120_60.py"
loading script "jan_pump_ms.py"
loading script "jan_co2.py"
loading script "jan_pump_extraction_line.py"
testing...
no interpolation path defined
calculate duration
testing...
no interpolation path defined
executed snippet estimated_duration=0, duration=6.00814819336e-05
calculate duration
testing...
no interpolation path defined
executed snippet estimated_duration=0, duration=9.3936920166e-05
executed snippet estimated_duration=0.0, duration=0.00319600105286
script duration name:co2 seconds:0.0
loading script "jan_unknown120_60.py"
loading script "jan_pump_ms.py"
loading script "jan_co2.py"
loading script "jan_pump_extraction_line.py"
testing...
no interpolation path defined
calculate duration
testing...
no interpolation path defined
executed snippet estimated_duration=4.0, duration=0.00014591217041
executed snippet estimated_duration=4.0, duration=0.00132703781128
Script duration 214.0
Run total estimated duration= 215.000
run duration: 0:03:35
doing event level: 2
19:25:52 -- Setting default integration. t=1.048576
setting integration time = 1.048576
SetIntegrationTime 1.048576 ===>> OK
----------------- start -----------------
**************** Experiment Type: Ar/Ar, Ar/Ar
create new session 4419362736
close session 4419362736
$$$$$ Clearing conditionals
adding conditionals 
Add queue conditionals
add default conditionals
adding default conditionals from /Users/jan/PychronDev/setupfiles/spectrometer/default_conditionals.yaml
Start automated run 25323-10
loading script "jan_unknown120_60.py"
loading script "jan_pump_ms.py"
loading script "jan_co2.py"
loading script "jan_pump_extraction_line.py"
%%%%%%%%%%%%%%%%%% setting automated run 25323-10
No value "sensitivity_multiplier" in metadata
$$$$$$$$$$$$$$$ auto_save_detector_ic=False
============================= Pre Extraction Check =============================
loading queue conditionals pre_run_terminations
loading system conditionals pre_run_terminations
loading conditionals from /Users/jan/PychronDev/setupfiles/spectrometer/default_conditionals.yaml
19:25:53 -- ******* Pre Extraction Check *******
Get a measurement from the spectrometer
GetData ===>> H2,-0.21858093039589,H1,0.00368341410201829,AX,-0.112473747722554,L1,0.0199077485693074,L2,0.0368...
Pre Extraction Termination data. keys=H2,H1,AX,L1,L2,CDD, signals=-0.21858,0.00368,-0.11247,0.01991,0.03689,0.00298
19:25:53 -- testing system defined conditionals
Checking default pre extraction terminations n=2
testing CDD
evaluate ot="CDD.inactive" t="CDD", ctx="{'CDD': False}"
GetDeflection CDD ===>> 50
testing CDD==2000
evaluate ot="CDD.deflection==2000" t="CDD==2000", ctx="{'CDD': 50.0}"
19:25:53 -- ******* Pre Extraction Check Passed *******
=================================================================================
19:25:53 -- stopping status monitor
stop 4976433200
Alive clients [4982646160]
19:25:53 -- starting status monitor
start 4976433200
Monitor already running
start extraction
do extraction
Analysis started at 19:25:53.026516
Extraction Started jan_co2.py
19:25:53 -- ******* Extraction Started jan_co2.py *******
state changed from not run to extraction
DO EXTRACTION <pychron.extraction_line.pyscript_runner.RemotePyScriptRunner object at 0x12b9a8890>
testing...
no interpolation path defined
calculate duration
testing...
no interpolation path defined
executed snippet estimated_duration=0, duration=6.41345977783e-05
calculate duration
testing...
no interpolation path defined
executed snippet estimated_duration=0, duration=0.000144004821777
executed snippet estimated_duration=100.0, duration=0.00303506851196
Jan CO2 laser analysis
doing GOSUB
testing...
no interpolation path defined
executed snippet estimated_duration=0, duration=6.69956207275e-05
Waiting for CO2 access
wait ('FelixCO2Flag', 0) {}
waiting for FelixCO2Flag = 0
Read FelixCO2Flag ===>> 0
finished waiting
CO2 free
wait ('CO2PumpTimeFlag', 0) {}
waiting for CO2PumpTimeFlag = 0
Read CO2PumpTimeFlag ===>> 0
finished waiting
acquire ('JanCO2Flag',) {'clear': True}
acquire JanCO2Flag
Set JanCO2Flag 1 ===>> OK
JanCO2Flag acquired
set extraction state False (0.75, 'red', 1.5)
CO2 acquired
executed snippet estimated_duration=0, duration=0.0177669525146
WaitForCO2Access.py completed successfully
gosub finished
doing GOSUB
testing...
no interpolation path defined
executed snippet estimated_duration=0, duration=0.000107049942017
Prepare for CO2 analysis
close () {'description': 'Jan Inlet'}
closing name=--- desc=Jan Inlet
checking ownership. requestor=129.138.12.150
check software interlocks R
interlocks []
actuate state mode=None-script, software_lock=False
doing actuation None-script close_channel False
Close R ===>> OK
GetIndicatorState R ===>> False
change switch state (True, True)
update switch state R False args=() kw={} ncanvase=2
19:25:53 -- CLOSE  VALVE-R (Jan Inlet)
---------------------------------------- close None (Jan Inlet) result=[(True, True)]
action=close, ok=True, locked=[False]
open () {'description': 'Jan Ion Pump'}
opening name=--- desc=Jan Ion Pump
checking ownership. requestor=129.138.12.150
check software interlocks O
interlocks []
actuate state mode=None-script, software_lock=False
doing actuation None-script open_channel False
Open O ===>> OK
GetIndicatorState O ===>> OK
change switch state (True, True)
update switch state O True args=() kw={} ncanvase=2
19:25:53 -- OPEN   VALVE-O (Jan Ion Pump)
---------------------------------------- open None (Jan Ion Pump) result=[(True, True)], time=0.09 sec
action=open, ok=True, locked=[False]
close () {'description': 'Microbone to Minibone'}
closing name=--- desc=Microbone to Minibone
checking ownership. requestor=129.138.12.150
check software interlocks L
interlocks []
actuate state mode=None-script, software_lock=False
doing actuation None-script close_channel False
Close L ===>> OK
GetIndicatorState L ===>> False
change switch state (True, True)
update switch state L False args=() kw={} ncanvase=2
19:25:54 -- CLOSE  VALVE-L (Microbone to Minibone)
---------------------------------------- close None (Microbone to Minibone) result=[(True, True)]
action=close, ok=True, locked=[False]
open () {'description': 'Microbone to Turbo'}
opening name=--- desc=Microbone to Turbo
checking ownership. requestor=129.138.12.150
check software interlocks U
interlocks []
actuate state mode=None-script, software_lock=False
doing actuation None-script open_channel False
Open U ===>> OK
GetIndicatorState U ===>> OK
change switch state (True, True)
update switch state U True args=() kw={} ncanvase=2
19:25:54 -- OPEN   VALVE-U (Microbone to Turbo)
---------------------------------------- open None (Microbone to Turbo) result=[(True, True)], time=0.17 sec
action=open, ok=True, locked=[False]
open () {'description': 'Microbone to Inlet Pipette'}
opening name=--- desc=Microbone to Inlet Pipette
checking ownership. requestor=129.138.12.150
check software interlocks S
interlocks []
actuate state mode=None-script, software_lock=False
doing actuation None-script open_channel False
Open S ===>> OK
GetIndicatorState S ===>> OK
change switch state (True, True)
update switch state S True args=() kw={} ncanvase=2
19:25:55 -- OPEN   VALVE-S (Microbone to Inlet Pipette)
---------------------------------------- open None (Microbone to Inlet Pipette) result=[(True, True)], time=0.41 sec
action=open, ok=True, locked=[False]
open () {'description': 'Microbone to Getter D-50'}
opening name=--- desc=Microbone to Getter D-50
checking ownership. requestor=129.138.12.150
check software interlocks K
interlocks []
actuate state mode=None-script, software_lock=False
doing actuation None-script open_channel False
Open K ===>> OK
GetIndicatorState K ===>> OK
change switch state (True, True)
update switch state K True args=() kw={} ncanvase=2
19:25:56 -- OPEN   VALVE-K (Microbone to Getter D-50)
---------------------------------------- open None (Microbone to Getter D-50) result=[(True, True)], time=0.41 sec
action=open, ok=True, locked=[False]
open () {'description': 'Microbone to Getter NP-10'}
opening name=--- desc=Microbone to Getter NP-10
checking ownership. requestor=129.138.12.150
check software interlocks M
interlocks []
actuate state mode=None-script, software_lock=False
doing actuation None-script open_channel False
Open M ===>> OK
GetIndicatorState M ===>> OK
change switch state (True, True)
update switch state M True args=() kw={} ncanvase=2
19:25:56 -- OPEN   VALVE-M (Microbone to Getter NP-10)
---------------------------------------- open None (Microbone to Getter NP-10) result=[(True, True)], time=0.13 sec
action=open, ok=True, locked=[False]
close () {'description': 'CO2 Laser to Felix'}
closing name=--- desc=CO2 Laser to Felix
checking ownership. requestor=129.138.12.150
check software interlocks F
interlocks []
actuate state mode=None-script, software_lock=True
VALVE-F(CO2 Laser to Felix) software locked
change switch state (True, False)
---------------------------------------- close None (CO2 Laser to Felix) result=[(True, False)]
action=close, ok=True, locked=[True]
open () {'description': 'CO2 Laser to Jan'}
opening name=--- desc=CO2 Laser to Jan
checking ownership. requestor=129.138.12.150
check software interlocks A
interlocks []
actuate state mode=None-script, software_lock=False
doing actuation None-script open_channel False
Open A ===>> OK
GetIndicatorState A ===>> OK
change switch state (True, True)
update switch state A True args=() kw={} ncanvase=2
19:25:57 -- OPEN   VALVE-A (CO2 Laser to Jan)
---------------------------------------- open None (CO2 Laser to Jan) result=[(True, True)], time=0.11 sec
action=open, ok=True, locked=[False]
open () {'description': 'Microbone to CO2 Laser'}
opening name=--- desc=Microbone to CO2 Laser
checking ownership. requestor=129.138.12.150
check software interlocks T
interlocks []
actuate state mode=None-script, software_lock=False
doing actuation None-script open_channel False
Open T ===>> OK
GetIndicatorState T ===>> OK
change switch state (True, True)
update switch state T True args=() kw={} ncanvase=2
19:25:57 -- OPEN   VALVE-T (Microbone to CO2 Laser)
---------------------------------------- open None (Microbone to CO2 Laser) result=[(True, True)], time=0.42 sec
action=open, ok=True, locked=[False]
executed snippet estimated_duration=0, duration=4.89810609818
PrepareForCO2Analysis.py completed successfully
gosub finished
set_motor ('beam', '1.25') {}
setting motor "beam" to 1.25
set motor beam to 1.25
SetMotor beam,1.25 ===>> OK
GetMotorMoving beam ===>> False
GetMotorMoving beam ===>> False
Block completed
move_to_position ('168',) {'autocenter': True}
FusionsCO2 move to position 168
sending GoToHole 168,True
GoToHole 168,True ===>> OK
GetDriveMoving ===>> OK
GetDriveMoving ===>> OK
GetDriveMoving ===>> OK
GetDriveMoving ===>> OK
GetDriveMoving ===>> OK
GetDriveMoving ===>> OK
GetDriveMoving ===>> False
GetDriveMoving ===>> False
Block completed
GetAutoCorrecting ===>> OK
GetAutoCorrecting ===>> OK
GetAutoCorrecting ===>> OK
GetAutoCorrecting ===>> False
GetAutoCorrecting ===>> False
Block completed
update position
GetPosition ===>> 13.95730,-5.98170,1.00000
got position (13.9573, -5.9817, 1.0)
move to position succeeded
sleep (5,) {}
SLEEP 5.0
block started
WaitControl setup for 5.0  
Join finished
block finished. duration 5.03818392754
close () {'description': 'Microbone to Turbo'}
closing name=--- desc=Microbone to Turbo
checking ownership. requestor=129.138.12.150
check software interlocks U
interlocks []
actuate state mode=None-script, software_lock=False
doing actuation None-script close_channel True
Close U ===>> OK
GetIndicatorState U ===>> False
change switch state (True, True)
update switch state U False args=() kw={} ncanvase=2
19:26:09 -- CLOSE  VALVE-U (Microbone to Turbo)
---------------------------------------- close None (Microbone to Turbo) result=[(True, True)]
action=close, ok=True, locked=[False]
enable laser
enable () {}
set extraction state FusionsCO2 Enabled (False, 'red', 1.5)
enabling laser
Enable ===>> OK
begin interval
BEGIN INTERVAL Interval 1 waiting for 30.0
block started
set extract to 5.0
WaitControl setup for 30.0  
extract (5.0,) {}
GetPosition ===>> 13.95730,-5.98170,1.00000
set extraction state FusionsCO2 ON! 5.0(watts) (0.75, 'red', 1.5)
extract sample to 5.0 (watts)
set laser output
SetLaserOutput 5.0,watts ===>> OK
executing pattern triangle.lp
execute_pattern ('triangle.lp',) {}
executing pattern triangle.lp
IsPatterning ===>> OK
IsPatterning ===>> OK
IsPatterning ===>> OK
IsPatterning ===>> OK
IsPatterning ===>> OK
IsPatterning ===>> OK
IsPatterning ===>> OK
IsPatterning ===>> OK
IsPatterning ===>> OK
IsPatterning ===>> OK
IsPatterning ===>> OK
IsPatterning ===>> OK
IsPatterning ===>> OK
IsPatterning ===>> OK
IsPatterning ===>> OK
IsPatterning ===>> OK
IsPatterning ===>> OK
IsPatterning ===>> OK
IsPatterning ===>> OK
IsPatterning ===>> OK
IsPatterning ===>> OK
IsPatterning ===>> OK
IsPatterning ===>> OK
IsPatterning ===>> OK
IsPatterning ===>> OK
IsPatterning ===>> OK
IsPatterning ===>> False
IsPatterning ===>> False
Block completed
COMPLETE INTERVAL waiting for Interval 1 to complete
Join finished
block finished. duration 30.0710709095
Interval 1 finished
end_extract () {}
ending extraction. set laser power to 0
set laser power 0
SetLaserPower 0 ===>> OK
disable () {}
%%%%%%%%%%%%%%%%%%%%%%%%%%%%%%%%%%% disable
set extraction state False (0.75, 'red', 1.5)
disabling laser
Disable ===>> OK
sleep (30.0,) {}
SLEEP 30.0
block started
WaitControl setup for 30.0  
Join finished
block finished. duration 30.1048178673
executed snippet estimated_duration=166.5, duration=77.6187331676
jan_co2.py completed successfully
GetAchievedOutput ===>> No Response
Requested Output= 0.000
Achieved Output=  0.000
GetResponseBlob ===>> No Response
GetOutputBlob ===>> No Response
persistence save...
persistence save - db
AutomatedRunPersister post_extraction_save deprecated
persistence save - dvc
no extraction position for 168
create new session 4982376208
close session 4982376208
Extraction Finished
19:27:10 -- ******* Extraction Finished *******
no overlap. not waiting for min ms pumptime
19:27:10 -- Sending spectrometer configuration
======== Sending configuration ========
SetDeflection CDD,50.0 ===>> OK
SetDeflection H2,0.0 ===>> OK
SetDeflection H1,0.0 ===>> OK
SetDeflection L2,825.0 ===>> OK
SetDeflection L1,400.0 ===>> OK
SetDeflection AX,190.0 ===>> OK
SetZFocus 74.64 ===>> OK
SetZSymmetry -50.72 ===>> OK
SetExtractionLens 26.13 ===>> OK
SetIonRepeller -3.81 ===>> OK
SetElectronEnergy 75.08 ===>> OK
SetYSymmetry -2.81 ===>> OK
SetIonCounterVoltage 1590.0 ===>> OK
send trap current 200.0
GetParameter Trap Current Readback ===>> 197.923274125618
SetParameter Trap Current Set,200.0 ===>> OK
updating mftable name mftable
Using mftable located at /Users/jan/PychronDev/setupfiles/spectrometer/mftables/mftable.csv
============ MFtable ===========
Isotope  H2     H1     AX     L1     L2     CDD    
Ar40     5.8010 5.8796 5.9931 6.1410 6.2316 6.3692
Ar39     5.7003 5.7718 5.8855 6.0270 6.1167 6.2557
Ar36     5.3778 5.4409 5.5489 5.6859 5.7717 5.9068
================================
get initial guess parabolic
get initial guess parabolic
get initial guess parabolic
get initial guess parabolic
get initial guess parabolic
get initial guess parabolic
======== Configuration Finished ========
GetYSymmetry ===>> -2.81
GetZSymmetry ===>> -50.72
GetParameter Trap Current Readback ===>> 198.258926936459
GetHighVoltage ===>> 4500
start measurement
do measurement
L#=25323 analysis type=unknown
Measurement Started jan_unknown120_60.py
19:27:10 -- ******* Measurement Started jan_unknown120_60.py *******
state changed from extraction to measurement
setting spec, defl, and gains
GetExtractionLens ===>> 26.13
GetYSymmetry ===>> -2.81
GetZSymmetry ===>> -50.72
GetZFocus ===>> 74.64
GetDeflection H2 ===>> 0
GetDeflection H1 ===>> 0
GetDeflection AX ===>> 190
GetDeflection L1 ===>> 400
GetDeflection L2 ===>> 825
GetDeflection CDD ===>> 50
GetGain H2 ===>> 0.0113
GetGain H1 ===>> 0.1
GetGain AX ===>> 0.097049
GetGain L1 ===>> 0.010355
GetGain L2 ===>> 0.095649
GetGain CDD ===>> 0
pre measurement save
New frame /Users/jan/PychronDev/data/isotopes/d2/4eb0c0-5dcb-4737-840a-3d830feae75d.h5
flush and close file /Users/jan/PychronDev/data/isotopes/d2/4eb0c0-5dcb-4737-840a-3d830feae75d.h5
testing...
no interpolation path defined
executed snippet estimated_duration=226.132928, duration=0.000204801559448
unknown measurement script
activate_detectors ('H2', 'H1', 'AX', 'L1', 'L2', 'CDD') {}
activate detectors
*************** Set Analysis View Ar/Ar
create graphs
clearing graphs
clear isotope group
setting isotope det=H2, iso=PM41
setting isotope det=H1, iso=Ar40
setting isotope det=AX, iso=Ar39
setting isotope det=L1, iso=Ar38
setting isotope det=L2, iso=Ar37
setting isotope det=CDD, iso=Ar36
setting previous blanks
 - setting Ar40 blank 0.104+/-0.007
 - setting Ar36 blank 0.00443+/-0.00017
 - setting Ar37 blank 0.042+/-0.005
 - setting Ar38 blank 0.0042+/-0.0023
 - setting PM41 blank 0.03+/-0.06
 - setting Ar39 blank 0.024+/-0.009
load analysis view
position_magnet ('Ar40',) {'detector': 'H1'}
detector Detector(H1)
POSITION Ar40 H1
setting detector H2 to PM41 (40.9624)
setting detector H1 to Ar40 (39.9624)
setting detector AX to Ar39 (38.9624)
setting detector L1 to Ar38 (37.9624)
setting detector L2 to Ar37 (36.9624)
setting detector CDD to Ar36 (35.9624)
Mapping mass to dac mass func: "parabolic"
H1 map mass coeffs = [-0.00063987  0.15840543  0.57117999]
H1 map mass to dac 39.9624 >> 5.87957
GetDeflection H1 ===>> 0
GetHighVoltage ===>> 4500
positioning Ar40 (5.87957) on H1
setting magnet DAC
current  : 5.879571
requested: 5.879570
Delta Dac: 0.000001
Checking detector protection. dv=0.00000
Checking detector "CDD". Protection Threshold: 0.1 (V)
SetMagnetDAC 5.87957 ===>> OK
Magnet settling time: 0.500
equilibrate () {'delay': 3, 'inlet': 'R', 'outlet': 'O', 'eqtime': 12.0}
Equilibration Started
19:27:12 -- ******* Equilibration Started *******
checking ownership. requestor=129.138.12.150
check software interlocks O
interlocks []
actuate state mode=None-script, software_lock=False
doing actuation None-script close_channel True
Close O ===>> OK
GetIndicatorState O ===>> False
change switch state (True, True)
update switch state O False args=() kw={} ncanvase=2
19:27:12 -- CLOSE  VALVE-O (Jan Ion Pump)
waiting 3s before opening inlet value ('R',)
update labels <pychron.experiment.plot_panel.PlotPanel object at 0x19fc50170>
update labels "<pychron.graph.stacked_regression_graph.StackedRegressionGraph object at 0x15edadcb0>"
setting label 0 H2 PM41
setting label 1 H1 Ar40
setting label 2 AX Ar39
setting label 3 L1 Ar38
setting label 4 L2 Ar37
setting label 5 CDD Ar36
update labels "<pychron.graph.stacked_graph.StackedGraph object at 0x1a08fe650>"
setting label 0 H2 PM41
setting label 1 H1 Ar40
setting label 2 AX Ar39
setting label 3 L1 Ar38
setting label 4 L2 Ar37
setting label 5 CDD Ar36
checking ownership. requestor=129.138.12.150
check software interlocks R
interlocks []
actuate state mode=None-script, software_lock=False
doing actuation None-script open_channel True
Open R ===>> OK
GetIndicatorState R ===>> OK
change switch state (True, True)
update switch state R True args=() kw={} ncanvase=2
19:27:16 -- OPEN   VALVE-R (Jan Inlet)
set_time_zero () {}
equilibrating for 12.0sec
sniff (12.0,) {}
py_sniff
build tables- sniff [Detector(H2), Detector(H1), Detector(AX), Detector(L1), Detector(L2), Detector(CDD)]
add group /sniff/PM41 (Group) '' table H2
add group /sniff/Ar40 (Group) '' table H1
add group /sniff/Ar39 (Group) '' table AX
add group /sniff/Ar38 (Group) '' table L1
add group /sniff/Ar37 (Group) '' table L2
add group /sniff/Ar36 (Group) '' table CDD
flush and close file /Users/jan/PychronDev/data/isotopes/d2/4eb0c0-5dcb-4737-840a-3d830feae75d.h5
measuring sniff. ncounts=12.0
"sniff" increment series count="1" fit count="0" regressing="False"
starting measurement
GetData ===>> H2,-0.179025304628055,H1,0.0881405027975514,AX,0.0129825437290308,L1,0.0059864440629622,L2,0.0664...
GetData ===>> H2,0.629058296287317,H1,0.368854357067039,AX,1.03181059800523,L1,0.110949165488524,L2,0.224023767...
GetData ===>> H2,0.751563722951895,H1,0.631744766311404,AX,0.687131749793768,L1,0.165903656309527,L2,0.19514062...
GetData ===>> H2,0.185356272781502,H1,0.768687186113071,AX,0.282251128665335,L1,0.123177806018982,L2,0.09950391...
GetData ===>> H2,-0.034314492813194,H1,0.694327606185197,AX,0.14485432484345,L1,0.105565570050723,L2,0.09754337...
GetData ===>> H2,0.037236988832188,H1,0.75048722509472,AX,0.150658006176168,L1,0.0501517194995434,L2,0.03791606...
GetData ===>> H2,-0.109124748133436,H1,0.793178519879034,AX,0.05826965498551,L1,0.032728058035519,L2,0.13257706...
GetData ===>> H2,-0.0153365766956454,H1,0.872773275379602,AX,0.0675474588661095,L1,0.053564093410334,L2,0.12017...
GetData ===>> H2,-0.0586060748084105,H1,0.957453792327478,AX,0.029401221817657,L1,0.0486521794070988,L2,-0.0026...
GetData ===>> H2,-0.0887616391948665,H1,0.889373087797041,AX,0.0633027538874037,L1,0.0302216078139624,L2,0.1134...
GetData ===>> H2,-0.114980770146375,H1,0.919274035674511,AX,-0.0690693296165573,L1,0.0320094625966093,L2,0.0345...
Equilibration Finished
19:27:28 -- ******* Equilibration Finished *******
checking ownership. requestor=129.138.12.150
check software interlocks R
interlocks []
actuate state mode=None-script, software_lock=False
doing actuation None-script close_channel True
GetData ===>> H2,-0.192371240809445,H1,1.08760449701955,AX,-0.0299713967529973,L1,0.0340428116341207,L2,0.09114...
Close R ===>> OK
set states for children of R. state=False
handle state [('R', False)]
update switch state R False args=() kw={'refresh': False} ncanvase=2
refresh_canvas_needed fired
GetIndicatorState R ===>> False
change switch state (True, True)
update switch state R False args=() kw={} ncanvase=2
19:27:29 -- CLOSE  VALVE-R (Jan Inlet)
Post Equilibration Started jan_pump_extraction_line.py
19:27:29 -- ******* Post Equilibration Started jan_pump_extraction_line.py *******
testing...
no interpolation path defined
calculate duration
testing...
no interpolation path defined
executed snippet estimated_duration=4.0, duration=0.000149011611938
executed snippet estimated_duration=4.0, duration=0.00251507759094
Pump after analysis
doing GOSUB
testing...
no interpolation path defined
executed snippet estimated_duration=4.0, duration=0.0001380443573
Pump Microbone
close () {'description': 'Jan Inlet'}
closing name=--- desc=Jan Inlet
checking ownership. requestor=129.138.12.150
check software interlocks R
interlocks []
actuate state mode=None-script, software_lock=False
doing actuation None-script close_channel False
measurement finished
estimated time: 12.583 actual time: :12.694
flush and close file /Users/jan/PychronDev/data/isotopes/d2/4eb0c0-5dcb-4737-840a-3d830feae75d.h5
set_fits () {}
Close R ===>> OK
using default fits file=/Users/jan/PychronDev/scripts/measurement/fits/nominal_linear.yaml
set "Ar40" to "('Linear', 'SEM')"
No fit for "PM41". defaulting to linear. check the measurement script "jan_unknown120_60.py"
set "PM41" to "linear"
set "Ar36" to "('Linear', 'SEM')"
set "Ar37" to "('linear', 'SEM')"
set "Ar38" to "('linear', 'SEM')"
set "Ar39" to "('Linear', 'SEM')"
set_baseline_fits () {}
using default fits file=/Users/jan/PychronDev/scripts/measurement/fits/nominal_linear.yaml
set "H1" to "('average', 'SEM')"
set "H2" to "('average', 'SEM')"
set "CDD" to "('average', 'SEM')"
set "L2" to "('average', 'SEM')"
set "L1" to "('average', 'SEM')"
set "AX" to "('average', 'SEM')"
multicollect () {'integration_time': 1, 'ncounts': 120}
build tables- signal [Detector(H2), Detector(H1), Detector(AX), Detector(L1), Detector(L2), Detector(CDD)]
add group /signal/PM41 (Group) '' table H2
add group /signal/Ar40 (Group) '' table H1
add group /signal/Ar39 (Group) '' table AX
add group /signal/Ar38 (Group) '' table L1
add group /signal/Ar37 (Group) '' table L2
add group /signal/Ar36 (Group) '' table CDD
flush and close file /Users/jan/PychronDev/data/isotopes/d2/4eb0c0-5dcb-4737-840a-3d830feae75d.h5
measuring signal. ncounts=120
GetIndicatorState R ===>> False
change switch state (True, True)
update switch state R False args=() kw={} ncanvase=2
19:27:29 -- CLOSE  VALVE-R (Jan Inlet)
---------------------------------------- close None (Jan Inlet) result=[(True, True)]
action=close, ok=True, locked=[False]
is_closed ('F',) {}
is F () closed?
is closed True
open () {'description': 'CO2 Laser to Jan'}
opening name=--- desc=CO2 Laser to Jan
checking ownership. requestor=129.138.12.150
check software interlocks A
interlocks []
actuate state mode=None-script, software_lock=False
doing actuation None-script open_channel False
Open A ===>> OK
GetIndicatorState A ===>> OK
change switch state (True, True)
update switch state A True args=() kw={} ncanvase=2
19:27:29 -- OPEN   VALVE-A (CO2 Laser to Jan)
---------------------------------------- open None (CO2 Laser to Jan) result=[(True, True)], time=0.12 sec
starting measurement
GetData ===>> H2,-0.0335269361723668,H1,1.00242286813337,AX,0.0677678174555268,L1,0.0187665249727913,L2,0.00754...
action=open, ok=True, locked=[False]
sleep (1,) {}
SLEEP 1.0
"signal" increment series count="2" fit count="1" regressing="True"
GetData ===>> H2,-0.0550821259549965,H1,1.0184324428484,AX,0.0715603829041415,L1,0.0256380735337142,L2,0.059525...
close () {'description': 'CO2 Laser to Roughing'}
closing name=--- desc=CO2 Laser to Roughing
checking ownership. requestor=129.138.12.150
check software interlocks G
interlocks []
actuate state mode=None-script, software_lock=True
VALVE-G(CO2 Laser to Roughing) software locked
change switch state (True, False)
---------------------------------------- close None (CO2 Laser to Roughing) result=[(True, False)]
action=close, ok=True, locked=[True]
open () {'description': 'Microbone to Turbo'}
opening name=--- desc=Microbone to Turbo
checking ownership. requestor=129.138.12.150
check software interlocks U
interlocks []
actuate state mode=None-script, software_lock=False
doing actuation None-script open_channel True
Open U ===>> OK
GetIndicatorState U ===>> OK
change switch state (True, True)
update switch state U True args=() kw={} ncanvase=2
19:27:31 -- OPEN   VALVE-U (Microbone to Turbo)
---------------------------------------- open None (Microbone to Turbo) result=[(True, True)], time=0.21 sec
action=open, ok=True, locked=[False]
open () {'description': 'Microbone to Getter NP-10'}
opening name=--- desc=Microbone to Getter NP-10
checking ownership. requestor=129.138.12.150
check software interlocks M
interlocks []
actuate state mode=None-script, software_lock=False
doing actuation None-script open_channel False
Open M ===>> OK
GetIndicatorState M ===>> OK
change switch state (True, True)
update switch state M True args=() kw={} ncanvase=2
19:27:31 -- OPEN   VALVE-M (Microbone to Getter NP-10)
---------------------------------------- open None (Microbone to Getter NP-10) result=[(True, True)], time=0.14 sec
action=open, ok=True, locked=[False]
open () {'description': 'Microbone to Getter D-50'}
opening name=--- desc=Microbone to Getter D-50
checking ownership. requestor=129.138.12.150
check software interlocks K
interlocks []
actuate state mode=None-script, software_lock=False
doing actuation None-script open_channel False
GetData ===>> H2,-0.117435448301016,H1,1.13622380780594,AX,0.0233671808322039,L1,-0.0113495120065514,L2,-0.0001...
Open K ===>> OK
GetIndicatorState K ===>> OK
change switch state (True, True)
update switch state K True args=() kw={} ncanvase=2
19:27:32 -- OPEN   VALVE-K (Microbone to Getter D-50)
---------------------------------------- open None (Microbone to Getter D-50) result=[(True, True)], time=0.42 sec
action=open, ok=True, locked=[False]
open () {'description': 'Microbone to CO2 Laser'}
opening name=--- desc=Microbone to CO2 Laser
checking ownership. requestor=129.138.12.150
check software interlocks T
interlocks []
actuate state mode=None-script, software_lock=False
doing actuation None-script open_channel False
Open T ===>> OK
GetIndicatorState T ===>> OK
change switch state (True, True)
update switch state T True args=() kw={} ncanvase=2
19:27:33 -- OPEN   VALVE-T (Microbone to CO2 Laser)
---------------------------------------- open None (Microbone to CO2 Laser) result=[(True, True)], time=0.41 sec
GetData ===>> H2,-0.212388759710603,H1,1.03264523265858,AX,0.0224505034839937,L1,0.0213735094518919,L2,-0.07200...
action=open, ok=True, locked=[False]
open () {'description': 'Microbone to Inlet Pipette'}
opening name=--- desc=Microbone to Inlet Pipette
checking ownership. requestor=129.138.12.150
check software interlocks S
interlocks []
actuate state mode=None-script, software_lock=False
doing actuation None-script open_channel False
Open S ===>> OK
GetIndicatorState S ===>> OK
change switch state (True, True)
update switch state S True args=() kw={} ncanvase=2
19:27:33 -- OPEN   VALVE-S (Microbone to Inlet Pipette)
---------------------------------------- open None (Microbone to Inlet Pipette) result=[(True, True)], time=0.52 sec
action=open, ok=True, locked=[False]
sleep (1,) {}
SLEEP 1.0
GetData ===>> H2,-0.166772613587654,H1,1.03662382686409,AX,0.0296449120989924,L1,0.061334943748861,L2,0.0796039...
set_resource () {'name': 'CO2PumpTimeFlag', 'value': 30}
Set CO2PumpTimeFlag 30 ===>> OK
release ('JanCO2Flag',) {}
release JanCO2Flag
Set JanCO2Flag 0 ===>> OK
executed snippet estimated_duration=6.0, duration=6.10455489159
PumpMicrobone.py completed successfully
gosub finished
get_resource_value () {'name': 'JanMiniboneFlag'}
Read JanMiniboneFlag ===>> 0
Get Resource Value JanMiniboneFlag=0.0
get resource value 0.0
get_resource_value () {'name': 'JanMiniboneFlag'}
Read JanMiniboneFlag ===>> 0
Get Resource Value JanMiniboneFlag=0.0
executed snippet estimated_duration=4.0, duration=6.12329077721
jan_pump_extraction_line.py completed successfully
Post Equilibration Finished
19:27:35 -- ******* Post Equilibration Finished *******
GetData ===>> H2,-0.18225027184421,H1,1.1621741108262,AX,-0.0563050946230148,L1,0.0273350355618182,L2,-0.022131...
GetData ===>> H2,-0.197993801614102,H1,1.05307914173711,AX,-0.0384137985078013,L1,-0.0277671573887887,L2,0.0546...
GetData ===>> H2,-0.092016297352459,H1,1.08954690016063,AX,0.0234135951047518,L1,-0.0329951885669605,L2,0.09071...
GetData ===>> H2,-0.163400493020585,H1,1.11116765838866,AX,0.0598816099559868,L1,-0.026352187250157,L2,0.027973...
GetData ===>> H2,-0.140964779239844,H1,1.25731352169647,AX,0.0588262982897407,L1,0.0146507844980604,L2,0.003407...
GetData ===>> H2,-0.261235892090423,H1,1.24097235766996,AX,-0.155568107191943,L1,-0.00396934390009411,L2,0.0693...
GetData ===>> H2,-0.239153659024309,H1,1.22266668389657,AX,0.00457121960418934,L1,0.00932095505061265,L2,-0.004...
GetData ===>> H2,-0.184144343188174,H1,1.25763749227648,AX,-0.0398401209918936,L1,-0.00501901533116846,L2,-0.00...
GetData ===>> H2,-0.181747021549069,H1,1.38366905282437,AX,-0.0315717983954921,L1,-0.0186304442667298,L2,0.1289...
GetData ===>> H2,-0.218646953033641,H1,1.33058138986868,AX,-0.0514702469086222,L1,-0.00947440194369164,L2,0.020...
GetData ===>> H2,-0.179138666331686,H1,1.33799036402442,AX,0.110062702324439,L1,-0.0373372369908638,L2,-0.02511...
GetData ===>> H2,-0.173137488915583,H1,1.45833243640567,AX,-0.0237782902684216,L1,-0.0612827171929226,L2,0.0536...
GetData ===>> H2,-0.207576755733654,H1,1.41978294072487,AX,-0.0502528013526366,L1,-0.0244744385609048,L2,-0.031...
GetData ===>> H2,-0.179028003729427,H1,1.52849189719519,AX,0.014351628017129,L1,-0.0295328950446745,L2,0.031257...
GetData ===>> H2,-0.182594304078968,H1,1.43176653214032,AX,0.206449016742804,L1,-0.0109898632396846,L2,-0.00972...
GetData ===>> H2,-0.316730396228835,H1,1.5003093004182,AX,0.0251077311967343,L1,-0.076954557706157,L2,0.0573359...
GetData ===>> H2,-0.226223520191587,H1,1.5220013901754,AX,-0.0510180546229697,L1,-0.0625137232539112,L2,0.14068...
GetData ===>> H2,-0.190327547832127,H1,1.52472975613154,AX,-0.0804757305141015,L1,-0.00365742044061977,L2,0.063...
GetData ===>> H2,-0.0788489816342708,H1,1.63995511491086,AX,0.0636622709071242,L1,0.0120587427712807,L2,-0.0286...
19:27:55 -- collecting point 25
GetData ===>> H2,-0.106039145073683,H1,1.64315295586934,AX,0.0457298194548237,L1,0.0586300527663732,L2,0.030892...
GetData ===>> H2,-0.108952025266197,H1,1.57272259975476,AX,-0.0145226887486027,L1,0.0170453236894945,L2,0.01409...
GetData ===>> H2,-0.155856161411974,H1,1.61269342765233,AX,-0.0286840980735981,L1,-0.0116072523841092,L2,0.1113...
GetData ===>> H2,-0.169370540756901,H1,1.61171993216491,AX,-0.0468786583552368,L1,-0.0260142902520999,L2,0.1062...
GetData ===>> H2,-0.114795362205809,H1,1.72599550504919,AX,0.108136644660365,L1,-0.0427570127812906,L2,0.010281...
GetData ===>> H2,-0.171820818503376,H1,1.72610379328269,AX,0.0484341088263842,L1,-0.0333352457965211,L2,0.01394...
GetData ===>> H2,-0.262657350379181,H1,1.73574191124841,AX,0.0024017959766283,L1,0.00110781173795941,L2,0.10372...
GetData ===>> H2,-0.216763857878366,H1,1.79795751003933,AX,0.105734927320392,L1,0.0253234523691347,L2,0.0992417...
GetData ===>> H2,-0.105679211139939,H1,1.80374373919416,AX,0.0962794660591652,L1,-0.000130813510034684,L2,0.028...
GetData ===>> H2,-0.0796213452217076,H1,1.82089987208125,AX,0.056309832010867,L1,-0.0108867615563536,L2,-0.0191...
GetData ===>> H2,-0.164315843553245,H1,1.84359471770363,AX,-0.0296118826191896,L1,-0.00982331396429238,L2,-0.02...
GetData ===>> H2,-0.132709401701759,H1,1.87167551435194,AX,-0.0360481443986727,L1,0.00845932397363768,L2,0.0569...
GetData ===>> H2,-0.169267984538041,H1,1.94380899126367,AX,0.0444879606610629,L1,-0.0103856243786166,L2,-0.0655...
GetData ===>> H2,-0.0433159280149396,H1,1.85757997685634,AX,-0.0555630712494652,L1,-0.00417928694140156,L2,0.03...
GetData ===>> H2,-0.228055949747658,H1,1.93626809133007,AX,0.101859817453443,L1,-0.0242958724104618,L2,-0.00518...
GetData ===>> H2,-0.271526323596815,H1,2.00156241680893,AX,0.0918478971146976,L1,-0.0150672388137978,L2,0.02409...
GetData ===>> H2,-0.26056746237944,H1,2.01862756852409,AX,0.0833217544828754,L1,-0.0169383488585494,L2,-0.00926...
GetData ===>> H2,-0.207762699853103,H1,1.9744481775988,AX,-0.00230812311175581,L1,-0.00582988655961287,L2,-0.01...
GetData ===>> H2,-0.184435710655797,H1,2.05441713710639,AX,0.115284134566225,L1,-0.0300024284472061,L2,0.069208...
GetData ===>> H2,-0.251014505634859,H1,2.11098831348957,AX,0.00950190766512947,L1,-0.0121299056302188,L2,0.0757...
GetData ===>> H2,-0.211176521658127,H1,2.14388018229068,AX,0.0126576790973336,L1,0.0233490194649199,L2,-0.02894...
GetData ===>> H2,-0.196363257880945,H1,2.2087257791789,AX,0.128327334876477,L1,0.0114417454015606,L2,-0.0025302...
GetData ===>> H2,-0.176914410369379,H1,2.08832711986273,AX,-0.080301862487458,L1,0.0150938634455615,L2,0.016368...
GetData ===>> H2,-0.215604601544186,H1,2.20556729663495,AX,0.018865101572472,L1,-0.0190765056492996,L2,0.022661...
GetData ===>> H2,-0.0934969803254849,H1,2.17724180257239,AX,0.0478653893737793,L1,-0.00343546901775205,L2,-0.00...
19:28:21 -- collecting point 50
GetData ===>> H2,-0.100385782980419,H1,2.13533064383242,AX,0.0247596186342828,L1,0.020411129302556,L2,0.0725050...
GetData ===>> H2,-0.157408386438309,H1,2.20314425279955,AX,0.100583617416175,L1,0.0428659471600446,L2,0.0217377...
GetData ===>> H2,-0.154153738141185,H1,2.27001020214355,AX,0.0875093312567039,L1,0.00211130590762996,L2,-0.0056...
GetData ===>> H2,-0.125525092025556,H1,2.23486540261628,AX,0.0569592364372074,L1,-0.0318276510379561,L2,0.02199...
GetData ===>> H2,-0.113309282631424,H1,2.28212194399997,AX,0.141302642420265,L1,-0.0465281704553102,L2,-0.02762...
GetData ===>> H2,-0.165270267496227,H1,2.34966784989512,AX,0.0133190118118636,L1,0.00308128525404878,L2,0.09730...
GetData ===>> H2,-0.215525159185355,H1,2.36173663818147,AX,0.118637602000741,L1,-0.0233586477453452,L2,-0.05844...
GetData ===>> H2,-0.241693722372786,H1,2.3763693140632,AX,0.10970301396469,L1,-0.0392431753076809,L2,-0.0259261...
GetData ===>> H2,-0.247259134112034,H1,2.40571341440898,AX,-0.0324415708590256,L1,-0.0395593991269472,L2,0.0899...
GetData ===>> H2,-0.282398068193282,H1,2.39566162021856,AX,0.0152450239089753,L1,-0.0481714734877959,L2,0.02392...
GetData ===>> H2,-0.213110653072251,H1,2.45104938165695,AX,0.159039132188176,L1,-0.0260035061184082,L2,-0.04621...
GetData ===>> H2,-0.13266747403912,H1,2.50529572352372,AX,0.0949337327031081,L1,-0.00175807790355689,L2,0.03178...
GetData ===>> H2,-0.156169595603184,H1,2.52612282475877,AX,0.0647292324584781,L1,-0.0085762875372864,L2,0.07671...
GetData ===>> H2,-0.217589197029688,H1,2.54908108461225,AX,0.0357721825094367,L1,-0.02501131634771,L2,-0.100292...
GetData ===>> H2,-0.196409115920147,H1,2.58631058991472,AX,0.14613110506997,L1,-0.0153491270099089,L2,-0.109914...
GetData ===>> H2,-0.135622318669212,H1,2.59823201968945,AX,0.155452107724512,L1,0.00296483477939425,L2,0.059137...
GetData ===>> H2,-0.126529639458391,H1,2.60277388544992,AX,0.116270436531998,L1,0.00148471050259551,L2,-0.04955...
GetData ===>> H2,-0.196724722089871,H1,2.59633560935215,AX,0.0422944356964901,L1,0.0149713843899254,L2,0.020859...
GetData ===>> H2,-0.219534852674738,H1,2.61404487260741,AX,0.0830085634575237,L1,0.00585207884636551,L2,0.01232...
GetData ===>> H2,-0.14666810625439,H1,2.65868206918241,AX,0.103031615850934,L1,-0.0345729244323284,L2,0.0992303...
GetData ===>> H2,-0.0843695511374555,H1,2.69014774905336,AX,0.00399115507518058,L1,-0.0291747413063807,L2,0.044...
GetData ===>> H2,-0.00125431128990379,H1,2.74486819242938,AX,0.0797375173908454,L1,-0.0150432479643954,L2,-0.08...
GetData ===>> H2,-0.190628193367345,H1,2.68218067835633,AX,0.10349569832177,L1,0.00193124576501777,L2,0.0028038...
GetData ===>> H2,-0.182332570702622,H1,2.7302464826487,AX,0.133654197444297,L1,-0.010335269502749,L2,0.08207699...
GetData ===>> H2,-0.222421728582745,H1,2.69411338317533,AX,0.0206055714451121,L1,-0.0126801007073982,L2,0.07847...
19:28:47 -- collecting point 75
GetData ===>> H2,-0.245819602522071,H1,2.73427416129579,AX,0.0122632020735413,L1,0.012863056767225,L2,0.0094149...
GetData ===>> H2,-0.180470581344237,H1,2.83795540778911,AX,0.0492929975616474,L1,-0.00888206312118677,L2,0.0039...
GetData ===>> H2,-0.170606540052034,H1,2.88647342186226,AX,0.102347098242941,L1,0.00201287263077168,L2,-0.00944...
GetData ===>> H2,-0.180281666764091,H1,2.83819733537392,AX,0.0590350403492487,L1,-0.0210595606520618,L2,0.12001...
GetData ===>> H2,-0.257256794100107,H1,2.85014927582059,AX,-0.037300556678333,L1,-0.0248998686284712,L2,0.02545...
GetData ===>> H2,-0.135061160236314,H1,2.9863905145693,AX,0.214149639874519,L1,-0.0378368170560266,L2,0.1072097...
GetData ===>> H2,-0.0952578343088266,H1,2.91328321536912,AX,0.10196423456025,L1,-0.0100223442698654,L2,0.095719...
GetData ===>> H2,-0.151557090747723,H1,2.91657592179349,AX,0.115980346681699,L1,0.02557682971309,L2,0.062502280...
GetData ===>> H2,-0.120929810389155,H1,3.00185893482963,AX,0.273542243166172,L1,-0.00534289185046617,L2,0.01887...
GetData ===>> H2,-0.192915803840042,H1,2.93880176810315,AX,0.0229726604090848,L1,0.0131932042303485,L2,0.118188...
GetData ===>> H2,-0.0961855591725122,H1,2.93889854435185,AX,0.0459851568709417,L1,-0.00487746602495604,L2,0.049...
GetData ===>> H2,-0.100550943808943,H1,2.99194580293254,AX,0.155196725905952,L1,-0.00923219473491835,L2,-0.0347...
GetData ===>> H2,-0.252535398423285,H1,3.06152760762519,AX,0.114007758612911,L1,-0.0141387512147706,L2,-0.00956...
GetData ===>> H2,-0.223279701203315,H1,3.06835880583656,AX,0.0770233285345744,L1,-0.0326203938593991,L2,0.05632...
GetData ===>> H2,-0.173935004511142,H1,3.13613230188368,AX,0.169475918924523,L1,-0.0542694445427909,L2,0.000501...
GetData ===>> H2,-0.17886200779822,H1,3.16690638397812,AX,0.191653448934648,L1,-0.0359497837042973,L2,-0.007556...
GetData ===>> H2,-0.155026599789047,H1,3.14865396460198,AX,0.165517006130002,L1,-0.0278174744222509,L2,-0.04095...
GetData ===>> H2,-0.190567525628991,H1,3.04334965202504,AX,0.136044997360712,L1,-0.0193738689175107,L2,0.052204...
GetData ===>> H2,-0.183560236744882,H1,3.18287236730004,AX,0.102579137571017,L1,0.0234391523303455,L2,0.1147451...
GetData ===>> H2,-0.169347600630663,H1,3.17086736150125,AX,0.0811526373105932,L1,0.0030380663640676,L2,-0.02215...
GetData ===>> H2,-0.0721312721729058,H1,3.22854310273335,AX,0.0353544018221335,L1,-0.0174108690557945,L2,0.0323...
GetData ===>> H2,-0.144313348709617,H1,3.23868820655606,AX,0.0798187122399766,L1,-0.00525052812732012,L2,0.0303...
GetData ===>> H2,-0.220623411383351,H1,3.26297026380111,AX,0.172320398401432,L1,-0.0125278710924083,L2,-0.00656...
GetData ===>> H2,-0.186913380004861,H1,3.30799772007151,AX,0.122931137155211,L1,-0.016853196920103,L2,-0.021140...
GetData ===>> H2,-0.18044899126603,H1,3.33190021291168,AX,0.155707490212563,L1,-0.0255805193088633,L2,0.1552708...
19:29:14 -- collecting point 100
GetData ===>> H2,-0.249182707546604,H1,3.32905178306484,AX,0.257357394806476,L1,-0.00470232599322753,L2,0.07917...
GetData ===>> H2,-0.167004764305542,H1,3.41570395649338,AX,0.172784811100374,L1,-0.0140524606019286,L2,0.014590...
GetData ===>> H2,-0.147533961253761,H1,3.32671249392342,AX,-0.0642467091929264,L1,-0.00923219473491835,L2,0.039...
GetData ===>> H2,-0.0442940934317598,H1,3.43901052748616,AX,0.0671531342139145,L1,-0.00870939099191733,L2,0.050...
GetData ===>> H2,-0.12538447533166,H1,3.43281028889095,AX,0.12702757820137,L1,-0.0510827990734869,L2,0.06615197...
GetData ===>> H2,-0.111332955715483,H1,3.43759087005735,AX,0.210641889920604,L1,-0.0191520463445655,L2,0.017371...
GetData ===>> H2,-0.198743584042277,H1,3.38501681947261,AX,0.0963374722252763,L1,0.0084977237897751,L2,-0.05690...
GetData ===>> H2,-0.194632892889779,H1,3.52249741818305,AX,0.136416389021268,L1,-0.00931133238476996,L2,0.08524...
GetData ===>> H2,-0.259644971118918,H1,3.45791691250403,AX,0.158656045606135,L1,0.0122544132517877,L2,0.0601870...
GetData ===>> H2,-0.221020816966175,H1,3.55509052681191,AX,0.129151296751211,L1,-0.0139266187985002,L2,0.032294...
GetData ===>> H2,-0.133184120235363,H1,3.49393127260906,AX,0.158934653879984,L1,-0.0671492776105884,L2,0.088755...
GetData ===>> H2,-0.168180291710422,H1,3.50956499420725,AX,0.180970448286807,L1,-0.0737245990885062,L2,-0.01029...
GetData ===>> H2,-0.151921654293621,H1,3.57881991761635,AX,0.203208664943673,L1,-0.0146233988408081,L2,0.026218...
GetData ===>> H2,-0.159635707875207,H1,3.56345283746922,AX,0.111895973313008,L1,-0.0158061289657552,L2,-0.03653...
GetData ===>> H2,-0.160094894982784,H1,3.60671964004953,AX,0.206298030215323,L1,-0.0237817280044915,L2,0.051782...
GetData ===>> H2,-0.12419998096302,H1,3.57340597407301,AX,0.173597538650464,L1,-0.0212022200323372,L2,0.0869206...
GetData ===>> H2,-0.217597282164329,H1,3.71466123783584,AX,0.226648477426202,L1,0.00626237825231967,L2,0.121026...
GetData ===>> H2,-0.283127647121788,H1,3.73708159841886,AX,0.126029562526177,L1,0.00333099802750227,L2,0.005607...
GetData ===>> H2,-0.209624667288859,H1,3.69996800961954,AX,0.27275267601663,L1,0.00907253853099212,L2,0.0410859...
GetData ===>> H2,-0.229719823768288,H1,3.69541475298851,AX,0.190770895800169,L1,0.0130395342473325,L2,0.0462970...
GetData ===>> H2,-0.211198073691567,H1,3.76351626430333,AX,0.0969755423331804,L1,0.00334060248858486,L2,0.00031...
measurement finished
estimated time: 125.829 actual time: :126.403
flush and close file /Users/jan/PychronDev/data/isotopes/d2/4eb0c0-5dcb-4737-840a-3d830feae75d.h5
baselines () {'settling_time': 15.0, 'detector': 'H1', 'mass': 34.2, 'ncounts': 60}
%%%%%%%%%%%%%%%%%%%%%%%%%%%%%%%% Baseline
build tables- baseline [Detector(H2), Detector(H1), Detector(AX), Detector(L1), Detector(L2), Detector(CDD)]
add group baseline table H2
add group baseline table H1
add group baseline table AX
add group baseline table L1
add group baseline table L2
add group baseline table CDD
flush and close file /Users/jan/PychronDev/data/isotopes/d2/4eb0c0-5dcb-4737-840a-3d830feae75d.h5
detector Detector(H1)
POSITION 34.2 H1
Mapping mass to dac mass func: "parabolic"
H1 map mass coeffs = [-0.00063987  0.15840543  0.57117999]
H1 map mass to dac 34.2 >> 5.24022599104
GetDeflection H1 ===>> 0
GetHighVoltage ===>> 4500
positioning 34.2 (5.24022599104) on H1
setting magnet DAC
current  : 5.879570
requested: 5.240226
Delta Dac: 0.639344
Checking detector protection. dv=0.63934
Checking detector "CDD". Protection Threshold: 0.1 (V)
ProtectDetector CDD,On ===>> OK
GetDeflection CDD ===>> 2000
Protected = 2000
SetMagnetDAC 5.24022599104 ===>> OK
Magnet settling time: 0.500
GetMagnetMoving ===>> True
GetMagnetMoving ===>> True
GetMagnetMoving ===>> True
GetMagnetMoving ===>> True
GetMagnetMoving ===>> True
GetMagnetMoving ===>> True
GetMagnetMoving ===>> True
GetMagnetMoving ===>> True
GetMagnetMoving ===>> False
ProtectDetector CDD,Off ===>> OK
GetDeflection CDD ===>> 50
Delaying 15.0s for detectors to settle
Join finished
measuring baseline. ncounts=60
"baseline" increment series count="2" fit count="1" regressing="True"
starting measurement
GetData ===>> H2,-0.240288479711783,H1,0.00974354085234737,AX,-0.051690544953345,L1,-0.00297235461840584,L2,-0....
GetData ===>> H2,-0.176338030061033,H1,-0.0579110300509054,AX,-0.176642384526275,L1,0.00381483414482838,L2,-0.0...
GetData ===>> H2,-0.147941876267008,H1,-0.0452255550705381,AX,-0.118186158272731,L1,-0.0281708845868549,L2,-0.0...
GetData ===>> H2,-0.138242493534015,H1,0.0197769587438447,AX,-0.123817131238123,L1,-0.0459631855466283,L2,0.066...
GetData ===>> H2,-0.122109236096485,H1,0.0389518158335768,AX,-0.0161581410070413,L1,-0.0122497764014889,L2,-0.0...
GetData ===>> H2,-0.213645309303217,H1,-0.0386914311479856,AX,-0.0471105619615382,L1,0.012142772573477,L2,-0.08...
GetData ===>> H2,-0.182760245301921,H1,-0.0728716241650272,AX,-0.0686635895107054,L1,0.00983580878898575,L2,-0....
GetData ===>> H2,-0.220188269922825,H1,-0.0546205913735552,AX,-0.0446987374434437,L1,-0.0222523226239788,L2,0.0...
GetData ===>> H2,-0.183923114732118,H1,-0.00712369667585904,AX,-0.160008227377754,L1,-0.0256464249392411,L2,0.0...
GetData ===>> H2,-0.120242657272498,H1,-0.0249421458337505,AX,-0.00441939217528233,L1,-0.0298227626430163,L2,0....
GetData ===>> H2,-0.185582222783536,H1,0.0589538996736529,AX,0.0414356086966877,L1,-0.018279097050178,L2,0.0486...
GetData ===>> H2,-0.152511873530209,H1,-0.0405992486516514,AX,-0.0612092630799077,L1,-0.0131955067169006,L2,0.0...
GetData ===>> H2,-0.227537621784789,H1,-0.0498635702805171,AX,-0.0200320813950431,L1,0.00901253545918672,L2,-0....
State checksums do not match. Local:-110011688 Remote:-860229079
State checksum failed
GetData ===>> H2,-0.268811798095235,H1,-0.0415173728627092,AX,-0.0655335375410604,L1,-0.000451246981336546,L2,-...
set states for children of V. state=True
handle state [('V', True)]
update switch state V True args=() kw={'refresh': False} ncanvase=2
refresh_canvas_needed fired
GetData ===>> H2,-0.268811798095235,H1,-0.0415173728627092,AX,-0.0655335375410604,L1,-0.000451246981336546,L2,-...
GetData ===>> H2,-0.153679446122965,H1,-0.0643485319484104,AX,-0.14868146237227,L1,-0.0157377599146936,L2,3.419...
GetData ===>> H2,-0.271223995416541,H1,-0.0312505953679708,AX,-0.0494295676308611,L1,-0.00854391075516237,L2,-0...
GetData ===>> H2,-0.191193061809304,H1,0.0442383743171295,AX,-0.124813524611705,L1,-0.0571232168211935,L2,-0.09...
GetData ===>> H2,-0.191193061809304,H1,0.0442383743171295,AX,-0.124813524611705,L1,-0.0571232168211935,L2,-0.09...
GetData ===>> H2,-0.192067945582066,H1,-0.0119900940299676,AX,-0.103133871237072,L1,-0.0514369348395346,L2,-0.1...
GetData ===>> H2,-0.0848896335267846,H1,-0.0478724692594799,AX,-0.0390631836942772,L1,0.00713941927881133,L2,-0...
GetData ===>> H2,-0.0848896335267846,H1,-0.0478724692594799,AX,-0.0390631836942772,L1,0.00713941927881133,L2,-0...
GetData ===>> H2,-0.220665173305021,H1,-0.0138149320424439,AX,-0.167995296225459,L1,-0.0322407952018456,L2,-0.0...
GetData ===>> H2,-0.255322497537789,H1,-0.00638417440870216,AX,-0.171623457722788,L1,-0.0577012942151838,L2,0.0...
19:30:19 -- collecting point 25
GetData ===>> H2,-0.166636290309753,H1,-0.0960173947533559,AX,-0.0493599982648177,L1,-0.0531799143963989,L2,-0....
GetData ===>> H2,-0.237789366369791,H1,-0.0324311495051298,AX,0.00769202609432102,L1,-0.0183894189993514,L2,0.0...
GetData ===>> H2,-0.211091660127136,H1,0.0220915879012075,AX,-0.0337520133593146,L1,-0.0527947383610186,L2,-0.1...
GetData ===>> H2,-0.211091660127136,H1,0.0220915879012075,AX,-0.0337520133593146,L1,-0.0527947383610186,L2,-0.1...
GetData ===>> H2,-0.325008940604444,H1,-0.0081614041931964,AX,-0.137086682731301,L1,-0.0077668367413807,L2,0.12...
GetData ===>> H2,-0.199303191420256,H1,-0.00154136129946174,AX,-0.0879749423557827,L1,0.00186282375490266,L2,0....
GetData ===>> H2,-0.146855871376872,H1,-0.056337355486291,AX,-0.0574065251353278,L1,-0.0420517090657163,L2,-0.0...
GetData ===>> H2,-0.076805352718038,H1,-0.0799279567740506,AX,0.0341474899069948,L1,-0.0417870577179535,L2,-0.0...
GetData ===>> H2,-0.118777583714941,H1,-0.0233798785678417,AX,-0.1783114390517,L1,-0.00120728554725632,L2,0.044...
GetData ===>> H2,-0.236242376996605,H1,0.00781094090405179,AX,-0.120329674058316,L1,-0.050532428171306,L2,-0.11...
GetData ===>> H2,-0.171553688412385,H1,0.00111870716790214,AX,-0.068791108011979,L1,-0.0582984862214101,L2,0.01...
GetData ===>> H2,-0.206306055754614,H1,-0.0414577546631765,AX,-0.0811480172936856,L1,0.0230882395794012,L2,-0.0...
GetData ===>> H2,-0.196347072646263,H1,-0.0363662293924925,AX,-0.0627511845967432,L1,0.00364915067398074,L2,-0....
GetData ===>> H2,-0.224439274971378,H1,-0.0760303480852763,AX,-0.0860161622658666,L1,0.0406961208177559,L2,-0.0...
GetData ===>> H2,-0.261792662463008,H1,-0.0329677604186117,AX,-0.142466832356884,L1,0.0236939322546718,L2,0.021...
GetData ===>> H2,-0.18370053295926,H1,-0.0100220941814165,AX,-0.0542065451431306,L1,0.0250064394459313,L2,-0.02...
GetData ===>> H2,-0.0946957451797248,H1,-0.0181085373107902,AX,-0.118719144988083,L1,-0.00417088930379946,L2,-0...
GetData ===>> H2,-0.109065657101891,H1,0.0480334123379002,AX,-0.0232911752888648,L1,0.00806093451769513,L2,0.03...
GetData ===>> H2,-0.117676286698494,H1,0.042066436145949,AX,-0.0353987390937712,L1,-0.0371814875289046,L2,-0.16...
GetData ===>> H2,-0.137674705142188,H1,0.0488449485709143,AX,-0.0627627778990644,L1,-0.0130972220263652,L2,-0.0...
GetData ===>> H2,-0.187214116239824,H1,-0.00970005415858992,AX,-0.0345985730267829,L1,0.0273446440862868,L2,0.0...
GetData ===>> H2,-0.182007419266619,H1,-0.0773653259541927,AX,-0.210203421720002,L1,0.0290983531195516,L2,0.019...
GetData ===>> H2,-0.242818867246288,H1,0.0268283927363779,AX,-0.132448339763765,L1,-0.0275563023200823,L2,-0.04...
GetData ===>> H2,-0.298377525123931,H1,-0.0366524109853604,AX,-0.050600644494233,L1,-0.0446056554924303,L2,-0.0...
GetData ===>> H2,-0.185915363946884,H1,-0.0437232212793902,AX,-0.0925298228752412,L1,0.0208220219470794,L2,-0.1...
19:30:46 -- collecting point 50
GetData ===>> H2,-0.314073871755558,H1,0.0427943881956551,AX,-0.0710516355232576,L1,0.0109712202713986,L2,-0.03...
GetData ===>> H2,-0.417352878332877,H1,-0.0684492431543003,AX,-0.147290161790623,L1,-0.0065303499525258,L2,0.02...
GetData ===>> H2,-0.200256482897056,H1,-0.0567188546228835,AX,-0.115637050992856,L1,-0.0307821408394427,L2,-0.0...
GetData ===>> H2,-0.191528733996055,H1,-0.0109404989259374,AX,0.00353870714215001,L1,-0.0279193057434405,L2,-0....
GetData ===>> H2,-0.238136400973307,H1,-0.0866262445592845,AX,-0.000498427466125027,L1,-0.00916384808206195,L2,...
GetData ===>> H2,-0.242141909542826,H1,0.0278664630301463,AX,-0.0064262153716116,L1,0.00272953689823747,L2,0.07...
GetData ===>> H2,-0.277039367792027,H1,-0.0636928794003343,AX,-0.204050659449549,L1,-0.0129761627346097,L2,0.08...
GetData ===>> H2,-0.136895977704465,H1,-0.0722398674153577,AX,-0.124326915169429,L1,-0.025288132758828,L2,-0.03...
GetData ===>> H2,-0.130313132335687,H1,-0.0180727580279204,AX,-0.0404199209038397,L1,-0.0463510175895675,L2,0.0...
GetData ===>> H2,-0.194724535530516,H1,-0.0452255550705381,AX,-0.0682114771141258,L1,-0.0479081800877499,L2,0.0...
GetData ===>> H2,-0.146681614640371,H1,0.0263033957665694,AX,0.0258387716296377,L1,-0.0120927454012183,L2,0.013...
measurement finished
estimated time: 62.915 actual time: :63.196
flush and close file /Users/jan/PychronDev/data/isotopes/d2/4eb0c0-5dcb-4737-840a-3d830feae75d.h5
activate_detectors ('H1', 'AX', 'CDD') {'peak_center': True}
peak_center () {'detector': 'H1', 'integration_time': 0.262144, 'isotope': 'Ar40'}
peak center: mean=3.64426052266 threshold=3
peak center started
setup peak center. detector=['H1', 'AX', 'CDD'], isotope=Ar40
VersionedUnpickler [<apptools.sweet_pickle.versioned_unpickler.VersionedUnpickler object at 0x1a26bc650>] using Updater [<apptools.sweet_pickle.updater.Updater object at 0x134a15590>]
VersionedUnpickler [<apptools.sweet_pickle.versioned_unpickler.VersionedUnpickler object at 0x1a26bc650>] using Updater [<apptools.sweet_pickle.updater.Updater object at 0x134a15590>]
VersionedUnpickler [<apptools.sweet_pickle.versioned_unpickler.VersionedUnpickler object at 0x19fe0f230>] using Updater [<apptools.sweet_pickle.updater.Updater object at 0x134a15590>]
setting integration time = 0.524288
SetIntegrationTime 0.524288 ===>> OK
Mapping mass to dac mass func: "parabolic"
H1 map mass coeffs = [-0.00063987  0.15840543  0.57117999]
H1 map mass to dac 39.9624 >> 5.87957
GetDeflection H1 ===>> 0
GetHighVoltage ===>> 4500
do peak center. <pychron.spectrometer.jobs.peak_center.PeakCenter object at 0x134a156b0>
doing pc
starting peak center. center dac= 5.87957 step_width=0.001
width = 0.001
get scan parameters. half-width=0.015,window=0.015, i=0, scalar=1
Scan parameters center=5.87957 width=0.03000 (5.86457 - 5.89457)
GetData ===>> H2,-0.0843709055495658,H1,-0.000944939539881795,AX,-0.0436203542589392,L1,-0.00440242160336632,L2...
Moving to starting dac 5.86457
setting magnet DAC
current  : 5.240226
requested: 5.864570
Delta Dac: 0.624344
Checking detector protection. dv=0.62434
Checking detector "CDD". Protection Threshold: 0.1 (V)
ProtectDetector CDD,On ===>> OK
GetDeflection CDD ===>> 2000
Protected = 2000
SetMagnetDAC 5.86457 ===>> OK
Magnet settling time: 0.500
GetMagnetMoving ===>> True
GetMagnetMoving ===>> True
GetMagnetMoving ===>> True
GetMagnetMoving ===>> True
GetMagnetMoving ===>> True
GetMagnetMoving ===>> True
GetMagnetMoving ===>> True
GetMagnetMoving ===>> True
GetMagnetMoving ===>> False
ProtectDetector CDD,Off ===>> OK
GetDeflection CDD ===>> 50
Wait until signal near baseline. tol= -0.000708704654911. timeout= 10
GetData ===>> H2,-0.249166567035279,H1,-0.0147571556393665,AX,-0.0625193182602691,L1,0.00184001652149619,L2,-0....
Peak center baseline intensity achieved
_do_sweep sm= 5.86457, em= 5.89457, stm= 0.001
calculated step values: start=5.86457, end=5.89457, width=0.001, nsteps=31.0
setting magnet DAC
current  : 5.864570
requested: 5.864570
Delta Dac: 0.000000
Checking detector protection. dv=0.00000
Checking detector "CDD". Protection Threshold: 0.1 (V)
SetMagnetDAC 5.86457 ===>> OK
GetData ===>> H2,-0.0145230828012257,H1,-0.0242504579913703,AX,-0.172037814692792,L1,-0.00988326326569801,L2,-0...
setting magnet DAC
current  : 5.864570
requested: 5.865604
Delta Dac: 0.001034
Checking detector protection. dv=0.00103
Checking detector "CDD". Protection Threshold: 0.1 (V)
SetMagnetDAC 5.86560448276 ===>> OK
Magnet settling time: 1.049
GetData ===>> H2,-0.0172081038049457,H1,0.0594074538697199,AX,-0.191629685570871,L1,-0.0474737308911434,L2,0.01...
setting magnet DAC
current  : 5.865604
requested: 5.866639
Delta Dac: 0.001034
Checking detector protection. dv=0.00103
Checking detector "CDD". Protection Threshold: 0.1 (V)
SetMagnetDAC 5.86663896552 ===>> OK
Magnet settling time: 1.049
GetData ===>> H2,-0.225308526463246,H1,0.0105309070836281,AX,0.00604459904821077,L1,-0.0735217966888671,L2,-0.0...
setting magnet DAC
current  : 5.866639
requested: 5.867673
Delta Dac: 0.001034
Checking detector protection. dv=0.00103
Checking detector "CDD". Protection Threshold: 0.1 (V)
SetMagnetDAC 5.86767344828 ===>> OK
Magnet settling time: 1.049
GetData ===>> H2,-0.127953159383801,H1,0.131513425317764,AX,-0.0587630066350627,L1,-0.0100175484051595,L2,0.041...
setting magnet DAC
current  : 5.867673
requested: 5.868708
Delta Dac: 0.001034
Checking detector protection. dv=0.00103
Checking detector "CDD". Protection Threshold: 0.1 (V)
SetMagnetDAC 5.86870793103 ===>> OK
Magnet settling time: 1.049
GetData ===>> H2,-0.0484079805591965,H1,0.424161409003365,AX,-0.0754566151808698,L1,-0.0170362480052899,L2,-0.1...
setting magnet DAC
current  : 5.868708
requested: 5.869742
Delta Dac: 0.001034
Checking detector protection. dv=0.00103
Checking detector "CDD". Protection Threshold: 0.1 (V)
SetMagnetDAC 5.86974241379 ===>> OK
Magnet settling time: 1.049
GetData ===>> H2,-0.0433186414887256,H1,1.35001102524279,AX,0.0400893545910742,L1,-0.00290516526778821,L2,-0.00...
setting magnet DAC
current  : 5.869742
requested: 5.870777
Delta Dac: 0.001034
Checking detector protection. dv=0.00103
Checking detector "CDD". Protection Threshold: 0.1 (V)
SetMagnetDAC 5.87077689655 ===>> OK
Magnet settling time: 1.049
GetData ===>> H2,-0.140344971639236,H1,2.62943729009197,AX,0.115686426544999,L1,-0.0533796737903074,L2,-0.10970...
setting magnet DAC
current  : 5.870777
requested: 5.871811
Delta Dac: 0.001034
Checking detector protection. dv=0.00103
Checking detector "CDD". Protection Threshold: 0.1 (V)
SetMagnetDAC 5.87181137931 ===>> OK
Magnet settling time: 1.049
GetData ===>> H2,-0.150486668126302,H1,3.85244338498214,AX,0.132450671389242,L1,-0.0371707047845249,L2,0.017673...
setting magnet DAC
current  : 5.871811
requested: 5.872846
Delta Dac: 0.001034
Checking detector protection. dv=0.00103
Checking detector "CDD". Protection Threshold: 0.1 (V)
SetMagnetDAC 5.87284586207 ===>> OK
Magnet settling time: 1.049
GetData ===>> H2,-0.268819361862589,H1,4.90545310541883,AX,0.308033990507873,L1,-0.0488236933273988,L2,-0.02356...
setting magnet DAC
current  : 5.872846
requested: 5.873880
Delta Dac: 0.001034
Checking detector protection. dv=0.00103
Checking detector "CDD". Protection Threshold: 0.1 (V)
SetMagnetDAC 5.87388034483 ===>> OK
Magnet settling time: 1.049
GetData ===>> H2,-0.311237532858396,H1,5.50938787171738,AX,0.307917836200943,L1,-0.00828849026708711,L2,-0.1548...
setting magnet DAC
current  : 5.873880
requested: 5.874915
Delta Dac: 0.001034
Checking detector protection. dv=0.00103
Checking detector "CDD". Protection Threshold: 0.1 (V)
SetMagnetDAC 5.87491482759 ===>> OK
Magnet settling time: 1.049
GetData ===>> H2,-0.29202390367229,H1,5.65666991097415,AX,0.230288031564982,L1,-0.00565716206806824,L2,0.076595...
setting magnet DAC
current  : 5.874915
requested: 5.875949
Delta Dac: 0.001034
Checking detector protection. dv=0.00103
Checking detector "CDD". Protection Threshold: 0.1 (V)
SetMagnetDAC 5.87594931034 ===>> OK
Magnet settling time: 1.049
GetData ===>> H2,-0.138829822174907,H1,5.48818290440758,AX,0.368476226976908,L1,-0.00522293879890563,L2,0.10185...
setting magnet DAC
current  : 5.875949
requested: 5.876984
Delta Dac: 0.001034
Checking detector protection. dv=0.00103
Checking detector "CDD". Protection Threshold: 0.1 (V)
SetMagnetDAC 5.8769837931 ===>> OK
Magnet settling time: 1.049
GetData ===>> H2,-0.183925451060971,H1,5.74295594644194,AX,0.335775601855495,L1,-0.0248737605939704,L2,-0.02552...
setting magnet DAC
current  : 5.876984
requested: 5.878018
Delta Dac: 0.001034
Checking detector protection. dv=0.00103
Checking detector "CDD". Protection Threshold: 0.1 (V)
SetMagnetDAC 5.87801827586 ===>> OK
Magnet settling time: 1.049
GetData ===>> H2,-0.152445653425593,H1,5.72369049573982,AX,0.201624990550457,L1,-0.0211042767931403,L2,-0.06470...
setting magnet DAC
current  : 5.878018
requested: 5.879053
Delta Dac: 0.001034
Checking detector protection. dv=0.00103
Checking detector "CDD". Protection Threshold: 0.1 (V)
SetMagnetDAC 5.87905275862 ===>> OK
Magnet settling time: 1.049
GetData ===>> H2,-0.140669041507292,H1,5.67538320164103,AX,0.385005021344824,L1,-0.0181911795599578,L2,-0.01883...
setting magnet DAC
current  : 5.879053
requested: 5.880087
Delta Dac: 0.001034
Checking detector protection. dv=0.00103
Checking detector "CDD". Protection Threshold: 0.1 (V)
SetMagnetDAC 5.88008724138 ===>> OK
Magnet settling time: 1.049
GetData ===>> H2,-0.226912034621457,H1,5.65733205323749,AX,0.21738281746369,L1,-0.0345681308591528,L2,0.1501728...
setting magnet DAC
current  : 5.880087
requested: 5.881122
Delta Dac: 0.001034
Checking detector protection. dv=0.00103
Checking detector "CDD". Protection Threshold: 0.1 (V)
SetMagnetDAC 5.88112172414 ===>> OK
Magnet settling time: 1.049
set states for children of D. state=False
handle state [('D', False)]
update switch state D False args=() kw={'refresh': False} ncanvase=2
refresh_canvas_needed fired
GetData ===>> H2,-0.217446430566231,H1,5.54999803537333,AX,0.200232668875071,L1,-0.0156295444217401,L2,-0.00541...
setting magnet DAC
current  : 5.881122
requested: 5.882156
Delta Dac: 0.001034
Checking detector protection. dv=0.00103
Checking detector "CDD". Protection Threshold: 0.1 (V)
SetMagnetDAC 5.8821562069 ===>> OK
Magnet settling time: 1.049
State checksums do not match. Local:1823859597 Remote:-2064761812
State checksum failed
GetData ===>> H2,-0.241761018878642,H1,5.6742058563348,AX,0.217568491879961,L1,0.00451001406686085,L2,0.1260892...
setting magnet DAC
current  : 5.882156
requested: 5.883191
Delta Dac: 0.001034
Checking detector protection. dv=0.00103
Checking detector "CDD". Protection Threshold: 0.1 (V)
SetMagnetDAC 5.88319068966 ===>> OK
Magnet settling time: 1.049
set states for children of B. state=False
handle state [('B', False)]
update switch state B False args=() kw={'refresh': False} ncanvase=2
refresh_canvas_needed fired
GetData ===>> H2,-0.221368741619564,H1,5.63094775503112,AX,0.38230814917152,L1,0.0353998074310189,L2,0.01459897...
setting magnet DAC
current  : 5.883191
requested: 5.884225
Delta Dac: 0.001034
Checking detector protection. dv=0.00103
Checking detector "CDD". Protection Threshold: 0.1 (V)
SetMagnetDAC 5.88422517241 ===>> OK
Magnet settling time: 1.049
GetData ===>> H2,-0.139875053883996,H1,5.59689846924265,AX,0.296651526137843,L1,0.0382898912646479,L2,-0.074759...
setting magnet DAC
current  : 5.884225
requested: 5.885260
Delta Dac: 0.001034
Checking detector protection. dv=0.00103
Checking detector "CDD". Protection Threshold: 0.1 (V)
SetMagnetDAC 5.88525965517 ===>> OK
Magnet settling time: 1.049
GetData ===>> H2,-0.200845676639776,H1,5.55159043717095,AX,0.216779378054188,L1,-0.00384817478097983,L2,-0.0101...
setting magnet DAC
current  : 5.885260
requested: 5.886294
Delta Dac: 0.001034
Checking detector protection. dv=0.00103
Checking detector "CDD". Protection Threshold: 0.1 (V)
SetMagnetDAC 5.88629413793 ===>> OK
Magnet settling time: 1.049
GetData ===>> H2,-0.249672292089722,H1,5.11184891485759,AX,0.237901980977366,L1,0.0276521217035552,L2,0.0430289...
setting magnet DAC
current  : 5.886294
requested: 5.887329
Delta Dac: 0.001034
Checking detector protection. dv=0.00103
Checking detector "CDD". Protection Threshold: 0.1 (V)
SetMagnetDAC 5.88732862069 ===>> OK
Magnet settling time: 1.049
GetData ===>> H2,-0.174331263696436,H1,3.77340672881104,AX,0.121436492472879,L1,0.0127574447540054,L2,-0.038684...
setting magnet DAC
current  : 5.887329
requested: 5.888363
Delta Dac: 0.001034
Checking detector protection. dv=0.00103
Checking detector "CDD". Protection Threshold: 0.1 (V)
SetMagnetDAC 5.88836310345 ===>> OK
Magnet settling time: 1.049
GetData ===>> H2,-0.155310332908292,H1,2.32802460086179,AX,0.0357721825094367,L1,-0.00826450678981487,L2,-0.088...
setting magnet DAC
current  : 5.888363
requested: 5.889398
Delta Dac: 0.001034
Checking detector protection. dv=0.00103
Checking detector "CDD". Protection Threshold: 0.1 (V)
SetMagnetDAC 5.88939758621 ===>> OK
Magnet settling time: 1.049
GetData ===>> H2,-0.139999286907732,H1,1.09577003673864,AX,-0.105173424510893,L1,-0.00823812489881193,L2,-0.053...
setting magnet DAC
current  : 5.889398
requested: 5.890432
Delta Dac: 0.001034
Checking detector protection. dv=0.00103
Checking detector "CDD". Protection Threshold: 0.1 (V)
SetMagnetDAC 5.89043206897 ===>> OK
Magnet settling time: 1.049
GetData ===>> H2,-0.16920726002346,H1,0.313100062136207,AX,-0.0208903586998771,L1,-0.0072739392617883,L2,-0.127...
setting magnet DAC
current  : 5.890432
requested: 5.891467
Delta Dac: 0.001034
Checking detector protection. dv=0.00103
Checking detector "CDD". Protection Threshold: 0.1 (V)
SetMagnetDAC 5.89146655172 ===>> OK
Magnet settling time: 1.049
GetData ===>> H2,-0.104939348717378,H1,0.120570037698209,AX,-0.0282202024841639,L1,-0.0312384421653084,L2,0.016...
setting magnet DAC
current  : 5.891467
requested: 5.892501
Delta Dac: 0.001034
Checking detector protection. dv=0.00103
Checking detector "CDD". Protection Threshold: 0.1 (V)
SetMagnetDAC 5.89250103448 ===>> OK
Magnet settling time: 1.049
GetData ===>> H2,-0.11474122792956,H1,-0.099497140289828,AX,-0.225848094940873,L1,-0.0200167552823843,L2,0.0108...
setting magnet DAC
current  : 5.892501
requested: 5.893536
Delta Dac: 0.001034
Checking detector protection. dv=0.00103
Checking detector "CDD". Protection Threshold: 0.1 (V)
SetMagnetDAC 5.89353551724 ===>> OK
Magnet settling time: 1.049
GetData ===>> H2,-0.117011939178687,H1,0.051649572963375,AX,-0.170069146091452,L1,-0.0187901582392312,L2,-0.094...
setting magnet DAC
current  : 5.893536
requested: 5.894570
Delta Dac: 0.001034
Checking detector protection. dv=0.00103
Checking detector "CDD". Protection Threshold: 0.1 (V)
SetMagnetDAC 5.89457 ===>> OK
Magnet settling time: 1.049
GetData ===>> H2,-0.0740103532535333,H1,8.09141993631357E-05,AX,-0.000405621654278776,L1,-0.0169691524712192,L2...
result of _do_sweep=True
result of _calculate_peak_center=([5.8722031974293412, 5.8795751827793516, 5.8869471681293621], [4.2512787299973169, 5.7428015139713819, 4.2669405208601017], 5.8769920855504107, 5.7428015139713819)
Failed to find a valid peak. No peak greater than 1.0. max = 0.381278209816
Failed to find a valid peak. No peak greater than 1.0. max = 0.0157606563974
new center pos Detector(H1) (Ar40) @ 5.87957518278
GetHighVoltage ===>> 4500
GetDeflection H1 ===>> 0
dac uncorrected for HV and deflection 5.87957518278
update mftable H1 Ar40 5.87957518278 message=automated run peakcenter
get initial guess parabolic
get initial guess parabolic
get initial guess parabolic
get initial guess parabolic
get initial guess parabolic
get initial guess parabolic
dump mftable to /Users/jan/PychronDev/setupfiles/spectrometer/mftables/mftable.csv
add to repo msg=modified - automated run peakcenter
locally archiving mftable
setting magnet DAC
current  : 5.894570
requested: 5.879575
Delta Dac: 0.014995
Checking detector protection. dv=0.01499
Checking detector "CDD". Protection Threshold: 0.1 (V)
SetMagnetDAC 5.87957518278 ===>> OK
Magnet settling time: 0.500
sweep finished
setting integration time = 1.048576
SetIntegrationTime 1.048576 ===>> OK
Failed to find a valid peak. No peak greater than 1.0. max = 0.383997272624
Failed to find a valid peak. No peak greater than 1.0. max = 0.0156270054594
flush and close file /Users/jan/PychronDev/data/isotopes/d2/4eb0c0-5dcb-4737-840a-3d830feae75d.h5
finished measure script
executed snippet estimated_duration=226.132928, duration=263.33560586
jan_unknown120_60.py completed successfully
Measurement Finished
19:31:34 -- ******* Measurement Finished *******
Post Measurement Started jan_pump_ms.py
19:31:34 -- ******* Post Measurement Started jan_pump_ms.py *******
testing...
no interpolation path defined
executed snippet estimated_duration=0, duration=2.40802764893e-05
Pumping spectrometer
open () {'name': 'O'}
opening name=O desc=---
checking ownership. requestor=129.138.12.150
check software interlocks O
interlocks []
actuate state mode=None-script, software_lock=False
doing actuation None-script open_channel True
Open O ===>> OK
GetIndicatorState O ===>> OK
change switch state (True, True)
update switch state O True args=() kw={} ncanvase=2
19:31:34 -- OPEN   VALVE-O (Jan Ion Pump)
---------------------------------------- open O () result=[(True, True)], time=0.51 sec
action=open, ok=True, locked=[False]
executed snippet estimated_duration=0, duration=0.765496969223
jan_pump_ms.py completed successfully
setting _ms_pumptime
Post Measurement Finished
19:31:35 -- ******* Post Measurement Finished *******
$$$$$$$$$$$$$$$$$$$$ state at run end measurement
state changed from measurement to success
post measurement save measured=True aborted=False
Set filtering
setting fod for Ar40= {'filter_outliers': True, 'std_devs': 2, 'iterations': 1}
setting fod for H1= {'filter_outliers': True, 'std_devs': 2, 'iterations': 1}
setting fod for PM41= {'filter_outliers': False, 'std_devs': 2, 'iterations': 1}
setting fod for H2= {'filter_outliers': True, 'std_devs': 2, 'iterations': 1}
setting fod for Ar36= {'filter_outliers': True, 'std_devs': 2, 'iterations': 1}
setting fod for CDD= {'filter_outliers': True, 'std_devs': 10, 'iterations': 1}
setting fod for Ar37= {'filter_outliers': True, 'std_devs': 2, 'iterations': 1}
setting fod for L2= {'filter_outliers': True, 'std_devs': 2, 'iterations': 1}
setting fod for Ar38= {'filter_outliers': True, 'std_devs': 2, 'iterations': 1}
setting fod for L1= {'filter_outliers': True, 'std_devs': 2, 'iterations': 1}
setting fod for Ar39= {'filter_outliers': True, 'std_devs': 2, 'iterations': 1}
setting fod for AX= {'filter_outliers': True, 'std_devs': 2, 'iterations': 1}
persistence save...
persistence save - db
post measurement save
6948491088 connecting to database sqlite:////Users/jan/PychronDev/.appdata/local_lab.db
connected to db sqlite:////Users/jan/PychronDev/.appdata/local_lab.db
create new session 6948491088
close session 6948491088
No database instance. Not saving post measurement to isotopedb database
$$$$$$$$$$$$$$$ auto_save_detector_ic=False
massspec enabled True
create new session 4979675504
MassSpec Database Version: 16.0
close session 4979675504
saving post measurement to secondary database
saving to massspec database 129.138.12.160/massspecdata
setting labnumber to 25323
setting aliquot to 10
setting step to 
setting uuid to d24eb0c0-5dcb-4737-840a-3d830feae75d
setting irradpos to 25323
setting extract_device to Fusions CO2
setting tray to 
setting position to 168
setting power_requested to 5.0
setting extract_value to 5.0
setting duration to 30.0
setting duration_at_request to 30.0
setting first_stage_delay to 30.0
setting cleanup to 30.0
setting comment to K:12
setting irradiation to NM-288
setting level to K
setting irradiation_level to K
setting sample to FC-2
setting material to Sanidine
setting project to Irradiation-NM-288
setting mass_spectrometer to Jan
no attribute chron_dosages
no attribute production_ratios
no attribute interference_corrections
no attribute production_name
no attribute j
Reference Isotope=Ar40
Reference Detector=H1
%%%%%%%%%%%%%%%%%%%% Comment: K:12 %%%%%%%%%%%%%%%%%%%
adding isotope PM41 H2
add baseline dbdet= PM41. original det= H2
get baseline data PM41 H2
Get data baseline <pychron.processing.isotope.Baseline object at 0x19fe97250> len t=60
baseline PM41. v=-0.189138445321, e=0.00729587553978
get signal data PM41 H2
Get data signal PM41 0.02+/-0.06 len t=120
adding isotope Ar40 H1
add baseline dbdet= Ar40. original det= H1
get baseline data Ar40 H1
Get data baseline <pychron.processing.isotope.Baseline object at 0x19fe97510> len t=60
baseline Ar40. v=-0.0211469969847, e=0.00517755102726
get signal data Ar40 H1
Get data signal Ar40 0.770+/-0.010 len t=120
adding isotope Ar39 AX
add baseline dbdet= Ar39. original det= AX
get baseline data Ar39 AX
Get data baseline <pychron.processing.isotope.Baseline object at 0x19d684a50> len t=60
baseline Ar39. v=-0.072366067519, e=0.00729590031817
get signal data Ar39 AX
Get data signal Ar39 0.039+/-0.012 len t=120
adding isotope Ar38 L1
add baseline dbdet= Ar38. original det= L1
get baseline data Ar38 L1
Get data baseline <pychron.processing.isotope.Baseline object at 0x19d684290> len t=60
baseline Ar38. v=-0.0165826424581, e=0.00331009381336
get signal data Ar38 L1
Get data signal Ar38 0.010+/-0.004 len t=120
adding isotope Ar37 L2
add baseline dbdet= Ar37. original det= L2
get baseline data Ar37 L2
Get data baseline <pychron.processing.isotope.Baseline object at 0x19d684c10> len t=60
baseline Ar37. v=-0.0235685132685, e=0.00752845792906
get signal data Ar37 L2
Get data signal Ar37 0.045+/-0.010 len t=120
adding isotope Ar36 CDD
add baseline dbdet= Ar36. original det= CDD
get baseline data Ar36 CDD
Get data baseline <pychron.processing.isotope.Baseline object at 0x19d684bd0> len t=60
baseline Ar36. v=4.96218037339e-06, e=3.47892879403e-06
get signal data Ar36 CDD
Get data signal Ar36 0.00664+/-0.00018 len t=120
25323-10 added analysis time 0.54731297493s
analysis added to mass spec database
mass spec save time= 0.557
persistence save - dvc
================= post measurement started
create new session 4982376208
close session 4982376208
---------------- Experiment Queue saving disabled
DVC saving peakcenter
Failed to find a valid peak. No peak greater than 1.0. max = 0.383997272624
Failed to find a valid peak. No peak greater than 1.0. max = 0.0156270054594
Smart pull ahead: 0 behind: 0
Up-to-date with origin
add to repo msg=modified - ad8224ebc6dbfeb9f5997218dfa5fe690569839d.json
add to repo msg=modified - 23-10.json
add to repo msg=modified - 23-10.dat.json
add to repo msg=modified - 23-10.blan.json
add to repo msg=modified - 23-10.inte.json
add to repo msg=modified - 23-10.icfa.json
add to repo msg=modified - 23-10.base.json
not at valid file /Users/jan/PychronDev/data/.dvc/repositories/Irradiation-NM-288/253/tags/23-10.tags.json
add to repo msg=modified - 23-10.peak.json
add to repo msg=modified - 23-10.extr.json
not at valid file /Users/jan/PychronDev/data/.dvc/repositories/Irradiation-NM-288/253/monitor/23-10.moni.json
commit message=<COLLECTION>
add to repo msg=modified - 23-10.inte.json
add to repo msg=modified - 23-10.base.json
commit message=<ISOEVO> default collection fits
add to repo msg=modified - 23-10.blan.json
commit message=<BLANKS> preceding ba-01-J-2292
add to repo msg=modified - 23-10.icfa.json
commit message=<ICFactor> default
push repository <pychron.git_archive.repo_manager.GitRepoManager object at 0x1a3b35830>
pushing to remote=origin, url=https://github.com
no changes to meta repo
create new session 4982376208
add association Irradiation-NM-288
get identifier "25323"
setting analysis irradiation position=<pychron.dvc.dvc_orm.IrradiationPositionTbl object at 0x19f10cb50>
close session 4982376208
================= post measurement finished
19:31:47 -- ******* Post Run Check *******
loading queue conditionals post_run_actions
loading system conditionals post_run_actions
loading conditionals from /Users/jan/PychronDev/setupfiles/spectrometer/default_conditionals.yaml
loading queue conditionals post_run_terminations
loading system conditionals post_run_terminations
loading conditionals from /Users/jan/PychronDev/setupfiles/spectrometer/default_conditionals.yaml
Checking default post run terminations n=1
GetDeflection CDD ===>> 50
testing CDD==2000
evaluate ot="CDD.deflection==2000" t="CDD==2000", ctx="{'CDD': 50.0}"
19:31:47 -- ******* Post Run Check Passed *******
19:31:47 -- Automated run 25323-10 success duration: 354.918 s
----------------- finish -----------------
----------------- stop -----------------
retroactive repository identifiers disabled
finish run. runs completed=61
update duration runid=25323-10, duration=354.917973995, md5=301e91d8
loading script "jan_unknown120_60.py"
loading script "jan_pump_ms.py"
loading script "jan_co2.py"
loading script "jan_pump_extraction_line.py"
testing...
no interpolation path defined
executed snippet estimated_duration=213.652928, duration=0.000205039978027
script duration name:unknown120_60 seconds:214.0
loading script "jan_unknown120_60.py"
loading script "jan_pump_ms.py"
loading script "jan_co2.py"
loading script "jan_pump_extraction_line.py"
testing...
no interpolation path defined
executed snippet estimated_duration=0, duration=2.59876251221e-05
loading script "jan_unknown120_60.py"
loading script "jan_pump_ms.py"
loading script "jan_co2.py"
loading script "jan_pump_extraction_line.py"
testing...
no interpolation path defined
calculate duration
testing...
no interpolation path defined
executed snippet estimated_duration=0, duration=5.50746917725e-05
calculate duration
testing...
no interpolation path defined
executed snippet estimated_duration=0, duration=0.000126123428345
executed snippet estimated_duration=0.0, duration=0.00250387191772
script duration name:co2 seconds:0.0
loading script "jan_unknown120_60.py"
loading script "jan_pump_ms.py"
loading script "jan_co2.py"
loading script "jan_pump_extraction_line.py"
testing...
no interpolation path defined
calculate duration
testing...
no interpolation path defined
executed snippet estimated_duration=4.0, duration=0.000144004821777
executed snippet estimated_duration=4.0, duration=0.0010929107666
Script duration 214.0
Run total estimated duration= 215.000
unknown120_60 in script context. using previous estimated duration
script duration name:unknown120_60 seconds:214.0
pump_ms in script context. using previous estimated duration
co2 in script context. using previous estimated duration
script duration name:co2 seconds:0.0
pump_extraction_line in script context. using previous estimated duration
Script duration 214.0
Run total estimated duration= 215.000
loading script "jan_unknown400_120.py"
loading script "jan_pump_ms.py"
loading script "jan_co2.py"
loading script "jan_pump_extraction_line.py"
testing...
no interpolation path defined
executed snippet estimated_duration=556.052928, duration=0.000217199325562
script duration name:unknown400_120 seconds:556.0
script duration name:co2 seconds:0.0
Script duration 556.0
Run total estimated duration= 557.000
script duration name:unknown120_60 seconds:214.0
script duration name:co2 seconds:0.0
Script duration 214.0
Run total estimated duration= 215.000
unknown400_120 in script context. using previous estimated duration
script duration name:unknown400_120 seconds:556.0
loading script "jan_unknown400_120.py"
loading script "jan_pump_ms.py"
loading script "jan_cocktail_x1.py"
loading script "jan_pump_extraction_line.py"
testing...
no interpolation path defined
calculate duration
testing...
no interpolation path defined
executed snippet estimated_duration=0, duration=4.60147857666e-05
calculate duration
testing...
no interpolation path defined
executed snippet estimated_duration=0, duration=9.51290130615e-05
calculate duration
testing...
no interpolation path defined
executed snippet estimated_duration=32.0, duration=0.000107049942017
calculate duration
testing...
no interpolation path defined
executed snippet estimated_duration=34.0, duration=9.67979431152e-05
calculate duration
testing...
no interpolation path defined
executed snippet estimated_duration=4.0, duration=9.51290130615e-05
calculate duration
testing...
no interpolation path defined
executed snippet estimated_duration=38.0, duration=9.89437103271e-05
executed snippet estimated_duration=108.0, duration=0.00750994682312
script duration name:cocktail_x1 seconds:108.0
Script duration 664.0
Run total estimated duration= 665.000
script duration name:unknown120_60 seconds:214.0
script duration name:co2 seconds:0.0
Script duration 214.0
Run total estimated duration= 215.000
script duration name:unknown120_60 seconds:214.0
script duration name:co2 seconds:0.0
Script duration 214.0
Run total estimated duration= 215.000
script duration name:unknown120_60 seconds:214.0
script duration name:co2 seconds:0.0
Script duration 214.0
Run total estimated duration= 215.000
script duration name:unknown120_60 seconds:214.0
script duration name:co2 seconds:0.0
Script duration 214.0
Run total estimated duration= 215.000
script duration name:unknown120_60 seconds:214.0
script duration name:co2 seconds:0.0
Script duration 214.0
Run total estimated duration= 215.000
script duration name:unknown120_60 seconds:214.0
script duration name:co2 seconds:0.0
Script duration 214.0
Run total estimated duration= 215.000
script duration name:unknown120_60 seconds:214.0
script duration name:co2 seconds:0.0
Script duration 214.0
Run total estimated duration= 215.000
script duration name:unknown120_60 seconds:214.0
script duration name:co2 seconds:0.0
Script duration 214.0
Run total estimated duration= 215.000
script duration name:unknown120_60 seconds:214.0
script duration name:co2 seconds:0.0
Script duration 214.0
Run total estimated duration= 215.000
script duration name:unknown400_120 seconds:556.0
script duration name:co2 seconds:0.0
Script duration 556.0
Run total estimated duration= 557.000
script duration name:unknown400_120 seconds:556.0
loading script "jan_unknown400_120.py"
loading script "jan_pump_ms.py"
loading script "jan_sniffair_x2.py"
loading script "jan_pump_extraction_line.py"
testing...
no interpolation path defined
calculate duration
testing...
no interpolation path defined
executed snippet estimated_duration=0, duration=4.98294830322e-05
calculate duration
testing...
no interpolation path defined
executed snippet estimated_duration=0, duration=0.000298976898193
calculate duration
testing...
no interpolation path defined
executed snippet estimated_duration=32.0, duration=8.51154327393e-05
calculate duration
testing...
no interpolation path defined
executed snippet estimated_duration=34.0, duration=9.29832458496e-05
calculate duration
testing...
no interpolation path defined
executed snippet estimated_duration=4.0, duration=5.88893890381e-05
calculate duration
testing...
no interpolation path defined
executed snippet estimated_duration=36.0, duration=9.48905944824e-05
calculate duration
testing...
no interpolation path defined
executed snippet estimated_duration=34.0, duration=0.000105142593384
calculate duration
testing...
no interpolation path defined
executed snippet estimated_duration=4.0, duration=8.48770141602e-05
calculate duration
testing...
no interpolation path defined
executed snippet estimated_duration=36.0, duration=0.000188827514648
calculate duration
testing...
no interpolation path defined
executed snippet estimated_duration=70.0, duration=0.000105857849121
executed snippet estimated_duration=250.0, duration=0.0138549804688
script duration name:sniffair_x2 seconds:250.0
Script duration 806.0
Run total estimated duration= 807.000
script duration name:unknown400_120 seconds:556.0
sniffair_x2 in script context. using previous estimated duration
script duration name:sniffair_x2 seconds:250.0
Script duration 806.0
Run total estimated duration= 807.000
script duration name:unknown120_60 seconds:214.0
cocktail_x1 in script context. using previous estimated duration
script duration name:cocktail_x1 seconds:108.0
Script duration 322.0
Run total estimated duration= 323.000
loading script "jan_ic_peak_hop3.py"
loading script "jan_pump_ms.py"
loading script "jan_sniffair_x1.py"
loading script "jan_pump_extraction_line.py"
testing...
no interpolation path defined
executed snippet estimated_duration=133.8, duration=0.00860691070557
script duration name:ic_peak_hop3 seconds:134.0
loading script "jan_ic_peak_hop3.py"
loading script "jan_pump_ms.py"
loading script "jan_sniffair_x1.py"
loading script "jan_pump_extraction_line.py"
testing...
no interpolation path defined
calculate duration
testing...
no interpolation path defined
executed snippet estimated_duration=0, duration=4.10079956055e-05
calculate duration
testing...
no interpolation path defined
executed snippet estimated_duration=0, duration=9.32216644287e-05
calculate duration
testing...
no interpolation path defined
executed snippet estimated_duration=32.0, duration=8.79764556885e-05
calculate duration
testing...
no interpolation path defined
executed snippet estimated_duration=34.0, duration=9.60826873779e-05
calculate duration
testing...
no interpolation path defined
executed snippet estimated_duration=4.0, duration=0.000100135803223
calculate duration
testing...
no interpolation path defined
executed snippet estimated_duration=70.0, duration=0.000139951705933
executed snippet estimated_duration=140.0, duration=0.00782799720764
script duration name:sniffair_x1 seconds:140.0
Script duration 274.0
Run total estimated duration= 275.000
script duration name:unknown120_60 seconds:214.0
script duration name:co2 seconds:0.0
Script duration 214.0
Run total estimated duration= 215.000
script duration name:unknown120_60 seconds:214.0
script duration name:co2 seconds:0.0
Script duration 214.0
Run total estimated duration= 215.000
script duration name:unknown120_60 seconds:214.0
script duration name:co2 seconds:0.0
Script duration 214.0
Run total estimated duration= 215.000
script duration name:unknown120_60 seconds:214.0
script duration name:co2 seconds:0.0
Script duration 214.0
Run total estimated duration= 215.000
script duration name:unknown120_60 seconds:214.0
script duration name:co2 seconds:0.0
Script duration 214.0
Run total estimated duration= 215.000
script duration name:unknown400_120 seconds:556.0
script duration name:cocktail_x1 seconds:108.0
Script duration 664.0
Run total estimated duration= 665.000
script duration name:unknown120_60 seconds:214.0
script duration name:co2 seconds:0.0
Script duration 214.0
Run total estimated duration= 215.000
script duration name:unknown120_60 seconds:214.0
script duration name:co2 seconds:0.0
Script duration 214.0
Run total estimated duration= 215.000
script duration name:unknown120_60 seconds:214.0
script duration name:co2 seconds:0.0
Script duration 214.0
Run total estimated duration= 215.000
script duration name:unknown120_60 seconds:214.0
script duration name:co2 seconds:0.0
Script duration 214.0
Run total estimated duration= 215.000
script duration name:unknown120_60 seconds:214.0
script duration name:co2 seconds:0.0
Script duration 214.0
Run total estimated duration= 215.000
script duration name:unknown400_120 seconds:556.0
script duration name:co2 seconds:0.0
Script duration 556.0
Run total estimated duration= 557.000
script duration name:unknown120_60 seconds:214.0
script duration name:co2 seconds:0.0
Script duration 214.0
Run total estimated duration= 215.000
script duration name:unknown120_60 seconds:214.0
script duration name:co2 seconds:0.0
Script duration 214.0
Run total estimated duration= 215.000
script duration name:unknown120_60 seconds:214.0
script duration name:co2 seconds:0.0
Script duration 214.0
Run total estimated duration= 215.000
script duration name:unknown120_60 seconds:214.0
script duration name:co2 seconds:0.0
Script duration 214.0
Run total estimated duration= 215.000
script duration name:unknown120_60 seconds:214.0
script duration name:co2 seconds:0.0
Script duration 214.0
Run total estimated duration= 215.000
script duration name:unknown120_60 seconds:214.0
script duration name:cocktail_x1 seconds:108.0
Script duration 322.0
Run total estimated duration= 323.000
script duration name:unknown120_60 seconds:214.0
script duration name:co2 seconds:0.0
Script duration 214.0
Run total estimated duration= 215.000
script duration name:unknown120_60 seconds:214.0
script duration name:co2 seconds:0.0
Script duration 214.0
Run total estimated duration= 215.000
script duration name:unknown120_60 seconds:214.0
script duration name:co2 seconds:0.0
Script duration 214.0
Run total estimated duration= 215.000
script duration name:unknown120_60 seconds:214.0
script duration name:co2 seconds:0.0
Script duration 214.0
Run total estimated duration= 215.000
script duration name:unknown120_60 seconds:214.0
script duration name:co2 seconds:0.0
Script duration 214.0
Run total estimated duration= 215.000
script duration name:unknown400_120 seconds:556.0
script duration name:co2 seconds:0.0
Script duration 556.0
Run total estimated duration= 557.000
script duration name:unknown400_120 seconds:556.0
script duration name:sniffair_x2 seconds:250.0
Script duration 806.0
Run total estimated duration= 807.000
script duration name:unknown400_120 seconds:556.0
script duration name:cocktail_x1 seconds:108.0
Script duration 664.0
Run total estimated duration= 665.000
script duration name:unknown400_120 seconds:556.0
script duration name:sniffair_x2 seconds:250.0
Script duration 806.0
Run total estimated duration= 807.000
ic_peak_hop3 in script context. using previous estimated duration
script duration name:ic_peak_hop3 seconds:134.0
sniffair_x1 in script context. using previous estimated duration
script duration name:sniffair_x1 seconds:140.0
Script duration 274.0
Run total estimated duration= 275.000
script duration name:unknown120_60 seconds:214.0
script duration name:co2 seconds:0.0
Script duration 214.0
Run total estimated duration= 215.000
script duration name:unknown120_60 seconds:214.0
script duration name:co2 seconds:0.0
Script duration 214.0
Run total estimated duration= 215.000
script duration name:unknown120_60 seconds:214.0
script duration name:co2 seconds:0.0
Script duration 214.0
Run total estimated duration= 215.000
script duration name:unknown120_60 seconds:214.0
script duration name:co2 seconds:0.0
Script duration 214.0
Run total estimated duration= 215.000
script duration name:unknown120_60 seconds:214.0
script duration name:co2 seconds:0.0
Script duration 214.0
Run total estimated duration= 215.000
script duration name:unknown120_60 seconds:214.0
script duration name:co2 seconds:0.0
Script duration 214.0
Run total estimated duration= 215.000
script duration name:unknown120_60 seconds:214.0
script duration name:co2 seconds:0.0
Script duration 214.0
Run total estimated duration= 215.000
script duration name:unknown120_60 seconds:214.0
script duration name:co2 seconds:0.0
Script duration 214.0
Run total estimated duration= 215.000
script duration name:unknown120_60 seconds:214.0
script duration name:co2 seconds:0.0
Script duration 214.0
Run total estimated duration= 215.000
script duration name:unknown120_60 seconds:214.0
script duration name:co2 seconds:0.0
Script duration 214.0
Run total estimated duration= 215.000
script duration name:unknown400_120 seconds:556.0
script duration name:co2 seconds:0.0
Script duration 556.0
Run total estimated duration= 557.000
script duration name:unknown120_60 seconds:214.0
script duration name:cocktail_x1 seconds:108.0
Script duration 322.0
Run total estimated duration= 323.000
script duration name:unknown120_60 seconds:214.0
script duration name:co2 seconds:0.0
Script duration 214.0
Run total estimated duration= 215.000
script duration name:unknown120_60 seconds:214.0
script duration name:co2 seconds:0.0
Script duration 214.0
Run total estimated duration= 215.000
script duration name:unknown120_60 seconds:214.0
script duration name:co2 seconds:0.0
Script duration 214.0
Run total estimated duration= 215.000
script duration name:unknown120_60 seconds:214.0
script duration name:co2 seconds:0.0
Script duration 214.0
Run total estimated duration= 215.000
script duration name:unknown400_120 seconds:556.0
script duration name:cocktail_x1 seconds:108.0
Script duration 664.0
Run total estimated duration= 665.000
script duration name:unknown120_60 seconds:214.0
script duration name:co2 seconds:0.0
Script duration 214.0
Run total estimated duration= 215.000
script duration name:unknown120_60 seconds:214.0
script duration name:co2 seconds:0.0
Script duration 214.0
Run total estimated duration= 215.000
script duration name:unknown120_60 seconds:214.0
script duration name:co2 seconds:0.0
Script duration 214.0
Run total estimated duration= 215.000
script duration name:unknown120_60 seconds:214.0
script duration name:co2 seconds:0.0
Script duration 214.0
Run total estimated duration= 215.000
script duration name:unknown120_60 seconds:214.0
script duration name:co2 seconds:0.0
Script duration 214.0
Run total estimated duration= 215.000
script duration name:unknown120_60 seconds:214.0
script duration name:co2 seconds:0.0
Script duration 214.0
Run total estimated duration= 215.000
script duration name:unknown400_120 seconds:556.0
script duration name:co2 seconds:0.0
Script duration 556.0
Run total estimated duration= 557.000
script duration name:unknown400_120 seconds:556.0
script duration name:sniffair_x2 seconds:250.0
Script duration 806.0
Run total estimated duration= 807.000
script duration name:unknown400_120 seconds:556.0
script duration name:sniffair_x2 seconds:250.0
Script duration 806.0
Run total estimated duration= 807.000
script duration name:ic_peak_hop3 seconds:134.0
script duration name:sniffair_x1 seconds:140.0
Script duration 274.0
Run total estimated duration= 275.000
script duration name:unknown120_60 seconds:214.0
script duration name:co2 seconds:0.0
Script duration 214.0
Run total estimated duration= 215.000
script duration name:unknown120_60 seconds:214.0
script duration name:co2 seconds:0.0
Script duration 214.0
Run total estimated duration= 215.000
nruns=76 before=5.0, run_dur=24248.0, btw=3375.0
write rem/ex queues
/Users/jan/PychronDev/experiments/rem/CurrentExperiment.rem.txt
/Users/jan/PychronDev/experiments/rem/CurrentExperiment.ex.txt
doing event level: 3
